[0.182s] DEBUG:colcon:Command line arguments: ['/usr/bin/colcon', 'build']
[0.182s] DEBUG:colcon:Parsed command line arguments: Namespace(allow_overriding=[], ament_cmake_args=None, base_paths=['.'], build_base='build', catkin_cmake_args=None, catkin_skip_building_tests=False, cmake_args=None, cmake_clean_cache=False, cmake_clean_first=False, cmake_force_configure=False, cmake_target=None, cmake_target_skip_unavailable=False, continue_on_error=False, event_handlers=None, executor='parallel', ignore_user_meta=False, install_base='install', log_base=None, log_level=None, main=<bound method BuildVerb.main of <colcon_core.verb.build.BuildVerb object at 0x7f4748880dc0>>, merge_install=False, metas=['./colcon.meta'], mixin=None, mixin_files=None, mixin_verb=('build',), packages_above=None, packages_above_and_dependencies=None, packages_above_depth=None, packages_end=None, packages_ignore=None, packages_ignore_regex=None, packages_select=None, packages_select_build_failed=False, packages_select_by_dep=None, packages_select_regex=None, packages_select_test_failures=False, packages_skip=None, packages_skip_build_finished=False, packages_skip_by_dep=None, packages_skip_regex=None, packages_skip_test_passed=False, packages_skip_up_to=None, packages_start=None, packages_up_to=None, packages_up_to_regex=None, parallel_workers=8, paths=None, symlink_install=False, test_result_base=None, verb_extension=<colcon_core.verb.build.BuildVerb object at 0x7f4748880dc0>, verb_name='build', verb_parser=<colcon_mixin.mixin.mixin_argument.MixinArgumentDecorator object at 0x7f474873f850>)
[0.217s] Level 1:colcon.colcon_core.package_discovery:discover_packages(colcon_meta) check parameters
[0.217s] Level 1:colcon.colcon_core.package_discovery:discover_packages(recursive) check parameters
[0.217s] Level 1:colcon.colcon_core.package_discovery:discover_packages(ignore) check parameters
[0.217s] Level 1:colcon.colcon_core.package_discovery:discover_packages(path) check parameters
[0.217s] Level 1:colcon.colcon_core.package_discovery:discover_packages(colcon_meta) discover
[0.217s] Level 1:colcon.colcon_core.package_discovery:discover_packages(recursive) discover
[0.217s] INFO:colcon.colcon_core.package_discovery:Crawling recursively for packages in '/home/huo/drone_racing_ros2_ws'
[0.217s] Level 1:colcon.colcon_core.package_identification:_identify(.) by extensions ['ignore', 'ignore_ament_install']
[0.217s] Level 1:colcon.colcon_core.package_identification:_identify(.) by extension 'ignore'
[0.217s] Level 1:colcon.colcon_core.package_identification:_identify(.) by extension 'ignore_ament_install'
[0.217s] Level 1:colcon.colcon_core.package_identification:_identify(.) by extensions ['colcon_pkg']
[0.217s] Level 1:colcon.colcon_core.package_identification:_identify(.) by extension 'colcon_pkg'
[0.217s] Level 1:colcon.colcon_core.package_identification:_identify(.) by extensions ['colcon_meta']
[0.217s] Level 1:colcon.colcon_core.package_identification:_identify(.) by extension 'colcon_meta'
[0.217s] Level 1:colcon.colcon_core.package_identification:_identify(.) by extensions ['ros']
[0.217s] Level 1:colcon.colcon_core.package_identification:_identify(.) by extension 'ros'
[0.229s] Level 1:colcon.colcon_core.package_identification:_identify(.) by extensions ['cmake', 'python']
[0.229s] Level 1:colcon.colcon_core.package_identification:_identify(.) by extension 'cmake'
[0.229s] Level 1:colcon.colcon_core.package_identification:_identify(.) by extension 'python'
[0.229s] Level 1:colcon.colcon_core.package_identification:_identify(.) by extensions ['python_setup_py']
[0.229s] Level 1:colcon.colcon_core.package_identification:_identify(.) by extension 'python_setup_py'
[0.229s] Level 1:colcon.colcon_core.package_identification:_identify(build) by extensions ['ignore', 'ignore_ament_install']
[0.229s] Level 1:colcon.colcon_core.package_identification:_identify(build) by extension 'ignore'
[0.229s] Level 1:colcon.colcon_core.package_identification:_identify(build) ignored
[0.229s] Level 1:colcon.colcon_core.package_identification:_identify(install) by extensions ['ignore', 'ignore_ament_install']
[0.229s] Level 1:colcon.colcon_core.package_identification:_identify(install) by extension 'ignore'
[0.229s] Level 1:colcon.colcon_core.package_identification:_identify(install) ignored
[0.229s] Level 1:colcon.colcon_core.package_identification:_identify(log) by extensions ['ignore', 'ignore_ament_install']
[0.229s] Level 1:colcon.colcon_core.package_identification:_identify(log) by extension 'ignore'
[0.229s] Level 1:colcon.colcon_core.package_identification:_identify(log) ignored
[0.229s] Level 1:colcon.colcon_core.package_identification:_identify(src) by extensions ['ignore', 'ignore_ament_install']
[0.229s] Level 1:colcon.colcon_core.package_identification:_identify(src) by extension 'ignore'
[0.229s] Level 1:colcon.colcon_core.package_identification:_identify(src) by extension 'ignore_ament_install'
[0.229s] Level 1:colcon.colcon_core.package_identification:_identify(src) by extensions ['colcon_pkg']
[0.229s] Level 1:colcon.colcon_core.package_identification:_identify(src) by extension 'colcon_pkg'
[0.230s] Level 1:colcon.colcon_core.package_identification:_identify(src) by extensions ['colcon_meta']
[0.230s] Level 1:colcon.colcon_core.package_identification:_identify(src) by extension 'colcon_meta'
[0.230s] Level 1:colcon.colcon_core.package_identification:_identify(src) by extensions ['ros']
[0.230s] Level 1:colcon.colcon_core.package_identification:_identify(src) by extension 'ros'
[0.230s] Level 1:colcon.colcon_core.package_identification:_identify(src) by extensions ['cmake', 'python']
[0.230s] Level 1:colcon.colcon_core.package_identification:_identify(src) by extension 'cmake'
[0.230s] Level 1:colcon.colcon_core.package_identification:_identify(src) by extension 'python'
[0.230s] Level 1:colcon.colcon_core.package_identification:_identify(src) by extensions ['python_setup_py']
[0.230s] Level 1:colcon.colcon_core.package_identification:_identify(src) by extension 'python_setup_py'
[0.230s] Level 1:colcon.colcon_core.package_identification:_identify(src/drone_racing_ros2) by extensions ['ignore', 'ignore_ament_install']
[0.230s] Level 1:colcon.colcon_core.package_identification:_identify(src/drone_racing_ros2) by extension 'ignore'
[0.230s] Level 1:colcon.colcon_core.package_identification:_identify(src/drone_racing_ros2) by extension 'ignore_ament_install'
[0.230s] Level 1:colcon.colcon_core.package_identification:_identify(src/drone_racing_ros2) by extensions ['colcon_pkg']
[0.230s] Level 1:colcon.colcon_core.package_identification:_identify(src/drone_racing_ros2) by extension 'colcon_pkg'
[0.230s] Level 1:colcon.colcon_core.package_identification:_identify(src/drone_racing_ros2) by extensions ['colcon_meta']
[0.230s] Level 1:colcon.colcon_core.package_identification:_identify(src/drone_racing_ros2) by extension 'colcon_meta'
[0.230s] Level 1:colcon.colcon_core.package_identification:_identify(src/drone_racing_ros2) by extensions ['ros']
[0.230s] Level 1:colcon.colcon_core.package_identification:_identify(src/drone_racing_ros2) by extension 'ros'
[0.230s] Level 1:colcon.colcon_core.package_identification:_identify(src/drone_racing_ros2) by extensions ['cmake', 'python']
[0.230s] Level 1:colcon.colcon_core.package_identification:_identify(src/drone_racing_ros2) by extension 'cmake'
[0.230s] Level 1:colcon.colcon_core.package_identification:_identify(src/drone_racing_ros2) by extension 'python'
[0.230s] Level 1:colcon.colcon_core.package_identification:_identify(src/drone_racing_ros2) by extensions ['python_setup_py']
[0.230s] Level 1:colcon.colcon_core.package_identification:_identify(src/drone_racing_ros2) by extension 'python_setup_py'
[0.230s] Level 1:colcon.colcon_core.package_identification:_identify(src/drone_racing_ros2/ros2_shared) by extensions ['ignore', 'ignore_ament_install']
[0.230s] Level 1:colcon.colcon_core.package_identification:_identify(src/drone_racing_ros2/ros2_shared) by extension 'ignore'
[0.230s] Level 1:colcon.colcon_core.package_identification:_identify(src/drone_racing_ros2/ros2_shared) by extension 'ignore_ament_install'
[0.230s] Level 1:colcon.colcon_core.package_identification:_identify(src/drone_racing_ros2/ros2_shared) by extensions ['colcon_pkg']
[0.230s] Level 1:colcon.colcon_core.package_identification:_identify(src/drone_racing_ros2/ros2_shared) by extension 'colcon_pkg'
[0.230s] Level 1:colcon.colcon_core.package_identification:_identify(src/drone_racing_ros2/ros2_shared) by extensions ['colcon_meta']
[0.230s] Level 1:colcon.colcon_core.package_identification:_identify(src/drone_racing_ros2/ros2_shared) by extension 'colcon_meta'
[0.230s] Level 1:colcon.colcon_core.package_identification:_identify(src/drone_racing_ros2/ros2_shared) by extensions ['ros']
[0.231s] Level 1:colcon.colcon_core.package_identification:_identify(src/drone_racing_ros2/ros2_shared) by extension 'ros'
[0.232s] DEBUG:colcon.colcon_core.package_identification:Package 'src/drone_racing_ros2/ros2_shared' with type 'ros.ament_cmake' and name 'ros2_shared'
[0.232s] Level 1:colcon.colcon_core.package_identification:_identify(src/drone_racing_ros2/tello_ros) by extensions ['ignore', 'ignore_ament_install']
[0.232s] Level 1:colcon.colcon_core.package_identification:_identify(src/drone_racing_ros2/tello_ros) by extension 'ignore'
[0.233s] Level 1:colcon.colcon_core.package_identification:_identify(src/drone_racing_ros2/tello_ros) by extension 'ignore_ament_install'
[0.233s] Level 1:colcon.colcon_core.package_identification:_identify(src/drone_racing_ros2/tello_ros) by extensions ['colcon_pkg']
[0.233s] Level 1:colcon.colcon_core.package_identification:_identify(src/drone_racing_ros2/tello_ros) by extension 'colcon_pkg'
[0.233s] Level 1:colcon.colcon_core.package_identification:_identify(src/drone_racing_ros2/tello_ros) by extensions ['colcon_meta']
[0.233s] Level 1:colcon.colcon_core.package_identification:_identify(src/drone_racing_ros2/tello_ros) by extension 'colcon_meta'
[0.233s] Level 1:colcon.colcon_core.package_identification:_identify(src/drone_racing_ros2/tello_ros) by extensions ['ros']
[0.233s] Level 1:colcon.colcon_core.package_identification:_identify(src/drone_racing_ros2/tello_ros) by extension 'ros'
[0.233s] Level 1:colcon.colcon_core.package_identification:_identify(src/drone_racing_ros2/tello_ros) by extensions ['cmake', 'python']
[0.233s] Level 1:colcon.colcon_core.package_identification:_identify(src/drone_racing_ros2/tello_ros) by extension 'cmake'
[0.233s] Level 1:colcon.colcon_core.package_identification:_identify(src/drone_racing_ros2/tello_ros) by extension 'python'
[0.233s] Level 1:colcon.colcon_core.package_identification:_identify(src/drone_racing_ros2/tello_ros) by extensions ['python_setup_py']
[0.233s] Level 1:colcon.colcon_core.package_identification:_identify(src/drone_racing_ros2/tello_ros) by extension 'python_setup_py'
[0.233s] Level 1:colcon.colcon_core.package_identification:_identify(src/drone_racing_ros2/tello_ros/docker) by extensions ['ignore', 'ignore_ament_install']
[0.233s] Level 1:colcon.colcon_core.package_identification:_identify(src/drone_racing_ros2/tello_ros/docker) by extension 'ignore'
[0.233s] Level 1:colcon.colcon_core.package_identification:_identify(src/drone_racing_ros2/tello_ros/docker) by extension 'ignore_ament_install'
[0.233s] Level 1:colcon.colcon_core.package_identification:_identify(src/drone_racing_ros2/tello_ros/docker) by extensions ['colcon_pkg']
[0.233s] Level 1:colcon.colcon_core.package_identification:_identify(src/drone_racing_ros2/tello_ros/docker) by extension 'colcon_pkg'
[0.233s] Level 1:colcon.colcon_core.package_identification:_identify(src/drone_racing_ros2/tello_ros/docker) by extensions ['colcon_meta']
[0.233s] Level 1:colcon.colcon_core.package_identification:_identify(src/drone_racing_ros2/tello_ros/docker) by extension 'colcon_meta'
[0.233s] Level 1:colcon.colcon_core.package_identification:_identify(src/drone_racing_ros2/tello_ros/docker) by extensions ['ros']
[0.233s] Level 1:colcon.colcon_core.package_identification:_identify(src/drone_racing_ros2/tello_ros/docker) by extension 'ros'
[0.233s] Level 1:colcon.colcon_core.package_identification:_identify(src/drone_racing_ros2/tello_ros/docker) by extensions ['cmake', 'python']
[0.233s] Level 1:colcon.colcon_core.package_identification:_identify(src/drone_racing_ros2/tello_ros/docker) by extension 'cmake'
[0.233s] Level 1:colcon.colcon_core.package_identification:_identify(src/drone_racing_ros2/tello_ros/docker) by extension 'python'
[0.233s] Level 1:colcon.colcon_core.package_identification:_identify(src/drone_racing_ros2/tello_ros/docker) by extensions ['python_setup_py']
[0.233s] Level 1:colcon.colcon_core.package_identification:_identify(src/drone_racing_ros2/tello_ros/docker) by extension 'python_setup_py'
[0.233s] Level 1:colcon.colcon_core.package_identification:_identify(src/drone_racing_ros2/tello_ros/tello_description) by extensions ['ignore', 'ignore_ament_install']
[0.233s] Level 1:colcon.colcon_core.package_identification:_identify(src/drone_racing_ros2/tello_ros/tello_description) by extension 'ignore'
[0.233s] Level 1:colcon.colcon_core.package_identification:_identify(src/drone_racing_ros2/tello_ros/tello_description) by extension 'ignore_ament_install'
[0.234s] Level 1:colcon.colcon_core.package_identification:_identify(src/drone_racing_ros2/tello_ros/tello_description) by extensions ['colcon_pkg']
[0.234s] Level 1:colcon.colcon_core.package_identification:_identify(src/drone_racing_ros2/tello_ros/tello_description) by extension 'colcon_pkg'
[0.234s] Level 1:colcon.colcon_core.package_identification:_identify(src/drone_racing_ros2/tello_ros/tello_description) by extensions ['colcon_meta']
[0.234s] Level 1:colcon.colcon_core.package_identification:_identify(src/drone_racing_ros2/tello_ros/tello_description) by extension 'colcon_meta'
[0.234s] Level 1:colcon.colcon_core.package_identification:_identify(src/drone_racing_ros2/tello_ros/tello_description) by extensions ['ros']
[0.234s] Level 1:colcon.colcon_core.package_identification:_identify(src/drone_racing_ros2/tello_ros/tello_description) by extension 'ros'
[0.234s] DEBUG:colcon.colcon_core.package_identification:Package 'src/drone_racing_ros2/tello_ros/tello_description' with type 'ros.ament_cmake' and name 'tello_description'
[0.234s] Level 1:colcon.colcon_core.package_identification:_identify(src/drone_racing_ros2/tello_ros/tello_driver) by extensions ['ignore', 'ignore_ament_install']
[0.234s] Level 1:colcon.colcon_core.package_identification:_identify(src/drone_racing_ros2/tello_ros/tello_driver) by extension 'ignore'
[0.234s] Level 1:colcon.colcon_core.package_identification:_identify(src/drone_racing_ros2/tello_ros/tello_driver) by extension 'ignore_ament_install'
[0.234s] Level 1:colcon.colcon_core.package_identification:_identify(src/drone_racing_ros2/tello_ros/tello_driver) by extensions ['colcon_pkg']
[0.234s] Level 1:colcon.colcon_core.package_identification:_identify(src/drone_racing_ros2/tello_ros/tello_driver) by extension 'colcon_pkg'
[0.234s] Level 1:colcon.colcon_core.package_identification:_identify(src/drone_racing_ros2/tello_ros/tello_driver) by extensions ['colcon_meta']
[0.234s] Level 1:colcon.colcon_core.package_identification:_identify(src/drone_racing_ros2/tello_ros/tello_driver) by extension 'colcon_meta'
[0.234s] Level 1:colcon.colcon_core.package_identification:_identify(src/drone_racing_ros2/tello_ros/tello_driver) by extensions ['ros']
[0.234s] Level 1:colcon.colcon_core.package_identification:_identify(src/drone_racing_ros2/tello_ros/tello_driver) by extension 'ros'
[0.235s] DEBUG:colcon.colcon_core.package_identification:Package 'src/drone_racing_ros2/tello_ros/tello_driver' with type 'ros.ament_cmake' and name 'tello_driver'
[0.235s] Level 1:colcon.colcon_core.package_identification:_identify(src/drone_racing_ros2/tello_ros/tello_gazebo) by extensions ['ignore', 'ignore_ament_install']
[0.235s] Level 1:colcon.colcon_core.package_identification:_identify(src/drone_racing_ros2/tello_ros/tello_gazebo) by extension 'ignore'
[0.235s] Level 1:colcon.colcon_core.package_identification:_identify(src/drone_racing_ros2/tello_ros/tello_gazebo) by extension 'ignore_ament_install'
[0.235s] Level 1:colcon.colcon_core.package_identification:_identify(src/drone_racing_ros2/tello_ros/tello_gazebo) by extensions ['colcon_pkg']
[0.235s] Level 1:colcon.colcon_core.package_identification:_identify(src/drone_racing_ros2/tello_ros/tello_gazebo) by extension 'colcon_pkg'
[0.235s] Level 1:colcon.colcon_core.package_identification:_identify(src/drone_racing_ros2/tello_ros/tello_gazebo) by extensions ['colcon_meta']
[0.235s] Level 1:colcon.colcon_core.package_identification:_identify(src/drone_racing_ros2/tello_ros/tello_gazebo) by extension 'colcon_meta'
[0.236s] Level 1:colcon.colcon_core.package_identification:_identify(src/drone_racing_ros2/tello_ros/tello_gazebo) by extensions ['ros']
[0.236s] Level 1:colcon.colcon_core.package_identification:_identify(src/drone_racing_ros2/tello_ros/tello_gazebo) by extension 'ros'
[0.236s] DEBUG:colcon.colcon_core.package_identification:Package 'src/drone_racing_ros2/tello_ros/tello_gazebo' with type 'ros.ament_cmake' and name 'tello_gazebo'
[0.236s] Level 1:colcon.colcon_core.package_identification:_identify(src/drone_racing_ros2/tello_ros/tello_msgs) by extensions ['ignore', 'ignore_ament_install']
[0.236s] Level 1:colcon.colcon_core.package_identification:_identify(src/drone_racing_ros2/tello_ros/tello_msgs) by extension 'ignore'
[0.236s] Level 1:colcon.colcon_core.package_identification:_identify(src/drone_racing_ros2/tello_ros/tello_msgs) by extension 'ignore_ament_install'
[0.236s] Level 1:colcon.colcon_core.package_identification:_identify(src/drone_racing_ros2/tello_ros/tello_msgs) by extensions ['colcon_pkg']
[0.236s] Level 1:colcon.colcon_core.package_identification:_identify(src/drone_racing_ros2/tello_ros/tello_msgs) by extension 'colcon_pkg'
[0.236s] Level 1:colcon.colcon_core.package_identification:_identify(src/drone_racing_ros2/tello_ros/tello_msgs) by extensions ['colcon_meta']
[0.236s] Level 1:colcon.colcon_core.package_identification:_identify(src/drone_racing_ros2/tello_ros/tello_msgs) by extension 'colcon_meta'
[0.237s] Level 1:colcon.colcon_core.package_identification:_identify(src/drone_racing_ros2/tello_ros/tello_msgs) by extensions ['ros']
[0.237s] Level 1:colcon.colcon_core.package_identification:_identify(src/drone_racing_ros2/tello_ros/tello_msgs) by extension 'ros'
[0.237s] DEBUG:colcon.colcon_core.package_identification:Package 'src/drone_racing_ros2/tello_ros/tello_msgs' with type 'ros.ament_cmake' and name 'tello_msgs'
[0.237s] Level 1:colcon.colcon_core.package_discovery:discover_packages(recursive) using defaults
[0.237s] Level 1:colcon.colcon_core.package_discovery:discover_packages(ignore) discover
[0.237s] Level 1:colcon.colcon_core.package_discovery:discover_packages(ignore) using defaults
[0.237s] Level 1:colcon.colcon_core.package_discovery:discover_packages(path) discover
[0.237s] Level 1:colcon.colcon_core.package_discovery:discover_packages(path) using defaults
[0.251s] Level 1:colcon.colcon_core.package_discovery:discover_packages(prefix_path) check parameters
[0.252s] Level 1:colcon.colcon_core.package_discovery:discover_packages(prefix_path) discover
[0.253s] DEBUG:colcon.colcon_installed_package_information.package_discovery:Found 275 installed packages in /opt/ros/galactic
[0.255s] Level 1:colcon.colcon_core.package_discovery:discover_packages(prefix_path) using defaults
[0.290s] Level 5:colcon.colcon_core.verb:set package 'ros2_shared' build argument 'cmake_args' from command line to 'None'
[0.290s] Level 5:colcon.colcon_core.verb:set package 'ros2_shared' build argument 'cmake_target' from command line to 'None'
[0.290s] Level 5:colcon.colcon_core.verb:set package 'ros2_shared' build argument 'cmake_target_skip_unavailable' from command line to 'False'
[0.290s] Level 5:colcon.colcon_core.verb:set package 'ros2_shared' build argument 'cmake_clean_cache' from command line to 'False'
[0.290s] Level 5:colcon.colcon_core.verb:set package 'ros2_shared' build argument 'cmake_clean_first' from command line to 'False'
[0.290s] Level 5:colcon.colcon_core.verb:set package 'ros2_shared' build argument 'cmake_force_configure' from command line to 'False'
[0.290s] Level 5:colcon.colcon_core.verb:set package 'ros2_shared' build argument 'ament_cmake_args' from command line to 'None'
[0.290s] Level 5:colcon.colcon_core.verb:set package 'ros2_shared' build argument 'catkin_cmake_args' from command line to 'None'
[0.291s] Level 5:colcon.colcon_core.verb:set package 'ros2_shared' build argument 'catkin_skip_building_tests' from command line to 'False'
[0.291s] DEBUG:colcon.colcon_core.verb:Building package 'ros2_shared' with the following arguments: {'ament_cmake_args': None, 'build_base': '/home/huo/drone_racing_ros2_ws/build/ros2_shared', 'catkin_cmake_args': None, 'catkin_skip_building_tests': False, 'cmake_args': None, 'cmake_clean_cache': False, 'cmake_clean_first': False, 'cmake_force_configure': False, 'cmake_target': None, 'cmake_target_skip_unavailable': False, 'install_base': '/home/huo/drone_racing_ros2_ws/install/ros2_shared', 'merge_install': False, 'path': '/home/huo/drone_racing_ros2_ws/src/drone_racing_ros2/ros2_shared', 'symlink_install': False, 'test_result_base': None}
[0.291s] Level 5:colcon.colcon_core.verb:set package 'tello_description' build argument 'cmake_args' from command line to 'None'
[0.291s] Level 5:colcon.colcon_core.verb:set package 'tello_description' build argument 'cmake_target' from command line to 'None'
[0.291s] Level 5:colcon.colcon_core.verb:set package 'tello_description' build argument 'cmake_target_skip_unavailable' from command line to 'False'
[0.291s] Level 5:colcon.colcon_core.verb:set package 'tello_description' build argument 'cmake_clean_cache' from command line to 'False'
[0.291s] Level 5:colcon.colcon_core.verb:set package 'tello_description' build argument 'cmake_clean_first' from command line to 'False'
[0.291s] Level 5:colcon.colcon_core.verb:set package 'tello_description' build argument 'cmake_force_configure' from command line to 'False'
[0.291s] Level 5:colcon.colcon_core.verb:set package 'tello_description' build argument 'ament_cmake_args' from command line to 'None'
[0.291s] Level 5:colcon.colcon_core.verb:set package 'tello_description' build argument 'catkin_cmake_args' from command line to 'None'
[0.291s] Level 5:colcon.colcon_core.verb:set package 'tello_description' build argument 'catkin_skip_building_tests' from command line to 'False'
[0.291s] DEBUG:colcon.colcon_core.verb:Building package 'tello_description' with the following arguments: {'ament_cmake_args': None, 'build_base': '/home/huo/drone_racing_ros2_ws/build/tello_description', 'catkin_cmake_args': None, 'catkin_skip_building_tests': False, 'cmake_args': None, 'cmake_clean_cache': False, 'cmake_clean_first': False, 'cmake_force_configure': False, 'cmake_target': None, 'cmake_target_skip_unavailable': False, 'install_base': '/home/huo/drone_racing_ros2_ws/install/tello_description', 'merge_install': False, 'path': '/home/huo/drone_racing_ros2_ws/src/drone_racing_ros2/tello_ros/tello_description', 'symlink_install': False, 'test_result_base': None}
[0.291s] Level 5:colcon.colcon_core.verb:set package 'tello_msgs' build argument 'cmake_args' from command line to 'None'
[0.291s] Level 5:colcon.colcon_core.verb:set package 'tello_msgs' build argument 'cmake_target' from command line to 'None'
[0.291s] Level 5:colcon.colcon_core.verb:set package 'tello_msgs' build argument 'cmake_target_skip_unavailable' from command line to 'False'
[0.291s] Level 5:colcon.colcon_core.verb:set package 'tello_msgs' build argument 'cmake_clean_cache' from command line to 'False'
[0.291s] Level 5:colcon.colcon_core.verb:set package 'tello_msgs' build argument 'cmake_clean_first' from command line to 'False'
[0.291s] Level 5:colcon.colcon_core.verb:set package 'tello_msgs' build argument 'cmake_force_configure' from command line to 'False'
[0.291s] Level 5:colcon.colcon_core.verb:set package 'tello_msgs' build argument 'ament_cmake_args' from command line to 'None'
[0.291s] Level 5:colcon.colcon_core.verb:set package 'tello_msgs' build argument 'catkin_cmake_args' from command line to 'None'
[0.291s] Level 5:colcon.colcon_core.verb:set package 'tello_msgs' build argument 'catkin_skip_building_tests' from command line to 'False'
[0.291s] DEBUG:colcon.colcon_core.verb:Building package 'tello_msgs' with the following arguments: {'ament_cmake_args': None, 'build_base': '/home/huo/drone_racing_ros2_ws/build/tello_msgs', 'catkin_cmake_args': None, 'catkin_skip_building_tests': False, 'cmake_args': None, 'cmake_clean_cache': False, 'cmake_clean_first': False, 'cmake_force_configure': False, 'cmake_target': None, 'cmake_target_skip_unavailable': False, 'install_base': '/home/huo/drone_racing_ros2_ws/install/tello_msgs', 'merge_install': False, 'path': '/home/huo/drone_racing_ros2_ws/src/drone_racing_ros2/tello_ros/tello_msgs', 'symlink_install': False, 'test_result_base': None}
[0.292s] Level 5:colcon.colcon_core.verb:set package 'tello_driver' build argument 'cmake_args' from command line to 'None'
[0.292s] Level 5:colcon.colcon_core.verb:set package 'tello_driver' build argument 'cmake_target' from command line to 'None'
[0.292s] Level 5:colcon.colcon_core.verb:set package 'tello_driver' build argument 'cmake_target_skip_unavailable' from command line to 'False'
[0.292s] Level 5:colcon.colcon_core.verb:set package 'tello_driver' build argument 'cmake_clean_cache' from command line to 'False'
[0.292s] Level 5:colcon.colcon_core.verb:set package 'tello_driver' build argument 'cmake_clean_first' from command line to 'False'
[0.292s] Level 5:colcon.colcon_core.verb:set package 'tello_driver' build argument 'cmake_force_configure' from command line to 'False'
[0.292s] Level 5:colcon.colcon_core.verb:set package 'tello_driver' build argument 'ament_cmake_args' from command line to 'None'
[0.292s] Level 5:colcon.colcon_core.verb:set package 'tello_driver' build argument 'catkin_cmake_args' from command line to 'None'
[0.292s] Level 5:colcon.colcon_core.verb:set package 'tello_driver' build argument 'catkin_skip_building_tests' from command line to 'False'
[0.292s] DEBUG:colcon.colcon_core.verb:Building package 'tello_driver' with the following arguments: {'ament_cmake_args': None, 'build_base': '/home/huo/drone_racing_ros2_ws/build/tello_driver', 'catkin_cmake_args': None, 'catkin_skip_building_tests': False, 'cmake_args': None, 'cmake_clean_cache': False, 'cmake_clean_first': False, 'cmake_force_configure': False, 'cmake_target': None, 'cmake_target_skip_unavailable': False, 'install_base': '/home/huo/drone_racing_ros2_ws/install/tello_driver', 'merge_install': False, 'path': '/home/huo/drone_racing_ros2_ws/src/drone_racing_ros2/tello_ros/tello_driver', 'symlink_install': False, 'test_result_base': None}
[0.292s] Level 5:colcon.colcon_core.verb:set package 'tello_gazebo' build argument 'cmake_args' from command line to 'None'
[0.292s] Level 5:colcon.colcon_core.verb:set package 'tello_gazebo' build argument 'cmake_target' from command line to 'None'
[0.292s] Level 5:colcon.colcon_core.verb:set package 'tello_gazebo' build argument 'cmake_target_skip_unavailable' from command line to 'False'
[0.292s] Level 5:colcon.colcon_core.verb:set package 'tello_gazebo' build argument 'cmake_clean_cache' from command line to 'False'
[0.292s] Level 5:colcon.colcon_core.verb:set package 'tello_gazebo' build argument 'cmake_clean_first' from command line to 'False'
[0.292s] Level 5:colcon.colcon_core.verb:set package 'tello_gazebo' build argument 'cmake_force_configure' from command line to 'False'
[0.292s] Level 5:colcon.colcon_core.verb:set package 'tello_gazebo' build argument 'ament_cmake_args' from command line to 'None'
[0.292s] Level 5:colcon.colcon_core.verb:set package 'tello_gazebo' build argument 'catkin_cmake_args' from command line to 'None'
[0.292s] Level 5:colcon.colcon_core.verb:set package 'tello_gazebo' build argument 'catkin_skip_building_tests' from command line to 'False'
[0.292s] DEBUG:colcon.colcon_core.verb:Building package 'tello_gazebo' with the following arguments: {'ament_cmake_args': None, 'build_base': '/home/huo/drone_racing_ros2_ws/build/tello_gazebo', 'catkin_cmake_args': None, 'catkin_skip_building_tests': False, 'cmake_args': None, 'cmake_clean_cache': False, 'cmake_clean_first': False, 'cmake_force_configure': False, 'cmake_target': None, 'cmake_target_skip_unavailable': False, 'install_base': '/home/huo/drone_racing_ros2_ws/install/tello_gazebo', 'merge_install': False, 'path': '/home/huo/drone_racing_ros2_ws/src/drone_racing_ros2/tello_ros/tello_gazebo', 'symlink_install': False, 'test_result_base': None}
[0.292s] INFO:colcon.colcon_core.executor:Executing jobs using 'parallel' executor
[0.293s] DEBUG:colcon.colcon_parallel_executor.executor.parallel:run_until_complete
[0.293s] INFO:colcon.colcon_ros.task.ament_cmake.build:Building ROS package in '/home/huo/drone_racing_ros2_ws/src/drone_racing_ros2/tello_ros/tello_msgs' with build type 'ament_cmake'
[0.293s] INFO:colcon.colcon_cmake.task.cmake.build:Building CMake package in '/home/huo/drone_racing_ros2_ws/src/drone_racing_ros2/tello_ros/tello_msgs'
[0.295s] INFO:colcon.colcon_core.plugin_system:Skipping extension 'colcon_core.shell.bat': Not used on non-Windows systems
[0.295s] INFO:colcon.colcon_core.shell:Skip shell extension 'powershell' for command environment: Not usable outside of PowerShell
[0.295s] DEBUG:colcon.colcon_core.shell:Skip shell extension 'dsv' for command environment
[0.299s] INFO:colcon.colcon_ros.task.ament_cmake.build:Building ROS package in '/home/huo/drone_racing_ros2_ws/src/drone_racing_ros2/ros2_shared' with build type 'ament_cmake'
[0.299s] INFO:colcon.colcon_cmake.task.cmake.build:Building CMake package in '/home/huo/drone_racing_ros2_ws/src/drone_racing_ros2/ros2_shared'
[0.300s] INFO:colcon.colcon_core.shell:Skip shell extension 'powershell' for command environment: Not usable outside of PowerShell
[0.300s] DEBUG:colcon.colcon_core.shell:Skip shell extension 'dsv' for command environment
[0.304s] INFO:colcon.colcon_ros.task.ament_cmake.build:Building ROS package in '/home/huo/drone_racing_ros2_ws/src/drone_racing_ros2/tello_ros/tello_description' with build type 'ament_cmake'
[0.304s] INFO:colcon.colcon_cmake.task.cmake.build:Building CMake package in '/home/huo/drone_racing_ros2_ws/src/drone_racing_ros2/tello_ros/tello_description'
[0.305s] INFO:colcon.colcon_core.shell:Skip shell extension 'powershell' for command environment: Not usable outside of PowerShell
[0.305s] DEBUG:colcon.colcon_core.shell:Skip shell extension 'dsv' for command environment
[0.314s] DEBUG:colcon.colcon_core.event_handler.log_command:Invoking command in '/home/huo/drone_racing_ros2_ws/build/tello_msgs': CMAKE_PREFIX_PATH=/opt/ros/galactic /usr/bin/cmake /home/huo/drone_racing_ros2_ws/src/drone_racing_ros2/tello_ros/tello_msgs -DCMAKE_INSTALL_PREFIX=/home/huo/drone_racing_ros2_ws/install/tello_msgs
[0.317s] DEBUG:colcon.colcon_core.event_handler.log_command:Invoking command in '/home/huo/drone_racing_ros2_ws/build/ros2_shared': CMAKE_PREFIX_PATH=/opt/ros/galactic /usr/bin/cmake /home/huo/drone_racing_ros2_ws/src/drone_racing_ros2/ros2_shared -DCMAKE_INSTALL_PREFIX=/home/huo/drone_racing_ros2_ws/install/ros2_shared
[0.321s] DEBUG:colcon.colcon_core.event_handler.log_command:Invoking command in '/home/huo/drone_racing_ros2_ws/build/tello_description': CMAKE_PREFIX_PATH=/opt/ros/galactic /usr/bin/cmake /home/huo/drone_racing_ros2_ws/src/drone_racing_ros2/tello_ros/tello_description -DCMAKE_INSTALL_PREFIX=/home/huo/drone_racing_ros2_ws/install/tello_description
[0.829s] DEBUG:colcon.colcon_core.event_handler.log_command:Invoked command in '/home/huo/drone_racing_ros2_ws/build/ros2_shared' returned '0': CMAKE_PREFIX_PATH=/opt/ros/galactic /usr/bin/cmake /home/huo/drone_racing_ros2_ws/src/drone_racing_ros2/ros2_shared -DCMAKE_INSTALL_PREFIX=/home/huo/drone_racing_ros2_ws/install/ros2_shared
[0.831s] DEBUG:colcon.colcon_core.event_handler.log_command:Invoking command in '/home/huo/drone_racing_ros2_ws/build/ros2_shared': CMAKE_PREFIX_PATH=/opt/ros/galactic /usr/bin/cmake --build /home/huo/drone_racing_ros2_ws/build/ros2_shared -- -j8 -l8
[0.844s] DEBUG:colcon.colcon_core.event_handler.log_command:Invoked command in '/home/huo/drone_racing_ros2_ws/build/tello_description' returned '0': CMAKE_PREFIX_PATH=/opt/ros/galactic /usr/bin/cmake /home/huo/drone_racing_ros2_ws/src/drone_racing_ros2/tello_ros/tello_description -DCMAKE_INSTALL_PREFIX=/home/huo/drone_racing_ros2_ws/install/tello_description
[0.847s] DEBUG:colcon.colcon_core.event_handler.log_command:Invoking command in '/home/huo/drone_racing_ros2_ws/build/tello_description': CMAKE_PREFIX_PATH=/opt/ros/galactic /usr/bin/cmake --build /home/huo/drone_racing_ros2_ws/build/tello_description -- -j8 -l8
[0.863s] DEBUG:colcon.colcon_core.event_handler.log_command:Invoked command in '/home/huo/drone_racing_ros2_ws/build/ros2_shared' returned '0': CMAKE_PREFIX_PATH=/opt/ros/galactic /usr/bin/cmake --build /home/huo/drone_racing_ros2_ws/build/ros2_shared -- -j8 -l8
[0.874s] DEBUG:colcon.colcon_core.event_handler.log_command:Invoking command in '/home/huo/drone_racing_ros2_ws/build/ros2_shared': CMAKE_PREFIX_PATH=/opt/ros/galactic /usr/bin/cmake --install /home/huo/drone_racing_ros2_ws/build/ros2_shared
[0.890s] Level 1:colcon.colcon_core.environment:create_environment_scripts_only(ros2_shared)
[0.893s] Level 1:colcon.colcon_core.environment:checking '/home/huo/drone_racing_ros2_ws/install/ros2_shared' for CMake module files
[0.894s] Level 1:colcon.colcon_core.environment:checking '/home/huo/drone_racing_ros2_ws/install/ros2_shared' for CMake config files
[0.894s] Level 1:colcon.colcon_core.shell:create_environment_hook('ros2_shared', 'cmake_prefix_path')
[0.894s] INFO:colcon.colcon_core.shell:Creating environment hook '/home/huo/drone_racing_ros2_ws/install/ros2_shared/share/ros2_shared/hook/cmake_prefix_path.ps1'
[0.895s] DEBUG:colcon.colcon_core.event_handler.log_command:Invoked command in '/home/huo/drone_racing_ros2_ws/build/ros2_shared' returned '0': CMAKE_PREFIX_PATH=/opt/ros/galactic /usr/bin/cmake --install /home/huo/drone_racing_ros2_ws/build/ros2_shared
[0.897s] INFO:colcon.colcon_core.shell:Creating environment descriptor '/home/huo/drone_racing_ros2_ws/install/ros2_shared/share/ros2_shared/hook/cmake_prefix_path.dsv'
[0.898s] INFO:colcon.colcon_core.shell:Creating environment hook '/home/huo/drone_racing_ros2_ws/install/ros2_shared/share/ros2_shared/hook/cmake_prefix_path.sh'
[0.899s] Level 1:colcon.colcon_core.environment:checking '/home/huo/drone_racing_ros2_ws/install/ros2_shared/bin'
[0.899s] Level 1:colcon.colcon_core.environment:checking '/home/huo/drone_racing_ros2_ws/install/ros2_shared/lib/pkgconfig/ros2_shared.pc'
[0.900s] Level 1:colcon.colcon_core.environment:checking '/home/huo/drone_racing_ros2_ws/install/ros2_shared/lib/python3.8/site-packages'
[0.900s] Level 1:colcon.colcon_core.environment:checking '/home/huo/drone_racing_ros2_ws/install/ros2_shared/bin'
[0.900s] INFO:colcon.colcon_core.shell:Creating package script '/home/huo/drone_racing_ros2_ws/install/ros2_shared/share/ros2_shared/package.ps1'
[0.901s] INFO:colcon.colcon_core.shell:Creating package descriptor '/home/huo/drone_racing_ros2_ws/install/ros2_shared/share/ros2_shared/package.dsv'
[0.902s] INFO:colcon.colcon_core.shell:Creating package script '/home/huo/drone_racing_ros2_ws/install/ros2_shared/share/ros2_shared/package.sh'
[0.903s] INFO:colcon.colcon_core.shell:Creating package script '/home/huo/drone_racing_ros2_ws/install/ros2_shared/share/ros2_shared/package.bash'
[0.904s] INFO:colcon.colcon_core.shell:Creating package script '/home/huo/drone_racing_ros2_ws/install/ros2_shared/share/ros2_shared/package.zsh'
[0.905s] Level 1:colcon.colcon_core.environment:create_file_with_runtime_dependencies(/home/huo/drone_racing_ros2_ws/install/ros2_shared/share/colcon-core/packages/ros2_shared)
[0.907s] Level 1:colcon.colcon_core.environment:create_environment_scripts_only(ros2_shared)
[0.907s] Level 1:colcon.colcon_core.environment:checking '/home/huo/drone_racing_ros2_ws/install/ros2_shared' for CMake module files
[0.908s] Level 1:colcon.colcon_core.environment:checking '/home/huo/drone_racing_ros2_ws/install/ros2_shared' for CMake config files
[0.908s] Level 1:colcon.colcon_core.shell:create_environment_hook('ros2_shared', 'cmake_prefix_path')
[0.909s] INFO:colcon.colcon_core.shell:Creating environment hook '/home/huo/drone_racing_ros2_ws/install/ros2_shared/share/ros2_shared/hook/cmake_prefix_path.ps1'
[0.910s] INFO:colcon.colcon_core.shell:Creating environment descriptor '/home/huo/drone_racing_ros2_ws/install/ros2_shared/share/ros2_shared/hook/cmake_prefix_path.dsv'
[0.910s] INFO:colcon.colcon_core.shell:Creating environment hook '/home/huo/drone_racing_ros2_ws/install/ros2_shared/share/ros2_shared/hook/cmake_prefix_path.sh'
[0.911s] Level 1:colcon.colcon_core.environment:checking '/home/huo/drone_racing_ros2_ws/install/ros2_shared/bin'
[0.911s] Level 1:colcon.colcon_core.environment:checking '/home/huo/drone_racing_ros2_ws/install/ros2_shared/lib/pkgconfig/ros2_shared.pc'
[0.911s] Level 1:colcon.colcon_core.environment:checking '/home/huo/drone_racing_ros2_ws/install/ros2_shared/lib/python3.8/site-packages'
[0.911s] Level 1:colcon.colcon_core.environment:checking '/home/huo/drone_racing_ros2_ws/install/ros2_shared/bin'
[0.912s] INFO:colcon.colcon_core.shell:Creating package script '/home/huo/drone_racing_ros2_ws/install/ros2_shared/share/ros2_shared/package.ps1'
[0.914s] INFO:colcon.colcon_core.shell:Creating package descriptor '/home/huo/drone_racing_ros2_ws/install/ros2_shared/share/ros2_shared/package.dsv'
[0.916s] INFO:colcon.colcon_core.shell:Creating package script '/home/huo/drone_racing_ros2_ws/install/ros2_shared/share/ros2_shared/package.sh'
[0.922s] INFO:colcon.colcon_core.shell:Creating package script '/home/huo/drone_racing_ros2_ws/install/ros2_shared/share/ros2_shared/package.bash'
[0.923s] INFO:colcon.colcon_core.shell:Creating package script '/home/huo/drone_racing_ros2_ws/install/ros2_shared/share/ros2_shared/package.zsh'
[0.923s] Level 1:colcon.colcon_core.environment:create_file_with_runtime_dependencies(/home/huo/drone_racing_ros2_ws/install/ros2_shared/share/colcon-core/packages/ros2_shared)
[1.004s] DEBUG:colcon.colcon_core.event_handler.log_command:Invoked command in '/home/huo/drone_racing_ros2_ws/build/tello_description' returned '0': CMAKE_PREFIX_PATH=/opt/ros/galactic /usr/bin/cmake --build /home/huo/drone_racing_ros2_ws/build/tello_description -- -j8 -l8
[1.006s] DEBUG:colcon.colcon_core.event_handler.log_command:Invoking command in '/home/huo/drone_racing_ros2_ws/build/tello_description': CMAKE_PREFIX_PATH=/opt/ros/galactic /usr/bin/cmake --install /home/huo/drone_racing_ros2_ws/build/tello_description
[1.016s] Level 1:colcon.colcon_core.environment:create_environment_scripts_only(tello_description)
[1.017s] Level 1:colcon.colcon_core.environment:checking '/home/huo/drone_racing_ros2_ws/install/tello_description' for CMake module files
[1.017s] DEBUG:colcon.colcon_core.event_handler.log_command:Invoked command in '/home/huo/drone_racing_ros2_ws/build/tello_description' returned '0': CMAKE_PREFIX_PATH=/opt/ros/galactic /usr/bin/cmake --install /home/huo/drone_racing_ros2_ws/build/tello_description
[1.017s] Level 1:colcon.colcon_core.environment:checking '/home/huo/drone_racing_ros2_ws/install/tello_description' for CMake config files
[1.017s] Level 1:colcon.colcon_core.shell:create_environment_hook('tello_description', 'cmake_prefix_path')
[1.018s] INFO:colcon.colcon_core.shell:Creating environment hook '/home/huo/drone_racing_ros2_ws/install/tello_description/share/tello_description/hook/cmake_prefix_path.ps1'
[1.018s] INFO:colcon.colcon_core.shell:Creating environment descriptor '/home/huo/drone_racing_ros2_ws/install/tello_description/share/tello_description/hook/cmake_prefix_path.dsv'
[1.018s] INFO:colcon.colcon_core.shell:Creating environment hook '/home/huo/drone_racing_ros2_ws/install/tello_description/share/tello_description/hook/cmake_prefix_path.sh'
[1.019s] Level 1:colcon.colcon_core.environment:checking '/home/huo/drone_racing_ros2_ws/install/tello_description/bin'
[1.019s] Level 1:colcon.colcon_core.environment:checking '/home/huo/drone_racing_ros2_ws/install/tello_description/lib/pkgconfig/tello_description.pc'
[1.019s] Level 1:colcon.colcon_core.environment:checking '/home/huo/drone_racing_ros2_ws/install/tello_description/lib/python3.8/site-packages'
[1.019s] Level 1:colcon.colcon_core.environment:checking '/home/huo/drone_racing_ros2_ws/install/tello_description/bin'
[1.019s] INFO:colcon.colcon_core.shell:Creating package script '/home/huo/drone_racing_ros2_ws/install/tello_description/share/tello_description/package.ps1'
[1.020s] INFO:colcon.colcon_core.shell:Creating package descriptor '/home/huo/drone_racing_ros2_ws/install/tello_description/share/tello_description/package.dsv'
[1.020s] INFO:colcon.colcon_core.shell:Creating package script '/home/huo/drone_racing_ros2_ws/install/tello_description/share/tello_description/package.sh'
[1.020s] INFO:colcon.colcon_core.shell:Creating package script '/home/huo/drone_racing_ros2_ws/install/tello_description/share/tello_description/package.bash'
[1.021s] INFO:colcon.colcon_core.shell:Creating package script '/home/huo/drone_racing_ros2_ws/install/tello_description/share/tello_description/package.zsh'
[1.021s] Level 1:colcon.colcon_core.environment:create_file_with_runtime_dependencies(/home/huo/drone_racing_ros2_ws/install/tello_description/share/colcon-core/packages/tello_description)
[1.021s] Level 1:colcon.colcon_core.environment:create_environment_scripts_only(tello_description)
[1.022s] Level 1:colcon.colcon_core.environment:checking '/home/huo/drone_racing_ros2_ws/install/tello_description' for CMake module files
[1.022s] Level 1:colcon.colcon_core.environment:checking '/home/huo/drone_racing_ros2_ws/install/tello_description' for CMake config files
[1.022s] Level 1:colcon.colcon_core.shell:create_environment_hook('tello_description', 'cmake_prefix_path')
[1.022s] INFO:colcon.colcon_core.shell:Creating environment hook '/home/huo/drone_racing_ros2_ws/install/tello_description/share/tello_description/hook/cmake_prefix_path.ps1'
[1.022s] INFO:colcon.colcon_core.shell:Creating environment descriptor '/home/huo/drone_racing_ros2_ws/install/tello_description/share/tello_description/hook/cmake_prefix_path.dsv'
[1.023s] INFO:colcon.colcon_core.shell:Creating environment hook '/home/huo/drone_racing_ros2_ws/install/tello_description/share/tello_description/hook/cmake_prefix_path.sh'
[1.033s] Level 1:colcon.colcon_core.environment:checking '/home/huo/drone_racing_ros2_ws/install/tello_description/bin'
[1.033s] Level 1:colcon.colcon_core.environment:checking '/home/huo/drone_racing_ros2_ws/install/tello_description/lib/pkgconfig/tello_description.pc'
[1.033s] Level 1:colcon.colcon_core.environment:checking '/home/huo/drone_racing_ros2_ws/install/tello_description/lib/python3.8/site-packages'
[1.033s] Level 1:colcon.colcon_core.environment:checking '/home/huo/drone_racing_ros2_ws/install/tello_description/bin'
[1.033s] INFO:colcon.colcon_core.shell:Creating package script '/home/huo/drone_racing_ros2_ws/install/tello_description/share/tello_description/package.ps1'
[1.034s] INFO:colcon.colcon_core.shell:Creating package descriptor '/home/huo/drone_racing_ros2_ws/install/tello_description/share/tello_description/package.dsv'
[1.034s] INFO:colcon.colcon_core.shell:Creating package script '/home/huo/drone_racing_ros2_ws/install/tello_description/share/tello_description/package.sh'
[1.035s] INFO:colcon.colcon_core.shell:Creating package script '/home/huo/drone_racing_ros2_ws/install/tello_description/share/tello_description/package.bash'
[1.035s] INFO:colcon.colcon_core.shell:Creating package script '/home/huo/drone_racing_ros2_ws/install/tello_description/share/tello_description/package.zsh'
[1.035s] Level 1:colcon.colcon_core.environment:create_file_with_runtime_dependencies(/home/huo/drone_racing_ros2_ws/install/tello_description/share/colcon-core/packages/tello_description)
[1.609s] DEBUG:colcon.colcon_core.event_handler.log_command:Invoked command in '/home/huo/drone_racing_ros2_ws/build/tello_msgs' returned '0': CMAKE_PREFIX_PATH=/opt/ros/galactic /usr/bin/cmake /home/huo/drone_racing_ros2_ws/src/drone_racing_ros2/tello_ros/tello_msgs -DCMAKE_INSTALL_PREFIX=/home/huo/drone_racing_ros2_ws/install/tello_msgs
[1.611s] DEBUG:colcon.colcon_core.event_handler.log_command:Invoking command in '/home/huo/drone_racing_ros2_ws/build/tello_msgs': CMAKE_PREFIX_PATH=/opt/ros/galactic /usr/bin/cmake --build /home/huo/drone_racing_ros2_ws/build/tello_msgs -- -j8 -l8
[5.555s] DEBUG:colcon.colcon_core.event_handler.log_command:Invoked command in '/home/huo/drone_racing_ros2_ws/build/tello_msgs' returned '0': CMAKE_PREFIX_PATH=/opt/ros/galactic /usr/bin/cmake --build /home/huo/drone_racing_ros2_ws/build/tello_msgs -- -j8 -l8
[5.557s] DEBUG:colcon.colcon_core.event_handler.log_command:Invoking command in '/home/huo/drone_racing_ros2_ws/build/tello_msgs': CMAKE_PREFIX_PATH=/opt/ros/galactic /usr/bin/cmake --install /home/huo/drone_racing_ros2_ws/build/tello_msgs
[5.608s] Level 1:colcon.colcon_core.environment:create_environment_scripts_only(tello_msgs)
[5.609s] Level 1:colcon.colcon_core.environment:checking '/home/huo/drone_racing_ros2_ws/install/tello_msgs' for CMake module files
[5.609s] DEBUG:colcon.colcon_core.event_handler.log_command:Invoked command in '/home/huo/drone_racing_ros2_ws/build/tello_msgs' returned '0': CMAKE_PREFIX_PATH=/opt/ros/galactic /usr/bin/cmake --install /home/huo/drone_racing_ros2_ws/build/tello_msgs
[5.609s] Level 1:colcon.colcon_core.environment:checking '/home/huo/drone_racing_ros2_ws/install/tello_msgs' for CMake config files
[5.610s] Level 1:colcon.colcon_core.shell:create_environment_hook('tello_msgs', 'cmake_prefix_path')
[5.610s] INFO:colcon.colcon_core.shell:Creating environment hook '/home/huo/drone_racing_ros2_ws/install/tello_msgs/share/tello_msgs/hook/cmake_prefix_path.ps1'
[5.610s] INFO:colcon.colcon_core.shell:Creating environment descriptor '/home/huo/drone_racing_ros2_ws/install/tello_msgs/share/tello_msgs/hook/cmake_prefix_path.dsv'
[5.611s] INFO:colcon.colcon_core.shell:Creating environment hook '/home/huo/drone_racing_ros2_ws/install/tello_msgs/share/tello_msgs/hook/cmake_prefix_path.sh'
[5.611s] Level 1:colcon.colcon_core.environment:checking '/home/huo/drone_racing_ros2_ws/install/tello_msgs/lib'
[5.611s] Level 1:colcon.colcon_core.shell:create_environment_hook('tello_msgs', 'ld_library_path_lib')
[5.611s] INFO:colcon.colcon_core.shell:Creating environment hook '/home/huo/drone_racing_ros2_ws/install/tello_msgs/share/tello_msgs/hook/ld_library_path_lib.ps1'
[5.612s] INFO:colcon.colcon_core.shell:Creating environment descriptor '/home/huo/drone_racing_ros2_ws/install/tello_msgs/share/tello_msgs/hook/ld_library_path_lib.dsv'
[5.612s] INFO:colcon.colcon_core.shell:Creating environment hook '/home/huo/drone_racing_ros2_ws/install/tello_msgs/share/tello_msgs/hook/ld_library_path_lib.sh'
[5.612s] Level 1:colcon.colcon_core.environment:checking '/home/huo/drone_racing_ros2_ws/install/tello_msgs/bin'
[5.612s] Level 1:colcon.colcon_core.environment:checking '/home/huo/drone_racing_ros2_ws/install/tello_msgs/lib/pkgconfig/tello_msgs.pc'
[5.612s] Level 1:colcon.colcon_core.environment:checking '/home/huo/drone_racing_ros2_ws/install/tello_msgs/lib/python3.8/site-packages'
[5.613s] Level 1:colcon.colcon_core.shell:create_environment_hook('tello_msgs', 'pythonpath')
[5.613s] INFO:colcon.colcon_core.shell:Creating environment hook '/home/huo/drone_racing_ros2_ws/install/tello_msgs/share/tello_msgs/hook/pythonpath.ps1'
[5.613s] INFO:colcon.colcon_core.shell:Creating environment descriptor '/home/huo/drone_racing_ros2_ws/install/tello_msgs/share/tello_msgs/hook/pythonpath.dsv'
[5.613s] INFO:colcon.colcon_core.shell:Creating environment hook '/home/huo/drone_racing_ros2_ws/install/tello_msgs/share/tello_msgs/hook/pythonpath.sh'
[5.614s] Level 1:colcon.colcon_core.environment:checking '/home/huo/drone_racing_ros2_ws/install/tello_msgs/bin'
[5.614s] INFO:colcon.colcon_core.shell:Creating package script '/home/huo/drone_racing_ros2_ws/install/tello_msgs/share/tello_msgs/package.ps1'
[5.615s] INFO:colcon.colcon_core.shell:Creating package descriptor '/home/huo/drone_racing_ros2_ws/install/tello_msgs/share/tello_msgs/package.dsv'
[5.615s] INFO:colcon.colcon_core.shell:Creating package script '/home/huo/drone_racing_ros2_ws/install/tello_msgs/share/tello_msgs/package.sh'
[5.616s] INFO:colcon.colcon_core.shell:Creating package script '/home/huo/drone_racing_ros2_ws/install/tello_msgs/share/tello_msgs/package.bash'
[5.616s] INFO:colcon.colcon_core.shell:Creating package script '/home/huo/drone_racing_ros2_ws/install/tello_msgs/share/tello_msgs/package.zsh'
[5.616s] Level 1:colcon.colcon_core.environment:create_file_with_runtime_dependencies(/home/huo/drone_racing_ros2_ws/install/tello_msgs/share/colcon-core/packages/tello_msgs)
[5.617s] Level 1:colcon.colcon_core.environment:create_environment_scripts_only(tello_msgs)
[5.617s] Level 1:colcon.colcon_core.environment:checking '/home/huo/drone_racing_ros2_ws/install/tello_msgs' for CMake module files
[5.617s] Level 1:colcon.colcon_core.environment:checking '/home/huo/drone_racing_ros2_ws/install/tello_msgs' for CMake config files
[5.618s] Level 1:colcon.colcon_core.shell:create_environment_hook('tello_msgs', 'cmake_prefix_path')
[5.618s] INFO:colcon.colcon_core.shell:Creating environment hook '/home/huo/drone_racing_ros2_ws/install/tello_msgs/share/tello_msgs/hook/cmake_prefix_path.ps1'
[5.618s] INFO:colcon.colcon_core.shell:Creating environment descriptor '/home/huo/drone_racing_ros2_ws/install/tello_msgs/share/tello_msgs/hook/cmake_prefix_path.dsv'
[5.618s] INFO:colcon.colcon_core.shell:Creating environment hook '/home/huo/drone_racing_ros2_ws/install/tello_msgs/share/tello_msgs/hook/cmake_prefix_path.sh'
[5.619s] Level 1:colcon.colcon_core.environment:checking '/home/huo/drone_racing_ros2_ws/install/tello_msgs/lib'
[5.619s] Level 1:colcon.colcon_core.shell:create_environment_hook('tello_msgs', 'ld_library_path_lib')
[5.619s] INFO:colcon.colcon_core.shell:Creating environment hook '/home/huo/drone_racing_ros2_ws/install/tello_msgs/share/tello_msgs/hook/ld_library_path_lib.ps1'
[5.619s] INFO:colcon.colcon_core.shell:Creating environment descriptor '/home/huo/drone_racing_ros2_ws/install/tello_msgs/share/tello_msgs/hook/ld_library_path_lib.dsv'
[5.620s] INFO:colcon.colcon_core.shell:Creating environment hook '/home/huo/drone_racing_ros2_ws/install/tello_msgs/share/tello_msgs/hook/ld_library_path_lib.sh'
[5.620s] Level 1:colcon.colcon_core.environment:checking '/home/huo/drone_racing_ros2_ws/install/tello_msgs/bin'
[5.620s] Level 1:colcon.colcon_core.environment:checking '/home/huo/drone_racing_ros2_ws/install/tello_msgs/lib/pkgconfig/tello_msgs.pc'
[5.620s] Level 1:colcon.colcon_core.environment:checking '/home/huo/drone_racing_ros2_ws/install/tello_msgs/lib/python3.8/site-packages'
[5.620s] Level 1:colcon.colcon_core.shell:create_environment_hook('tello_msgs', 'pythonpath')
[5.620s] INFO:colcon.colcon_core.shell:Creating environment hook '/home/huo/drone_racing_ros2_ws/install/tello_msgs/share/tello_msgs/hook/pythonpath.ps1'
[5.620s] INFO:colcon.colcon_core.shell:Creating environment descriptor '/home/huo/drone_racing_ros2_ws/install/tello_msgs/share/tello_msgs/hook/pythonpath.dsv'
[5.621s] INFO:colcon.colcon_core.shell:Creating environment hook '/home/huo/drone_racing_ros2_ws/install/tello_msgs/share/tello_msgs/hook/pythonpath.sh'
[5.621s] Level 1:colcon.colcon_core.environment:checking '/home/huo/drone_racing_ros2_ws/install/tello_msgs/bin'
[5.621s] INFO:colcon.colcon_core.shell:Creating package script '/home/huo/drone_racing_ros2_ws/install/tello_msgs/share/tello_msgs/package.ps1'
[5.622s] INFO:colcon.colcon_core.shell:Creating package descriptor '/home/huo/drone_racing_ros2_ws/install/tello_msgs/share/tello_msgs/package.dsv'
[5.622s] INFO:colcon.colcon_core.shell:Creating package script '/home/huo/drone_racing_ros2_ws/install/tello_msgs/share/tello_msgs/package.sh'
[5.622s] INFO:colcon.colcon_core.shell:Creating package script '/home/huo/drone_racing_ros2_ws/install/tello_msgs/share/tello_msgs/package.bash'
[5.622s] INFO:colcon.colcon_core.shell:Creating package script '/home/huo/drone_racing_ros2_ws/install/tello_msgs/share/tello_msgs/package.zsh'
[5.623s] Level 1:colcon.colcon_core.environment:create_file_with_runtime_dependencies(/home/huo/drone_racing_ros2_ws/install/tello_msgs/share/colcon-core/packages/tello_msgs)
[5.623s] INFO:colcon.colcon_ros.task.ament_cmake.build:Building ROS package in '/home/huo/drone_racing_ros2_ws/src/drone_racing_ros2/tello_ros/tello_driver' with build type 'ament_cmake'
[5.623s] INFO:colcon.colcon_cmake.task.cmake.build:Building CMake package in '/home/huo/drone_racing_ros2_ws/src/drone_racing_ros2/tello_ros/tello_driver'
[5.623s] INFO:colcon.colcon_core.shell:Skip shell extension 'powershell' for command environment: Not usable outside of PowerShell
[5.623s] DEBUG:colcon.colcon_core.shell:Skip shell extension 'dsv' for command environment
[5.627s] INFO:colcon.colcon_ros.task.ament_cmake.build:Building ROS package in '/home/huo/drone_racing_ros2_ws/src/drone_racing_ros2/tello_ros/tello_gazebo' with build type 'ament_cmake'
[5.627s] INFO:colcon.colcon_cmake.task.cmake.build:Building CMake package in '/home/huo/drone_racing_ros2_ws/src/drone_racing_ros2/tello_ros/tello_gazebo'
[5.628s] INFO:colcon.colcon_core.shell:Skip shell extension 'powershell' for command environment: Not usable outside of PowerShell
[5.628s] DEBUG:colcon.colcon_core.shell:Skip shell extension 'dsv' for command environment
[5.636s] DEBUG:colcon.colcon_core.event_handler.log_command:Invoking command in '/home/huo/drone_racing_ros2_ws/build/tello_driver': AMENT_PREFIX_PATH=/home/huo/drone_racing_ros2_ws/install/tello_msgs:/home/huo/drone_racing_ros2_ws/install/ros2_shared:${AMENT_PREFIX_PATH} CMAKE_PREFIX_PATH=/home/huo/drone_racing_ros2_ws/install/tello_msgs:/home/huo/drone_racing_ros2_ws/install/ros2_shared:/opt/ros/galactic LD_LIBRARY_PATH=/home/huo/drone_racing_ros2_ws/install/tello_msgs/lib:${LD_LIBRARY_PATH} PYTHONPATH=/home/huo/drone_racing_ros2_ws/install/tello_msgs/lib/python3.8/site-packages:${PYTHONPATH} /usr/bin/cmake /home/huo/drone_racing_ros2_ws/src/drone_racing_ros2/tello_ros/tello_driver -DCMAKE_INSTALL_PREFIX=/home/huo/drone_racing_ros2_ws/install/tello_driver
[5.640s] DEBUG:colcon.colcon_core.event_handler.log_command:Invoking command in '/home/huo/drone_racing_ros2_ws/build/tello_gazebo': AMENT_PREFIX_PATH=/home/huo/drone_racing_ros2_ws/install/tello_msgs:${AMENT_PREFIX_PATH} CMAKE_PREFIX_PATH=/home/huo/drone_racing_ros2_ws/install/tello_msgs:/opt/ros/galactic LD_LIBRARY_PATH=/home/huo/drone_racing_ros2_ws/install/tello_msgs/lib:${LD_LIBRARY_PATH} PYTHONPATH=/home/huo/drone_racing_ros2_ws/install/tello_msgs/lib/python3.8/site-packages:${PYTHONPATH} /usr/bin/cmake /home/huo/drone_racing_ros2_ws/src/drone_racing_ros2/tello_ros/tello_gazebo -DCMAKE_INSTALL_PREFIX=/home/huo/drone_racing_ros2_ws/install/tello_gazebo
[7.147s] DEBUG:colcon.colcon_core.event_handler.log_command:Invoked command in '/home/huo/drone_racing_ros2_ws/build/tello_driver' returned '0': AMENT_PREFIX_PATH=/home/huo/drone_racing_ros2_ws/install/tello_msgs:/home/huo/drone_racing_ros2_ws/install/ros2_shared:${AMENT_PREFIX_PATH} CMAKE_PREFIX_PATH=/home/huo/drone_racing_ros2_ws/install/tello_msgs:/home/huo/drone_racing_ros2_ws/install/ros2_shared:/opt/ros/galactic LD_LIBRARY_PATH=/home/huo/drone_racing_ros2_ws/install/tello_msgs/lib:${LD_LIBRARY_PATH} PYTHONPATH=/home/huo/drone_racing_ros2_ws/install/tello_msgs/lib/python3.8/site-packages:${PYTHONPATH} /usr/bin/cmake /home/huo/drone_racing_ros2_ws/src/drone_racing_ros2/tello_ros/tello_driver -DCMAKE_INSTALL_PREFIX=/home/huo/drone_racing_ros2_ws/install/tello_driver
[7.147s] DEBUG:colcon.colcon_core.event_handler.log_command:Invoking command in '/home/huo/drone_racing_ros2_ws/build/tello_driver': AMENT_PREFIX_PATH=/home/huo/drone_racing_ros2_ws/install/tello_msgs:/home/huo/drone_racing_ros2_ws/install/ros2_shared:${AMENT_PREFIX_PATH} CMAKE_PREFIX_PATH=/home/huo/drone_racing_ros2_ws/install/tello_msgs:/home/huo/drone_racing_ros2_ws/install/ros2_shared:/opt/ros/galactic LD_LIBRARY_PATH=/home/huo/drone_racing_ros2_ws/install/tello_msgs/lib:${LD_LIBRARY_PATH} PYTHONPATH=/home/huo/drone_racing_ros2_ws/install/tello_msgs/lib/python3.8/site-packages:${PYTHONPATH} /usr/bin/cmake --build /home/huo/drone_racing_ros2_ws/build/tello_driver -- -j8 -l8
[8.662s] DEBUG:colcon.colcon_core.event_handler.log_command:Invoked command in '/home/huo/drone_racing_ros2_ws/build/tello_gazebo' returned '0': AMENT_PREFIX_PATH=/home/huo/drone_racing_ros2_ws/install/tello_msgs:${AMENT_PREFIX_PATH} CMAKE_PREFIX_PATH=/home/huo/drone_racing_ros2_ws/install/tello_msgs:/opt/ros/galactic LD_LIBRARY_PATH=/home/huo/drone_racing_ros2_ws/install/tello_msgs/lib:${LD_LIBRARY_PATH} PYTHONPATH=/home/huo/drone_racing_ros2_ws/install/tello_msgs/lib/python3.8/site-packages:${PYTHONPATH} /usr/bin/cmake /home/huo/drone_racing_ros2_ws/src/drone_racing_ros2/tello_ros/tello_gazebo -DCMAKE_INSTALL_PREFIX=/home/huo/drone_racing_ros2_ws/install/tello_gazebo
[8.663s] DEBUG:colcon.colcon_core.event_handler.log_command:Invoking command in '/home/huo/drone_racing_ros2_ws/build/tello_gazebo': AMENT_PREFIX_PATH=/home/huo/drone_racing_ros2_ws/install/tello_msgs:${AMENT_PREFIX_PATH} CMAKE_PREFIX_PATH=/home/huo/drone_racing_ros2_ws/install/tello_msgs:/opt/ros/galactic LD_LIBRARY_PATH=/home/huo/drone_racing_ros2_ws/install/tello_msgs/lib:${LD_LIBRARY_PATH} PYTHONPATH=/home/huo/drone_racing_ros2_ws/install/tello_msgs/lib/python3.8/site-packages:${PYTHONPATH} /usr/bin/cmake --build /home/huo/drone_racing_ros2_ws/build/tello_gazebo -- -j8 -l8
[26.358s] DEBUG:colcon.colcon_core.event_handler.log_command:Invoked command in '/home/huo/drone_racing_ros2_ws/build/tello_driver' returned '0': AMENT_PREFIX_PATH=/home/huo/drone_racing_ros2_ws/install/tello_msgs:/home/huo/drone_racing_ros2_ws/install/ros2_shared:${AMENT_PREFIX_PATH} CMAKE_PREFIX_PATH=/home/huo/drone_racing_ros2_ws/install/tello_msgs:/home/huo/drone_racing_ros2_ws/install/ros2_shared:/opt/ros/galactic LD_LIBRARY_PATH=/home/huo/drone_racing_ros2_ws/install/tello_msgs/lib:${LD_LIBRARY_PATH} PYTHONPATH=/home/huo/drone_racing_ros2_ws/install/tello_msgs/lib/python3.8/site-packages:${PYTHONPATH} /usr/bin/cmake --build /home/huo/drone_racing_ros2_ws/build/tello_driver -- -j8 -l8
[26.362s] DEBUG:colcon.colcon_core.event_handler.log_command:Invoking command in '/home/huo/drone_racing_ros2_ws/build/tello_driver': AMENT_PREFIX_PATH=/home/huo/drone_racing_ros2_ws/install/tello_msgs:/home/huo/drone_racing_ros2_ws/install/ros2_shared:${AMENT_PREFIX_PATH} CMAKE_PREFIX_PATH=/home/huo/drone_racing_ros2_ws/install/tello_msgs:/home/huo/drone_racing_ros2_ws/install/ros2_shared:/opt/ros/galactic LD_LIBRARY_PATH=/home/huo/drone_racing_ros2_ws/install/tello_msgs/lib:${LD_LIBRARY_PATH} PYTHONPATH=/home/huo/drone_racing_ros2_ws/install/tello_msgs/lib/python3.8/site-packages:${PYTHONPATH} /usr/bin/cmake --install /home/huo/drone_racing_ros2_ws/build/tello_driver
[26.388s] Level 1:colcon.colcon_core.environment:create_environment_scripts_only(tello_driver)
[26.388s] Level 1:colcon.colcon_core.environment:checking '/home/huo/drone_racing_ros2_ws/install/tello_driver' for CMake module files
[26.389s] DEBUG:colcon.colcon_core.event_handler.log_command:Invoked command in '/home/huo/drone_racing_ros2_ws/build/tello_driver' returned '0': AMENT_PREFIX_PATH=/home/huo/drone_racing_ros2_ws/install/tello_msgs:/home/huo/drone_racing_ros2_ws/install/ros2_shared:${AMENT_PREFIX_PATH} CMAKE_PREFIX_PATH=/home/huo/drone_racing_ros2_ws/install/tello_msgs:/home/huo/drone_racing_ros2_ws/install/ros2_shared:/opt/ros/galactic LD_LIBRARY_PATH=/home/huo/drone_racing_ros2_ws/install/tello_msgs/lib:${LD_LIBRARY_PATH} PYTHONPATH=/home/huo/drone_racing_ros2_ws/install/tello_msgs/lib/python3.8/site-packages:${PYTHONPATH} /usr/bin/cmake --install /home/huo/drone_racing_ros2_ws/build/tello_driver
[26.389s] Level 1:colcon.colcon_core.environment:checking '/home/huo/drone_racing_ros2_ws/install/tello_driver' for CMake config files
[26.389s] Level 1:colcon.colcon_core.shell:create_environment_hook('tello_driver', 'cmake_prefix_path')
[26.389s] INFO:colcon.colcon_core.shell:Creating environment hook '/home/huo/drone_racing_ros2_ws/install/tello_driver/share/tello_driver/hook/cmake_prefix_path.ps1'
[26.390s] INFO:colcon.colcon_core.shell:Creating environment descriptor '/home/huo/drone_racing_ros2_ws/install/tello_driver/share/tello_driver/hook/cmake_prefix_path.dsv'
[26.390s] INFO:colcon.colcon_core.shell:Creating environment hook '/home/huo/drone_racing_ros2_ws/install/tello_driver/share/tello_driver/hook/cmake_prefix_path.sh'
[26.391s] Level 1:colcon.colcon_core.environment:checking '/home/huo/drone_racing_ros2_ws/install/tello_driver/lib'
[26.391s] Level 1:colcon.colcon_core.shell:create_environment_hook('tello_driver', 'ld_library_path_lib')
[26.391s] INFO:colcon.colcon_core.shell:Creating environment hook '/home/huo/drone_racing_ros2_ws/install/tello_driver/share/tello_driver/hook/ld_library_path_lib.ps1'
[26.391s] INFO:colcon.colcon_core.shell:Creating environment descriptor '/home/huo/drone_racing_ros2_ws/install/tello_driver/share/tello_driver/hook/ld_library_path_lib.dsv'
[26.391s] INFO:colcon.colcon_core.shell:Creating environment hook '/home/huo/drone_racing_ros2_ws/install/tello_driver/share/tello_driver/hook/ld_library_path_lib.sh'
[26.392s] Level 1:colcon.colcon_core.environment:checking '/home/huo/drone_racing_ros2_ws/install/tello_driver/bin'
[26.392s] Level 1:colcon.colcon_core.environment:checking '/home/huo/drone_racing_ros2_ws/install/tello_driver/lib/pkgconfig/tello_driver.pc'
[26.392s] Level 1:colcon.colcon_core.environment:checking '/home/huo/drone_racing_ros2_ws/install/tello_driver/lib/python3.8/site-packages'
[26.392s] Level 1:colcon.colcon_core.environment:checking '/home/huo/drone_racing_ros2_ws/install/tello_driver/bin'
[26.392s] INFO:colcon.colcon_core.shell:Creating package script '/home/huo/drone_racing_ros2_ws/install/tello_driver/share/tello_driver/package.ps1'
[26.392s] INFO:colcon.colcon_core.shell:Creating package descriptor '/home/huo/drone_racing_ros2_ws/install/tello_driver/share/tello_driver/package.dsv'
[26.393s] INFO:colcon.colcon_core.shell:Creating package script '/home/huo/drone_racing_ros2_ws/install/tello_driver/share/tello_driver/package.sh'
[26.393s] INFO:colcon.colcon_core.shell:Creating package script '/home/huo/drone_racing_ros2_ws/install/tello_driver/share/tello_driver/package.bash'
[26.393s] INFO:colcon.colcon_core.shell:Creating package script '/home/huo/drone_racing_ros2_ws/install/tello_driver/share/tello_driver/package.zsh'
[26.394s] Level 1:colcon.colcon_core.environment:create_file_with_runtime_dependencies(/home/huo/drone_racing_ros2_ws/install/tello_driver/share/colcon-core/packages/tello_driver)
[26.394s] Level 1:colcon.colcon_core.environment:create_environment_scripts_only(tello_driver)
[26.394s] Level 1:colcon.colcon_core.environment:checking '/home/huo/drone_racing_ros2_ws/install/tello_driver' for CMake module files
[26.395s] Level 1:colcon.colcon_core.environment:checking '/home/huo/drone_racing_ros2_ws/install/tello_driver' for CMake config files
[26.395s] Level 1:colcon.colcon_core.shell:create_environment_hook('tello_driver', 'cmake_prefix_path')
[26.395s] INFO:colcon.colcon_core.shell:Creating environment hook '/home/huo/drone_racing_ros2_ws/install/tello_driver/share/tello_driver/hook/cmake_prefix_path.ps1'
[26.395s] INFO:colcon.colcon_core.shell:Creating environment descriptor '/home/huo/drone_racing_ros2_ws/install/tello_driver/share/tello_driver/hook/cmake_prefix_path.dsv'
[26.395s] INFO:colcon.colcon_core.shell:Creating environment hook '/home/huo/drone_racing_ros2_ws/install/tello_driver/share/tello_driver/hook/cmake_prefix_path.sh'
[26.396s] Level 1:colcon.colcon_core.environment:checking '/home/huo/drone_racing_ros2_ws/install/tello_driver/lib'
[26.396s] Level 1:colcon.colcon_core.shell:create_environment_hook('tello_driver', 'ld_library_path_lib')
[26.396s] INFO:colcon.colcon_core.shell:Creating environment hook '/home/huo/drone_racing_ros2_ws/install/tello_driver/share/tello_driver/hook/ld_library_path_lib.ps1'
[26.396s] INFO:colcon.colcon_core.shell:Creating environment descriptor '/home/huo/drone_racing_ros2_ws/install/tello_driver/share/tello_driver/hook/ld_library_path_lib.dsv'
[26.396s] INFO:colcon.colcon_core.shell:Creating environment hook '/home/huo/drone_racing_ros2_ws/install/tello_driver/share/tello_driver/hook/ld_library_path_lib.sh'
[26.397s] Level 1:colcon.colcon_core.environment:checking '/home/huo/drone_racing_ros2_ws/install/tello_driver/bin'
[26.397s] Level 1:colcon.colcon_core.environment:checking '/home/huo/drone_racing_ros2_ws/install/tello_driver/lib/pkgconfig/tello_driver.pc'
[26.397s] Level 1:colcon.colcon_core.environment:checking '/home/huo/drone_racing_ros2_ws/install/tello_driver/lib/python3.8/site-packages'
[26.397s] Level 1:colcon.colcon_core.environment:checking '/home/huo/drone_racing_ros2_ws/install/tello_driver/bin'
[26.397s] INFO:colcon.colcon_core.shell:Creating package script '/home/huo/drone_racing_ros2_ws/install/tello_driver/share/tello_driver/package.ps1'
[26.398s] INFO:colcon.colcon_core.shell:Creating package descriptor '/home/huo/drone_racing_ros2_ws/install/tello_driver/share/tello_driver/package.dsv'
[26.398s] INFO:colcon.colcon_core.shell:Creating package script '/home/huo/drone_racing_ros2_ws/install/tello_driver/share/tello_driver/package.sh'
[26.398s] INFO:colcon.colcon_core.shell:Creating package script '/home/huo/drone_racing_ros2_ws/install/tello_driver/share/tello_driver/package.bash'
[26.398s] INFO:colcon.colcon_core.shell:Creating package script '/home/huo/drone_racing_ros2_ws/install/tello_driver/share/tello_driver/package.zsh'
[26.399s] Level 1:colcon.colcon_core.environment:create_file_with_runtime_dependencies(/home/huo/drone_racing_ros2_ws/install/tello_driver/share/colcon-core/packages/tello_driver)
[30.293s] DEBUG:colcon.colcon_core.event_handler.log_command:Invoked command in '/home/huo/drone_racing_ros2_ws/build/tello_gazebo' returned '0': AMENT_PREFIX_PATH=/home/huo/drone_racing_ros2_ws/install/tello_msgs:${AMENT_PREFIX_PATH} CMAKE_PREFIX_PATH=/home/huo/drone_racing_ros2_ws/install/tello_msgs:/opt/ros/galactic LD_LIBRARY_PATH=/home/huo/drone_racing_ros2_ws/install/tello_msgs/lib:${LD_LIBRARY_PATH} PYTHONPATH=/home/huo/drone_racing_ros2_ws/install/tello_msgs/lib/python3.8/site-packages:${PYTHONPATH} /usr/bin/cmake --build /home/huo/drone_racing_ros2_ws/build/tello_gazebo -- -j8 -l8
[30.295s] DEBUG:colcon.colcon_core.event_handler.log_command:Invoking command in '/home/huo/drone_racing_ros2_ws/build/tello_gazebo': AMENT_PREFIX_PATH=/home/huo/drone_racing_ros2_ws/install/tello_msgs:${AMENT_PREFIX_PATH} CMAKE_PREFIX_PATH=/home/huo/drone_racing_ros2_ws/install/tello_msgs:/opt/ros/galactic LD_LIBRARY_PATH=/home/huo/drone_racing_ros2_ws/install/tello_msgs/lib:${LD_LIBRARY_PATH} PYTHONPATH=/home/huo/drone_racing_ros2_ws/install/tello_msgs/lib/python3.8/site-packages:${PYTHONPATH} /usr/bin/cmake --install /home/huo/drone_racing_ros2_ws/build/tello_gazebo
[30.334s] Level 1:colcon.colcon_core.environment:create_environment_scripts_only(tello_gazebo)
[30.335s] Level 1:colcon.colcon_core.environment:checking '/home/huo/drone_racing_ros2_ws/install/tello_gazebo' for CMake module files
[30.335s] DEBUG:colcon.colcon_core.event_handler.log_command:Invoked command in '/home/huo/drone_racing_ros2_ws/build/tello_gazebo' returned '0': AMENT_PREFIX_PATH=/home/huo/drone_racing_ros2_ws/install/tello_msgs:${AMENT_PREFIX_PATH} CMAKE_PREFIX_PATH=/home/huo/drone_racing_ros2_ws/install/tello_msgs:/opt/ros/galactic LD_LIBRARY_PATH=/home/huo/drone_racing_ros2_ws/install/tello_msgs/lib:${LD_LIBRARY_PATH} PYTHONPATH=/home/huo/drone_racing_ros2_ws/install/tello_msgs/lib/python3.8/site-packages:${PYTHONPATH} /usr/bin/cmake --install /home/huo/drone_racing_ros2_ws/build/tello_gazebo
[30.335s] Level 1:colcon.colcon_core.environment:checking '/home/huo/drone_racing_ros2_ws/install/tello_gazebo' for CMake config files
[30.336s] Level 1:colcon.colcon_core.shell:create_environment_hook('tello_gazebo', 'cmake_prefix_path')
[30.336s] INFO:colcon.colcon_core.shell:Creating environment hook '/home/huo/drone_racing_ros2_ws/install/tello_gazebo/share/tello_gazebo/hook/cmake_prefix_path.ps1'
[30.336s] INFO:colcon.colcon_core.shell:Creating environment descriptor '/home/huo/drone_racing_ros2_ws/install/tello_gazebo/share/tello_gazebo/hook/cmake_prefix_path.dsv'
[30.337s] INFO:colcon.colcon_core.shell:Creating environment hook '/home/huo/drone_racing_ros2_ws/install/tello_gazebo/share/tello_gazebo/hook/cmake_prefix_path.sh'
[30.337s] Level 1:colcon.colcon_core.environment:checking '/home/huo/drone_racing_ros2_ws/install/tello_gazebo/lib'
[30.337s] Level 1:colcon.colcon_core.shell:create_environment_hook('tello_gazebo', 'ld_library_path_lib')
[30.337s] INFO:colcon.colcon_core.shell:Creating environment hook '/home/huo/drone_racing_ros2_ws/install/tello_gazebo/share/tello_gazebo/hook/ld_library_path_lib.ps1'
[30.338s] INFO:colcon.colcon_core.shell:Creating environment descriptor '/home/huo/drone_racing_ros2_ws/install/tello_gazebo/share/tello_gazebo/hook/ld_library_path_lib.dsv'
[30.338s] INFO:colcon.colcon_core.shell:Creating environment hook '/home/huo/drone_racing_ros2_ws/install/tello_gazebo/share/tello_gazebo/hook/ld_library_path_lib.sh'
[30.338s] Level 1:colcon.colcon_core.environment:checking '/home/huo/drone_racing_ros2_ws/install/tello_gazebo/bin'
[30.338s] Level 1:colcon.colcon_core.environment:checking '/home/huo/drone_racing_ros2_ws/install/tello_gazebo/lib/pkgconfig/tello_gazebo.pc'
[30.338s] Level 1:colcon.colcon_core.environment:checking '/home/huo/drone_racing_ros2_ws/install/tello_gazebo/lib/python3.8/site-packages'
[30.339s] Level 1:colcon.colcon_core.environment:checking '/home/huo/drone_racing_ros2_ws/install/tello_gazebo/bin'
[30.339s] INFO:colcon.colcon_core.shell:Creating package script '/home/huo/drone_racing_ros2_ws/install/tello_gazebo/share/tello_gazebo/package.ps1'
[30.339s] INFO:colcon.colcon_core.shell:Creating package descriptor '/home/huo/drone_racing_ros2_ws/install/tello_gazebo/share/tello_gazebo/package.dsv'
[30.340s] INFO:colcon.colcon_core.shell:Creating package script '/home/huo/drone_racing_ros2_ws/install/tello_gazebo/share/tello_gazebo/package.sh'
[30.340s] INFO:colcon.colcon_core.shell:Creating package script '/home/huo/drone_racing_ros2_ws/install/tello_gazebo/share/tello_gazebo/package.bash'
[30.340s] INFO:colcon.colcon_core.shell:Creating package script '/home/huo/drone_racing_ros2_ws/install/tello_gazebo/share/tello_gazebo/package.zsh'
[30.340s] Level 1:colcon.colcon_core.environment:create_file_with_runtime_dependencies(/home/huo/drone_racing_ros2_ws/install/tello_gazebo/share/colcon-core/packages/tello_gazebo)
[30.341s] Level 1:colcon.colcon_core.environment:create_environment_scripts_only(tello_gazebo)
[30.341s] Level 1:colcon.colcon_core.environment:checking '/home/huo/drone_racing_ros2_ws/install/tello_gazebo' for CMake module files
[30.341s] Level 1:colcon.colcon_core.environment:checking '/home/huo/drone_racing_ros2_ws/install/tello_gazebo' for CMake config files
[30.342s] Level 1:colcon.colcon_core.shell:create_environment_hook('tello_gazebo', 'cmake_prefix_path')
[30.342s] INFO:colcon.colcon_core.shell:Creating environment hook '/home/huo/drone_racing_ros2_ws/install/tello_gazebo/share/tello_gazebo/hook/cmake_prefix_path.ps1'
[30.342s] INFO:colcon.colcon_core.shell:Creating environment descriptor '/home/huo/drone_racing_ros2_ws/install/tello_gazebo/share/tello_gazebo/hook/cmake_prefix_path.dsv'
[30.342s] INFO:colcon.colcon_core.shell:Creating environment hook '/home/huo/drone_racing_ros2_ws/install/tello_gazebo/share/tello_gazebo/hook/cmake_prefix_path.sh'
[30.343s] Level 1:colcon.colcon_core.environment:checking '/home/huo/drone_racing_ros2_ws/install/tello_gazebo/lib'
[30.343s] Level 1:colcon.colcon_core.shell:create_environment_hook('tello_gazebo', 'ld_library_path_lib')
[30.343s] INFO:colcon.colcon_core.shell:Creating environment hook '/home/huo/drone_racing_ros2_ws/install/tello_gazebo/share/tello_gazebo/hook/ld_library_path_lib.ps1'
[30.343s] INFO:colcon.colcon_core.shell:Creating environment descriptor '/home/huo/drone_racing_ros2_ws/install/tello_gazebo/share/tello_gazebo/hook/ld_library_path_lib.dsv'
[30.344s] INFO:colcon.colcon_core.shell:Creating environment hook '/home/huo/drone_racing_ros2_ws/install/tello_gazebo/share/tello_gazebo/hook/ld_library_path_lib.sh'
[30.344s] Level 1:colcon.colcon_core.environment:checking '/home/huo/drone_racing_ros2_ws/install/tello_gazebo/bin'
[30.344s] Level 1:colcon.colcon_core.environment:checking '/home/huo/drone_racing_ros2_ws/install/tello_gazebo/lib/pkgconfig/tello_gazebo.pc'
[30.344s] Level 1:colcon.colcon_core.environment:checking '/home/huo/drone_racing_ros2_ws/install/tello_gazebo/lib/python3.8/site-packages'
[30.344s] Level 1:colcon.colcon_core.environment:checking '/home/huo/drone_racing_ros2_ws/install/tello_gazebo/bin'
[30.344s] INFO:colcon.colcon_core.shell:Creating package script '/home/huo/drone_racing_ros2_ws/install/tello_gazebo/share/tello_gazebo/package.ps1'
[30.345s] INFO:colcon.colcon_core.shell:Creating package descriptor '/home/huo/drone_racing_ros2_ws/install/tello_gazebo/share/tello_gazebo/package.dsv'
[30.345s] INFO:colcon.colcon_core.shell:Creating package script '/home/huo/drone_racing_ros2_ws/install/tello_gazebo/share/tello_gazebo/package.sh'
[30.345s] INFO:colcon.colcon_core.shell:Creating package script '/home/huo/drone_racing_ros2_ws/install/tello_gazebo/share/tello_gazebo/package.bash'
[30.346s] INFO:colcon.colcon_core.shell:Creating package script '/home/huo/drone_racing_ros2_ws/install/tello_gazebo/share/tello_gazebo/package.zsh'
[30.346s] Level 1:colcon.colcon_core.environment:create_file_with_runtime_dependencies(/home/huo/drone_racing_ros2_ws/install/tello_gazebo/share/colcon-core/packages/tello_gazebo)
[30.346s] DEBUG:colcon.colcon_parallel_executor.executor.parallel:closing loop
[30.347s] DEBUG:colcon.colcon_parallel_executor.executor.parallel:loop closed
[30.347s] DEBUG:colcon.colcon_parallel_executor.executor.parallel:run_until_complete finished with '0'
[30.347s] DEBUG:colcon.colcon_core.event_reactor:joining thread
[30.353s] INFO:colcon.colcon_core.plugin_system:Skipping extension 'colcon_notification.desktop_notification.terminal_notifier': Not used on non-Darwin systems
[30.353s] INFO:colcon.colcon_core.plugin_system:Skipping extension 'colcon_notification.desktop_notification.win32': Not used on non-Windows systems
[30.353s] INFO:colcon.colcon_notification.desktop_notification:Sending desktop notification using 'notify2'
[30.370s] DEBUG:colcon.colcon_core.event_reactor:joined thread
[30.371s] INFO:colcon.colcon_core.shell:Creating prefix script '/home/huo/drone_racing_ros2_ws/install/local_setup.ps1'
[30.372s] INFO:colcon.colcon_core.shell:Creating prefix util module '/home/huo/drone_racing_ros2_ws/install/_local_setup_util_ps1.py'
[30.373s] INFO:colcon.colcon_core.shell:Creating prefix chain script '/home/huo/drone_racing_ros2_ws/install/setup.ps1'
[30.374s] INFO:colcon.colcon_core.shell:Creating prefix script '/home/huo/drone_racing_ros2_ws/install/local_setup.sh'
[30.374s] INFO:colcon.colcon_core.shell:Creating prefix util module '/home/huo/drone_racing_ros2_ws/install/_local_setup_util_sh.py'
[30.375s] INFO:colcon.colcon_core.shell:Creating prefix chain script '/home/huo/drone_racing_ros2_ws/install/setup.sh'
[30.375s] INFO:colcon.colcon_core.shell:Creating prefix script '/home/huo/drone_racing_ros2_ws/install/local_setup.bash'
[30.376s] INFO:colcon.colcon_core.shell:Creating prefix chain script '/home/huo/drone_racing_ros2_ws/install/setup.bash'
[30.376s] INFO:colcon.colcon_core.shell:Creating prefix script '/home/huo/drone_racing_ros2_ws/install/local_setup.zsh'
[30.377s] INFO:colcon.colcon_core.shell:Creating prefix chain script '/home/huo/drone_racing_ros2_ws/install/setup.zsh'
