[1.107s] DEBUG:colcon:Command line arguments: ['/usr/bin/colcon', 'build']
[1.107s] DEBUG:colcon:Parsed command line arguments: Namespace(allow_overriding=[], ament_cmake_args=None, base_paths=['.'], build_base='build', catkin_cmake_args=None, catkin_skip_building_tests=False, cmake_args=None, cmake_clean_cache=False, cmake_clean_first=False, cmake_force_configure=False, cmake_target=None, cmake_target_skip_unavailable=False, continue_on_error=False, event_handlers=None, executor='parallel', ignore_user_meta=False, install_base='install', log_base=None, log_level=None, main=<bound method BuildVerb.main of <colcon_core.verb.build.BuildVerb object at 0x7f5c34d5b190>>, merge_install=False, metas=['./colcon.meta'], packages_above=None, packages_above_and_dependencies=None, packages_above_depth=None, packages_end=None, packages_ignore=None, packages_ignore_regex=None, packages_select=None, packages_select_build_failed=False, packages_select_by_dep=None, packages_select_regex=None, packages_select_test_failures=False, packages_skip=None, packages_skip_build_finished=False, packages_skip_by_dep=None, packages_skip_regex=None, packages_skip_test_passed=False, packages_skip_up_to=None, packages_start=None, packages_up_to=None, packages_up_to_regex=None, parallel_workers=8, paths=None, symlink_install=False, test_result_base=None, verb_extension=<colcon_core.verb.build.BuildVerb object at 0x7f5c34d5b190>, verb_name='build', verb_parser=<colcon_defaults.argument_parser.defaults.DefaultArgumentsDecorator object at 0x7f5c34d5b6d0>)
[1.283s] Level 1:colcon.colcon_core.package_discovery:discover_packages(colcon_meta) check parameters
[1.284s] Level 1:colcon.colcon_core.package_discovery:discover_packages(recursive) check parameters
[1.284s] Level 1:colcon.colcon_core.package_discovery:discover_packages(ignore) check parameters
[1.284s] Level 1:colcon.colcon_core.package_discovery:discover_packages(path) check parameters
[1.285s] Level 1:colcon.colcon_core.package_discovery:discover_packages(colcon_meta) discover
[1.285s] Level 1:colcon.colcon_core.package_discovery:discover_packages(recursive) discover
[1.285s] INFO:colcon.colcon_core.package_discovery:Crawling recursively for packages in '/home/sandra/common_project_ws'
[1.286s] Level 1:colcon.colcon_core.package_identification:_identify(.) by extensions ['ignore', 'ignore_ament_install']
[1.286s] Level 1:colcon.colcon_core.package_identification:_identify(.) by extension 'ignore'
[1.286s] Level 1:colcon.colcon_core.package_identification:_identify(.) by extension 'ignore_ament_install'
[1.286s] Level 1:colcon.colcon_core.package_identification:_identify(.) by extensions ['colcon_pkg']
[1.286s] Level 1:colcon.colcon_core.package_identification:_identify(.) by extension 'colcon_pkg'
[1.287s] Level 1:colcon.colcon_core.package_identification:_identify(.) by extensions ['colcon_meta']
[1.287s] Level 1:colcon.colcon_core.package_identification:_identify(.) by extension 'colcon_meta'
[1.287s] Level 1:colcon.colcon_core.package_identification:_identify(.) by extensions ['ros']
[1.287s] Level 1:colcon.colcon_core.package_identification:_identify(.) by extension 'ros'
[1.351s] Level 1:colcon.colcon_core.package_identification:_identify(.) by extensions ['cmake', 'python']
[1.352s] Level 1:colcon.colcon_core.package_identification:_identify(.) by extension 'cmake'
[1.353s] Level 1:colcon.colcon_core.package_identification:_identify(.) by extension 'python'
[1.354s] Level 1:colcon.colcon_core.package_identification:_identify(.) by extensions ['python_setup_py']
[1.355s] Level 1:colcon.colcon_core.package_identification:_identify(.) by extension 'python_setup_py'
[1.358s] Level 1:colcon.colcon_core.package_identification:_identify(build) by extensions ['ignore', 'ignore_ament_install']
[1.358s] Level 1:colcon.colcon_core.package_identification:_identify(build) by extension 'ignore'
[1.359s] Level 1:colcon.colcon_core.package_identification:_identify(build) ignored
[1.361s] Level 1:colcon.colcon_core.package_identification:_identify(install) by extensions ['ignore', 'ignore_ament_install']
[1.361s] Level 1:colcon.colcon_core.package_identification:_identify(install) by extension 'ignore'
[1.362s] Level 1:colcon.colcon_core.package_identification:_identify(install) ignored
[1.362s] Level 1:colcon.colcon_core.package_identification:_identify(log) by extensions ['ignore', 'ignore_ament_install']
[1.363s] Level 1:colcon.colcon_core.package_identification:_identify(log) by extension 'ignore'
[1.363s] Level 1:colcon.colcon_core.package_identification:_identify(log) ignored
[1.363s] Level 1:colcon.colcon_core.package_identification:_identify(src) by extensions ['ignore', 'ignore_ament_install']
[1.363s] Level 1:colcon.colcon_core.package_identification:_identify(src) by extension 'ignore'
[1.363s] Level 1:colcon.colcon_core.package_identification:_identify(src) by extension 'ignore_ament_install'
[1.364s] Level 1:colcon.colcon_core.package_identification:_identify(src) by extensions ['colcon_pkg']
[1.364s] Level 1:colcon.colcon_core.package_identification:_identify(src) by extension 'colcon_pkg'
[1.364s] Level 1:colcon.colcon_core.package_identification:_identify(src) by extensions ['colcon_meta']
[1.364s] Level 1:colcon.colcon_core.package_identification:_identify(src) by extension 'colcon_meta'
[1.364s] Level 1:colcon.colcon_core.package_identification:_identify(src) by extensions ['ros']
[1.364s] Level 1:colcon.colcon_core.package_identification:_identify(src) by extension 'ros'
[1.364s] Level 1:colcon.colcon_core.package_identification:_identify(src) by extensions ['cmake', 'python']
[1.364s] Level 1:colcon.colcon_core.package_identification:_identify(src) by extension 'cmake'
[1.365s] Level 1:colcon.colcon_core.package_identification:_identify(src) by extension 'python'
[1.365s] Level 1:colcon.colcon_core.package_identification:_identify(src) by extensions ['python_setup_py']
[1.365s] Level 1:colcon.colcon_core.package_identification:_identify(src) by extension 'python_setup_py'
[1.365s] Level 1:colcon.colcon_core.package_identification:_identify(src/opencv_package) by extensions ['ignore', 'ignore_ament_install']
[1.365s] Level 1:colcon.colcon_core.package_identification:_identify(src/opencv_package) by extension 'ignore'
[1.366s] Level 1:colcon.colcon_core.package_identification:_identify(src/opencv_package) by extension 'ignore_ament_install'
[1.366s] Level 1:colcon.colcon_core.package_identification:_identify(src/opencv_package) by extensions ['colcon_pkg']
[1.366s] Level 1:colcon.colcon_core.package_identification:_identify(src/opencv_package) by extension 'colcon_pkg'
[1.366s] Level 1:colcon.colcon_core.package_identification:_identify(src/opencv_package) by extensions ['colcon_meta']
[1.366s] Level 1:colcon.colcon_core.package_identification:_identify(src/opencv_package) by extension 'colcon_meta'
[1.366s] Level 1:colcon.colcon_core.package_identification:_identify(src/opencv_package) by extensions ['ros']
[1.367s] Level 1:colcon.colcon_core.package_identification:_identify(src/opencv_package) by extension 'ros'
[1.386s] DEBUG:colcon.colcon_core.package_identification:Package 'src/opencv_package' with type 'ros.ament_python' and name 'opencv_package'
[1.387s] Level 1:colcon.colcon_core.package_discovery:discover_packages(recursive) using defaults
[1.387s] Level 1:colcon.colcon_core.package_discovery:discover_packages(ignore) discover
[1.387s] Level 1:colcon.colcon_core.package_discovery:discover_packages(ignore) using defaults
[1.388s] Level 1:colcon.colcon_core.package_discovery:discover_packages(path) discover
[1.388s] Level 1:colcon.colcon_core.package_discovery:discover_packages(path) using defaults
[1.597s] Level 1:colcon.colcon_core.package_discovery:discover_packages(prefix_path) check parameters
[1.597s] Level 1:colcon.colcon_core.package_discovery:discover_packages(prefix_path) discover
[1.619s] DEBUG:colcon.colcon_installed_package_information.package_discovery:Found 362 installed packages in /opt/ros/galactic
[1.632s] Level 1:colcon.colcon_core.package_discovery:discover_packages(prefix_path) using defaults
[2.541s] Level 5:colcon.colcon_core.verb:set package 'opencv_package' build argument 'cmake_args' from command line to 'None'
[2.542s] Level 5:colcon.colcon_core.verb:set package 'opencv_package' build argument 'cmake_target' from command line to 'None'
[2.543s] Level 5:colcon.colcon_core.verb:set package 'opencv_package' build argument 'cmake_target_skip_unavailable' from command line to 'False'
[2.545s] Level 5:colcon.colcon_core.verb:set package 'opencv_package' build argument 'cmake_clean_cache' from command line to 'False'
[2.546s] Level 5:colcon.colcon_core.verb:set package 'opencv_package' build argument 'cmake_clean_first' from command line to 'False'
[2.547s] Level 5:colcon.colcon_core.verb:set package 'opencv_package' build argument 'cmake_force_configure' from command line to 'False'
[2.547s] Level 5:colcon.colcon_core.verb:set package 'opencv_package' build argument 'ament_cmake_args' from command line to 'None'
[2.548s] Level 5:colcon.colcon_core.verb:set package 'opencv_package' build argument 'catkin_cmake_args' from command line to 'None'
[2.549s] Level 5:colcon.colcon_core.verb:set package 'opencv_package' build argument 'catkin_skip_building_tests' from command line to 'False'
[2.550s] DEBUG:colcon.colcon_core.verb:Building package 'opencv_package' with the following arguments: {'ament_cmake_args': None, 'build_base': '/home/sandra/common_project_ws/build/opencv_package', 'catkin_cmake_args': None, 'catkin_skip_building_tests': False, 'cmake_args': None, 'cmake_clean_cache': False, 'cmake_clean_first': False, 'cmake_force_configure': False, 'cmake_target': None, 'cmake_target_skip_unavailable': False, 'install_base': '/home/sandra/common_project_ws/install/opencv_package', 'merge_install': False, 'path': '/home/sandra/common_project_ws/src/opencv_package', 'symlink_install': False, 'test_result_base': None}
[2.554s] INFO:colcon.colcon_core.executor:Executing jobs using 'parallel' executor
[2.597s] DEBUG:colcon.colcon_parallel_executor.executor.parallel:run_until_complete
[2.598s] INFO:colcon.colcon_ros.task.ament_python.build:Building ROS package in '/home/sandra/common_project_ws/src/opencv_package' with build type 'ament_python'
[2.598s] Level 1:colcon.colcon_core.shell:create_environment_hook('opencv_package', 'ament_prefix_path')
[2.632s] INFO:colcon.colcon_core.plugin_system:Skipping extension 'colcon_core.shell.bat': Not used on non-Windows systems
[2.633s] INFO:colcon.colcon_core.shell:Creating environment hook '/home/sandra/common_project_ws/install/opencv_package/share/opencv_package/hook/ament_prefix_path.ps1'
[2.637s] INFO:colcon.colcon_core.shell:Creating environment descriptor '/home/sandra/common_project_ws/install/opencv_package/share/opencv_package/hook/ament_prefix_path.dsv'
[2.641s] INFO:colcon.colcon_core.shell:Creating environment hook '/home/sandra/common_project_ws/install/opencv_package/share/opencv_package/hook/ament_prefix_path.sh'
[2.659s] INFO:colcon.colcon_core.shell:Skip shell extension 'powershell' for command environment: Not usable outside of PowerShell
[2.660s] DEBUG:colcon.colcon_core.shell:Skip shell extension 'dsv' for command environment
[4.951s] INFO:colcon.colcon_core.task.python.build:Building Python package in '/home/sandra/common_project_ws/src/opencv_package'
[4.967s] INFO:colcon.colcon_core.shell:Skip shell extension 'powershell' for command environment: Not usable outside of PowerShell
[4.967s] DEBUG:colcon.colcon_core.shell:Skip shell extension 'dsv' for command environment
[7.675s] DEBUG:colcon.colcon_core.event_handler.log_command:Invoking command in '/home/sandra/common_project_ws/src/opencv_package': PYTHONPATH=/home/sandra/common_project_ws/install/opencv_package/lib/python3.8/site-packages:${PYTHONPATH} /usr/bin/python3 setup.py egg_info --egg-base ../../build/opencv_package build --build-base /home/sandra/common_project_ws/build/opencv_package/build install --prefix /home/sandra/common_project_ws/install/opencv_package --record /home/sandra/common_project_ws/build/opencv_package/install.log --single-version-externally-managed
[10.137s] DEBUG:colcon.colcon_core.event_handler.log_command:Invoked command in '/home/sandra/common_project_ws/src/opencv_package' returned '0': PYTHONPATH=/home/sandra/common_project_ws/install/opencv_package/lib/python3.8/site-packages:${PYTHONPATH} /usr/bin/python3 setup.py egg_info --egg-base ../../build/opencv_package build --build-base /home/sandra/common_project_ws/build/opencv_package/build install --prefix /home/sandra/common_project_ws/install/opencv_package --record /home/sandra/common_project_ws/build/opencv_package/install.log --single-version-externally-managed
[10.193s] Level 1:colcon.colcon_core.environment:checking '/home/sandra/common_project_ws/install/opencv_package' for CMake module files
[10.195s] Level 1:colcon.colcon_core.environment:checking '/home/sandra/common_project_ws/install/opencv_package' for CMake config files
[10.201s] Level 1:colcon.colcon_core.environment:checking '/home/sandra/common_project_ws/install/opencv_package/lib'
[10.203s] Level 1:colcon.colcon_core.environment:checking '/home/sandra/common_project_ws/install/opencv_package/bin'
[10.204s] Level 1:colcon.colcon_core.environment:checking '/home/sandra/common_project_ws/install/opencv_package/lib/pkgconfig/opencv_package.pc'
[10.207s] Level 1:colcon.colcon_core.environment:checking '/home/sandra/common_project_ws/install/opencv_package/lib/python3.8/site-packages'
[10.207s] Level 1:colcon.colcon_core.shell:create_environment_hook('opencv_package', 'pythonpath')
[10.227s] INFO:colcon.colcon_core.shell:Creating environment hook '/home/sandra/common_project_ws/install/opencv_package/share/opencv_package/hook/pythonpath.ps1'
[10.228s] INFO:colcon.colcon_core.shell:Creating environment descriptor '/home/sandra/common_project_ws/install/opencv_package/share/opencv_package/hook/pythonpath.dsv'
[10.229s] INFO:colcon.colcon_core.shell:Creating environment hook '/home/sandra/common_project_ws/install/opencv_package/share/opencv_package/hook/pythonpath.sh'
[10.231s] Level 1:colcon.colcon_core.environment:checking '/home/sandra/common_project_ws/install/opencv_package/bin'
[10.233s] Level 1:colcon.colcon_core.environment:create_environment_scripts_only(opencv_package)
[10.240s] INFO:colcon.colcon_core.shell:Creating package script '/home/sandra/common_project_ws/install/opencv_package/share/opencv_package/package.ps1'
[10.248s] INFO:colcon.colcon_core.shell:Creating package descriptor '/home/sandra/common_project_ws/install/opencv_package/share/opencv_package/package.dsv'
[10.252s] INFO:colcon.colcon_core.shell:Creating package script '/home/sandra/common_project_ws/install/opencv_package/share/opencv_package/package.sh'
[10.262s] INFO:colcon.colcon_core.shell:Creating package script '/home/sandra/common_project_ws/install/opencv_package/share/opencv_package/package.bash'
[10.264s] INFO:colcon.colcon_core.shell:Creating package script '/home/sandra/common_project_ws/install/opencv_package/share/opencv_package/package.zsh'
[10.270s] Level 1:colcon.colcon_core.environment:create_file_with_runtime_dependencies(/home/sandra/common_project_ws/install/opencv_package/share/colcon-core/packages/opencv_package)
[10.273s] DEBUG:colcon.colcon_parallel_executor.executor.parallel:closing loop
[10.275s] DEBUG:colcon.colcon_parallel_executor.executor.parallel:loop closed
[10.276s] DEBUG:colcon.colcon_parallel_executor.executor.parallel:run_until_complete finished with '0'
[10.276s] DEBUG:colcon.colcon_core.event_reactor:joining thread
[10.341s] INFO:colcon.colcon_core.plugin_system:Skipping extension 'colcon_notification.desktop_notification.terminal_notifier': Not used on non-Darwin systems
[10.341s] INFO:colcon.colcon_core.plugin_system:Skipping extension 'colcon_notification.desktop_notification.win32': Not used on non-Windows systems
[10.341s] INFO:colcon.colcon_notification.desktop_notification:Sending desktop notification using 'notify2'
[10.433s] DEBUG:colcon.colcon_core.event_reactor:joined thread
[10.439s] INFO:colcon.colcon_core.shell:Creating prefix script '/home/sandra/common_project_ws/install/local_setup.ps1'
[10.447s] INFO:colcon.colcon_core.shell:Creating prefix util module '/home/sandra/common_project_ws/install/_local_setup_util_ps1.py'
[10.455s] INFO:colcon.colcon_core.shell:Creating prefix chain script '/home/sandra/common_project_ws/install/setup.ps1'
[10.464s] INFO:colcon.colcon_core.shell:Creating prefix script '/home/sandra/common_project_ws/install/local_setup.sh'
[10.468s] INFO:colcon.colcon_core.shell:Creating prefix util module '/home/sandra/common_project_ws/install/_local_setup_util_sh.py'
[10.470s] INFO:colcon.colcon_core.shell:Creating prefix chain script '/home/sandra/common_project_ws/install/setup.sh'
[10.477s] INFO:colcon.colcon_core.shell:Creating prefix script '/home/sandra/common_project_ws/install/local_setup.bash'
[10.480s] INFO:colcon.colcon_core.shell:Creating prefix chain script '/home/sandra/common_project_ws/install/setup.bash'
[10.491s] INFO:colcon.colcon_core.shell:Creating prefix script '/home/sandra/common_project_ws/install/local_setup.zsh'
[10.493s] INFO:colcon.colcon_core.shell:Creating prefix chain script '/home/sandra/common_project_ws/install/setup.zsh'
