[5.169s] Invoking command in '/home/sandra/common_project_ws/src/opencv_package': PYTHONPATH=/home/sandra/common_project_ws/install/opencv_package/lib/python3.8/site-packages:${PYTHONPATH} /usr/bin/python3 setup.py egg_info --egg-base ../../build/opencv_package build --build-base /home/sandra/common_project_ws/build/opencv_package/build install --prefix /home/sandra/common_project_ws/install/opencv_package --record /home/sandra/common_project_ws/build/opencv_package/install.log --single-version-externally-managed
[7.053s] running egg_info
[7.055s] writing ../../build/opencv_package/opencv_package.egg-info/PKG-INFO
[7.060s] writing dependency_links to ../../build/opencv_package/opencv_package.egg-info/dependency_links.txt
[7.062s] writing entry points to ../../build/opencv_package/opencv_package.egg-info/entry_points.txt
[7.062s] writing requirements to ../../build/opencv_package/opencv_package.egg-info/requires.txt
[7.063s] writing top-level names to ../../build/opencv_package/opencv_package.egg-info/top_level.txt
[7.324s] reading manifest file '../../build/opencv_package/opencv_package.egg-info/SOURCES.txt'
[7.328s] writing manifest file '../../build/opencv_package/opencv_package.egg-info/SOURCES.txt'
[7.329s] running build
[7.329s] running build_py
[7.329s] copying opencv_package/object_detection.py -> /home/sandra/common_project_ws/build/opencv_package/build/lib/opencv_package
[7.330s] running install
[7.337s] running install_lib
[7.348s] copying /home/sandra/common_project_ws/build/opencv_package/build/lib/opencv_package/object_detection.py -> /home/sandra/common_project_ws/install/opencv_package/lib/python3.8/site-packages/opencv_package
[7.351s] byte-compiling /home/sandra/common_project_ws/install/opencv_package/lib/python3.8/site-packages/opencv_package/object_detection.py to object_detection.cpython-38.pyc
[7.365s] running install_data
[7.366s] running install_egg_info
[7.379s] removing '/home/sandra/common_project_ws/install/opencv_package/lib/python3.8/site-packages/opencv_package-0.0.0-py3.8.egg-info' (and everything under it)
[7.383s] Copying ../../build/opencv_package/opencv_package.egg-info to /home/sandra/common_project_ws/install/opencv_package/lib/python3.8/site-packages/opencv_package-0.0.0-py3.8.egg-info
[7.394s] running install_scripts
[7.520s] Installing img_det script to /home/sandra/common_project_ws/install/opencv_package/lib/opencv_package
[7.521s] Installing img_sub script to /home/sandra/common_project_ws/install/opencv_package/lib/opencv_package
[7.523s] writing list of installed files to '/home/sandra/common_project_ws/build/opencv_package/install.log'
[7.699s] Invoked command in '/home/sandra/common_project_ws/src/opencv_package' returned '0': PYTHONPATH=/home/sandra/common_project_ws/install/opencv_package/lib/python3.8/site-packages:${PYTHONPATH} /usr/bin/python3 setup.py egg_info --egg-base ../../build/opencv_package build --build-base /home/sandra/common_project_ws/build/opencv_package/build install --prefix /home/sandra/common_project_ws/install/opencv_package --record /home/sandra/common_project_ws/build/opencv_package/install.log --single-version-externally-managed
