[3.864s] Invoking command in '/home/sandra/common_project_ws/src/opencv_package': PYTHONPATH=/home/sandra/common_project_ws/install/opencv_package/lib/python3.8/site-packages:${PYTHONPATH} /usr/bin/python3 setup.py egg_info --egg-base ../../build/opencv_package build --build-base /home/sandra/common_project_ws/build/opencv_package/build install --prefix /home/sandra/common_project_ws/install/opencv_package --record /home/sandra/common_project_ws/build/opencv_package/install.log --single-version-externally-managed
[5.125s] running egg_info
[5.127s] writing ../../build/opencv_package/opencv_package.egg-info/PKG-INFO
[5.127s] writing dependency_links to ../../build/opencv_package/opencv_package.egg-info/dependency_links.txt
[5.127s] writing entry points to ../../build/opencv_package/opencv_package.egg-info/entry_points.txt
[5.128s] writing requirements to ../../build/opencv_package/opencv_package.egg-info/requires.txt
[5.128s] writing top-level names to ../../build/opencv_package/opencv_package.egg-info/top_level.txt
[5.278s] reading manifest file '../../build/opencv_package/opencv_package.egg-info/SOURCES.txt'
[5.281s] writing manifest file '../../build/opencv_package/opencv_package.egg-info/SOURCES.txt'
[5.281s] running build
[5.281s] running build_py
[5.282s] copying opencv_package/gate_detection.py -> /home/sandra/common_project_ws/build/opencv_package/build/lib/opencv_package
[5.286s] running install
[5.289s] running install_lib
[5.297s] copying /home/sandra/common_project_ws/build/opencv_package/build/lib/opencv_package/gate_detection.py -> /home/sandra/common_project_ws/install/opencv_package/lib/python3.8/site-packages/opencv_package
[5.300s] byte-compiling /home/sandra/common_project_ws/install/opencv_package/lib/python3.8/site-packages/opencv_package/gate_detection.py to gate_detection.cpython-38.pyc
[5.310s] running install_data
[5.312s] running install_egg_info
[5.321s] removing '/home/sandra/common_project_ws/install/opencv_package/lib/python3.8/site-packages/opencv_package-0.0.0-py3.8.egg-info' (and everything under it)
[5.322s] Copying ../../build/opencv_package/opencv_package.egg-info to /home/sandra/common_project_ws/install/opencv_package/lib/python3.8/site-packages/opencv_package-0.0.0-py3.8.egg-info
[5.328s] running install_scripts
[5.399s] Installing gate_det script to /home/sandra/common_project_ws/install/opencv_package/lib/opencv_package
[5.399s] Installing img_det script to /home/sandra/common_project_ws/install/opencv_package/lib/opencv_package
[5.399s] Installing img_sub script to /home/sandra/common_project_ws/install/opencv_package/lib/opencv_package
[5.400s] writing list of installed files to '/home/sandra/common_project_ws/build/opencv_package/install.log'
[5.511s] Invoked command in '/home/sandra/common_project_ws/src/opencv_package' returned '0': PYTHONPATH=/home/sandra/common_project_ws/install/opencv_package/lib/python3.8/site-packages:${PYTHONPATH} /usr/bin/python3 setup.py egg_info --egg-base ../../build/opencv_package build --build-base /home/sandra/common_project_ws/build/opencv_package/build install --prefix /home/sandra/common_project_ws/install/opencv_package --record /home/sandra/common_project_ws/build/opencv_package/install.log --single-version-externally-managed
