[5.423s] Invoking command in '/home/sandra/common_project_ws/src/opencv_package': PYTHONPATH=/home/sandra/common_project_ws/install/opencv_package/lib/python3.8/site-packages:${PYTHONPATH} /usr/bin/python3 setup.py egg_info --egg-base ../../build/opencv_package build --build-base /home/sandra/common_project_ws/build/opencv_package/build install --prefix /home/sandra/common_project_ws/install/opencv_package --record /home/sandra/common_project_ws/build/opencv_package/install.log --single-version-externally-managed
[7.724s] running egg_info
[7.726s] writing ../../build/opencv_package/opencv_package.egg-info/PKG-INFO
[7.727s] writing dependency_links to ../../build/opencv_package/opencv_package.egg-info/dependency_links.txt
[7.730s] writing entry points to ../../build/opencv_package/opencv_package.egg-info/entry_points.txt
[7.734s] writing requirements to ../../build/opencv_package/opencv_package.egg-info/requires.txt
[7.735s] writing top-level names to ../../build/opencv_package/opencv_package.egg-info/top_level.txt
[7.993s] reading manifest file '../../build/opencv_package/opencv_package.egg-info/SOURCES.txt'
[7.998s] writing manifest file '../../build/opencv_package/opencv_package.egg-info/SOURCES.txt'
[8.001s] running build
[8.004s] running build_py
[8.005s] copying opencv_package/image_subscriber.py -> /home/sandra/common_project_ws/build/opencv_package/build/lib/opencv_package
[8.006s] copying opencv_package/object_detection.py -> /home/sandra/common_project_ws/build/opencv_package/build/lib/opencv_package
[8.007s] running install
[8.009s] running install_lib
[8.011s] copying /home/sandra/common_project_ws/build/opencv_package/build/lib/opencv_package/image_subscriber.py -> /home/sandra/common_project_ws/install/opencv_package/lib/python3.8/site-packages/opencv_package
[8.012s] copying /home/sandra/common_project_ws/build/opencv_package/build/lib/opencv_package/object_detection.py -> /home/sandra/common_project_ws/install/opencv_package/lib/python3.8/site-packages/opencv_package
[8.013s] byte-compiling /home/sandra/common_project_ws/install/opencv_package/lib/python3.8/site-packages/opencv_package/image_subscriber.py to image_subscriber.cpython-38.pyc
[8.029s]   File "/home/sandra/common_project_ws/install/opencv_package/lib/python3.8/site-packages/opencv_package/image_subscriber.py", line 18
[8.033s]     '/detection_image,
[8.033s]                      ^
[8.033s] SyntaxError: EOL while scanning string literal
[8.034s] 
[8.034s] byte-compiling /home/sandra/common_project_ws/install/opencv_package/lib/python3.8/site-packages/opencv_package/object_detection.py to object_detection.cpython-38.pyc
[8.034s] running install_data
[8.040s] running install_egg_info
[8.050s] removing '/home/sandra/common_project_ws/install/opencv_package/lib/python3.8/site-packages/opencv_package-0.0.0-py3.8.egg-info' (and everything under it)
[8.052s] Copying ../../build/opencv_package/opencv_package.egg-info to /home/sandra/common_project_ws/install/opencv_package/lib/python3.8/site-packages/opencv_package-0.0.0-py3.8.egg-info
[8.063s] running install_scripts
[8.206s] Installing img_det script to /home/sandra/common_project_ws/install/opencv_package/lib/opencv_package
[8.208s] Installing img_sub script to /home/sandra/common_project_ws/install/opencv_package/lib/opencv_package
[8.209s] writing list of installed files to '/home/sandra/common_project_ws/build/opencv_package/install.log'
[8.428s] Invoked command in '/home/sandra/common_project_ws/src/opencv_package' returned '0': PYTHONPATH=/home/sandra/common_project_ws/install/opencv_package/lib/python3.8/site-packages:${PYTHONPATH} /usr/bin/python3 setup.py egg_info --egg-base ../../build/opencv_package build --build-base /home/sandra/common_project_ws/build/opencv_package/build install --prefix /home/sandra/common_project_ws/install/opencv_package --record /home/sandra/common_project_ws/build/opencv_package/install.log --single-version-externally-managed
