[8.044s] Invoking command in '/home/sandra/common_project_ws/src/opencv_package': PYTHONPATH=/home/sandra/common_project_ws/install/opencv_package/lib/python3.8/site-packages:${PYTHONPATH} /usr/bin/python3 setup.py egg_info --egg-base ../../build/opencv_package build --build-base /home/sandra/common_project_ws/build/opencv_package/build install --prefix /home/sandra/common_project_ws/install/opencv_package --record /home/sandra/common_project_ws/build/opencv_package/install.log --single-version-externally-managed
[10.972s] running egg_info
[10.981s] writing ../../build/opencv_package/opencv_package.egg-info/PKG-INFO
[10.982s] writing dependency_links to ../../build/opencv_package/opencv_package.egg-info/dependency_links.txt
[10.982s] writing entry points to ../../build/opencv_package/opencv_package.egg-info/entry_points.txt
[10.983s] writing requirements to ../../build/opencv_package/opencv_package.egg-info/requires.txt
[10.985s] writing top-level names to ../../build/opencv_package/opencv_package.egg-info/top_level.txt
[11.424s] reading manifest file '../../build/opencv_package/opencv_package.egg-info/SOURCES.txt'
[11.432s] writing manifest file '../../build/opencv_package/opencv_package.egg-info/SOURCES.txt'
[11.435s] running build
[11.437s] running build_py
[11.440s] copying opencv_package/object_detection.py -> /home/sandra/common_project_ws/build/opencv_package/build/lib/opencv_package
[11.440s] running install
[11.443s] running install_lib
[11.452s] copying /home/sandra/common_project_ws/build/opencv_package/build/lib/opencv_package/object_detection.py -> /home/sandra/common_project_ws/install/opencv_package/lib/python3.8/site-packages/opencv_package
[11.459s] byte-compiling /home/sandra/common_project_ws/install/opencv_package/lib/python3.8/site-packages/opencv_package/object_detection.py to object_detection.cpython-38.pyc
[11.484s] running install_data
[11.488s] running install_egg_info
[11.501s] removing '/home/sandra/common_project_ws/install/opencv_package/lib/python3.8/site-packages/opencv_package-0.0.0-py3.8.egg-info' (and everything under it)
[11.505s] Copying ../../build/opencv_package/opencv_package.egg-info to /home/sandra/common_project_ws/install/opencv_package/lib/python3.8/site-packages/opencv_package-0.0.0-py3.8.egg-info
[11.513s] running install_scripts
[11.684s] Installing img_det script to /home/sandra/common_project_ws/install/opencv_package/lib/opencv_package
[11.685s] Installing img_sub script to /home/sandra/common_project_ws/install/opencv_package/lib/opencv_package
[11.686s] writing list of installed files to '/home/sandra/common_project_ws/build/opencv_package/install.log'
[11.858s] Invoked command in '/home/sandra/common_project_ws/src/opencv_package' returned '0': PYTHONPATH=/home/sandra/common_project_ws/install/opencv_package/lib/python3.8/site-packages:${PYTHONPATH} /usr/bin/python3 setup.py egg_info --egg-base ../../build/opencv_package build --build-base /home/sandra/common_project_ws/build/opencv_package/build install --prefix /home/sandra/common_project_ws/install/opencv_package --record /home/sandra/common_project_ws/build/opencv_package/install.log --single-version-externally-managed
