[3.247s] Invoking command in '/home/sandra/common_project_ws/src/opencv_package': PYTHONPATH=/home/sandra/common_project_ws/install/opencv_package/lib/python3.8/site-packages:${PYTHONPATH} /usr/bin/python3 setup.py egg_info --egg-base ../../build/opencv_package build --build-base /home/sandra/common_project_ws/build/opencv_package/build install --prefix /home/sandra/common_project_ws/install/opencv_package --record /home/sandra/common_project_ws/build/opencv_package/install.log --single-version-externally-managed
[4.432s] running egg_info
[4.435s] writing ../../build/opencv_package/opencv_package.egg-info/PKG-INFO
[4.436s] writing dependency_links to ../../build/opencv_package/opencv_package.egg-info/dependency_links.txt
[4.436s] writing entry points to ../../build/opencv_package/opencv_package.egg-info/entry_points.txt
[4.436s] writing requirements to ../../build/opencv_package/opencv_package.egg-info/requires.txt
[4.437s] writing top-level names to ../../build/opencv_package/opencv_package.egg-info/top_level.txt
[4.579s] reading manifest file '../../build/opencv_package/opencv_package.egg-info/SOURCES.txt'
[4.583s] writing manifest file '../../build/opencv_package/opencv_package.egg-info/SOURCES.txt'
[4.585s] running build
[4.586s] running build_py
[4.587s] copying opencv_package/gate_detection.py -> /home/sandra/common_project_ws/build/opencv_package/build/lib/opencv_package
[4.588s] running install
[4.592s] running install_lib
[4.598s] copying /home/sandra/common_project_ws/build/opencv_package/build/lib/opencv_package/gate_detection.py -> /home/sandra/common_project_ws/install/opencv_package/lib/python3.8/site-packages/opencv_package
[4.599s] byte-compiling /home/sandra/common_project_ws/install/opencv_package/lib/python3.8/site-packages/opencv_package/gate_detection.py to gate_detection.cpython-38.pyc
[4.611s] running install_data
[4.612s] running install_egg_info
[4.625s] removing '/home/sandra/common_project_ws/install/opencv_package/lib/python3.8/site-packages/opencv_package-0.0.0-py3.8.egg-info' (and everything under it)
[4.626s] Copying ../../build/opencv_package/opencv_package.egg-info to /home/sandra/common_project_ws/install/opencv_package/lib/python3.8/site-packages/opencv_package-0.0.0-py3.8.egg-info
[4.629s] running install_scripts
[4.704s] Installing gate_det script to /home/sandra/common_project_ws/install/opencv_package/lib/opencv_package
[4.704s] Installing img_det script to /home/sandra/common_project_ws/install/opencv_package/lib/opencv_package
[4.704s] Installing img_sub script to /home/sandra/common_project_ws/install/opencv_package/lib/opencv_package
[4.705s] writing list of installed files to '/home/sandra/common_project_ws/build/opencv_package/install.log'
[4.816s] Invoked command in '/home/sandra/common_project_ws/src/opencv_package' returned '0': PYTHONPATH=/home/sandra/common_project_ws/install/opencv_package/lib/python3.8/site-packages:${PYTHONPATH} /usr/bin/python3 setup.py egg_info --egg-base ../../build/opencv_package build --build-base /home/sandra/common_project_ws/build/opencv_package/build install --prefix /home/sandra/common_project_ws/install/opencv_package --record /home/sandra/common_project_ws/build/opencv_package/install.log --single-version-externally-managed
