[3.619s] Invoking command in '/home/sandra/common_project_ws/src/opencv_package': PYTHONPATH=/home/sandra/common_project_ws/install/opencv_package/lib/python3.8/site-packages:${PYTHONPATH} /usr/bin/python3 setup.py egg_info --egg-base ../../build/opencv_package build --build-base /home/sandra/common_project_ws/build/opencv_package/build install --prefix /home/sandra/common_project_ws/install/opencv_package --record /home/sandra/common_project_ws/build/opencv_package/install.log --single-version-externally-managed
[4.832s] running egg_info
[4.833s] writing ../../build/opencv_package/opencv_package.egg-info/PKG-INFO
[4.835s] writing dependency_links to ../../build/opencv_package/opencv_package.egg-info/dependency_links.txt
[4.838s] writing entry points to ../../build/opencv_package/opencv_package.egg-info/entry_points.txt
[4.840s] writing requirements to ../../build/opencv_package/opencv_package.egg-info/requires.txt
[4.840s] writing top-level names to ../../build/opencv_package/opencv_package.egg-info/top_level.txt
[4.993s] reading manifest file '../../build/opencv_package/opencv_package.egg-info/SOURCES.txt'
[4.999s] writing manifest file '../../build/opencv_package/opencv_package.egg-info/SOURCES.txt'
[5.000s] running build
[5.002s] running build_py
[5.002s] copying opencv_package/gate_detection.py -> /home/sandra/common_project_ws/build/opencv_package/build/lib/opencv_package
[5.003s] running install
[5.008s] running install_lib
[5.011s] copying /home/sandra/common_project_ws/build/opencv_package/build/lib/opencv_package/gate_detection.py -> /home/sandra/common_project_ws/install/opencv_package/lib/python3.8/site-packages/opencv_package
[5.017s] byte-compiling /home/sandra/common_project_ws/install/opencv_package/lib/python3.8/site-packages/opencv_package/gate_detection.py to gate_detection.cpython-38.pyc
[5.024s] running install_data
[5.025s] running install_egg_info
[5.034s] removing '/home/sandra/common_project_ws/install/opencv_package/lib/python3.8/site-packages/opencv_package-0.0.0-py3.8.egg-info' (and everything under it)
[5.035s] Copying ../../build/opencv_package/opencv_package.egg-info to /home/sandra/common_project_ws/install/opencv_package/lib/python3.8/site-packages/opencv_package-0.0.0-py3.8.egg-info
[5.037s] running install_scripts
[5.117s] Installing gate_det script to /home/sandra/common_project_ws/install/opencv_package/lib/opencv_package
[5.119s] Installing img_det script to /home/sandra/common_project_ws/install/opencv_package/lib/opencv_package
[5.121s] Installing img_sub script to /home/sandra/common_project_ws/install/opencv_package/lib/opencv_package
[5.122s] writing list of installed files to '/home/sandra/common_project_ws/build/opencv_package/install.log'
[5.231s] Invoked command in '/home/sandra/common_project_ws/src/opencv_package' returned '0': PYTHONPATH=/home/sandra/common_project_ws/install/opencv_package/lib/python3.8/site-packages:${PYTHONPATH} /usr/bin/python3 setup.py egg_info --egg-base ../../build/opencv_package build --build-base /home/sandra/common_project_ws/build/opencv_package/build install --prefix /home/sandra/common_project_ws/install/opencv_package --record /home/sandra/common_project_ws/build/opencv_package/install.log --single-version-externally-managed
