[0.016s] Invoking command in '/home/huo/drone_racing_ros2_ws/build/ros2_shared': CMAKE_PREFIX_PATH=/opt/ros/galactic /usr/bin/cmake /home/huo/drone_racing_ros2_ws/src/drone_racing_ros2/ros2_shared -DCMAKE_INSTALL_PREFIX=/home/huo/drone_racing_ros2_ws/install/ros2_shared
[0.060s] -- The C compiler identification is GNU 9.4.0
[0.107s] -- The CXX compiler identification is GNU 9.4.0
[0.110s] -- Check for working C compiler: /usr/bin/cc
[0.166s] -- Check for working C compiler: /usr/bin/cc -- works
[0.167s] -- Detecting C compiler ABI info
[0.222s] -- Detecting C compiler ABI info - done
[0.232s] -- Detecting C compile features
[0.232s] -- Detecting C compile features - done
[0.235s] -- Check for working CXX compiler: /usr/bin/c++
[0.300s] -- Check for working CXX compiler: /usr/bin/c++ -- works
[0.301s] -- Detecting CXX compiler ABI info
[0.366s] -- Detecting CXX compiler ABI info - done
[0.376s] -- Detecting CXX compile features
[0.377s] -- Detecting CXX compile features - done
[0.379s] -- Found ament_cmake: 1.1.6 (/opt/ros/galactic/share/ament_cmake/cmake)
[0.400s] -- Found PythonInterp: /usr/bin/python3 (found suitable version "3.8.10", minimum required is "3") 
[0.400s] -- Using PYTHON_EXECUTABLE: /usr/bin/python3
[0.520s] -- Configuring done
[0.522s] -- Generating done
[0.524s] -- Build files have been written to: /home/huo/drone_racing_ros2_ws/build/ros2_shared
[0.528s] Invoked command in '/home/huo/drone_racing_ros2_ws/build/ros2_shared' returned '0': CMAKE_PREFIX_PATH=/opt/ros/galactic /usr/bin/cmake /home/huo/drone_racing_ros2_ws/src/drone_racing_ros2/ros2_shared -DCMAKE_INSTALL_PREFIX=/home/huo/drone_racing_ros2_ws/install/ros2_shared
[0.531s] Invoking command in '/home/huo/drone_racing_ros2_ws/build/ros2_shared': CMAKE_PREFIX_PATH=/opt/ros/galactic /usr/bin/cmake --build /home/huo/drone_racing_ros2_ws/build/ros2_shared -- -j8 -l8
[0.563s] Invoked command in '/home/huo/drone_racing_ros2_ws/build/ros2_shared' returned '0': CMAKE_PREFIX_PATH=/opt/ros/galactic /usr/bin/cmake --build /home/huo/drone_racing_ros2_ws/build/ros2_shared -- -j8 -l8
[0.574s] Invoking command in '/home/huo/drone_racing_ros2_ws/build/ros2_shared': CMAKE_PREFIX_PATH=/opt/ros/galactic /usr/bin/cmake --install /home/huo/drone_racing_ros2_ws/build/ros2_shared
[0.584s] -- Install configuration: ""
[0.584s] -- Installing: /home/huo/drone_racing_ros2_ws/install/ros2_shared/include
[0.585s] -- Installing: /home/huo/drone_racing_ros2_ws/install/ros2_shared/include/ros2_shared
[0.585s] -- Installing: /home/huo/drone_racing_ros2_ws/install/ros2_shared/include/ros2_shared/context_macros.hpp
[0.585s] -- Installing: /home/huo/drone_racing_ros2_ws/install/ros2_shared/include/ros2_shared/param_macros.hpp
[0.586s] -- Installing: /home/huo/drone_racing_ros2_ws/install/ros2_shared/include/ros2_shared/string_printf.hpp
[0.586s] -- Installing: /home/huo/drone_racing_ros2_ws/install/ros2_shared/share/ament_index/resource_index/package_run_dependencies/ros2_shared
[0.586s] -- Installing: /home/huo/drone_racing_ros2_ws/install/ros2_shared/share/ament_index/resource_index/parent_prefix_path/ros2_shared
[0.586s] -- Installing: /home/huo/drone_racing_ros2_ws/install/ros2_shared/share/ros2_shared/environment/ament_prefix_path.sh
[0.587s] -- Installing: /home/huo/drone_racing_ros2_ws/install/ros2_shared/share/ros2_shared/environment/ament_prefix_path.dsv
[0.587s] -- Installing: /home/huo/drone_racing_ros2_ws/install/ros2_shared/share/ros2_shared/environment/path.sh
[0.587s] -- Installing: /home/huo/drone_racing_ros2_ws/install/ros2_shared/share/ros2_shared/environment/path.dsv
[0.587s] -- Installing: /home/huo/drone_racing_ros2_ws/install/ros2_shared/share/ros2_shared/local_setup.bash
[0.587s] -- Installing: /home/huo/drone_racing_ros2_ws/install/ros2_shared/share/ros2_shared/local_setup.sh
[0.587s] -- Installing: /home/huo/drone_racing_ros2_ws/install/ros2_shared/share/ros2_shared/local_setup.zsh
[0.587s] -- Installing: /home/huo/drone_racing_ros2_ws/install/ros2_shared/share/ros2_shared/local_setup.dsv
[0.587s] -- Installing: /home/huo/drone_racing_ros2_ws/install/ros2_shared/share/ros2_shared/package.dsv
[0.588s] -- Installing: /home/huo/drone_racing_ros2_ws/install/ros2_shared/share/ament_index/resource_index/packages/ros2_shared
[0.588s] -- Installing: /home/huo/drone_racing_ros2_ws/install/ros2_shared/share/ros2_shared/cmake/ament_cmake_export_include_directories-extras.cmake
[0.588s] -- Installing: /home/huo/drone_racing_ros2_ws/install/ros2_shared/share/ros2_shared/cmake/ros2_sharedConfig.cmake
[0.588s] -- Installing: /home/huo/drone_racing_ros2_ws/install/ros2_shared/share/ros2_shared/cmake/ros2_sharedConfig-version.cmake
[0.588s] -- Installing: /home/huo/drone_racing_ros2_ws/install/ros2_shared/share/ros2_shared/package.xml
[0.595s] Invoked command in '/home/huo/drone_racing_ros2_ws/build/ros2_shared' returned '0': CMAKE_PREFIX_PATH=/opt/ros/galactic /usr/bin/cmake --install /home/huo/drone_racing_ros2_ws/build/ros2_shared
