[3.317s] Invoking command in '/home/sandra/common_project_ws/src/opencv_package': PYTHONPATH=/home/sandra/common_project_ws/install/opencv_package/lib/python3.8/site-packages:${PYTHONPATH} /usr/bin/python3 setup.py egg_info --egg-base ../../build/opencv_package build --build-base /home/sandra/common_project_ws/build/opencv_package/build install --prefix /home/sandra/common_project_ws/install/opencv_package --record /home/sandra/common_project_ws/build/opencv_package/install.log --single-version-externally-managed
[4.464s] running egg_info
[4.469s] writing ../../build/opencv_package/opencv_package.egg-info/PKG-INFO
[4.471s] writing dependency_links to ../../build/opencv_package/opencv_package.egg-info/dependency_links.txt
[4.471s] writing entry points to ../../build/opencv_package/opencv_package.egg-info/entry_points.txt
[4.473s] writing requirements to ../../build/opencv_package/opencv_package.egg-info/requires.txt
[4.475s] writing top-level names to ../../build/opencv_package/opencv_package.egg-info/top_level.txt
[4.630s] reading manifest file '../../build/opencv_package/opencv_package.egg-info/SOURCES.txt'
[4.633s] writing manifest file '../../build/opencv_package/opencv_package.egg-info/SOURCES.txt'
[4.633s] running build
[4.633s] running build_py
[4.634s] copying opencv_package/gate_detection.py -> /home/sandra/common_project_ws/build/opencv_package/build/lib/opencv_package
[4.634s] running install
[4.635s] running install_lib
[4.642s] copying /home/sandra/common_project_ws/build/opencv_package/build/lib/opencv_package/gate_detection.py -> /home/sandra/common_project_ws/install/opencv_package/lib/python3.8/site-packages/opencv_package
[4.644s] byte-compiling /home/sandra/common_project_ws/install/opencv_package/lib/python3.8/site-packages/opencv_package/gate_detection.py to gate_detection.cpython-38.pyc
[4.661s] running install_data
[4.664s] running install_egg_info
[4.667s] removing '/home/sandra/common_project_ws/install/opencv_package/lib/python3.8/site-packages/opencv_package-0.0.0-py3.8.egg-info' (and everything under it)
[4.668s] Copying ../../build/opencv_package/opencv_package.egg-info to /home/sandra/common_project_ws/install/opencv_package/lib/python3.8/site-packages/opencv_package-0.0.0-py3.8.egg-info
[4.674s] running install_scripts
[4.750s] Installing gate_det script to /home/sandra/common_project_ws/install/opencv_package/lib/opencv_package
[4.751s] Installing img_det script to /home/sandra/common_project_ws/install/opencv_package/lib/opencv_package
[4.751s] Installing img_sub script to /home/sandra/common_project_ws/install/opencv_package/lib/opencv_package
[4.752s] writing list of installed files to '/home/sandra/common_project_ws/build/opencv_package/install.log'
[4.862s] Invoked command in '/home/sandra/common_project_ws/src/opencv_package' returned '0': PYTHONPATH=/home/sandra/common_project_ws/install/opencv_package/lib/python3.8/site-packages:${PYTHONPATH} /usr/bin/python3 setup.py egg_info --egg-base ../../build/opencv_package build --build-base /home/sandra/common_project_ws/build/opencv_package/build install --prefix /home/sandra/common_project_ws/install/opencv_package --record /home/sandra/common_project_ws/build/opencv_package/install.log --single-version-externally-managed
