[3.658s] Invoking command in '/home/sandra/common_project_ws/src/opencv_package': PYTHONPATH=/home/sandra/common_project_ws/install/opencv_package/lib/python3.8/site-packages:${PYTHONPATH} /usr/bin/python3 setup.py egg_info --egg-base ../../build/opencv_package build --build-base /home/sandra/common_project_ws/build/opencv_package/build install --prefix /home/sandra/common_project_ws/install/opencv_package --record /home/sandra/common_project_ws/build/opencv_package/install.log --single-version-externally-managed
[5.112s] running egg_info
[5.114s] writing ../../build/opencv_package/opencv_package.egg-info/PKG-INFO
[5.115s] writing dependency_links to ../../build/opencv_package/opencv_package.egg-info/dependency_links.txt
[5.115s] writing entry points to ../../build/opencv_package/opencv_package.egg-info/entry_points.txt
[5.116s] writing requirements to ../../build/opencv_package/opencv_package.egg-info/requires.txt
[5.116s] writing top-level names to ../../build/opencv_package/opencv_package.egg-info/top_level.txt
[5.296s] reading manifest file '../../build/opencv_package/opencv_package.egg-info/SOURCES.txt'
[5.300s] writing manifest file '../../build/opencv_package/opencv_package.egg-info/SOURCES.txt'
[5.300s] running build
[5.300s] running build_py
[5.301s] copying opencv_package/object_detection.py -> /home/sandra/common_project_ws/build/opencv_package/build/lib/opencv_package
[5.301s] running install
[5.302s] running install_lib
[5.309s] copying /home/sandra/common_project_ws/build/opencv_package/build/lib/opencv_package/object_detection.py -> /home/sandra/common_project_ws/install/opencv_package/lib/python3.8/site-packages/opencv_package
[5.311s] byte-compiling /home/sandra/common_project_ws/install/opencv_package/lib/python3.8/site-packages/opencv_package/object_detection.py to object_detection.cpython-38.pyc
[5.327s] running install_data
[5.330s] copying package.xml -> /home/sandra/common_project_ws/install/opencv_package/share/opencv_package
[5.331s] running install_egg_info
[5.334s] removing '/home/sandra/common_project_ws/install/opencv_package/lib/python3.8/site-packages/opencv_package-0.0.0-py3.8.egg-info' (and everything under it)
[5.335s] Copying ../../build/opencv_package/opencv_package.egg-info to /home/sandra/common_project_ws/install/opencv_package/lib/python3.8/site-packages/opencv_package-0.0.0-py3.8.egg-info
[5.341s] running install_scripts
[5.437s] Installing img_det script to /home/sandra/common_project_ws/install/opencv_package/lib/opencv_package
[5.437s] Installing img_sub script to /home/sandra/common_project_ws/install/opencv_package/lib/opencv_package
[5.440s] writing list of installed files to '/home/sandra/common_project_ws/build/opencv_package/install.log'
[5.579s] Invoked command in '/home/sandra/common_project_ws/src/opencv_package' returned '0': PYTHONPATH=/home/sandra/common_project_ws/install/opencv_package/lib/python3.8/site-packages:${PYTHONPATH} /usr/bin/python3 setup.py egg_info --egg-base ../../build/opencv_package build --build-base /home/sandra/common_project_ws/build/opencv_package/build install --prefix /home/sandra/common_project_ws/install/opencv_package --record /home/sandra/common_project_ws/build/opencv_package/install.log --single-version-externally-managed
