[4.075s] Invoking command in '/home/sandra/common_project_ws/src/opencv_package': PYTHONPATH=/home/sandra/common_project_ws/install/opencv_package/lib/python3.8/site-packages:${PYTHONPATH} /usr/bin/python3 setup.py egg_info --egg-base ../../build/opencv_package build --build-base /home/sandra/common_project_ws/build/opencv_package/build install --prefix /home/sandra/common_project_ws/install/opencv_package --record /home/sandra/common_project_ws/build/opencv_package/install.log --single-version-externally-managed
[5.493s] running egg_info
[5.499s] writing ../../build/opencv_package/opencv_package.egg-info/PKG-INFO
[5.500s] writing dependency_links to ../../build/opencv_package/opencv_package.egg-info/dependency_links.txt
[5.500s] writing entry points to ../../build/opencv_package/opencv_package.egg-info/entry_points.txt
[5.500s] writing requirements to ../../build/opencv_package/opencv_package.egg-info/requires.txt
[5.501s] writing top-level names to ../../build/opencv_package/opencv_package.egg-info/top_level.txt
[5.686s] reading manifest file '../../build/opencv_package/opencv_package.egg-info/SOURCES.txt'
[5.694s] writing manifest file '../../build/opencv_package/opencv_package.egg-info/SOURCES.txt'
[5.696s] running build
[5.697s] running build_py
[5.698s] copying opencv_package/object_detection.py -> /home/sandra/common_project_ws/build/opencv_package/build/lib/opencv_package
[5.698s] running install
[5.699s] running install_lib
[5.709s] copying /home/sandra/common_project_ws/build/opencv_package/build/lib/opencv_package/object_detection.py -> /home/sandra/common_project_ws/install/opencv_package/lib/python3.8/site-packages/opencv_package
[5.711s] byte-compiling /home/sandra/common_project_ws/install/opencv_package/lib/python3.8/site-packages/opencv_package/object_detection.py to object_detection.cpython-38.pyc
[5.722s] running install_data
[5.727s] running install_egg_info
[5.738s] removing '/home/sandra/common_project_ws/install/opencv_package/lib/python3.8/site-packages/opencv_package-0.0.0-py3.8.egg-info' (and everything under it)
[5.741s] Copying ../../build/opencv_package/opencv_package.egg-info to /home/sandra/common_project_ws/install/opencv_package/lib/python3.8/site-packages/opencv_package-0.0.0-py3.8.egg-info
[5.745s] running install_scripts
[5.847s] Installing img_det script to /home/sandra/common_project_ws/install/opencv_package/lib/opencv_package
[5.849s] Installing img_sub script to /home/sandra/common_project_ws/install/opencv_package/lib/opencv_package
[5.851s] writing list of installed files to '/home/sandra/common_project_ws/build/opencv_package/install.log'
[5.963s] Invoked command in '/home/sandra/common_project_ws/src/opencv_package' returned '0': PYTHONPATH=/home/sandra/common_project_ws/install/opencv_package/lib/python3.8/site-packages:${PYTHONPATH} /usr/bin/python3 setup.py egg_info --egg-base ../../build/opencv_package build --build-base /home/sandra/common_project_ws/build/opencv_package/build install --prefix /home/sandra/common_project_ws/install/opencv_package --record /home/sandra/common_project_ws/build/opencv_package/install.log --single-version-externally-managed
