[3.283s] Invoking command in '/home/sandra/common_project_ws/src/opencv_package': PYTHONPATH=/home/sandra/common_project_ws/install/opencv_package/lib/python3.8/site-packages:${PYTHONPATH} /usr/bin/python3 setup.py egg_info --egg-base ../../build/opencv_package build --build-base /home/sandra/common_project_ws/build/opencv_package/build install --prefix /home/sandra/common_project_ws/install/opencv_package --record /home/sandra/common_project_ws/build/opencv_package/install.log --single-version-externally-managed
[4.384s] running egg_info
[4.388s] writing ../../build/opencv_package/opencv_package.egg-info/PKG-INFO
[4.391s] writing dependency_links to ../../build/opencv_package/opencv_package.egg-info/dependency_links.txt
[4.391s] writing entry points to ../../build/opencv_package/opencv_package.egg-info/entry_points.txt
[4.393s] writing requirements to ../../build/opencv_package/opencv_package.egg-info/requires.txt
[4.394s] writing top-level names to ../../build/opencv_package/opencv_package.egg-info/top_level.txt
[4.544s] reading manifest file '../../build/opencv_package/opencv_package.egg-info/SOURCES.txt'
[4.551s] writing manifest file '../../build/opencv_package/opencv_package.egg-info/SOURCES.txt'
[4.552s] running build
[4.553s] running build_py
[4.553s] copying opencv_package/gate_detection.py -> /home/sandra/common_project_ws/build/opencv_package/build/lib/opencv_package
[4.553s] running install
[4.554s] running install_lib
[4.557s] copying /home/sandra/common_project_ws/build/opencv_package/build/lib/opencv_package/gate_detection.py -> /home/sandra/common_project_ws/install/opencv_package/lib/python3.8/site-packages/opencv_package
[4.562s] byte-compiling /home/sandra/common_project_ws/install/opencv_package/lib/python3.8/site-packages/opencv_package/gate_detection.py to gate_detection.cpython-38.pyc
[4.573s] running install_data
[4.574s] running install_egg_info
[4.582s] removing '/home/sandra/common_project_ws/install/opencv_package/lib/python3.8/site-packages/opencv_package-0.0.0-py3.8.egg-info' (and everything under it)
[4.584s] Copying ../../build/opencv_package/opencv_package.egg-info to /home/sandra/common_project_ws/install/opencv_package/lib/python3.8/site-packages/opencv_package-0.0.0-py3.8.egg-info
[4.586s] running install_scripts
[4.654s] Installing gate_det script to /home/sandra/common_project_ws/install/opencv_package/lib/opencv_package
[4.655s] Installing img_det script to /home/sandra/common_project_ws/install/opencv_package/lib/opencv_package
[4.655s] Installing img_sub script to /home/sandra/common_project_ws/install/opencv_package/lib/opencv_package
[4.655s] writing list of installed files to '/home/sandra/common_project_ws/build/opencv_package/install.log'
[4.778s] Invoked command in '/home/sandra/common_project_ws/src/opencv_package' returned '0': PYTHONPATH=/home/sandra/common_project_ws/install/opencv_package/lib/python3.8/site-packages:${PYTHONPATH} /usr/bin/python3 setup.py egg_info --egg-base ../../build/opencv_package build --build-base /home/sandra/common_project_ws/build/opencv_package/build install --prefix /home/sandra/common_project_ws/install/opencv_package --record /home/sandra/common_project_ws/build/opencv_package/install.log --single-version-externally-managed
