[0.768s] Invoking command in '/home/sandra/common_project_ws/src/opencv_package': PYTHONPATH=/home/sandra/common_project_ws/install/opencv_package/lib/python3.8/site-packages:${PYTHONPATH} /usr/bin/python3 setup.py egg_info --egg-base ../../build/opencv_package build --build-base /home/sandra/common_project_ws/build/opencv_package/build install --prefix /home/sandra/common_project_ws/install/opencv_package --record /home/sandra/common_project_ws/build/opencv_package/install.log --single-version-externally-managed
[1.031s] running egg_info
[1.032s] writing ../../build/opencv_package/opencv_package.egg-info/PKG-INFO
[1.032s] writing dependency_links to ../../build/opencv_package/opencv_package.egg-info/dependency_links.txt
[1.032s] writing entry points to ../../build/opencv_package/opencv_package.egg-info/entry_points.txt
[1.033s] writing requirements to ../../build/opencv_package/opencv_package.egg-info/requires.txt
[1.033s] writing top-level names to ../../build/opencv_package/opencv_package.egg-info/top_level.txt
[1.070s] reading manifest file '../../build/opencv_package/opencv_package.egg-info/SOURCES.txt'
[1.071s] writing manifest file '../../build/opencv_package/opencv_package.egg-info/SOURCES.txt'
[1.072s] running build
[1.072s] running build_py
[1.072s] copying opencv_package/image_subscriber.py -> /home/sandra/common_project_ws/build/opencv_package/build/lib/opencv_package
[1.072s] running install
[1.073s] running install_lib
[1.074s] copying /home/sandra/common_project_ws/build/opencv_package/build/lib/opencv_package/image_subscriber.py -> /home/sandra/common_project_ws/install/opencv_package/lib/python3.8/site-packages/opencv_package
[1.075s] byte-compiling /home/sandra/common_project_ws/install/opencv_package/lib/python3.8/site-packages/opencv_package/image_subscriber.py to image_subscriber.cpython-38.pyc
[1.078s] running install_data
[1.079s] running install_egg_info
[1.081s] removing '/home/sandra/common_project_ws/install/opencv_package/lib/python3.8/site-packages/opencv_package-0.0.0-py3.8.egg-info' (and everything under it)
[1.082s] Copying ../../build/opencv_package/opencv_package.egg-info to /home/sandra/common_project_ws/install/opencv_package/lib/python3.8/site-packages/opencv_package-0.0.0-py3.8.egg-info
[1.083s] running install_scripts
[1.101s] Installing img_det script to /home/sandra/common_project_ws/install/opencv_package/lib/opencv_package
[1.101s] Installing img_sub script to /home/sandra/common_project_ws/install/opencv_package/lib/opencv_package
[1.101s] writing list of installed files to '/home/sandra/common_project_ws/build/opencv_package/install.log'
[1.125s] Invoked command in '/home/sandra/common_project_ws/src/opencv_package' returned '0': PYTHONPATH=/home/sandra/common_project_ws/install/opencv_package/lib/python3.8/site-packages:${PYTHONPATH} /usr/bin/python3 setup.py egg_info --egg-base ../../build/opencv_package build --build-base /home/sandra/common_project_ws/build/opencv_package/build install --prefix /home/sandra/common_project_ws/install/opencv_package --record /home/sandra/common_project_ws/build/opencv_package/install.log --single-version-externally-managed
