[0.020s] Invoking command in '/home/huo/drone_racing_ros2_ws/build/tello_msgs': CMAKE_PREFIX_PATH=/opt/ros/galactic /usr/bin/cmake /home/huo/drone_racing_ros2_ws/src/drone_racing_ros2/tello_ros/tello_msgs -DCMAKE_INSTALL_PREFIX=/home/huo/drone_racing_ros2_ws/install/tello_msgs
[0.065s] -- The C compiler identification is GNU 9.4.0
[0.111s] -- The CXX compiler identification is GNU 9.4.0
[0.117s] -- Check for working C compiler: /usr/bin/cc
[0.172s] -- Check for working C compiler: /usr/bin/cc -- works
[0.173s] -- Detecting C compiler ABI info
[0.228s] -- Detecting C compiler ABI info - done
[0.238s] -- Detecting C compile features
[0.238s] -- Detecting C compile features - done
[0.241s] -- Check for working CXX compiler: /usr/bin/c++
[0.306s] -- Check for working CXX compiler: /usr/bin/c++ -- works
[0.307s] -- Detecting CXX compiler ABI info
[0.372s] -- Detecting CXX compiler ABI info - done
[0.382s] -- Detecting CXX compile features
[0.382s] -- Detecting CXX compile features - done
[0.384s] -- Found ament_cmake: 1.1.6 (/opt/ros/galactic/share/ament_cmake/cmake)
[0.405s] -- Found PythonInterp: /usr/bin/python3 (found suitable version "3.8.10", minimum required is "3") 
[0.405s] -- Using PYTHON_EXECUTABLE: /usr/bin/python3
[0.476s] -- Found rosidl_default_generators: 1.1.1 (/opt/ros/galactic/share/rosidl_default_generators/cmake)
[0.478s] -- Using all available rosidl_typesupport_c: rosidl_typesupport_fastrtps_c;rosidl_typesupport_introspection_c
[0.483s] -- Found rosidl_adapter: 2.2.3 (/opt/ros/galactic/share/rosidl_adapter/cmake)
[0.570s] -- Found OpenSSL: /usr/lib/x86_64-linux-gnu/libcrypto.so (found version "1.1.1f")  
[0.621s] -- Found FastRTPS: /opt/ros/galactic/include  
[0.704s] -- Using all available rosidl_typesupport_cpp: rosidl_typesupport_fastrtps_cpp;rosidl_typesupport_introspection_cpp
[0.726s] -- Found std_msgs: 2.2.4 (/opt/ros/galactic/share/std_msgs/cmake)
[0.772s] -- Found PythonInterp: /usr/bin/python3 (found version "3.8.10") 
[0.904s] -- Found ament_cmake_ros: 0.9.2 (/opt/ros/galactic/share/ament_cmake_ros/cmake)
[1.036s] -- Using all available rosidl_typesupport_c: rosidl_typesupport_fastrtps_c;rosidl_typesupport_introspection_c
[1.081s] -- Using all available rosidl_typesupport_cpp: rosidl_typesupport_fastrtps_cpp;rosidl_typesupport_introspection_cpp
[1.101s] -- Found PythonInterp: /usr/bin/python3 (found suitable version "3.8.10", minimum required is "3.5") 
[1.102s] -- Found python_cmake_module: 0.8.1 (/opt/ros/galactic/share/python_cmake_module/cmake)
[1.123s] -- Found PythonLibs: /usr/lib/x86_64-linux-gnu/libpython3.8.so (found suitable version "3.8.10", minimum required is "3.5") 
[1.123s] -- Using PYTHON_EXECUTABLE: /usr/bin/python3
[1.123s] -- Using PYTHON_INCLUDE_DIRS: /usr/include/python3.8
[1.123s] -- Using PYTHON_LIBRARIES: /usr/lib/x86_64-linux-gnu/libpython3.8.so
[1.140s] -- Found PythonExtra: .so  
[1.266s] -- Configuring done
[1.298s] -- Generating done
[1.309s] -- Build files have been written to: /home/huo/drone_racing_ros2_ws/build/tello_msgs
[1.314s] Invoked command in '/home/huo/drone_racing_ros2_ws/build/tello_msgs' returned '0': CMAKE_PREFIX_PATH=/opt/ros/galactic /usr/bin/cmake /home/huo/drone_racing_ros2_ws/src/drone_racing_ros2/tello_ros/tello_msgs -DCMAKE_INSTALL_PREFIX=/home/huo/drone_racing_ros2_ws/install/tello_msgs
[1.316s] Invoking command in '/home/huo/drone_racing_ros2_ws/build/tello_msgs': CMAKE_PREFIX_PATH=/opt/ros/galactic /usr/bin/cmake --build /home/huo/drone_racing_ros2_ws/build/tello_msgs -- -j8 -l8
[1.347s] [  2%] [34m[1mGenerating C code for ROS interfaces[0m
[1.348s] [35m[1mScanning dependencies of target tello_msgs__cpp[0m
[1.356s] [  4%] [34m[1mGenerating C++ code for ROS interfaces[0m
[1.821s] [35m[1mScanning dependencies of target tello_msgs__rosidl_generator_c[0m
[1.827s] [  4%] Built target tello_msgs__cpp
[1.832s] [  6%] [32mBuilding C object CMakeFiles/tello_msgs__rosidl_generator_c.dir/rosidl_generator_c/tello_msgs/srv/detail/tello_action__functions.c.o[0m
[1.832s] [  8%] [32mBuilding C object CMakeFiles/tello_msgs__rosidl_generator_c.dir/rosidl_generator_c/tello_msgs/msg/detail/flight_data__functions.c.o[0m
[1.832s] [ 10%] [32mBuilding C object CMakeFiles/tello_msgs__rosidl_generator_c.dir/rosidl_generator_c/tello_msgs/msg/detail/tello_response__functions.c.o[0m
[1.838s] [ 12%] [34m[1mGenerating C++ type support for eProsima Fast-RTPS[0m
[1.839s] [ 14%] [34m[1mGenerating C++ type support dispatch for ROS interfaces[0m
[1.840s] [ 17%] [34m[1mGenerating C++ introspection for ROS interfaces[0m
[1.890s] [ 19%] [32m[1mLinking C shared library libtello_msgs__rosidl_generator_c.so[0m
[1.920s] [ 19%] Built target tello_msgs__rosidl_generator_c
[1.930s] [ 21%] [34m[1mGenerating C introspection for ROS interfaces[0m
[1.932s] [ 23%] [34m[1mGenerating C type support dispatch for ROS interfaces[0m
[2.289s] [35m[1mScanning dependencies of target tello_msgs__rosidl_typesupport_cpp[0m
[2.302s] [ 25%] [32mBuilding CXX object CMakeFiles/tello_msgs__rosidl_typesupport_cpp.dir/rosidl_typesupport_cpp/tello_msgs/msg/tello_response__type_support.cpp.o[0m
[2.302s] [ 29%] [32mBuilding CXX object CMakeFiles/tello_msgs__rosidl_typesupport_cpp.dir/rosidl_typesupport_cpp/tello_msgs/msg/flight_data__type_support.cpp.o[0m
[2.302s] [ 29%] [32mBuilding CXX object CMakeFiles/tello_msgs__rosidl_typesupport_cpp.dir/rosidl_typesupport_cpp/tello_msgs/srv/tello_action__type_support.cpp.o[0m
[2.307s] [35m[1mScanning dependencies of target tello_msgs__rosidl_typesupport_introspection_cpp[0m
[2.325s] [ 31%] [32mBuilding CXX object CMakeFiles/tello_msgs__rosidl_typesupport_introspection_cpp.dir/rosidl_typesupport_introspection_cpp/tello_msgs/msg/detail/tello_response__type_support.cpp.o[0m
[2.325s] [ 34%] [32mBuilding CXX object CMakeFiles/tello_msgs__rosidl_typesupport_introspection_cpp.dir/rosidl_typesupport_introspection_cpp/tello_msgs/msg/detail/flight_data__type_support.cpp.o[0m
[2.385s] [35m[1mScanning dependencies of target tello_msgs__rosidl_typesupport_fastrtps_cpp[0m
[2.410s] [ 36%] [32mBuilding CXX object CMakeFiles/tello_msgs__rosidl_typesupport_fastrtps_cpp.dir/rosidl_typesupport_fastrtps_cpp/tello_msgs/msg/detail/dds_fastrtps/flight_data__type_support.cpp.o[0m
[2.653s] [ 38%] [32mBuilding CXX object CMakeFiles/tello_msgs__rosidl_typesupport_introspection_cpp.dir/rosidl_typesupport_introspection_cpp/tello_msgs/srv/detail/tello_action__type_support.cpp.o[0m
[2.663s] [ 40%] [32mBuilding CXX object CMakeFiles/tello_msgs__rosidl_typesupport_fastrtps_cpp.dir/rosidl_typesupport_fastrtps_cpp/tello_msgs/msg/detail/dds_fastrtps/tello_response__type_support.cpp.o[0m
[2.671s] [ 42%] [32m[1mLinking CXX shared library libtello_msgs__rosidl_typesupport_cpp.so[0m
[2.699s] [ 44%] [32mBuilding CXX object CMakeFiles/tello_msgs__rosidl_typesupport_fastrtps_cpp.dir/rosidl_typesupport_fastrtps_cpp/tello_msgs/srv/detail/dds_fastrtps/tello_action__type_support.cpp.o[0m
[2.726s] [35m[1mScanning dependencies of target tello_msgs__rosidl_typesupport_c[0m
[2.729s] [ 44%] Built target tello_msgs__rosidl_typesupport_cpp
[2.742s] [ 48%] [32mBuilding CXX object CMakeFiles/tello_msgs__rosidl_typesupport_c.dir/rosidl_typesupport_c/tello_msgs/msg/flight_data__type_support.cpp.o[0m
[2.743s] [ 48%] [32mBuilding CXX object CMakeFiles/tello_msgs__rosidl_typesupport_c.dir/rosidl_typesupport_c/tello_msgs/srv/tello_action__type_support.cpp.o[0m
[2.744s] [ 51%] [32mBuilding CXX object CMakeFiles/tello_msgs__rosidl_typesupport_c.dir/rosidl_typesupport_c/tello_msgs/msg/tello_response__type_support.cpp.o[0m
[2.790s] [ 53%] [32m[1mLinking CXX shared library libtello_msgs__rosidl_typesupport_c.so[0m
[2.799s] [35m[1mScanning dependencies of target tello_msgs__rosidl_typesupport_introspection_c[0m
[2.817s] [ 55%] [32mBuilding C object CMakeFiles/tello_msgs__rosidl_typesupport_introspection_c.dir/rosidl_typesupport_introspection_c/tello_msgs/msg/detail/flight_data__type_support.c.o[0m
[2.817s] [ 57%] [32mBuilding C object CMakeFiles/tello_msgs__rosidl_typesupport_introspection_c.dir/rosidl_typesupport_introspection_c/tello_msgs/srv/detail/tello_action__type_support.c.o[0m
[2.817s] [ 59%] [32mBuilding C object CMakeFiles/tello_msgs__rosidl_typesupport_introspection_c.dir/rosidl_typesupport_introspection_c/tello_msgs/msg/detail/tello_response__type_support.c.o[0m
[2.853s] [ 59%] Built target tello_msgs__rosidl_typesupport_c
[2.858s] [ 61%] [32m[1mLinking C shared library libtello_msgs__rosidl_typesupport_introspection_c.so[0m
[2.884s] [ 61%] Built target tello_msgs__rosidl_typesupport_introspection_c
[2.988s] [ 63%] [32m[1mLinking CXX shared library libtello_msgs__rosidl_typesupport_introspection_cpp.so[0m
[3.042s] [ 63%] Built target tello_msgs__rosidl_typesupport_introspection_cpp
[3.126s] [ 65%] [32m[1mLinking CXX shared library libtello_msgs__rosidl_typesupport_fastrtps_cpp.so[0m
[3.193s] [ 65%] Built target tello_msgs__rosidl_typesupport_fastrtps_cpp
[3.201s] [ 68%] [34m[1mGenerating C type support for eProsima Fast-RTPS[0m
[3.635s] [35m[1mScanning dependencies of target tello_msgs__rosidl_typesupport_fastrtps_c[0m
[3.652s] [ 70%] [32mBuilding CXX object CMakeFiles/tello_msgs__rosidl_typesupport_fastrtps_c.dir/rosidl_typesupport_fastrtps_c/tello_msgs/msg/detail/flight_data__type_support_c.cpp.o[0m
[3.652s] [ 72%] [32mBuilding CXX object CMakeFiles/tello_msgs__rosidl_typesupport_fastrtps_c.dir/rosidl_typesupport_fastrtps_c/tello_msgs/msg/detail/tello_response__type_support_c.cpp.o[0m
[3.653s] [ 74%] [32mBuilding CXX object CMakeFiles/tello_msgs__rosidl_typesupport_fastrtps_c.dir/rosidl_typesupport_fastrtps_c/tello_msgs/srv/detail/tello_action__type_support_c.cpp.o[0m
[3.978s] [ 76%] [32m[1mLinking CXX shared library libtello_msgs__rosidl_typesupport_fastrtps_c.so[0m
[4.053s] [ 76%] Built target tello_msgs__rosidl_typesupport_fastrtps_c
[4.062s] [35m[1mScanning dependencies of target tello_msgs[0m
[4.070s] [ 76%] Built target tello_msgs
[4.078s] [35m[1mScanning dependencies of target tello_msgs__py[0m
[4.086s] [ 78%] [34m[1mGenerating Python code for ROS interfaces[0m
[4.955s] [ 78%] Built target tello_msgs__py
[4.962s] [35m[1mScanning dependencies of target tello_msgs__python[0m
[4.979s] [ 85%] [32mBuilding C object CMakeFiles/tello_msgs__python.dir/rosidl_generator_py/tello_msgs/msg/_flight_data_s.c.o[0m
[4.979s] [ 85%] [32mBuilding C object CMakeFiles/tello_msgs__python.dir/rosidl_generator_py/tello_msgs/srv/_tello_action_s.c.o[0m
[4.979s] [ 85%] [32mBuilding C object CMakeFiles/tello_msgs__python.dir/rosidl_generator_py/tello_msgs/msg/_tello_response_s.c.o[0m
[5.061s] [ 87%] [32m[1mLinking C shared library rosidl_generator_py/tello_msgs/libtello_msgs__python.so[0m
[5.093s] [ 87%] Built target tello_msgs__python
[5.103s] [35m[1mScanning dependencies of target tello_msgs__rosidl_typesupport_c__pyext[0m
[5.103s] [35m[1mScanning dependencies of target tello_msgs__rosidl_typesupport_introspection_c__pyext[0m
[5.103s] [35m[1mScanning dependencies of target tello_msgs__rosidl_typesupport_fastrtps_c__pyext[0m
[5.118s] [ 89%] [32mBuilding C object CMakeFiles/tello_msgs__rosidl_typesupport_introspection_c__pyext.dir/rosidl_generator_py/tello_msgs/_tello_msgs_s.ep.rosidl_typesupport_introspection_c.c.o[0m
[5.118s] [ 91%] [32mBuilding C object CMakeFiles/tello_msgs__rosidl_typesupport_c__pyext.dir/rosidl_generator_py/tello_msgs/_tello_msgs_s.ep.rosidl_typesupport_c.c.o[0m
[5.119s] [ 93%] [32mBuilding C object CMakeFiles/tello_msgs__rosidl_typesupport_fastrtps_c__pyext.dir/rosidl_generator_py/tello_msgs/_tello_msgs_s.ep.rosidl_typesupport_fastrtps_c.c.o[0m
[5.192s] [ 97%] [32m[1mLinking C shared library rosidl_generator_py/tello_msgs/tello_msgs_s__rosidl_typesupport_c.cpython-38-x86_64-linux-gnu.so[0m
[5.192s] [ 97%] [32m[1mLinking C shared library rosidl_generator_py/tello_msgs/tello_msgs_s__rosidl_typesupport_introspection_c.cpython-38-x86_64-linux-gnu.so[0m
[5.195s] [100%] [32m[1mLinking CXX shared library rosidl_generator_py/tello_msgs/tello_msgs_s__rosidl_typesupport_fastrtps_c.cpython-38-x86_64-linux-gnu.so[0m
[5.224s] [100%] Built target tello_msgs__rosidl_typesupport_introspection_c__pyext
[5.224s] [100%] Built target tello_msgs__rosidl_typesupport_c__pyext
[5.251s] [100%] Built target tello_msgs__rosidl_typesupport_fastrtps_c__pyext
[5.261s] Invoked command in '/home/huo/drone_racing_ros2_ws/build/tello_msgs' returned '0': CMAKE_PREFIX_PATH=/opt/ros/galactic /usr/bin/cmake --build /home/huo/drone_racing_ros2_ws/build/tello_msgs -- -j8 -l8
[5.263s] Invoking command in '/home/huo/drone_racing_ros2_ws/build/tello_msgs': CMAKE_PREFIX_PATH=/opt/ros/galactic /usr/bin/cmake --install /home/huo/drone_racing_ros2_ws/build/tello_msgs
[5.271s] -- Install configuration: ""
[5.271s] -- Installing: /home/huo/drone_racing_ros2_ws/install/tello_msgs/share/ament_index/resource_index/rosidl_interfaces/tello_msgs
[5.271s] -- Installing: /home/huo/drone_racing_ros2_ws/install/tello_msgs/include/tello_msgs
[5.271s] -- Installing: /home/huo/drone_racing_ros2_ws/install/tello_msgs/include/tello_msgs/srv
[5.271s] -- Installing: /home/huo/drone_racing_ros2_ws/install/tello_msgs/include/tello_msgs/srv/tello_action.h
[5.271s] -- Installing: /home/huo/drone_racing_ros2_ws/install/tello_msgs/include/tello_msgs/srv/detail
[5.271s] -- Installing: /home/huo/drone_racing_ros2_ws/install/tello_msgs/include/tello_msgs/srv/detail/tello_action__type_support.h
[5.271s] -- Installing: /home/huo/drone_racing_ros2_ws/install/tello_msgs/include/tello_msgs/srv/detail/tello_action__functions.h
[5.271s] -- Installing: /home/huo/drone_racing_ros2_ws/install/tello_msgs/include/tello_msgs/srv/detail/tello_action__struct.h
[5.271s] -- Installing: /home/huo/drone_racing_ros2_ws/install/tello_msgs/include/tello_msgs/srv/detail/tello_action__functions.c
[5.272s] -- Installing: /home/huo/drone_racing_ros2_ws/install/tello_msgs/include/tello_msgs/msg
[5.272s] -- Installing: /home/huo/drone_racing_ros2_ws/install/tello_msgs/include/tello_msgs/msg/detail
[5.272s] -- Installing: /home/huo/drone_racing_ros2_ws/install/tello_msgs/include/tello_msgs/msg/detail/tello_response__struct.h
[5.272s] -- Installing: /home/huo/drone_racing_ros2_ws/install/tello_msgs/include/tello_msgs/msg/detail/tello_response__functions.c
[5.272s] -- Installing: /home/huo/drone_racing_ros2_ws/install/tello_msgs/include/tello_msgs/msg/detail/flight_data__struct.h
[5.272s] -- Installing: /home/huo/drone_racing_ros2_ws/install/tello_msgs/include/tello_msgs/msg/detail/tello_response__functions.h
[5.272s] -- Installing: /home/huo/drone_racing_ros2_ws/install/tello_msgs/include/tello_msgs/msg/detail/tello_response__type_support.h
[5.272s] -- Installing: /home/huo/drone_racing_ros2_ws/install/tello_msgs/include/tello_msgs/msg/detail/flight_data__functions.h
[5.272s] -- Installing: /home/huo/drone_racing_ros2_ws/install/tello_msgs/include/tello_msgs/msg/detail/flight_data__type_support.h
[5.272s] -- Installing: /home/huo/drone_racing_ros2_ws/install/tello_msgs/include/tello_msgs/msg/detail/flight_data__functions.c
[5.272s] -- Installing: /home/huo/drone_racing_ros2_ws/install/tello_msgs/include/tello_msgs/msg/rosidl_generator_c__visibility_control.h
[5.272s] -- Installing: /home/huo/drone_racing_ros2_ws/install/tello_msgs/include/tello_msgs/msg/tello_response.h
[5.272s] -- Installing: /home/huo/drone_racing_ros2_ws/install/tello_msgs/include/tello_msgs/msg/flight_data.h
[5.272s] -- Installing: /home/huo/drone_racing_ros2_ws/install/tello_msgs/share/tello_msgs/environment/library_path.sh
[5.272s] -- Installing: /home/huo/drone_racing_ros2_ws/install/tello_msgs/share/tello_msgs/environment/library_path.dsv
[5.272s] -- Installing: /home/huo/drone_racing_ros2_ws/install/tello_msgs/lib/libtello_msgs__rosidl_generator_c.so
[5.272s] -- Set runtime path of "/home/huo/drone_racing_ros2_ws/install/tello_msgs/lib/libtello_msgs__rosidl_generator_c.so" to ""
[5.273s] -- Up-to-date: /home/huo/drone_racing_ros2_ws/install/tello_msgs/include/tello_msgs
[5.273s] -- Up-to-date: /home/huo/drone_racing_ros2_ws/install/tello_msgs/include/tello_msgs/srv
[5.273s] -- Up-to-date: /home/huo/drone_racing_ros2_ws/install/tello_msgs/include/tello_msgs/srv/detail
[5.273s] -- Installing: /home/huo/drone_racing_ros2_ws/install/tello_msgs/include/tello_msgs/srv/detail/tello_action__rosidl_typesupport_fastrtps_c.h
[5.273s] -- Up-to-date: /home/huo/drone_racing_ros2_ws/install/tello_msgs/include/tello_msgs/msg
[5.273s] -- Up-to-date: /home/huo/drone_racing_ros2_ws/install/tello_msgs/include/tello_msgs/msg/detail
[5.273s] -- Installing: /home/huo/drone_racing_ros2_ws/install/tello_msgs/include/tello_msgs/msg/detail/tello_response__rosidl_typesupport_fastrtps_c.h
[5.273s] -- Installing: /home/huo/drone_racing_ros2_ws/install/tello_msgs/include/tello_msgs/msg/detail/flight_data__rosidl_typesupport_fastrtps_c.h
[5.273s] -- Installing: /home/huo/drone_racing_ros2_ws/install/tello_msgs/include/tello_msgs/msg/rosidl_typesupport_fastrtps_c__visibility_control.h
[5.273s] -- Installing: /home/huo/drone_racing_ros2_ws/install/tello_msgs/lib/libtello_msgs__rosidl_typesupport_fastrtps_c.so
[5.273s] -- Set runtime path of "/home/huo/drone_racing_ros2_ws/install/tello_msgs/lib/libtello_msgs__rosidl_typesupport_fastrtps_c.so" to ""
[5.273s] -- Up-to-date: /home/huo/drone_racing_ros2_ws/install/tello_msgs/include/tello_msgs
[5.273s] -- Up-to-date: /home/huo/drone_racing_ros2_ws/install/tello_msgs/include/tello_msgs/srv
[5.273s] -- Up-to-date: /home/huo/drone_racing_ros2_ws/install/tello_msgs/include/tello_msgs/srv/detail
[5.273s] -- Installing: /home/huo/drone_racing_ros2_ws/install/tello_msgs/include/tello_msgs/srv/detail/dds_fastrtps
[5.274s] -- Installing: /home/huo/drone_racing_ros2_ws/install/tello_msgs/include/tello_msgs/srv/detail/tello_action__rosidl_typesupport_fastrtps_cpp.hpp
[5.274s] -- Up-to-date: /home/huo/drone_racing_ros2_ws/install/tello_msgs/include/tello_msgs/msg
[5.274s] -- Up-to-date: /home/huo/drone_racing_ros2_ws/install/tello_msgs/include/tello_msgs/msg/detail
[5.274s] -- Installing: /home/huo/drone_racing_ros2_ws/install/tello_msgs/include/tello_msgs/msg/detail/dds_fastrtps
[5.274s] -- Installing: /home/huo/drone_racing_ros2_ws/install/tello_msgs/include/tello_msgs/msg/detail/tello_response__rosidl_typesupport_fastrtps_cpp.hpp
[5.274s] -- Installing: /home/huo/drone_racing_ros2_ws/install/tello_msgs/include/tello_msgs/msg/detail/flight_data__rosidl_typesupport_fastrtps_cpp.hpp
[5.274s] -- Installing: /home/huo/drone_racing_ros2_ws/install/tello_msgs/include/tello_msgs/msg/rosidl_typesupport_fastrtps_cpp__visibility_control.h
[5.274s] -- Installing: /home/huo/drone_racing_ros2_ws/install/tello_msgs/lib/libtello_msgs__rosidl_typesupport_fastrtps_cpp.so
[5.274s] -- Set runtime path of "/home/huo/drone_racing_ros2_ws/install/tello_msgs/lib/libtello_msgs__rosidl_typesupport_fastrtps_cpp.so" to ""
[5.274s] -- Up-to-date: /home/huo/drone_racing_ros2_ws/install/tello_msgs/include/tello_msgs
[5.274s] -- Up-to-date: /home/huo/drone_racing_ros2_ws/install/tello_msgs/include/tello_msgs/srv
[5.274s] -- Up-to-date: /home/huo/drone_racing_ros2_ws/install/tello_msgs/include/tello_msgs/srv/detail
[5.274s] -- Installing: /home/huo/drone_racing_ros2_ws/install/tello_msgs/include/tello_msgs/srv/detail/tello_action__type_support.c
[5.274s] -- Installing: /home/huo/drone_racing_ros2_ws/install/tello_msgs/include/tello_msgs/srv/detail/tello_action__rosidl_typesupport_introspection_c.h
[5.275s] -- Up-to-date: /home/huo/drone_racing_ros2_ws/install/tello_msgs/include/tello_msgs/msg
[5.275s] -- Up-to-date: /home/huo/drone_racing_ros2_ws/install/tello_msgs/include/tello_msgs/msg/detail
[5.275s] -- Installing: /home/huo/drone_racing_ros2_ws/install/tello_msgs/include/tello_msgs/msg/detail/flight_data__rosidl_typesupport_introspection_c.h
[5.275s] -- Installing: /home/huo/drone_racing_ros2_ws/install/tello_msgs/include/tello_msgs/msg/detail/flight_data__type_support.c
[5.275s] -- Installing: /home/huo/drone_racing_ros2_ws/install/tello_msgs/include/tello_msgs/msg/detail/tello_response__rosidl_typesupport_introspection_c.h
[5.275s] -- Installing: /home/huo/drone_racing_ros2_ws/install/tello_msgs/include/tello_msgs/msg/detail/tello_response__type_support.c
[5.275s] -- Installing: /home/huo/drone_racing_ros2_ws/install/tello_msgs/include/tello_msgs/msg/rosidl_typesupport_introspection_c__visibility_control.h
[5.275s] -- Installing: /home/huo/drone_racing_ros2_ws/install/tello_msgs/lib/libtello_msgs__rosidl_typesupport_introspection_c.so
[5.275s] -- Set runtime path of "/home/huo/drone_racing_ros2_ws/install/tello_msgs/lib/libtello_msgs__rosidl_typesupport_introspection_c.so" to ""
[5.275s] -- Installing: /home/huo/drone_racing_ros2_ws/install/tello_msgs/lib/libtello_msgs__rosidl_typesupport_c.so
[5.275s] -- Set runtime path of "/home/huo/drone_racing_ros2_ws/install/tello_msgs/lib/libtello_msgs__rosidl_typesupport_c.so" to ""
[5.275s] -- Up-to-date: /home/huo/drone_racing_ros2_ws/install/tello_msgs/include/tello_msgs
[5.275s] -- Up-to-date: /home/huo/drone_racing_ros2_ws/install/tello_msgs/include/tello_msgs/srv
[5.275s] -- Up-to-date: /home/huo/drone_racing_ros2_ws/install/tello_msgs/include/tello_msgs/srv/detail
[5.276s] -- Installing: /home/huo/drone_racing_ros2_ws/install/tello_msgs/include/tello_msgs/srv/detail/tello_action__traits.hpp
[5.276s] -- Installing: /home/huo/drone_racing_ros2_ws/install/tello_msgs/include/tello_msgs/srv/detail/tello_action__struct.hpp
[5.276s] -- Installing: /home/huo/drone_racing_ros2_ws/install/tello_msgs/include/tello_msgs/srv/detail/tello_action__builder.hpp
[5.276s] -- Installing: /home/huo/drone_racing_ros2_ws/install/tello_msgs/include/tello_msgs/srv/tello_action.hpp
[5.276s] -- Up-to-date: /home/huo/drone_racing_ros2_ws/install/tello_msgs/include/tello_msgs/msg
[5.276s] -- Up-to-date: /home/huo/drone_racing_ros2_ws/install/tello_msgs/include/tello_msgs/msg/detail
[5.276s] -- Installing: /home/huo/drone_racing_ros2_ws/install/tello_msgs/include/tello_msgs/msg/detail/flight_data__builder.hpp
[5.276s] -- Installing: /home/huo/drone_racing_ros2_ws/install/tello_msgs/include/tello_msgs/msg/detail/tello_response__traits.hpp
[5.276s] -- Installing: /home/huo/drone_racing_ros2_ws/install/tello_msgs/include/tello_msgs/msg/detail/flight_data__struct.hpp
[5.276s] -- Installing: /home/huo/drone_racing_ros2_ws/install/tello_msgs/include/tello_msgs/msg/detail/tello_response__struct.hpp
[5.276s] -- Installing: /home/huo/drone_racing_ros2_ws/install/tello_msgs/include/tello_msgs/msg/detail/flight_data__traits.hpp
[5.276s] -- Installing: /home/huo/drone_racing_ros2_ws/install/tello_msgs/include/tello_msgs/msg/detail/tello_response__builder.hpp
[5.276s] -- Installing: /home/huo/drone_racing_ros2_ws/install/tello_msgs/include/tello_msgs/msg/flight_data.hpp
[5.276s] -- Installing: /home/huo/drone_racing_ros2_ws/install/tello_msgs/include/tello_msgs/msg/tello_response.hpp
[5.276s] -- Up-to-date: /home/huo/drone_racing_ros2_ws/install/tello_msgs/include/tello_msgs
[5.277s] -- Up-to-date: /home/huo/drone_racing_ros2_ws/install/tello_msgs/include/tello_msgs/srv
[5.277s] -- Up-to-date: /home/huo/drone_racing_ros2_ws/install/tello_msgs/include/tello_msgs/srv/detail
[5.277s] -- Installing: /home/huo/drone_racing_ros2_ws/install/tello_msgs/include/tello_msgs/srv/detail/tello_action__rosidl_typesupport_introspection_cpp.hpp
[5.277s] -- Installing: /home/huo/drone_racing_ros2_ws/install/tello_msgs/include/tello_msgs/srv/detail/tello_action__type_support.cpp
[5.277s] -- Up-to-date: /home/huo/drone_racing_ros2_ws/install/tello_msgs/include/tello_msgs/msg
[5.277s] -- Up-to-date: /home/huo/drone_racing_ros2_ws/install/tello_msgs/include/tello_msgs/msg/detail
[5.277s] -- Installing: /home/huo/drone_racing_ros2_ws/install/tello_msgs/include/tello_msgs/msg/detail/tello_response__rosidl_typesupport_introspection_cpp.hpp
[5.277s] -- Installing: /home/huo/drone_racing_ros2_ws/install/tello_msgs/include/tello_msgs/msg/detail/flight_data__type_support.cpp
[5.277s] -- Installing: /home/huo/drone_racing_ros2_ws/install/tello_msgs/include/tello_msgs/msg/detail/flight_data__rosidl_typesupport_introspection_cpp.hpp
[5.277s] -- Installing: /home/huo/drone_racing_ros2_ws/install/tello_msgs/include/tello_msgs/msg/detail/tello_response__type_support.cpp
[5.277s] -- Installing: /home/huo/drone_racing_ros2_ws/install/tello_msgs/lib/libtello_msgs__rosidl_typesupport_introspection_cpp.so
[5.277s] -- Set runtime path of "/home/huo/drone_racing_ros2_ws/install/tello_msgs/lib/libtello_msgs__rosidl_typesupport_introspection_cpp.so" to ""
[5.277s] -- Installing: /home/huo/drone_racing_ros2_ws/install/tello_msgs/lib/libtello_msgs__rosidl_typesupport_cpp.so
[5.278s] -- Set runtime path of "/home/huo/drone_racing_ros2_ws/install/tello_msgs/lib/libtello_msgs__rosidl_typesupport_cpp.so" to ""
[5.278s] -- Installing: /home/huo/drone_racing_ros2_ws/install/tello_msgs/share/tello_msgs/environment/pythonpath.sh
[5.278s] -- Installing: /home/huo/drone_racing_ros2_ws/install/tello_msgs/share/tello_msgs/environment/pythonpath.dsv
[5.278s] -- Installing: /home/huo/drone_racing_ros2_ws/install/tello_msgs/lib/python3.8/site-packages/tello_msgs/__init__.py
[5.302s] Compiling '/home/huo/drone_racing_ros2_ws/install/tello_msgs/lib/python3.8/site-packages/tello_msgs/__init__.py'...
[5.306s] -- Installing: /home/huo/drone_racing_ros2_ws/install/tello_msgs/lib/python3.8/site-packages/tello_msgs/msg
[5.306s] -- Installing: /home/huo/drone_racing_ros2_ws/install/tello_msgs/lib/python3.8/site-packages/tello_msgs/msg/_flight_data.py
[5.306s] -- Installing: /home/huo/drone_racing_ros2_ws/install/tello_msgs/lib/python3.8/site-packages/tello_msgs/msg/__init__.py
[5.306s] -- Installing: /home/huo/drone_racing_ros2_ws/install/tello_msgs/lib/python3.8/site-packages/tello_msgs/msg/_tello_response_s.c
[5.306s] -- Installing: /home/huo/drone_racing_ros2_ws/install/tello_msgs/lib/python3.8/site-packages/tello_msgs/msg/_tello_response.py
[5.306s] -- Installing: /home/huo/drone_racing_ros2_ws/install/tello_msgs/lib/python3.8/site-packages/tello_msgs/msg/_flight_data_s.c
[5.307s] -- Installing: /home/huo/drone_racing_ros2_ws/install/tello_msgs/lib/python3.8/site-packages/tello_msgs/srv
[5.307s] -- Installing: /home/huo/drone_racing_ros2_ws/install/tello_msgs/lib/python3.8/site-packages/tello_msgs/srv/__init__.py
[5.307s] -- Installing: /home/huo/drone_racing_ros2_ws/install/tello_msgs/lib/python3.8/site-packages/tello_msgs/srv/_tello_action_s.c
[5.307s] -- Installing: /home/huo/drone_racing_ros2_ws/install/tello_msgs/lib/python3.8/site-packages/tello_msgs/srv/_tello_action.py
[5.307s] -- Installing: /home/huo/drone_racing_ros2_ws/install/tello_msgs/lib/python3.8/site-packages/tello_msgs/tello_msgs_s__rosidl_typesupport_fastrtps_c.cpython-38-x86_64-linux-gnu.so
[5.307s] -- Set runtime path of "/home/huo/drone_racing_ros2_ws/install/tello_msgs/lib/python3.8/site-packages/tello_msgs/tello_msgs_s__rosidl_typesupport_fastrtps_c.cpython-38-x86_64-linux-gnu.so" to ""
[5.307s] -- Installing: /home/huo/drone_racing_ros2_ws/install/tello_msgs/lib/python3.8/site-packages/tello_msgs/tello_msgs_s__rosidl_typesupport_introspection_c.cpython-38-x86_64-linux-gnu.so
[5.308s] -- Set runtime path of "/home/huo/drone_racing_ros2_ws/install/tello_msgs/lib/python3.8/site-packages/tello_msgs/tello_msgs_s__rosidl_typesupport_introspection_c.cpython-38-x86_64-linux-gnu.so" to ""
[5.308s] -- Installing: /home/huo/drone_racing_ros2_ws/install/tello_msgs/lib/python3.8/site-packages/tello_msgs/tello_msgs_s__rosidl_typesupport_c.cpython-38-x86_64-linux-gnu.so
[5.308s] -- Set runtime path of "/home/huo/drone_racing_ros2_ws/install/tello_msgs/lib/python3.8/site-packages/tello_msgs/tello_msgs_s__rosidl_typesupport_c.cpython-38-x86_64-linux-gnu.so" to ""
[5.308s] -- Installing: /home/huo/drone_racing_ros2_ws/install/tello_msgs/lib/libtello_msgs__python.so
[5.309s] -- Set runtime path of "/home/huo/drone_racing_ros2_ws/install/tello_msgs/lib/libtello_msgs__python.so" to ""
[5.309s] -- Installing: /home/huo/drone_racing_ros2_ws/install/tello_msgs/share/tello_msgs/msg/FlightData.idl
[5.309s] -- Installing: /home/huo/drone_racing_ros2_ws/install/tello_msgs/share/tello_msgs/msg/TelloResponse.idl
[5.309s] -- Installing: /home/huo/drone_racing_ros2_ws/install/tello_msgs/share/tello_msgs/srv/TelloAction.idl
[5.309s] -- Installing: /home/huo/drone_racing_ros2_ws/install/tello_msgs/share/tello_msgs/msg/FlightData.msg
[5.309s] -- Installing: /home/huo/drone_racing_ros2_ws/install/tello_msgs/share/tello_msgs/msg/TelloResponse.msg
[5.309s] -- Installing: /home/huo/drone_racing_ros2_ws/install/tello_msgs/share/tello_msgs/srv/TelloAction.srv
[5.309s] -- Installing: /home/huo/drone_racing_ros2_ws/install/tello_msgs/share/tello_msgs/srv/TelloAction_Request.msg
[5.309s] -- Installing: /home/huo/drone_racing_ros2_ws/install/tello_msgs/share/tello_msgs/srv/TelloAction_Response.msg
[5.309s] -- Installing: /home/huo/drone_racing_ros2_ws/install/tello_msgs/share/ament_index/resource_index/package_run_dependencies/tello_msgs
[5.309s] -- Installing: /home/huo/drone_racing_ros2_ws/install/tello_msgs/share/ament_index/resource_index/parent_prefix_path/tello_msgs
[5.309s] -- Installing: /home/huo/drone_racing_ros2_ws/install/tello_msgs/share/tello_msgs/environment/ament_prefix_path.sh
[5.310s] -- Installing: /home/huo/drone_racing_ros2_ws/install/tello_msgs/share/tello_msgs/environment/ament_prefix_path.dsv
[5.310s] -- Installing: /home/huo/drone_racing_ros2_ws/install/tello_msgs/share/tello_msgs/environment/path.sh
[5.310s] -- Installing: /home/huo/drone_racing_ros2_ws/install/tello_msgs/share/tello_msgs/environment/path.dsv
[5.310s] -- Installing: /home/huo/drone_racing_ros2_ws/install/tello_msgs/share/tello_msgs/local_setup.bash
[5.310s] -- Installing: /home/huo/drone_racing_ros2_ws/install/tello_msgs/share/tello_msgs/local_setup.sh
[5.310s] -- Installing: /home/huo/drone_racing_ros2_ws/install/tello_msgs/share/tello_msgs/local_setup.zsh
[5.310s] -- Installing: /home/huo/drone_racing_ros2_ws/install/tello_msgs/share/tello_msgs/local_setup.dsv
[5.310s] -- Installing: /home/huo/drone_racing_ros2_ws/install/tello_msgs/share/tello_msgs/package.dsv
[5.310s] -- Installing: /home/huo/drone_racing_ros2_ws/install/tello_msgs/share/ament_index/resource_index/packages/tello_msgs
[5.310s] -- Installing: /home/huo/drone_racing_ros2_ws/install/tello_msgs/share/tello_msgs/cmake/tello_msgs__rosidl_generator_cExport.cmake
[5.310s] -- Installing: /home/huo/drone_racing_ros2_ws/install/tello_msgs/share/tello_msgs/cmake/tello_msgs__rosidl_generator_cExport-noconfig.cmake
[5.311s] -- Installing: /home/huo/drone_racing_ros2_ws/install/tello_msgs/share/tello_msgs/cmake/tello_msgs__rosidl_typesupport_introspection_cExport.cmake
[5.311s] -- Installing: /home/huo/drone_racing_ros2_ws/install/tello_msgs/share/tello_msgs/cmake/tello_msgs__rosidl_typesupport_introspection_cExport-noconfig.cmake
[5.311s] -- Installing: /home/huo/drone_racing_ros2_ws/install/tello_msgs/share/tello_msgs/cmake/tello_msgs__rosidl_typesupport_cExport.cmake
[5.311s] -- Installing: /home/huo/drone_racing_ros2_ws/install/tello_msgs/share/tello_msgs/cmake/tello_msgs__rosidl_typesupport_cExport-noconfig.cmake
[5.311s] -- Installing: /home/huo/drone_racing_ros2_ws/install/tello_msgs/share/tello_msgs/cmake/tello_msgs__rosidl_generator_cppExport.cmake
[5.311s] -- Installing: /home/huo/drone_racing_ros2_ws/install/tello_msgs/share/tello_msgs/cmake/tello_msgs__rosidl_typesupport_introspection_cppExport.cmake
[5.311s] -- Installing: /home/huo/drone_racing_ros2_ws/install/tello_msgs/share/tello_msgs/cmake/tello_msgs__rosidl_typesupport_introspection_cppExport-noconfig.cmake
[5.311s] -- Installing: /home/huo/drone_racing_ros2_ws/install/tello_msgs/share/tello_msgs/cmake/tello_msgs__rosidl_typesupport_cppExport.cmake
[5.312s] -- Installing: /home/huo/drone_racing_ros2_ws/install/tello_msgs/share/tello_msgs/cmake/tello_msgs__rosidl_typesupport_cppExport-noconfig.cmake
[5.312s] -- Installing: /home/huo/drone_racing_ros2_ws/install/tello_msgs/share/tello_msgs/cmake/rosidl_cmake-extras.cmake
[5.312s] -- Installing: /home/huo/drone_racing_ros2_ws/install/tello_msgs/share/tello_msgs/cmake/ament_cmake_export_dependencies-extras.cmake
[5.312s] -- Installing: /home/huo/drone_racing_ros2_ws/install/tello_msgs/share/tello_msgs/cmake/ament_cmake_export_libraries-extras.cmake
[5.312s] -- Installing: /home/huo/drone_racing_ros2_ws/install/tello_msgs/share/tello_msgs/cmake/ament_cmake_export_targets-extras.cmake
[5.312s] -- Installing: /home/huo/drone_racing_ros2_ws/install/tello_msgs/share/tello_msgs/cmake/ament_cmake_export_include_directories-extras.cmake
[5.312s] -- Installing: /home/huo/drone_racing_ros2_ws/install/tello_msgs/share/tello_msgs/cmake/rosidl_cmake_export_typesupport_libraries-extras.cmake
[5.312s] -- Installing: /home/huo/drone_racing_ros2_ws/install/tello_msgs/share/tello_msgs/cmake/rosidl_cmake_export_typesupport_targets-extras.cmake
[5.312s] -- Installing: /home/huo/drone_racing_ros2_ws/install/tello_msgs/share/tello_msgs/cmake/tello_msgsConfig.cmake
[5.312s] -- Installing: /home/huo/drone_racing_ros2_ws/install/tello_msgs/share/tello_msgs/cmake/tello_msgsConfig-version.cmake
[5.312s] -- Installing: /home/huo/drone_racing_ros2_ws/install/tello_msgs/share/tello_msgs/package.xml
[5.315s] Invoked command in '/home/huo/drone_racing_ros2_ws/build/tello_msgs' returned '0': CMAKE_PREFIX_PATH=/opt/ros/galactic /usr/bin/cmake --install /home/huo/drone_racing_ros2_ws/build/tello_msgs
