[4.161s] Invoking command in '/home/sandra/common_project_ws/src/opencv_package': PYTHONPATH=/home/sandra/common_project_ws/install/opencv_package/lib/python3.8/site-packages:${PYTHONPATH} /usr/bin/python3 setup.py egg_info --egg-base ../../build/opencv_package build --build-base /home/sandra/common_project_ws/build/opencv_package/build install --prefix /home/sandra/common_project_ws/install/opencv_package --record /home/sandra/common_project_ws/build/opencv_package/install.log --single-version-externally-managed
[5.680s] running egg_info
[5.685s] writing ../../build/opencv_package/opencv_package.egg-info/PKG-INFO
[5.685s] writing dependency_links to ../../build/opencv_package/opencv_package.egg-info/dependency_links.txt
[5.687s] writing entry points to ../../build/opencv_package/opencv_package.egg-info/entry_points.txt
[5.688s] writing requirements to ../../build/opencv_package/opencv_package.egg-info/requires.txt
[5.688s] writing top-level names to ../../build/opencv_package/opencv_package.egg-info/top_level.txt
[5.865s] reading manifest file '../../build/opencv_package/opencv_package.egg-info/SOURCES.txt'
[5.872s] writing manifest file '../../build/opencv_package/opencv_package.egg-info/SOURCES.txt'
[5.873s] running build
[5.874s] running build_py
[5.876s] copying opencv_package/object_detection.py -> /home/sandra/common_project_ws/build/opencv_package/build/lib/opencv_package
[5.877s] running install
[5.883s] running install_lib
[5.889s] copying /home/sandra/common_project_ws/build/opencv_package/build/lib/opencv_package/object_detection.py -> /home/sandra/common_project_ws/install/opencv_package/lib/python3.8/site-packages/opencv_package
[5.894s] byte-compiling /home/sandra/common_project_ws/install/opencv_package/lib/python3.8/site-packages/opencv_package/object_detection.py to object_detection.cpython-38.pyc
[5.901s] running install_data
[5.906s] running install_egg_info
[5.917s] removing '/home/sandra/common_project_ws/install/opencv_package/lib/python3.8/site-packages/opencv_package-0.0.0-py3.8.egg-info' (and everything under it)
[5.919s] Copying ../../build/opencv_package/opencv_package.egg-info to /home/sandra/common_project_ws/install/opencv_package/lib/python3.8/site-packages/opencv_package-0.0.0-py3.8.egg-info
[5.928s] running install_scripts
[6.057s] Installing img_det script to /home/sandra/common_project_ws/install/opencv_package/lib/opencv_package
[6.058s] Installing img_sub script to /home/sandra/common_project_ws/install/opencv_package/lib/opencv_package
[6.059s] writing list of installed files to '/home/sandra/common_project_ws/build/opencv_package/install.log'
[6.188s] Invoked command in '/home/sandra/common_project_ws/src/opencv_package' returned '0': PYTHONPATH=/home/sandra/common_project_ws/install/opencv_package/lib/python3.8/site-packages:${PYTHONPATH} /usr/bin/python3 setup.py egg_info --egg-base ../../build/opencv_package build --build-base /home/sandra/common_project_ws/build/opencv_package/build install --prefix /home/sandra/common_project_ws/install/opencv_package --record /home/sandra/common_project_ws/build/opencv_package/install.log --single-version-externally-managed
