[5.278s] Invoking command in '/home/sandra/common_project_ws/src/opencv_package': PYTHONPATH=/home/sandra/common_project_ws/install/opencv_package/lib/python3.8/site-packages:${PYTHONPATH} /usr/bin/python3 setup.py egg_info --egg-base ../../build/opencv_package build --build-base /home/sandra/common_project_ws/build/opencv_package/build install --prefix /home/sandra/common_project_ws/install/opencv_package --record /home/sandra/common_project_ws/build/opencv_package/install.log --single-version-externally-managed
[7.218s] running egg_info
[7.221s] writing ../../build/opencv_package/opencv_package.egg-info/PKG-INFO
[7.223s] writing dependency_links to ../../build/opencv_package/opencv_package.egg-info/dependency_links.txt
[7.228s] writing entry points to ../../build/opencv_package/opencv_package.egg-info/entry_points.txt
[7.229s] writing requirements to ../../build/opencv_package/opencv_package.egg-info/requires.txt
[7.230s] writing top-level names to ../../build/opencv_package/opencv_package.egg-info/top_level.txt
[7.450s] reading manifest file '../../build/opencv_package/opencv_package.egg-info/SOURCES.txt'
[7.457s] writing manifest file '../../build/opencv_package/opencv_package.egg-info/SOURCES.txt'
[7.459s] running build
[7.460s] running build_py
[7.460s] copying opencv_package/image_subscriber.py -> /home/sandra/common_project_ws/build/opencv_package/build/lib/opencv_package
[7.461s] running install
[7.467s] running install_lib
[7.472s] copying /home/sandra/common_project_ws/build/opencv_package/build/lib/opencv_package/image_subscriber.py -> /home/sandra/common_project_ws/install/opencv_package/lib/python3.8/site-packages/opencv_package
[7.477s] byte-compiling /home/sandra/common_project_ws/install/opencv_package/lib/python3.8/site-packages/opencv_package/image_subscriber.py to image_subscriber.cpython-38.pyc
[7.487s] running install_data
[7.491s] running install_egg_info
[7.503s] removing '/home/sandra/common_project_ws/install/opencv_package/lib/python3.8/site-packages/opencv_package-0.0.0-py3.8.egg-info' (and everything under it)
[7.507s] Copying ../../build/opencv_package/opencv_package.egg-info to /home/sandra/common_project_ws/install/opencv_package/lib/python3.8/site-packages/opencv_package-0.0.0-py3.8.egg-info
[7.515s] running install_scripts
[7.625s] Installing img_det script to /home/sandra/common_project_ws/install/opencv_package/lib/opencv_package
[7.626s] Installing img_sub script to /home/sandra/common_project_ws/install/opencv_package/lib/opencv_package
[7.628s] writing list of installed files to '/home/sandra/common_project_ws/build/opencv_package/install.log'
[7.820s] Invoked command in '/home/sandra/common_project_ws/src/opencv_package' returned '0': PYTHONPATH=/home/sandra/common_project_ws/install/opencv_package/lib/python3.8/site-packages:${PYTHONPATH} /usr/bin/python3 setup.py egg_info --egg-base ../../build/opencv_package build --build-base /home/sandra/common_project_ws/build/opencv_package/build install --prefix /home/sandra/common_project_ws/install/opencv_package --record /home/sandra/common_project_ws/build/opencv_package/install.log --single-version-externally-managed
