[3.338s] Invoking command in '/home/sandra/common_project_ws/src/opencv_package': PYTHONPATH=/home/sandra/common_project_ws/install/opencv_package/lib/python3.8/site-packages:${PYTHONPATH} /usr/bin/python3 setup.py egg_info --egg-base ../../build/opencv_package build --build-base /home/sandra/common_project_ws/build/opencv_package/build install --prefix /home/sandra/common_project_ws/install/opencv_package --record /home/sandra/common_project_ws/build/opencv_package/install.log --single-version-externally-managed
[4.447s] running egg_info
[4.449s] writing ../../build/opencv_package/opencv_package.egg-info/PKG-INFO
[4.449s] writing dependency_links to ../../build/opencv_package/opencv_package.egg-info/dependency_links.txt
[4.451s] writing entry points to ../../build/opencv_package/opencv_package.egg-info/entry_points.txt
[4.454s] writing requirements to ../../build/opencv_package/opencv_package.egg-info/requires.txt
[4.455s] writing top-level names to ../../build/opencv_package/opencv_package.egg-info/top_level.txt
[4.581s] reading manifest file '../../build/opencv_package/opencv_package.egg-info/SOURCES.txt'
[4.587s] writing manifest file '../../build/opencv_package/opencv_package.egg-info/SOURCES.txt'
[4.588s] running build
[4.589s] running build_py
[4.591s] copying opencv_package/gate_detection.py -> /home/sandra/common_project_ws/build/opencv_package/build/lib/opencv_package
[4.593s] running install
[4.598s] running install_lib
[4.604s] copying /home/sandra/common_project_ws/build/opencv_package/build/lib/opencv_package/gate_detection.py -> /home/sandra/common_project_ws/install/opencv_package/lib/python3.8/site-packages/opencv_package
[4.608s] byte-compiling /home/sandra/common_project_ws/install/opencv_package/lib/python3.8/site-packages/opencv_package/gate_detection.py to gate_detection.cpython-38.pyc
[4.613s] running install_data
[4.614s] running install_egg_info
[4.624s] removing '/home/sandra/common_project_ws/install/opencv_package/lib/python3.8/site-packages/opencv_package-0.0.0-py3.8.egg-info' (and everything under it)
[4.627s] Copying ../../build/opencv_package/opencv_package.egg-info to /home/sandra/common_project_ws/install/opencv_package/lib/python3.8/site-packages/opencv_package-0.0.0-py3.8.egg-info
[4.631s] running install_scripts
[4.707s] Installing gate_det script to /home/sandra/common_project_ws/install/opencv_package/lib/opencv_package
[4.707s] Installing img_det script to /home/sandra/common_project_ws/install/opencv_package/lib/opencv_package
[4.707s] Installing img_sub script to /home/sandra/common_project_ws/install/opencv_package/lib/opencv_package
[4.708s] writing list of installed files to '/home/sandra/common_project_ws/build/opencv_package/install.log'
[4.805s] Invoked command in '/home/sandra/common_project_ws/src/opencv_package' returned '0': PYTHONPATH=/home/sandra/common_project_ws/install/opencv_package/lib/python3.8/site-packages:${PYTHONPATH} /usr/bin/python3 setup.py egg_info --egg-base ../../build/opencv_package build --build-base /home/sandra/common_project_ws/build/opencv_package/build install --prefix /home/sandra/common_project_ws/install/opencv_package --record /home/sandra/common_project_ws/build/opencv_package/install.log --single-version-externally-managed
