[6.706s] Invoking command in '/home/sandra/common_project_ws/src/opencv_package': PYTHONPATH=/home/sandra/common_project_ws/install/opencv_package/lib/python3.8/site-packages:${PYTHONPATH} /usr/bin/python3 setup.py egg_info --egg-base ../../build/opencv_package build --build-base /home/sandra/common_project_ws/build/opencv_package/build install --prefix /home/sandra/common_project_ws/install/opencv_package --record /home/sandra/common_project_ws/build/opencv_package/install.log --single-version-externally-managed
[9.446s] running egg_info
[9.454s] writing ../../build/opencv_package/opencv_package.egg-info/PKG-INFO
[9.458s] writing dependency_links to ../../build/opencv_package/opencv_package.egg-info/dependency_links.txt
[9.459s] writing entry points to ../../build/opencv_package/opencv_package.egg-info/entry_points.txt
[9.463s] writing requirements to ../../build/opencv_package/opencv_package.egg-info/requires.txt
[9.464s] writing top-level names to ../../build/opencv_package/opencv_package.egg-info/top_level.txt
[9.839s] reading manifest file '../../build/opencv_package/opencv_package.egg-info/SOURCES.txt'
[9.846s] writing manifest file '../../build/opencv_package/opencv_package.egg-info/SOURCES.txt'
[9.848s] running build
[9.850s] running build_py
[9.860s] copying opencv_package/object_detection.py -> /home/sandra/common_project_ws/build/opencv_package/build/lib/opencv_package
[9.861s] running install
[9.863s] running install_lib
[9.871s] copying /home/sandra/common_project_ws/build/opencv_package/build/lib/opencv_package/object_detection.py -> /home/sandra/common_project_ws/install/opencv_package/lib/python3.8/site-packages/opencv_package
[9.873s] byte-compiling /home/sandra/common_project_ws/install/opencv_package/lib/python3.8/site-packages/opencv_package/object_detection.py to object_detection.cpython-38.pyc
[9.886s] running install_data
[9.889s] copying package.xml -> /home/sandra/common_project_ws/install/opencv_package/share/opencv_package
[9.893s] running install_egg_info
[9.906s] removing '/home/sandra/common_project_ws/install/opencv_package/lib/python3.8/site-packages/opencv_package-0.0.0-py3.8.egg-info' (and everything under it)
[9.907s] Copying ../../build/opencv_package/opencv_package.egg-info to /home/sandra/common_project_ws/install/opencv_package/lib/python3.8/site-packages/opencv_package-0.0.0-py3.8.egg-info
[9.917s] running install_scripts
[10.067s] Installing img_det script to /home/sandra/common_project_ws/install/opencv_package/lib/opencv_package
[10.070s] Installing img_sub script to /home/sandra/common_project_ws/install/opencv_package/lib/opencv_package
[10.071s] writing list of installed files to '/home/sandra/common_project_ws/build/opencv_package/install.log'
[10.272s] Invoked command in '/home/sandra/common_project_ws/src/opencv_package' returned '0': PYTHONPATH=/home/sandra/common_project_ws/install/opencv_package/lib/python3.8/site-packages:${PYTHONPATH} /usr/bin/python3 setup.py egg_info --egg-base ../../build/opencv_package build --build-base /home/sandra/common_project_ws/build/opencv_package/build install --prefix /home/sandra/common_project_ws/install/opencv_package --record /home/sandra/common_project_ws/build/opencv_package/install.log --single-version-externally-managed
