[4.011s] Invoking command in '/home/sandra/common_project_ws/src/opencv_package': PYTHONPATH=/home/sandra/common_project_ws/install/opencv_package/lib/python3.8/site-packages:${PYTHONPATH} /usr/bin/python3 setup.py egg_info --egg-base ../../build/opencv_package build --build-base /home/sandra/common_project_ws/build/opencv_package/build install --prefix /home/sandra/common_project_ws/install/opencv_package --record /home/sandra/common_project_ws/build/opencv_package/install.log --single-version-externally-managed
[5.288s] running egg_info
[5.294s] writing ../../build/opencv_package/opencv_package.egg-info/PKG-INFO
[5.296s] writing dependency_links to ../../build/opencv_package/opencv_package.egg-info/dependency_links.txt
[5.299s] writing entry points to ../../build/opencv_package/opencv_package.egg-info/entry_points.txt
[5.300s] writing requirements to ../../build/opencv_package/opencv_package.egg-info/requires.txt
[5.301s] writing top-level names to ../../build/opencv_package/opencv_package.egg-info/top_level.txt
[5.477s] reading manifest file '../../build/opencv_package/opencv_package.egg-info/SOURCES.txt'
[5.483s] writing manifest file '../../build/opencv_package/opencv_package.egg-info/SOURCES.txt'
[5.485s] running build
[5.486s] running build_py
[5.486s] copying opencv_package/gate_detection.py -> /home/sandra/common_project_ws/build/opencv_package/build/lib/opencv_package
[5.486s] running install
[5.488s] running install_lib
[5.493s] copying /home/sandra/common_project_ws/build/opencv_package/build/lib/opencv_package/gate_detection.py -> /home/sandra/common_project_ws/install/opencv_package/lib/python3.8/site-packages/opencv_package
[5.497s] byte-compiling /home/sandra/common_project_ws/install/opencv_package/lib/python3.8/site-packages/opencv_package/gate_detection.py to gate_detection.cpython-38.pyc
[5.512s] running install_data
[5.517s] running install_egg_info
[5.532s] removing '/home/sandra/common_project_ws/install/opencv_package/lib/python3.8/site-packages/opencv_package-0.0.0-py3.8.egg-info' (and everything under it)
[5.534s] Copying ../../build/opencv_package/opencv_package.egg-info to /home/sandra/common_project_ws/install/opencv_package/lib/python3.8/site-packages/opencv_package-0.0.0-py3.8.egg-info
[5.546s] running install_scripts
[5.667s] Installing gate_det script to /home/sandra/common_project_ws/install/opencv_package/lib/opencv_package
[5.667s] Installing img_det script to /home/sandra/common_project_ws/install/opencv_package/lib/opencv_package
[5.667s] Installing img_sub script to /home/sandra/common_project_ws/install/opencv_package/lib/opencv_package
[5.668s] writing list of installed files to '/home/sandra/common_project_ws/build/opencv_package/install.log'
[5.788s] Invoked command in '/home/sandra/common_project_ws/src/opencv_package' returned '0': PYTHONPATH=/home/sandra/common_project_ws/install/opencv_package/lib/python3.8/site-packages:${PYTHONPATH} /usr/bin/python3 setup.py egg_info --egg-base ../../build/opencv_package build --build-base /home/sandra/common_project_ws/build/opencv_package/build install --prefix /home/sandra/common_project_ws/install/opencv_package --record /home/sandra/common_project_ws/build/opencv_package/install.log --single-version-externally-managed
