[4.627s] Invoking command in '/home/sandra/common_project_ws/src/opencv_package': PYTHONPATH=/home/sandra/common_project_ws/install/opencv_package/lib/python3.8/site-packages:${PYTHONPATH} /usr/bin/python3 setup.py egg_info --egg-base ../../build/opencv_package build --build-base /home/sandra/common_project_ws/build/opencv_package/build install --prefix /home/sandra/common_project_ws/install/opencv_package --record /home/sandra/common_project_ws/build/opencv_package/install.log --single-version-externally-managed
[6.467s] running egg_info
[6.471s] writing ../../build/opencv_package/opencv_package.egg-info/PKG-INFO
[6.472s] writing dependency_links to ../../build/opencv_package/opencv_package.egg-info/dependency_links.txt
[6.476s] writing entry points to ../../build/opencv_package/opencv_package.egg-info/entry_points.txt
[6.479s] writing requirements to ../../build/opencv_package/opencv_package.egg-info/requires.txt
[6.480s] writing top-level names to ../../build/opencv_package/opencv_package.egg-info/top_level.txt
[6.707s] reading manifest file '../../build/opencv_package/opencv_package.egg-info/SOURCES.txt'
[6.709s] writing manifest file '../../build/opencv_package/opencv_package.egg-info/SOURCES.txt'
[6.709s] running build
[6.709s] running build_py
[6.710s] copying opencv_package/object_detection.py -> /home/sandra/common_project_ws/build/opencv_package/build/lib/opencv_package
[6.710s] running install
[6.717s] running install_lib
[6.723s] copying /home/sandra/common_project_ws/build/opencv_package/build/lib/opencv_package/object_detection.py -> /home/sandra/common_project_ws/install/opencv_package/lib/python3.8/site-packages/opencv_package
[6.728s] byte-compiling /home/sandra/common_project_ws/install/opencv_package/lib/python3.8/site-packages/opencv_package/object_detection.py to object_detection.cpython-38.pyc
[6.741s] running install_data
[6.742s] running install_egg_info
[6.751s] removing '/home/sandra/common_project_ws/install/opencv_package/lib/python3.8/site-packages/opencv_package-0.0.0-py3.8.egg-info' (and everything under it)
[6.754s] Copying ../../build/opencv_package/opencv_package.egg-info to /home/sandra/common_project_ws/install/opencv_package/lib/python3.8/site-packages/opencv_package-0.0.0-py3.8.egg-info
[6.763s] running install_scripts
[6.876s] Installing img_det script to /home/sandra/common_project_ws/install/opencv_package/lib/opencv_package
[6.877s] Installing img_sub script to /home/sandra/common_project_ws/install/opencv_package/lib/opencv_package
[6.879s] writing list of installed files to '/home/sandra/common_project_ws/build/opencv_package/install.log'
[7.020s] Invoked command in '/home/sandra/common_project_ws/src/opencv_package' returned '0': PYTHONPATH=/home/sandra/common_project_ws/install/opencv_package/lib/python3.8/site-packages:${PYTHONPATH} /usr/bin/python3 setup.py egg_info --egg-base ../../build/opencv_package build --build-base /home/sandra/common_project_ws/build/opencv_package/build install --prefix /home/sandra/common_project_ws/install/opencv_package --record /home/sandra/common_project_ws/build/opencv_package/install.log --single-version-externally-managed
