[4.865s] Invoking command in '/home/sandra/common_project_ws/src/opencv_package': PYTHONPATH=/home/sandra/common_project_ws/install/opencv_package/lib/python3.8/site-packages:${PYTHONPATH} /usr/bin/python3 setup.py egg_info --egg-base ../../build/opencv_package build --build-base /home/sandra/common_project_ws/build/opencv_package/build install --prefix /home/sandra/common_project_ws/install/opencv_package --record /home/sandra/common_project_ws/build/opencv_package/install.log --single-version-externally-managed
[6.589s] running egg_info
[6.592s] writing ../../build/opencv_package/opencv_package.egg-info/PKG-INFO
[6.594s] writing dependency_links to ../../build/opencv_package/opencv_package.egg-info/dependency_links.txt
[6.595s] writing entry points to ../../build/opencv_package/opencv_package.egg-info/entry_points.txt
[6.596s] writing requirements to ../../build/opencv_package/opencv_package.egg-info/requires.txt
[6.596s] writing top-level names to ../../build/opencv_package/opencv_package.egg-info/top_level.txt
[6.797s] reading manifest file '../../build/opencv_package/opencv_package.egg-info/SOURCES.txt'
[6.800s] writing manifest file '../../build/opencv_package/opencv_package.egg-info/SOURCES.txt'
[6.800s] running build
[6.801s] running build_py
[6.801s] copying opencv_package/image_subscriber.py -> /home/sandra/common_project_ws/build/opencv_package/build/lib/opencv_package
[6.801s] copying opencv_package/object_detection.py -> /home/sandra/common_project_ws/build/opencv_package/build/lib/opencv_package
[6.802s] running install
[6.806s] running install_lib
[6.814s] copying /home/sandra/common_project_ws/build/opencv_package/build/lib/opencv_package/image_subscriber.py -> /home/sandra/common_project_ws/install/opencv_package/lib/python3.8/site-packages/opencv_package
[6.815s] copying /home/sandra/common_project_ws/build/opencv_package/build/lib/opencv_package/object_detection.py -> /home/sandra/common_project_ws/install/opencv_package/lib/python3.8/site-packages/opencv_package
[6.818s] byte-compiling /home/sandra/common_project_ws/install/opencv_package/lib/python3.8/site-packages/opencv_package/image_subscriber.py to image_subscriber.cpython-38.pyc
[6.831s] byte-compiling /home/sandra/common_project_ws/install/opencv_package/lib/python3.8/site-packages/opencv_package/object_detection.py to object_detection.cpython-38.pyc
[6.835s] running install_data
[6.836s] running install_egg_info
[6.850s] removing '/home/sandra/common_project_ws/install/opencv_package/lib/python3.8/site-packages/opencv_package-0.0.0-py3.8.egg-info' (and everything under it)
[6.852s] Copying ../../build/opencv_package/opencv_package.egg-info to /home/sandra/common_project_ws/install/opencv_package/lib/python3.8/site-packages/opencv_package-0.0.0-py3.8.egg-info
[6.857s] running install_scripts
[6.965s] Installing img_det script to /home/sandra/common_project_ws/install/opencv_package/lib/opencv_package
[6.965s] Installing img_sub script to /home/sandra/common_project_ws/install/opencv_package/lib/opencv_package
[6.967s] writing list of installed files to '/home/sandra/common_project_ws/build/opencv_package/install.log'
[7.148s] Invoked command in '/home/sandra/common_project_ws/src/opencv_package' returned '0': PYTHONPATH=/home/sandra/common_project_ws/install/opencv_package/lib/python3.8/site-packages:${PYTHONPATH} /usr/bin/python3 setup.py egg_info --egg-base ../../build/opencv_package build --build-base /home/sandra/common_project_ws/build/opencv_package/build install --prefix /home/sandra/common_project_ws/install/opencv_package --record /home/sandra/common_project_ws/build/opencv_package/install.log --single-version-externally-managed
