[4.371s] Invoking command in '/home/sandra/common_project_ws/src/opencv_package': PYTHONPATH=/home/sandra/common_project_ws/install/opencv_package/lib/python3.8/site-packages:${PYTHONPATH} /usr/bin/python3 setup.py egg_info --egg-base ../../build/opencv_package build --build-base /home/sandra/common_project_ws/build/opencv_package/build install --prefix /home/sandra/common_project_ws/install/opencv_package --record /home/sandra/common_project_ws/build/opencv_package/install.log --single-version-externally-managed
[5.888s] running egg_info
[5.891s] writing ../../build/opencv_package/opencv_package.egg-info/PKG-INFO
[5.893s] writing dependency_links to ../../build/opencv_package/opencv_package.egg-info/dependency_links.txt
[5.896s] writing entry points to ../../build/opencv_package/opencv_package.egg-info/entry_points.txt
[5.897s] writing requirements to ../../build/opencv_package/opencv_package.egg-info/requires.txt
[5.898s] writing top-level names to ../../build/opencv_package/opencv_package.egg-info/top_level.txt
[6.091s] reading manifest file '../../build/opencv_package/opencv_package.egg-info/SOURCES.txt'
[6.094s] writing manifest file '../../build/opencv_package/opencv_package.egg-info/SOURCES.txt'
[6.094s] running build
[6.094s] running build_py
[6.095s] copying opencv_package/gate_detection.py -> /home/sandra/common_project_ws/build/opencv_package/build/lib/opencv_package
[6.098s] running install
[6.103s] running install_lib
[6.111s] copying /home/sandra/common_project_ws/build/opencv_package/build/lib/opencv_package/gate_detection.py -> /home/sandra/common_project_ws/install/opencv_package/lib/python3.8/site-packages/opencv_package
[6.113s] byte-compiling /home/sandra/common_project_ws/install/opencv_package/lib/python3.8/site-packages/opencv_package/gate_detection.py to gate_detection.cpython-38.pyc
[6.123s] running install_data
[6.125s] copying package.xml -> /home/sandra/common_project_ws/install/opencv_package/share/opencv_package
[6.125s] running install_egg_info
[6.135s] removing '/home/sandra/common_project_ws/install/opencv_package/lib/python3.8/site-packages/opencv_package-0.0.0-py3.8.egg-info' (and everything under it)
[6.136s] Copying ../../build/opencv_package/opencv_package.egg-info to /home/sandra/common_project_ws/install/opencv_package/lib/python3.8/site-packages/opencv_package-0.0.0-py3.8.egg-info
[6.144s] running install_scripts
[6.242s] Installing gate_det script to /home/sandra/common_project_ws/install/opencv_package/lib/opencv_package
[6.242s] Installing img_det script to /home/sandra/common_project_ws/install/opencv_package/lib/opencv_package
[6.242s] Installing img_sub script to /home/sandra/common_project_ws/install/opencv_package/lib/opencv_package
[6.244s] writing list of installed files to '/home/sandra/common_project_ws/build/opencv_package/install.log'
[6.386s] Invoked command in '/home/sandra/common_project_ws/src/opencv_package' returned '0': PYTHONPATH=/home/sandra/common_project_ws/install/opencv_package/lib/python3.8/site-packages:${PYTHONPATH} /usr/bin/python3 setup.py egg_info --egg-base ../../build/opencv_package build --build-base /home/sandra/common_project_ws/build/opencv_package/build install --prefix /home/sandra/common_project_ws/install/opencv_package --record /home/sandra/common_project_ws/build/opencv_package/install.log --single-version-externally-managed
