[3.664s] Invoking command in '/home/sandra/common_project_ws/src/opencv_package': PYTHONPATH=/home/sandra/common_project_ws/install/opencv_package/lib/python3.8/site-packages:${PYTHONPATH} /usr/bin/python3 setup.py egg_info --egg-base ../../build/opencv_package build --build-base /home/sandra/common_project_ws/build/opencv_package/build install --prefix /home/sandra/common_project_ws/install/opencv_package --record /home/sandra/common_project_ws/build/opencv_package/install.log --single-version-externally-managed
[4.959s] running egg_info
[4.960s] writing ../../build/opencv_package/opencv_package.egg-info/PKG-INFO
[4.960s] writing dependency_links to ../../build/opencv_package/opencv_package.egg-info/dependency_links.txt
[4.960s] writing entry points to ../../build/opencv_package/opencv_package.egg-info/entry_points.txt
[4.961s] writing requirements to ../../build/opencv_package/opencv_package.egg-info/requires.txt
[4.961s] writing top-level names to ../../build/opencv_package/opencv_package.egg-info/top_level.txt
[5.134s] reading manifest file '../../build/opencv_package/opencv_package.egg-info/SOURCES.txt'
[5.138s] writing manifest file '../../build/opencv_package/opencv_package.egg-info/SOURCES.txt'
[5.140s] running build
[5.142s] running build_py
[5.143s] copying opencv_package/gate_detection.py -> /home/sandra/common_project_ws/build/opencv_package/build/lib/opencv_package
[5.144s] running install
[5.147s] running install_lib
[5.156s] copying /home/sandra/common_project_ws/build/opencv_package/build/lib/opencv_package/gate_detection.py -> /home/sandra/common_project_ws/install/opencv_package/lib/python3.8/site-packages/opencv_package
[5.157s] byte-compiling /home/sandra/common_project_ws/install/opencv_package/lib/python3.8/site-packages/opencv_package/gate_detection.py to gate_detection.cpython-38.pyc
[5.174s] running install_data
[5.181s] running install_egg_info
[5.192s] removing '/home/sandra/common_project_ws/install/opencv_package/lib/python3.8/site-packages/opencv_package-0.0.0-py3.8.egg-info' (and everything under it)
[5.195s] Copying ../../build/opencv_package/opencv_package.egg-info to /home/sandra/common_project_ws/install/opencv_package/lib/python3.8/site-packages/opencv_package-0.0.0-py3.8.egg-info
[5.199s] running install_scripts
[5.276s] Installing gate_det script to /home/sandra/common_project_ws/install/opencv_package/lib/opencv_package
[5.277s] Installing img_det script to /home/sandra/common_project_ws/install/opencv_package/lib/opencv_package
[5.280s] Installing img_sub script to /home/sandra/common_project_ws/install/opencv_package/lib/opencv_package
[5.283s] writing list of installed files to '/home/sandra/common_project_ws/build/opencv_package/install.log'
[5.407s] Invoked command in '/home/sandra/common_project_ws/src/opencv_package' returned '0': PYTHONPATH=/home/sandra/common_project_ws/install/opencv_package/lib/python3.8/site-packages:${PYTHONPATH} /usr/bin/python3 setup.py egg_info --egg-base ../../build/opencv_package build --build-base /home/sandra/common_project_ws/build/opencv_package/build install --prefix /home/sandra/common_project_ws/install/opencv_package --record /home/sandra/common_project_ws/build/opencv_package/install.log --single-version-externally-managed
