[0.943s] DEBUG:colcon:Command line arguments: ['/usr/bin/colcon', 'build']
[0.944s] DEBUG:colcon:Parsed command line arguments: Namespace(allow_overriding=[], ament_cmake_args=None, base_paths=['.'], build_base='build', catkin_cmake_args=None, catkin_skip_building_tests=False, cmake_args=None, cmake_clean_cache=False, cmake_clean_first=False, cmake_force_configure=False, cmake_target=None, cmake_target_skip_unavailable=False, continue_on_error=False, event_handlers=None, executor='parallel', ignore_user_meta=False, install_base='install', log_base=None, log_level=None, main=<bound method BuildVerb.main of <colcon_core.verb.build.BuildVerb object at 0x7fd8096e23a0>>, merge_install=False, metas=['./colcon.meta'], packages_above=None, packages_above_and_dependencies=None, packages_above_depth=None, packages_end=None, packages_ignore=None, packages_ignore_regex=None, packages_select=None, packages_select_build_failed=False, packages_select_by_dep=None, packages_select_regex=None, packages_select_test_failures=False, packages_skip=None, packages_skip_build_finished=False, packages_skip_by_dep=None, packages_skip_regex=None, packages_skip_test_passed=False, packages_skip_up_to=None, packages_start=None, packages_up_to=None, packages_up_to_regex=None, parallel_workers=8, paths=None, symlink_install=False, test_result_base=None, verb_extension=<colcon_core.verb.build.BuildVerb object at 0x7fd8096e23a0>, verb_name='build', verb_parser=<colcon_defaults.argument_parser.defaults.DefaultArgumentsDecorator object at 0x7fd8096e28e0>)
[1.092s] Level 1:colcon.colcon_core.package_discovery:discover_packages(colcon_meta) check parameters
[1.094s] Level 1:colcon.colcon_core.package_discovery:discover_packages(recursive) check parameters
[1.094s] Level 1:colcon.colcon_core.package_discovery:discover_packages(ignore) check parameters
[1.094s] Level 1:colcon.colcon_core.package_discovery:discover_packages(path) check parameters
[1.094s] Level 1:colcon.colcon_core.package_discovery:discover_packages(colcon_meta) discover
[1.095s] Level 1:colcon.colcon_core.package_discovery:discover_packages(recursive) discover
[1.095s] INFO:colcon.colcon_core.package_discovery:Crawling recursively for packages in '/home/sandra/common_project_ws'
[1.096s] Level 1:colcon.colcon_core.package_identification:_identify(.) by extensions ['ignore', 'ignore_ament_install']
[1.097s] Level 1:colcon.colcon_core.package_identification:_identify(.) by extension 'ignore'
[1.097s] Level 1:colcon.colcon_core.package_identification:_identify(.) by extension 'ignore_ament_install'
[1.098s] Level 1:colcon.colcon_core.package_identification:_identify(.) by extensions ['colcon_pkg']
[1.098s] Level 1:colcon.colcon_core.package_identification:_identify(.) by extension 'colcon_pkg'
[1.098s] Level 1:colcon.colcon_core.package_identification:_identify(.) by extensions ['colcon_meta']
[1.098s] Level 1:colcon.colcon_core.package_identification:_identify(.) by extension 'colcon_meta'
[1.098s] Level 1:colcon.colcon_core.package_identification:_identify(.) by extensions ['ros']
[1.098s] Level 1:colcon.colcon_core.package_identification:_identify(.) by extension 'ros'
[1.164s] Level 1:colcon.colcon_core.package_identification:_identify(.) by extensions ['cmake', 'python']
[1.164s] Level 1:colcon.colcon_core.package_identification:_identify(.) by extension 'cmake'
[1.164s] Level 1:colcon.colcon_core.package_identification:_identify(.) by extension 'python'
[1.165s] Level 1:colcon.colcon_core.package_identification:_identify(.) by extensions ['python_setup_py']
[1.165s] Level 1:colcon.colcon_core.package_identification:_identify(.) by extension 'python_setup_py'
[1.165s] Level 1:colcon.colcon_core.package_identification:_identify(build) by extensions ['ignore', 'ignore_ament_install']
[1.165s] Level 1:colcon.colcon_core.package_identification:_identify(build) by extension 'ignore'
[1.165s] Level 1:colcon.colcon_core.package_identification:_identify(build) ignored
[1.166s] Level 1:colcon.colcon_core.package_identification:_identify(install) by extensions ['ignore', 'ignore_ament_install']
[1.168s] Level 1:colcon.colcon_core.package_identification:_identify(install) by extension 'ignore'
[1.169s] Level 1:colcon.colcon_core.package_identification:_identify(install) ignored
[1.171s] Level 1:colcon.colcon_core.package_identification:_identify(log) by extensions ['ignore', 'ignore_ament_install']
[1.171s] Level 1:colcon.colcon_core.package_identification:_identify(log) by extension 'ignore'
[1.172s] Level 1:colcon.colcon_core.package_identification:_identify(log) ignored
[1.172s] Level 1:colcon.colcon_core.package_identification:_identify(src) by extensions ['ignore', 'ignore_ament_install']
[1.172s] Level 1:colcon.colcon_core.package_identification:_identify(src) by extension 'ignore'
[1.172s] Level 1:colcon.colcon_core.package_identification:_identify(src) by extension 'ignore_ament_install'
[1.173s] Level 1:colcon.colcon_core.package_identification:_identify(src) by extensions ['colcon_pkg']
[1.173s] Level 1:colcon.colcon_core.package_identification:_identify(src) by extension 'colcon_pkg'
[1.174s] Level 1:colcon.colcon_core.package_identification:_identify(src) by extensions ['colcon_meta']
[1.174s] Level 1:colcon.colcon_core.package_identification:_identify(src) by extension 'colcon_meta'
[1.174s] Level 1:colcon.colcon_core.package_identification:_identify(src) by extensions ['ros']
[1.174s] Level 1:colcon.colcon_core.package_identification:_identify(src) by extension 'ros'
[1.174s] Level 1:colcon.colcon_core.package_identification:_identify(src) by extensions ['cmake', 'python']
[1.175s] Level 1:colcon.colcon_core.package_identification:_identify(src) by extension 'cmake'
[1.175s] Level 1:colcon.colcon_core.package_identification:_identify(src) by extension 'python'
[1.175s] Level 1:colcon.colcon_core.package_identification:_identify(src) by extensions ['python_setup_py']
[1.175s] Level 1:colcon.colcon_core.package_identification:_identify(src) by extension 'python_setup_py'
[1.175s] Level 1:colcon.colcon_core.package_identification:_identify(src/opencv_package) by extensions ['ignore', 'ignore_ament_install']
[1.175s] Level 1:colcon.colcon_core.package_identification:_identify(src/opencv_package) by extension 'ignore'
[1.175s] Level 1:colcon.colcon_core.package_identification:_identify(src/opencv_package) by extension 'ignore_ament_install'
[1.176s] Level 1:colcon.colcon_core.package_identification:_identify(src/opencv_package) by extensions ['colcon_pkg']
[1.176s] Level 1:colcon.colcon_core.package_identification:_identify(src/opencv_package) by extension 'colcon_pkg'
[1.176s] Level 1:colcon.colcon_core.package_identification:_identify(src/opencv_package) by extensions ['colcon_meta']
[1.176s] Level 1:colcon.colcon_core.package_identification:_identify(src/opencv_package) by extension 'colcon_meta'
[1.176s] Level 1:colcon.colcon_core.package_identification:_identify(src/opencv_package) by extensions ['ros']
[1.176s] Level 1:colcon.colcon_core.package_identification:_identify(src/opencv_package) by extension 'ros'
[1.194s] DEBUG:colcon.colcon_core.package_identification:Package 'src/opencv_package' with type 'ros.ament_python' and name 'opencv_package'
[1.195s] Level 1:colcon.colcon_core.package_discovery:discover_packages(recursive) using defaults
[1.195s] Level 1:colcon.colcon_core.package_discovery:discover_packages(ignore) discover
[1.195s] Level 1:colcon.colcon_core.package_discovery:discover_packages(ignore) using defaults
[1.195s] Level 1:colcon.colcon_core.package_discovery:discover_packages(path) discover
[1.195s] Level 1:colcon.colcon_core.package_discovery:discover_packages(path) using defaults
[1.356s] Level 1:colcon.colcon_core.package_discovery:discover_packages(prefix_path) check parameters
[1.356s] Level 1:colcon.colcon_core.package_discovery:discover_packages(prefix_path) discover
[1.370s] DEBUG:colcon.colcon_installed_package_information.package_discovery:Found 1 installed packages in /home/sandra/common_project_ws/install
[1.379s] DEBUG:colcon.colcon_installed_package_information.package_discovery:Found 362 installed packages in /opt/ros/galactic
[1.392s] Level 1:colcon.colcon_core.package_discovery:discover_packages(prefix_path) using defaults
[2.063s] Level 5:colcon.colcon_core.verb:set package 'opencv_package' build argument 'cmake_args' from command line to 'None'
[2.063s] Level 5:colcon.colcon_core.verb:set package 'opencv_package' build argument 'cmake_target' from command line to 'None'
[2.063s] Level 5:colcon.colcon_core.verb:set package 'opencv_package' build argument 'cmake_target_skip_unavailable' from command line to 'False'
[2.063s] Level 5:colcon.colcon_core.verb:set package 'opencv_package' build argument 'cmake_clean_cache' from command line to 'False'
[2.063s] Level 5:colcon.colcon_core.verb:set package 'opencv_package' build argument 'cmake_clean_first' from command line to 'False'
[2.063s] Level 5:colcon.colcon_core.verb:set package 'opencv_package' build argument 'cmake_force_configure' from command line to 'False'
[2.063s] Level 5:colcon.colcon_core.verb:set package 'opencv_package' build argument 'ament_cmake_args' from command line to 'None'
[2.064s] Level 5:colcon.colcon_core.verb:set package 'opencv_package' build argument 'catkin_cmake_args' from command line to 'None'
[2.064s] Level 5:colcon.colcon_core.verb:set package 'opencv_package' build argument 'catkin_skip_building_tests' from command line to 'False'
[2.064s] DEBUG:colcon.colcon_core.verb:Building package 'opencv_package' with the following arguments: {'ament_cmake_args': None, 'build_base': '/home/sandra/common_project_ws/build/opencv_package', 'catkin_cmake_args': None, 'catkin_skip_building_tests': False, 'cmake_args': None, 'cmake_clean_cache': False, 'cmake_clean_first': False, 'cmake_force_configure': False, 'cmake_target': None, 'cmake_target_skip_unavailable': False, 'install_base': '/home/sandra/common_project_ws/install/opencv_package', 'merge_install': False, 'path': '/home/sandra/common_project_ws/src/opencv_package', 'symlink_install': False, 'test_result_base': None}
[2.072s] INFO:colcon.colcon_core.executor:Executing jobs using 'parallel' executor
[2.096s] DEBUG:colcon.colcon_parallel_executor.executor.parallel:run_until_complete
[2.097s] INFO:colcon.colcon_ros.task.ament_python.build:Building ROS package in '/home/sandra/common_project_ws/src/opencv_package' with build type 'ament_python'
[2.097s] Level 1:colcon.colcon_core.shell:create_environment_hook('opencv_package', 'ament_prefix_path')
[2.140s] INFO:colcon.colcon_core.plugin_system:Skipping extension 'colcon_core.shell.bat': Not used on non-Windows systems
[2.140s] INFO:colcon.colcon_core.shell:Creating environment hook '/home/sandra/common_project_ws/install/opencv_package/share/opencv_package/hook/ament_prefix_path.ps1'
[2.141s] INFO:colcon.colcon_core.shell:Creating environment descriptor '/home/sandra/common_project_ws/install/opencv_package/share/opencv_package/hook/ament_prefix_path.dsv'
[2.147s] INFO:colcon.colcon_core.shell:Creating environment hook '/home/sandra/common_project_ws/install/opencv_package/share/opencv_package/hook/ament_prefix_path.sh'
[2.160s] INFO:colcon.colcon_core.shell:Skip shell extension 'powershell' for command environment: Not usable outside of PowerShell
[2.160s] DEBUG:colcon.colcon_core.shell:Skip shell extension 'dsv' for command environment
[3.685s] INFO:colcon.colcon_core.task.python.build:Building Python package in '/home/sandra/common_project_ws/src/opencv_package'
[3.698s] INFO:colcon.colcon_core.shell:Skip shell extension 'powershell' for command environment: Not usable outside of PowerShell
[3.699s] DEBUG:colcon.colcon_core.shell:Skip shell extension 'dsv' for command environment
[6.184s] DEBUG:colcon.colcon_core.event_handler.log_command:Invoking command in '/home/sandra/common_project_ws/src/opencv_package': PYTHONPATH=/home/sandra/common_project_ws/install/opencv_package/lib/python3.8/site-packages:${PYTHONPATH} /usr/bin/python3 setup.py egg_info --egg-base ../../build/opencv_package build --build-base /home/sandra/common_project_ws/build/opencv_package/build install --prefix /home/sandra/common_project_ws/install/opencv_package --record /home/sandra/common_project_ws/build/opencv_package/install.log --single-version-externally-managed
[8.073s] DEBUG:colcon.colcon_core.event_handler.log_command:Invoked command in '/home/sandra/common_project_ws/src/opencv_package' returned '0': PYTHONPATH=/home/sandra/common_project_ws/install/opencv_package/lib/python3.8/site-packages:${PYTHONPATH} /usr/bin/python3 setup.py egg_info --egg-base ../../build/opencv_package build --build-base /home/sandra/common_project_ws/build/opencv_package/build install --prefix /home/sandra/common_project_ws/install/opencv_package --record /home/sandra/common_project_ws/build/opencv_package/install.log --single-version-externally-managed
[8.107s] Level 1:colcon.colcon_core.environment:checking '/home/sandra/common_project_ws/install/opencv_package' for CMake module files
[8.111s] Level 1:colcon.colcon_core.environment:checking '/home/sandra/common_project_ws/install/opencv_package' for CMake config files
[8.115s] Level 1:colcon.colcon_core.environment:checking '/home/sandra/common_project_ws/install/opencv_package/lib'
[8.117s] Level 1:colcon.colcon_core.environment:checking '/home/sandra/common_project_ws/install/opencv_package/bin'
[8.119s] Level 1:colcon.colcon_core.environment:checking '/home/sandra/common_project_ws/install/opencv_package/lib/pkgconfig/opencv_package.pc'
[8.120s] Level 1:colcon.colcon_core.environment:checking '/home/sandra/common_project_ws/install/opencv_package/lib/python3.8/site-packages'
[8.122s] Level 1:colcon.colcon_core.shell:create_environment_hook('opencv_package', 'pythonpath')
[8.128s] INFO:colcon.colcon_core.shell:Creating environment hook '/home/sandra/common_project_ws/install/opencv_package/share/opencv_package/hook/pythonpath.ps1'
[8.132s] INFO:colcon.colcon_core.shell:Creating environment descriptor '/home/sandra/common_project_ws/install/opencv_package/share/opencv_package/hook/pythonpath.dsv'
[8.135s] INFO:colcon.colcon_core.shell:Creating environment hook '/home/sandra/common_project_ws/install/opencv_package/share/opencv_package/hook/pythonpath.sh'
[8.141s] Level 1:colcon.colcon_core.environment:checking '/home/sandra/common_project_ws/install/opencv_package/bin'
[8.142s] Level 1:colcon.colcon_core.environment:create_environment_scripts_only(opencv_package)
[8.154s] INFO:colcon.colcon_core.shell:Creating package script '/home/sandra/common_project_ws/install/opencv_package/share/opencv_package/package.ps1'
[8.157s] INFO:colcon.colcon_core.shell:Creating package descriptor '/home/sandra/common_project_ws/install/opencv_package/share/opencv_package/package.dsv'
[8.162s] INFO:colcon.colcon_core.shell:Creating package script '/home/sandra/common_project_ws/install/opencv_package/share/opencv_package/package.sh'
[8.166s] INFO:colcon.colcon_core.shell:Creating package script '/home/sandra/common_project_ws/install/opencv_package/share/opencv_package/package.bash'
[8.173s] INFO:colcon.colcon_core.shell:Creating package script '/home/sandra/common_project_ws/install/opencv_package/share/opencv_package/package.zsh'
[8.176s] Level 1:colcon.colcon_core.environment:create_file_with_runtime_dependencies(/home/sandra/common_project_ws/install/opencv_package/share/colcon-core/packages/opencv_package)
[8.183s] DEBUG:colcon.colcon_parallel_executor.executor.parallel:closing loop
[8.185s] DEBUG:colcon.colcon_parallel_executor.executor.parallel:loop closed
[8.186s] DEBUG:colcon.colcon_parallel_executor.executor.parallel:run_until_complete finished with '0'
[8.187s] DEBUG:colcon.colcon_core.event_reactor:joining thread
[8.232s] INFO:colcon.colcon_core.plugin_system:Skipping extension 'colcon_notification.desktop_notification.terminal_notifier': Not used on non-Darwin systems
[8.233s] INFO:colcon.colcon_core.plugin_system:Skipping extension 'colcon_notification.desktop_notification.win32': Not used on non-Windows systems
[8.233s] INFO:colcon.colcon_notification.desktop_notification:Sending desktop notification using 'notify2'
[8.311s] DEBUG:colcon.colcon_core.event_reactor:joined thread
[8.317s] INFO:colcon.colcon_core.shell:Creating prefix script '/home/sandra/common_project_ws/install/local_setup.ps1'
[8.326s] INFO:colcon.colcon_core.shell:Creating prefix util module '/home/sandra/common_project_ws/install/_local_setup_util_ps1.py'
[8.329s] INFO:colcon.colcon_core.shell:Creating prefix chain script '/home/sandra/common_project_ws/install/setup.ps1'
[8.334s] INFO:colcon.colcon_core.shell:Creating prefix script '/home/sandra/common_project_ws/install/local_setup.sh'
[8.340s] INFO:colcon.colcon_core.shell:Creating prefix util module '/home/sandra/common_project_ws/install/_local_setup_util_sh.py'
[8.345s] INFO:colcon.colcon_core.shell:Creating prefix chain script '/home/sandra/common_project_ws/install/setup.sh'
[8.358s] INFO:colcon.colcon_core.shell:Creating prefix script '/home/sandra/common_project_ws/install/local_setup.bash'
[8.361s] INFO:colcon.colcon_core.shell:Creating prefix chain script '/home/sandra/common_project_ws/install/setup.bash'
[8.365s] INFO:colcon.colcon_core.shell:Creating prefix script '/home/sandra/common_project_ws/install/local_setup.zsh'
[8.367s] INFO:colcon.colcon_core.shell:Creating prefix chain script '/home/sandra/common_project_ws/install/setup.zsh'
