[0.766s] Invoking command in '/home/sandra/common_project_ws/src/opencv_package': PYTHONPATH=/home/sandra/common_project_ws/install/opencv_package/lib/python3.8/site-packages:${PYTHONPATH} /usr/bin/python3 setup.py egg_info --egg-base ../../build/opencv_package build --build-base /home/sandra/common_project_ws/build/opencv_package/build install --prefix /home/sandra/common_project_ws/install/opencv_package --record /home/sandra/common_project_ws/build/opencv_package/install.log --single-version-externally-managed
[1.021s] running egg_info
[1.021s] writing ../../build/opencv_package/opencv_package.egg-info/PKG-INFO
[1.021s] writing dependency_links to ../../build/opencv_package/opencv_package.egg-info/dependency_links.txt
[1.022s] writing entry points to ../../build/opencv_package/opencv_package.egg-info/entry_points.txt
[1.022s] writing requirements to ../../build/opencv_package/opencv_package.egg-info/requires.txt
[1.022s] writing top-level names to ../../build/opencv_package/opencv_package.egg-info/top_level.txt
[1.064s] reading manifest file '../../build/opencv_package/opencv_package.egg-info/SOURCES.txt'
[1.065s] writing manifest file '../../build/opencv_package/opencv_package.egg-info/SOURCES.txt'
[1.065s] running build
[1.065s] running build_py
[1.065s] copying opencv_package/command_subscriber.py -> /home/sandra/common_project_ws/build/opencv_package/build/lib/opencv_package
[1.065s] running install
[1.066s] running install_lib
[1.067s] copying /home/sandra/common_project_ws/build/opencv_package/build/lib/opencv_package/command_subscriber.py -> /home/sandra/common_project_ws/install/opencv_package/lib/python3.8/site-packages/opencv_package
[1.068s] byte-compiling /home/sandra/common_project_ws/install/opencv_package/lib/python3.8/site-packages/opencv_package/command_subscriber.py to command_subscriber.cpython-38.pyc
[1.070s] running install_data
[1.070s] copying package.xml -> /home/sandra/common_project_ws/install/opencv_package/share/opencv_package
[1.070s] running install_egg_info
[1.072s] removing '/home/sandra/common_project_ws/install/opencv_package/lib/python3.8/site-packages/opencv_package-0.0.0-py3.8.egg-info' (and everything under it)
[1.072s] Copying ../../build/opencv_package/opencv_package.egg-info to /home/sandra/common_project_ws/install/opencv_package/lib/python3.8/site-packages/opencv_package-0.0.0-py3.8.egg-info
[1.073s] running install_scripts
[1.090s] Installing cmd_sub script to /home/sandra/common_project_ws/install/opencv_package/lib/opencv_package
[1.090s] Installing gate_det script to /home/sandra/common_project_ws/install/opencv_package/lib/opencv_package
[1.091s] Installing img_det script to /home/sandra/common_project_ws/install/opencv_package/lib/opencv_package
[1.091s] Installing img_sub script to /home/sandra/common_project_ws/install/opencv_package/lib/opencv_package
[1.091s] writing list of installed files to '/home/sandra/common_project_ws/build/opencv_package/install.log'
[1.114s] Invoked command in '/home/sandra/common_project_ws/src/opencv_package' returned '0': PYTHONPATH=/home/sandra/common_project_ws/install/opencv_package/lib/python3.8/site-packages:${PYTHONPATH} /usr/bin/python3 setup.py egg_info --egg-base ../../build/opencv_package build --build-base /home/sandra/common_project_ws/build/opencv_package/build install --prefix /home/sandra/common_project_ws/install/opencv_package --record /home/sandra/common_project_ws/build/opencv_package/install.log --single-version-externally-managed
