[0.817s] DEBUG:colcon:Command line arguments: ['/usr/bin/colcon', 'build']
[0.818s] DEBUG:colcon:Parsed command line arguments: Namespace(allow_overriding=[], ament_cmake_args=None, base_paths=['.'], build_base='build', catkin_cmake_args=None, catkin_skip_building_tests=False, cmake_args=None, cmake_clean_cache=False, cmake_clean_first=False, cmake_force_configure=False, cmake_target=None, cmake_target_skip_unavailable=False, continue_on_error=False, event_handlers=None, executor='parallel', ignore_user_meta=False, install_base='install', log_base=None, log_level=None, main=<bound method BuildVerb.main of <colcon_core.verb.build.BuildVerb object at 0x7fcbbbc1f850>>, merge_install=False, metas=['./colcon.meta'], packages_above=None, packages_above_and_dependencies=None, packages_above_depth=None, packages_end=None, packages_ignore=None, packages_ignore_regex=None, packages_select=None, packages_select_build_failed=False, packages_select_by_dep=None, packages_select_regex=None, packages_select_test_failures=False, packages_skip=None, packages_skip_build_finished=False, packages_skip_by_dep=None, packages_skip_regex=None, packages_skip_test_passed=False, packages_skip_up_to=None, packages_start=None, packages_up_to=None, packages_up_to_regex=None, parallel_workers=8, paths=None, symlink_install=False, test_result_base=None, verb_extension=<colcon_core.verb.build.BuildVerb object at 0x7fcbbbc1f850>, verb_name='build', verb_parser=<colcon_defaults.argument_parser.defaults.DefaultArgumentsDecorator object at 0x7fcbbbc1fdc0>)
[0.941s] Level 1:colcon.colcon_core.package_discovery:discover_packages(colcon_meta) check parameters
[0.942s] Level 1:colcon.colcon_core.package_discovery:discover_packages(recursive) check parameters
[0.943s] Level 1:colcon.colcon_core.package_discovery:discover_packages(ignore) check parameters
[0.943s] Level 1:colcon.colcon_core.package_discovery:discover_packages(path) check parameters
[0.944s] Level 1:colcon.colcon_core.package_discovery:discover_packages(colcon_meta) discover
[0.945s] Level 1:colcon.colcon_core.package_discovery:discover_packages(recursive) discover
[0.947s] INFO:colcon.colcon_core.package_discovery:Crawling recursively for packages in '/home/sandra/common_project_ws'
[0.948s] Level 1:colcon.colcon_core.package_identification:_identify(.) by extensions ['ignore', 'ignore_ament_install']
[0.949s] Level 1:colcon.colcon_core.package_identification:_identify(.) by extension 'ignore'
[0.950s] Level 1:colcon.colcon_core.package_identification:_identify(.) by extension 'ignore_ament_install'
[0.950s] Level 1:colcon.colcon_core.package_identification:_identify(.) by extensions ['colcon_pkg']
[0.950s] Level 1:colcon.colcon_core.package_identification:_identify(.) by extension 'colcon_pkg'
[0.951s] Level 1:colcon.colcon_core.package_identification:_identify(.) by extensions ['colcon_meta']
[0.951s] Level 1:colcon.colcon_core.package_identification:_identify(.) by extension 'colcon_meta'
[0.951s] Level 1:colcon.colcon_core.package_identification:_identify(.) by extensions ['ros']
[0.951s] Level 1:colcon.colcon_core.package_identification:_identify(.) by extension 'ros'
[0.995s] Level 1:colcon.colcon_core.package_identification:_identify(.) by extensions ['cmake', 'python']
[0.995s] Level 1:colcon.colcon_core.package_identification:_identify(.) by extension 'cmake'
[0.995s] Level 1:colcon.colcon_core.package_identification:_identify(.) by extension 'python'
[0.996s] Level 1:colcon.colcon_core.package_identification:_identify(.) by extensions ['python_setup_py']
[0.997s] Level 1:colcon.colcon_core.package_identification:_identify(.) by extension 'python_setup_py'
[0.998s] Level 1:colcon.colcon_core.package_identification:_identify(build) by extensions ['ignore', 'ignore_ament_install']
[0.998s] Level 1:colcon.colcon_core.package_identification:_identify(build) by extension 'ignore'
[0.998s] Level 1:colcon.colcon_core.package_identification:_identify(build) ignored
[0.998s] Level 1:colcon.colcon_core.package_identification:_identify(install) by extensions ['ignore', 'ignore_ament_install']
[0.999s] Level 1:colcon.colcon_core.package_identification:_identify(install) by extension 'ignore'
[0.999s] Level 1:colcon.colcon_core.package_identification:_identify(install) ignored
[1.000s] Level 1:colcon.colcon_core.package_identification:_identify(log) by extensions ['ignore', 'ignore_ament_install']
[1.001s] Level 1:colcon.colcon_core.package_identification:_identify(log) by extension 'ignore'
[1.002s] Level 1:colcon.colcon_core.package_identification:_identify(log) ignored
[1.004s] Level 1:colcon.colcon_core.package_identification:_identify(src) by extensions ['ignore', 'ignore_ament_install']
[1.004s] Level 1:colcon.colcon_core.package_identification:_identify(src) by extension 'ignore'
[1.005s] Level 1:colcon.colcon_core.package_identification:_identify(src) by extension 'ignore_ament_install'
[1.005s] Level 1:colcon.colcon_core.package_identification:_identify(src) by extensions ['colcon_pkg']
[1.005s] Level 1:colcon.colcon_core.package_identification:_identify(src) by extension 'colcon_pkg'
[1.005s] Level 1:colcon.colcon_core.package_identification:_identify(src) by extensions ['colcon_meta']
[1.005s] Level 1:colcon.colcon_core.package_identification:_identify(src) by extension 'colcon_meta'
[1.006s] Level 1:colcon.colcon_core.package_identification:_identify(src) by extensions ['ros']
[1.006s] Level 1:colcon.colcon_core.package_identification:_identify(src) by extension 'ros'
[1.006s] Level 1:colcon.colcon_core.package_identification:_identify(src) by extensions ['cmake', 'python']
[1.006s] Level 1:colcon.colcon_core.package_identification:_identify(src) by extension 'cmake'
[1.006s] Level 1:colcon.colcon_core.package_identification:_identify(src) by extension 'python'
[1.006s] Level 1:colcon.colcon_core.package_identification:_identify(src) by extensions ['python_setup_py']
[1.007s] Level 1:colcon.colcon_core.package_identification:_identify(src) by extension 'python_setup_py'
[1.009s] Level 1:colcon.colcon_core.package_identification:_identify(src/opencv_package) by extensions ['ignore', 'ignore_ament_install']
[1.010s] Level 1:colcon.colcon_core.package_identification:_identify(src/opencv_package) by extension 'ignore'
[1.011s] Level 1:colcon.colcon_core.package_identification:_identify(src/opencv_package) by extension 'ignore_ament_install'
[1.013s] Level 1:colcon.colcon_core.package_identification:_identify(src/opencv_package) by extensions ['colcon_pkg']
[1.013s] Level 1:colcon.colcon_core.package_identification:_identify(src/opencv_package) by extension 'colcon_pkg'
[1.014s] Level 1:colcon.colcon_core.package_identification:_identify(src/opencv_package) by extensions ['colcon_meta']
[1.015s] Level 1:colcon.colcon_core.package_identification:_identify(src/opencv_package) by extension 'colcon_meta'
[1.015s] Level 1:colcon.colcon_core.package_identification:_identify(src/opencv_package) by extensions ['ros']
[1.015s] Level 1:colcon.colcon_core.package_identification:_identify(src/opencv_package) by extension 'ros'
[1.020s] DEBUG:colcon.colcon_core.package_identification:Package 'src/opencv_package' with type 'ros.ament_python' and name 'opencv_package'
[1.020s] Level 1:colcon.colcon_core.package_discovery:discover_packages(recursive) using defaults
[1.020s] Level 1:colcon.colcon_core.package_discovery:discover_packages(ignore) discover
[1.020s] Level 1:colcon.colcon_core.package_discovery:discover_packages(ignore) using defaults
[1.020s] Level 1:colcon.colcon_core.package_discovery:discover_packages(path) discover
[1.020s] Level 1:colcon.colcon_core.package_discovery:discover_packages(path) using defaults
[1.162s] Level 1:colcon.colcon_core.package_discovery:discover_packages(prefix_path) check parameters
[1.163s] Level 1:colcon.colcon_core.package_discovery:discover_packages(prefix_path) discover
[1.180s] DEBUG:colcon.colcon_installed_package_information.package_discovery:Found 1 installed packages in /home/sandra/common_project_ws/install
[1.192s] DEBUG:colcon.colcon_installed_package_information.package_discovery:Found 362 installed packages in /opt/ros/galactic
[1.196s] Level 1:colcon.colcon_core.package_discovery:discover_packages(prefix_path) using defaults
[1.861s] Level 5:colcon.colcon_core.verb:set package 'opencv_package' build argument 'cmake_args' from command line to 'None'
[1.861s] Level 5:colcon.colcon_core.verb:set package 'opencv_package' build argument 'cmake_target' from command line to 'None'
[1.861s] Level 5:colcon.colcon_core.verb:set package 'opencv_package' build argument 'cmake_target_skip_unavailable' from command line to 'False'
[1.861s] Level 5:colcon.colcon_core.verb:set package 'opencv_package' build argument 'cmake_clean_cache' from command line to 'False'
[1.861s] Level 5:colcon.colcon_core.verb:set package 'opencv_package' build argument 'cmake_clean_first' from command line to 'False'
[1.862s] Level 5:colcon.colcon_core.verb:set package 'opencv_package' build argument 'cmake_force_configure' from command line to 'False'
[1.862s] Level 5:colcon.colcon_core.verb:set package 'opencv_package' build argument 'ament_cmake_args' from command line to 'None'
[1.862s] Level 5:colcon.colcon_core.verb:set package 'opencv_package' build argument 'catkin_cmake_args' from command line to 'None'
[1.862s] Level 5:colcon.colcon_core.verb:set package 'opencv_package' build argument 'catkin_skip_building_tests' from command line to 'False'
[1.862s] DEBUG:colcon.colcon_core.verb:Building package 'opencv_package' with the following arguments: {'ament_cmake_args': None, 'build_base': '/home/sandra/common_project_ws/build/opencv_package', 'catkin_cmake_args': None, 'catkin_skip_building_tests': False, 'cmake_args': None, 'cmake_clean_cache': False, 'cmake_clean_first': False, 'cmake_force_configure': False, 'cmake_target': None, 'cmake_target_skip_unavailable': False, 'install_base': '/home/sandra/common_project_ws/install/opencv_package', 'merge_install': False, 'path': '/home/sandra/common_project_ws/src/opencv_package', 'symlink_install': False, 'test_result_base': None}
[1.866s] INFO:colcon.colcon_core.executor:Executing jobs using 'parallel' executor
[1.895s] DEBUG:colcon.colcon_parallel_executor.executor.parallel:run_until_complete
[1.895s] INFO:colcon.colcon_ros.task.ament_python.build:Building ROS package in '/home/sandra/common_project_ws/src/opencv_package' with build type 'ament_python'
[1.896s] Level 1:colcon.colcon_core.shell:create_environment_hook('opencv_package', 'ament_prefix_path')
[1.919s] INFO:colcon.colcon_core.plugin_system:Skipping extension 'colcon_core.shell.bat': Not used on non-Windows systems
[1.922s] INFO:colcon.colcon_core.shell:Creating environment hook '/home/sandra/common_project_ws/install/opencv_package/share/opencv_package/hook/ament_prefix_path.ps1'
[1.928s] INFO:colcon.colcon_core.shell:Creating environment descriptor '/home/sandra/common_project_ws/install/opencv_package/share/opencv_package/hook/ament_prefix_path.dsv'
[1.931s] INFO:colcon.colcon_core.shell:Creating environment hook '/home/sandra/common_project_ws/install/opencv_package/share/opencv_package/hook/ament_prefix_path.sh'
[1.947s] INFO:colcon.colcon_core.shell:Skip shell extension 'powershell' for command environment: Not usable outside of PowerShell
[1.948s] DEBUG:colcon.colcon_core.shell:Skip shell extension 'dsv' for command environment
[3.448s] INFO:colcon.colcon_core.task.python.build:Building Python package in '/home/sandra/common_project_ws/src/opencv_package'
[3.451s] INFO:colcon.colcon_core.shell:Skip shell extension 'powershell' for command environment: Not usable outside of PowerShell
[3.452s] DEBUG:colcon.colcon_core.shell:Skip shell extension 'dsv' for command environment
[5.737s] DEBUG:colcon.colcon_core.event_handler.log_command:Invoking command in '/home/sandra/common_project_ws/src/opencv_package': PYTHONPATH=/home/sandra/common_project_ws/install/opencv_package/lib/python3.8/site-packages:${PYTHONPATH} /usr/bin/python3 setup.py egg_info --egg-base ../../build/opencv_package build --build-base /home/sandra/common_project_ws/build/opencv_package/build install --prefix /home/sandra/common_project_ws/install/opencv_package --record /home/sandra/common_project_ws/build/opencv_package/install.log --single-version-externally-managed
[7.663s] DEBUG:colcon.colcon_core.event_handler.log_command:Invoked command in '/home/sandra/common_project_ws/src/opencv_package' returned '0': PYTHONPATH=/home/sandra/common_project_ws/install/opencv_package/lib/python3.8/site-packages:${PYTHONPATH} /usr/bin/python3 setup.py egg_info --egg-base ../../build/opencv_package build --build-base /home/sandra/common_project_ws/build/opencv_package/build install --prefix /home/sandra/common_project_ws/install/opencv_package --record /home/sandra/common_project_ws/build/opencv_package/install.log --single-version-externally-managed
[7.686s] Level 1:colcon.colcon_core.environment:checking '/home/sandra/common_project_ws/install/opencv_package' for CMake module files
[7.691s] Level 1:colcon.colcon_core.environment:checking '/home/sandra/common_project_ws/install/opencv_package' for CMake config files
[7.693s] Level 1:colcon.colcon_core.environment:checking '/home/sandra/common_project_ws/install/opencv_package/lib'
[7.694s] Level 1:colcon.colcon_core.environment:checking '/home/sandra/common_project_ws/install/opencv_package/bin'
[7.695s] Level 1:colcon.colcon_core.environment:checking '/home/sandra/common_project_ws/install/opencv_package/lib/pkgconfig/opencv_package.pc'
[7.698s] Level 1:colcon.colcon_core.environment:checking '/home/sandra/common_project_ws/install/opencv_package/lib/python3.8/site-packages'
[7.699s] Level 1:colcon.colcon_core.shell:create_environment_hook('opencv_package', 'pythonpath')
[7.705s] INFO:colcon.colcon_core.shell:Creating environment hook '/home/sandra/common_project_ws/install/opencv_package/share/opencv_package/hook/pythonpath.ps1'
[7.706s] INFO:colcon.colcon_core.shell:Creating environment descriptor '/home/sandra/common_project_ws/install/opencv_package/share/opencv_package/hook/pythonpath.dsv'
[7.707s] INFO:colcon.colcon_core.shell:Creating environment hook '/home/sandra/common_project_ws/install/opencv_package/share/opencv_package/hook/pythonpath.sh'
[7.708s] Level 1:colcon.colcon_core.environment:checking '/home/sandra/common_project_ws/install/opencv_package/bin'
[7.708s] Level 1:colcon.colcon_core.environment:create_environment_scripts_only(opencv_package)
[7.718s] INFO:colcon.colcon_core.shell:Creating package script '/home/sandra/common_project_ws/install/opencv_package/share/opencv_package/package.ps1'
[7.724s] INFO:colcon.colcon_core.shell:Creating package descriptor '/home/sandra/common_project_ws/install/opencv_package/share/opencv_package/package.dsv'
[7.728s] INFO:colcon.colcon_core.shell:Creating package script '/home/sandra/common_project_ws/install/opencv_package/share/opencv_package/package.sh'
[7.737s] INFO:colcon.colcon_core.shell:Creating package script '/home/sandra/common_project_ws/install/opencv_package/share/opencv_package/package.bash'
[7.738s] INFO:colcon.colcon_core.shell:Creating package script '/home/sandra/common_project_ws/install/opencv_package/share/opencv_package/package.zsh'
[7.740s] Level 1:colcon.colcon_core.environment:create_file_with_runtime_dependencies(/home/sandra/common_project_ws/install/opencv_package/share/colcon-core/packages/opencv_package)
[7.743s] DEBUG:colcon.colcon_parallel_executor.executor.parallel:closing loop
[7.746s] DEBUG:colcon.colcon_parallel_executor.executor.parallel:loop closed
[7.748s] DEBUG:colcon.colcon_parallel_executor.executor.parallel:run_until_complete finished with '0'
[7.749s] DEBUG:colcon.colcon_core.event_reactor:joining thread
[7.801s] INFO:colcon.colcon_core.plugin_system:Skipping extension 'colcon_notification.desktop_notification.terminal_notifier': Not used on non-Darwin systems
[7.803s] INFO:colcon.colcon_core.plugin_system:Skipping extension 'colcon_notification.desktop_notification.win32': Not used on non-Windows systems
[7.804s] INFO:colcon.colcon_notification.desktop_notification:Sending desktop notification using 'notify2'
[7.880s] DEBUG:colcon.colcon_core.event_reactor:joined thread
[7.884s] INFO:colcon.colcon_core.shell:Creating prefix script '/home/sandra/common_project_ws/install/local_setup.ps1'
[7.892s] INFO:colcon.colcon_core.shell:Creating prefix util module '/home/sandra/common_project_ws/install/_local_setup_util_ps1.py'
[7.901s] INFO:colcon.colcon_core.shell:Creating prefix chain script '/home/sandra/common_project_ws/install/setup.ps1'
[7.912s] INFO:colcon.colcon_core.shell:Creating prefix script '/home/sandra/common_project_ws/install/local_setup.sh'
[7.915s] INFO:colcon.colcon_core.shell:Creating prefix util module '/home/sandra/common_project_ws/install/_local_setup_util_sh.py'
[7.917s] INFO:colcon.colcon_core.shell:Creating prefix chain script '/home/sandra/common_project_ws/install/setup.sh'
[7.933s] INFO:colcon.colcon_core.shell:Creating prefix script '/home/sandra/common_project_ws/install/local_setup.bash'
[7.937s] INFO:colcon.colcon_core.shell:Creating prefix chain script '/home/sandra/common_project_ws/install/setup.bash'
[7.949s] INFO:colcon.colcon_core.shell:Creating prefix script '/home/sandra/common_project_ws/install/local_setup.zsh'
[7.955s] INFO:colcon.colcon_core.shell:Creating prefix chain script '/home/sandra/common_project_ws/install/setup.zsh'
