[7.604s] Invoking command in '/home/sandra/common_project_ws/src/opencv_package': PYTHONPATH=/home/sandra/common_project_ws/install/opencv_package/lib/python3.8/site-packages:${PYTHONPATH} /usr/bin/python3 setup.py egg_info --egg-base ../../build/opencv_package build --build-base /home/sandra/common_project_ws/build/opencv_package/build install --prefix /home/sandra/common_project_ws/install/opencv_package --record /home/sandra/common_project_ws/build/opencv_package/install.log --single-version-externally-managed
[10.393s] running egg_info
[10.397s] writing ../../build/opencv_package/opencv_package.egg-info/PKG-INFO
[10.398s] writing dependency_links to ../../build/opencv_package/opencv_package.egg-info/dependency_links.txt
[10.399s] writing entry points to ../../build/opencv_package/opencv_package.egg-info/entry_points.txt
[10.403s] writing requirements to ../../build/opencv_package/opencv_package.egg-info/requires.txt
[10.405s] writing top-level names to ../../build/opencv_package/opencv_package.egg-info/top_level.txt
[10.728s] reading manifest file '../../build/opencv_package/opencv_package.egg-info/SOURCES.txt'
[10.733s] writing manifest file '../../build/opencv_package/opencv_package.egg-info/SOURCES.txt'
[10.734s] running build
[10.735s] running build_py
[10.737s] copying opencv_package/object_detection.py -> /home/sandra/common_project_ws/build/opencv_package/build/lib/opencv_package
[10.740s] running install
[10.748s] running install_lib
[10.756s] copying /home/sandra/common_project_ws/build/opencv_package/build/lib/opencv_package/object_detection.py -> /home/sandra/common_project_ws/install/opencv_package/lib/python3.8/site-packages/opencv_package
[10.759s] byte-compiling /home/sandra/common_project_ws/install/opencv_package/lib/python3.8/site-packages/opencv_package/object_detection.py to object_detection.cpython-38.pyc
[10.778s] running install_data
[10.783s] running install_egg_info
[10.798s] removing '/home/sandra/common_project_ws/install/opencv_package/lib/python3.8/site-packages/opencv_package-0.0.0-py3.8.egg-info' (and everything under it)
[10.801s] Copying ../../build/opencv_package/opencv_package.egg-info to /home/sandra/common_project_ws/install/opencv_package/lib/python3.8/site-packages/opencv_package-0.0.0-py3.8.egg-info
[10.807s] running install_scripts
[10.974s] Installing img_det script to /home/sandra/common_project_ws/install/opencv_package/lib/opencv_package
[10.976s] Installing img_sub script to /home/sandra/common_project_ws/install/opencv_package/lib/opencv_package
[10.979s] writing list of installed files to '/home/sandra/common_project_ws/build/opencv_package/install.log'
[11.149s] Invoked command in '/home/sandra/common_project_ws/src/opencv_package' returned '0': PYTHONPATH=/home/sandra/common_project_ws/install/opencv_package/lib/python3.8/site-packages:${PYTHONPATH} /usr/bin/python3 setup.py egg_info --egg-base ../../build/opencv_package build --build-base /home/sandra/common_project_ws/build/opencv_package/build install --prefix /home/sandra/common_project_ws/install/opencv_package --record /home/sandra/common_project_ws/build/opencv_package/install.log --single-version-externally-managed
