[3.729s] Invoking command in '/home/sandra/common_project_ws/src/opencv_package': PYTHONPATH=/home/sandra/common_project_ws/install/opencv_package/lib/python3.8/site-packages:${PYTHONPATH} /usr/bin/python3 setup.py egg_info --egg-base ../../build/opencv_package build --build-base /home/sandra/common_project_ws/build/opencv_package/build install --prefix /home/sandra/common_project_ws/install/opencv_package --record /home/sandra/common_project_ws/build/opencv_package/install.log --single-version-externally-managed
[5.066s] running egg_info
[5.070s] writing ../../build/opencv_package/opencv_package.egg-info/PKG-INFO
[5.072s] writing dependency_links to ../../build/opencv_package/opencv_package.egg-info/dependency_links.txt
[5.075s] writing entry points to ../../build/opencv_package/opencv_package.egg-info/entry_points.txt
[5.077s] writing requirements to ../../build/opencv_package/opencv_package.egg-info/requires.txt
[5.077s] writing top-level names to ../../build/opencv_package/opencv_package.egg-info/top_level.txt
[5.251s] reading manifest file '../../build/opencv_package/opencv_package.egg-info/SOURCES.txt'
[5.253s] writing manifest file '../../build/opencv_package/opencv_package.egg-info/SOURCES.txt'
[5.253s] running build
[5.253s] running build_py
[5.254s] copying opencv_package/image_subscriber.py -> /home/sandra/common_project_ws/build/opencv_package/build/lib/opencv_package
[5.256s] running install
[5.261s] running install_lib
[5.264s] copying /home/sandra/common_project_ws/build/opencv_package/build/lib/opencv_package/image_subscriber.py -> /home/sandra/common_project_ws/install/opencv_package/lib/python3.8/site-packages/opencv_package
[5.265s] byte-compiling /home/sandra/common_project_ws/install/opencv_package/lib/python3.8/site-packages/opencv_package/image_subscriber.py to image_subscriber.cpython-38.pyc
[5.281s] running install_data
[5.284s] running install_egg_info
[5.292s] removing '/home/sandra/common_project_ws/install/opencv_package/lib/python3.8/site-packages/opencv_package-0.0.0-py3.8.egg-info' (and everything under it)
[5.293s] Copying ../../build/opencv_package/opencv_package.egg-info to /home/sandra/common_project_ws/install/opencv_package/lib/python3.8/site-packages/opencv_package-0.0.0-py3.8.egg-info
[5.296s] running install_scripts
[5.367s] Installing img_det script to /home/sandra/common_project_ws/install/opencv_package/lib/opencv_package
[5.369s] Installing img_sub script to /home/sandra/common_project_ws/install/opencv_package/lib/opencv_package
[5.374s] writing list of installed files to '/home/sandra/common_project_ws/build/opencv_package/install.log'
[5.511s] Invoked command in '/home/sandra/common_project_ws/src/opencv_package' returned '0': PYTHONPATH=/home/sandra/common_project_ws/install/opencv_package/lib/python3.8/site-packages:${PYTHONPATH} /usr/bin/python3 setup.py egg_info --egg-base ../../build/opencv_package build --build-base /home/sandra/common_project_ws/build/opencv_package/build install --prefix /home/sandra/common_project_ws/install/opencv_package --record /home/sandra/common_project_ws/build/opencv_package/install.log --single-version-externally-managed
