[3.348s] Invoking command in '/home/sandra/common_project_ws/src/opencv_package': PYTHONPATH=/home/sandra/common_project_ws/install/opencv_package/lib/python3.8/site-packages:${PYTHONPATH} /usr/bin/python3 setup.py egg_info --egg-base ../../build/opencv_package build --build-base /home/sandra/common_project_ws/build/opencv_package/build install --prefix /home/sandra/common_project_ws/install/opencv_package --record /home/sandra/common_project_ws/build/opencv_package/install.log --single-version-externally-managed
[4.546s] running egg_info
[4.550s] writing ../../build/opencv_package/opencv_package.egg-info/PKG-INFO
[4.552s] writing dependency_links to ../../build/opencv_package/opencv_package.egg-info/dependency_links.txt
[4.553s] writing entry points to ../../build/opencv_package/opencv_package.egg-info/entry_points.txt
[4.553s] writing requirements to ../../build/opencv_package/opencv_package.egg-info/requires.txt
[4.554s] writing top-level names to ../../build/opencv_package/opencv_package.egg-info/top_level.txt
[4.715s] reading manifest file '../../build/opencv_package/opencv_package.egg-info/SOURCES.txt'
[4.717s] writing manifest file '../../build/opencv_package/opencv_package.egg-info/SOURCES.txt'
[4.717s] running build
[4.717s] running build_py
[4.717s] copying opencv_package/gate_detection.py -> /home/sandra/common_project_ws/build/opencv_package/build/lib/opencv_package
[4.718s] running install
[4.719s] running install_lib
[4.726s] copying /home/sandra/common_project_ws/build/opencv_package/build/lib/opencv_package/gate_detection.py -> /home/sandra/common_project_ws/install/opencv_package/lib/python3.8/site-packages/opencv_package
[4.734s] byte-compiling /home/sandra/common_project_ws/install/opencv_package/lib/python3.8/site-packages/opencv_package/gate_detection.py to gate_detection.cpython-38.pyc
[4.750s] running install_data
[4.752s] running install_egg_info
[4.768s] removing '/home/sandra/common_project_ws/install/opencv_package/lib/python3.8/site-packages/opencv_package-0.0.0-py3.8.egg-info' (and everything under it)
[4.769s] Copying ../../build/opencv_package/opencv_package.egg-info to /home/sandra/common_project_ws/install/opencv_package/lib/python3.8/site-packages/opencv_package-0.0.0-py3.8.egg-info
[4.780s] running install_scripts
[4.865s] Installing gate_det script to /home/sandra/common_project_ws/install/opencv_package/lib/opencv_package
[4.865s] Installing img_det script to /home/sandra/common_project_ws/install/opencv_package/lib/opencv_package
[4.865s] Installing img_sub script to /home/sandra/common_project_ws/install/opencv_package/lib/opencv_package
[4.866s] writing list of installed files to '/home/sandra/common_project_ws/build/opencv_package/install.log'
[4.960s] Invoked command in '/home/sandra/common_project_ws/src/opencv_package' returned '0': PYTHONPATH=/home/sandra/common_project_ws/install/opencv_package/lib/python3.8/site-packages:${PYTHONPATH} /usr/bin/python3 setup.py egg_info --egg-base ../../build/opencv_package build --build-base /home/sandra/common_project_ws/build/opencv_package/build install --prefix /home/sandra/common_project_ws/install/opencv_package --record /home/sandra/common_project_ws/build/opencv_package/install.log --single-version-externally-managed
