[0.011s] Invoking command in '/home/huo/drone_racing_ros2_ws/build/tello_gazebo': AMENT_PREFIX_PATH=/home/huo/drone_racing_ros2_ws/install/tello_msgs:${AMENT_PREFIX_PATH} CMAKE_PREFIX_PATH=/home/huo/drone_racing_ros2_ws/install/tello_msgs:/opt/ros/galactic LD_LIBRARY_PATH=/home/huo/drone_racing_ros2_ws/install/tello_msgs/lib:${LD_LIBRARY_PATH} PYTHONPATH=/home/huo/drone_racing_ros2_ws/install/tello_msgs/lib/python3.8/site-packages:${PYTHONPATH} /usr/bin/cmake --build /home/huo/drone_racing_ros2_ws/build/tello_gazebo -- -j8 -l8
[0.107s] [100%] Built target TelloPlugin
[0.127s] Invoked command in '/home/huo/drone_racing_ros2_ws/build/tello_gazebo' returned '0': AMENT_PREFIX_PATH=/home/huo/drone_racing_ros2_ws/install/tello_msgs:${AMENT_PREFIX_PATH} CMAKE_PREFIX_PATH=/home/huo/drone_racing_ros2_ws/install/tello_msgs:/opt/ros/galactic LD_LIBRARY_PATH=/home/huo/drone_racing_ros2_ws/install/tello_msgs/lib:${LD_LIBRARY_PATH} PYTHONPATH=/home/huo/drone_racing_ros2_ws/install/tello_msgs/lib/python3.8/site-packages:${PYTHONPATH} /usr/bin/cmake --build /home/huo/drone_racing_ros2_ws/build/tello_gazebo -- -j8 -l8
[0.128s] Invoking command in '/home/huo/drone_racing_ros2_ws/build/tello_gazebo': AMENT_PREFIX_PATH=/home/huo/drone_racing_ros2_ws/install/tello_msgs:${AMENT_PREFIX_PATH} CMAKE_PREFIX_PATH=/home/huo/drone_racing_ros2_ws/install/tello_msgs:/opt/ros/galactic LD_LIBRARY_PATH=/home/huo/drone_racing_ros2_ws/install/tello_msgs/lib:${LD_LIBRARY_PATH} PYTHONPATH=/home/huo/drone_racing_ros2_ws/install/tello_msgs/lib/python3.8/site-packages:${PYTHONPATH} /usr/bin/cmake --install /home/huo/drone_racing_ros2_ws/build/tello_gazebo
[0.136s] -- Install configuration: ""
[0.136s] -- Up-to-date: /home/huo/drone_racing_ros2_ws/install/tello_gazebo/lib/libTelloPlugin.so
[0.136s] -- Up-to-date: /home/huo/drone_racing_ros2_ws/install/tello_gazebo/share/tello_gazebo/models
[0.137s] -- Up-to-date: /home/huo/drone_racing_ros2_ws/install/tello_gazebo/share/tello_gazebo/models/square_gate_blue
[0.137s] -- Up-to-date: /home/huo/drone_racing_ros2_ws/install/tello_gazebo/share/tello_gazebo/models/square_gate_blue/model.sdf
[0.137s] -- Up-to-date: /home/huo/drone_racing_ros2_ws/install/tello_gazebo/share/tello_gazebo/models/square_gate_blue/square_gate.dae
[0.137s] -- Up-to-date: /home/huo/drone_racing_ros2_ws/install/tello_gazebo/share/tello_gazebo/models/square_gate_blue/model.config
[0.137s] -- Up-to-date: /home/huo/drone_racing_ros2_ws/install/tello_gazebo/share/tello_gazebo/models/square_gate_green
[0.137s] -- Up-to-date: /home/huo/drone_racing_ros2_ws/install/tello_gazebo/share/tello_gazebo/models/square_gate_green/model.sdf
[0.137s] -- Up-to-date: /home/huo/drone_racing_ros2_ws/install/tello_gazebo/share/tello_gazebo/models/square_gate_green/square_gate.dae
[0.137s] -- Up-to-date: /home/huo/drone_racing_ros2_ws/install/tello_gazebo/share/tello_gazebo/models/square_gate_green/model.config
[0.137s] -- Up-to-date: /home/huo/drone_racing_ros2_ws/install/tello_gazebo/share/tello_gazebo/models/square_gate_red
[0.137s] -- Up-to-date: /home/huo/drone_racing_ros2_ws/install/tello_gazebo/share/tello_gazebo/models/square_gate_red/model.sdf
[0.137s] -- Up-to-date: /home/huo/drone_racing_ros2_ws/install/tello_gazebo/share/tello_gazebo/models/square_gate_red/square_gate.dae
[0.137s] -- Up-to-date: /home/huo/drone_racing_ros2_ws/install/tello_gazebo/share/tello_gazebo/models/square_gate_red/model.config
[0.138s] -- Up-to-date: /home/huo/drone_racing_ros2_ws/install/tello_gazebo/share/tello_gazebo/models/square_gate_green_short
[0.138s] -- Up-to-date: /home/huo/drone_racing_ros2_ws/install/tello_gazebo/share/tello_gazebo/models/square_gate_green_short/model.sdf
[0.138s] -- Up-to-date: /home/huo/drone_racing_ros2_ws/install/tello_gazebo/share/tello_gazebo/models/square_gate_green_short/square_gate_short.dae
[0.138s] -- Up-to-date: /home/huo/drone_racing_ros2_ws/install/tello_gazebo/share/tello_gazebo/models/square_gate_green_short/model.config
[0.138s] -- Up-to-date: /home/huo/drone_racing_ros2_ws/install/tello_gazebo/share/tello_gazebo/models/circle_gate_green_short
[0.138s] -- Up-to-date: /home/huo/drone_racing_ros2_ws/install/tello_gazebo/share/tello_gazebo/models/circle_gate_green_short/model.sdf
[0.138s] -- Up-to-date: /home/huo/drone_racing_ros2_ws/install/tello_gazebo/share/tello_gazebo/models/circle_gate_green_short/model.config
[0.138s] -- Up-to-date: /home/huo/drone_racing_ros2_ws/install/tello_gazebo/share/tello_gazebo/models/circle_gate_green_short/circle_gate_short.dae
[0.138s] -- Up-to-date: /home/huo/drone_racing_ros2_ws/install/tello_gazebo/share/tello_gazebo/models/circle_gate_blue
[0.138s] -- Up-to-date: /home/huo/drone_racing_ros2_ws/install/tello_gazebo/share/tello_gazebo/models/circle_gate_blue/model.sdf
[0.138s] -- Up-to-date: /home/huo/drone_racing_ros2_ws/install/tello_gazebo/share/tello_gazebo/models/circle_gate_blue/circle_gate.dae
[0.138s] -- Up-to-date: /home/huo/drone_racing_ros2_ws/install/tello_gazebo/share/tello_gazebo/models/circle_gate_blue/model.config
[0.139s] -- Up-to-date: /home/huo/drone_racing_ros2_ws/install/tello_gazebo/share/tello_gazebo/models/stop_sign
[0.139s] -- Up-to-date: /home/huo/drone_racing_ros2_ws/install/tello_gazebo/share/tello_gazebo/models/stop_sign/model.sdf
[0.139s] -- Up-to-date: /home/huo/drone_racing_ros2_ws/install/tello_gazebo/share/tello_gazebo/models/stop_sign/model-1_4.sdf
[0.139s] -- Up-to-date: /home/huo/drone_racing_ros2_ws/install/tello_gazebo/share/tello_gazebo/models/stop_sign/model-1_3.sdf
[0.139s] -- Up-to-date: /home/huo/drone_racing_ros2_ws/install/tello_gazebo/share/tello_gazebo/models/stop_sign/meshes
[0.139s] -- Up-to-date: /home/huo/drone_racing_ros2_ws/install/tello_gazebo/share/tello_gazebo/models/stop_sign/meshes/stop_sign.dae
[0.139s] -- Up-to-date: /home/huo/drone_racing_ros2_ws/install/tello_gazebo/share/tello_gazebo/models/stop_sign/model.config
[0.139s] -- Up-to-date: /home/huo/drone_racing_ros2_ws/install/tello_gazebo/share/tello_gazebo/models/stop_sign/materials
[0.139s] -- Up-to-date: /home/huo/drone_racing_ros2_ws/install/tello_gazebo/share/tello_gazebo/models/stop_sign/materials/textures
[0.140s] -- Up-to-date: /home/huo/drone_racing_ros2_ws/install/tello_gazebo/share/tello_gazebo/models/stop_sign/materials/textures/StopSign_Spec.png
[0.140s] -- Up-to-date: /home/huo/drone_racing_ros2_ws/install/tello_gazebo/share/tello_gazebo/models/stop_sign/materials/textures/StopSign_Diffuse.png
[0.140s] -- Up-to-date: /home/huo/drone_racing_ros2_ws/install/tello_gazebo/share/tello_gazebo/models/stop_sign/materials/scripts
[0.140s] -- Up-to-date: /home/huo/drone_racing_ros2_ws/install/tello_gazebo/share/tello_gazebo/models/stop_sign/materials/scripts/stopsign.material
[0.140s] -- Up-to-date: /home/huo/drone_racing_ros2_ws/install/tello_gazebo/share/tello_gazebo/models/circle_gate_red
[0.140s] -- Up-to-date: /home/huo/drone_racing_ros2_ws/install/tello_gazebo/share/tello_gazebo/models/circle_gate_red/model.sdf
[0.140s] -- Up-to-date: /home/huo/drone_racing_ros2_ws/install/tello_gazebo/share/tello_gazebo/models/circle_gate_red/circle_gate.dae
[0.140s] -- Up-to-date: /home/huo/drone_racing_ros2_ws/install/tello_gazebo/share/tello_gazebo/models/circle_gate_red/model.config
[0.140s] -- Up-to-date: /home/huo/drone_racing_ros2_ws/install/tello_gazebo/share/tello_gazebo/models/square_gate_green_tall
[0.141s] -- Up-to-date: /home/huo/drone_racing_ros2_ws/install/tello_gazebo/share/tello_gazebo/models/square_gate_green_tall/model.sdf
[0.141s] -- Up-to-date: /home/huo/drone_racing_ros2_ws/install/tello_gazebo/share/tello_gazebo/models/square_gate_green_tall/square_gate_tall.dae
[0.141s] -- Up-to-date: /home/huo/drone_racing_ros2_ws/install/tello_gazebo/share/tello_gazebo/models/square_gate_green_tall/model.config
[0.141s] -- Up-to-date: /home/huo/drone_racing_ros2_ws/install/tello_gazebo/share/tello_gazebo/models/euro_pallet
[0.141s] -- Up-to-date: /home/huo/drone_racing_ros2_ws/install/tello_gazebo/share/tello_gazebo/models/euro_pallet/model.sdf
[0.141s] -- Up-to-date: /home/huo/drone_racing_ros2_ws/install/tello_gazebo/share/tello_gazebo/models/euro_pallet/meshes
[0.141s] -- Up-to-date: /home/huo/drone_racing_ros2_ws/install/tello_gazebo/share/tello_gazebo/models/euro_pallet/meshes/pallet.dae
[0.141s] -- Up-to-date: /home/huo/drone_racing_ros2_ws/install/tello_gazebo/share/tello_gazebo/models/euro_pallet/model.config
[0.141s] -- Up-to-date: /home/huo/drone_racing_ros2_ws/install/tello_gazebo/share/tello_gazebo/models/circle_gate_green
[0.141s] -- Up-to-date: /home/huo/drone_racing_ros2_ws/install/tello_gazebo/share/tello_gazebo/models/circle_gate_green/model.sdf
[0.142s] -- Up-to-date: /home/huo/drone_racing_ros2_ws/install/tello_gazebo/share/tello_gazebo/models/circle_gate_green/circle_gate.dae
[0.142s] -- Up-to-date: /home/huo/drone_racing_ros2_ws/install/tello_gazebo/share/tello_gazebo/models/circle_gate_green/model.config
[0.142s] -- Up-to-date: /home/huo/drone_racing_ros2_ws/install/tello_gazebo/share/tello_gazebo/models/asphalt_plane
[0.142s] -- Up-to-date: /home/huo/drone_racing_ros2_ws/install/tello_gazebo/share/tello_gazebo/models/asphalt_plane/model.sdf
[0.142s] -- Up-to-date: /home/huo/drone_racing_ros2_ws/install/tello_gazebo/share/tello_gazebo/models/asphalt_plane/model-1_4.sdf
[0.142s] -- Up-to-date: /home/huo/drone_racing_ros2_ws/install/tello_gazebo/share/tello_gazebo/models/asphalt_plane/model.config
[0.142s] -- Up-to-date: /home/huo/drone_racing_ros2_ws/install/tello_gazebo/share/tello_gazebo/models/asphalt_plane/materials
[0.142s] -- Up-to-date: /home/huo/drone_racing_ros2_ws/install/tello_gazebo/share/tello_gazebo/models/asphalt_plane/materials/textures
[0.142s] -- Up-to-date: /home/huo/drone_racing_ros2_ws/install/tello_gazebo/share/tello_gazebo/models/asphalt_plane/materials/textures/tarmac.png
[0.142s] -- Up-to-date: /home/huo/drone_racing_ros2_ws/install/tello_gazebo/share/tello_gazebo/models/asphalt_plane/materials/scripts
[0.143s] -- Up-to-date: /home/huo/drone_racing_ros2_ws/install/tello_gazebo/share/tello_gazebo/models/asphalt_plane/materials/scripts/asphalt.material
[0.143s] -- Up-to-date: /home/huo/drone_racing_ros2_ws/install/tello_gazebo/share/tello_gazebo/models/circle_gate_green_tall
[0.143s] -- Up-to-date: /home/huo/drone_racing_ros2_ws/install/tello_gazebo/share/tello_gazebo/models/circle_gate_green_tall/circle_gate_tall.dae
[0.143s] -- Up-to-date: /home/huo/drone_racing_ros2_ws/install/tello_gazebo/share/tello_gazebo/models/circle_gate_green_tall/model.sdf
[0.143s] -- Up-to-date: /home/huo/drone_racing_ros2_ws/install/tello_gazebo/share/tello_gazebo/models/circle_gate_green_tall/model.config
[0.143s] -- Up-to-date: /home/huo/drone_racing_ros2_ws/install/tello_gazebo/share/tello_gazebo/worlds
[0.143s] -- Up-to-date: /home/huo/drone_racing_ros2_ws/install/tello_gazebo/share/tello_gazebo/worlds/demo_track.world
[0.143s] -- Up-to-date: /home/huo/drone_racing_ros2_ws/install/tello_gazebo/share/tello_gazebo/worlds/simple.world
[0.143s] -- Up-to-date: /home/huo/drone_racing_ros2_ws/install/tello_gazebo/share/tello_gazebo/launch
[0.144s] -- Up-to-date: /home/huo/drone_racing_ros2_ws/install/tello_gazebo/share/tello_gazebo/launch/demo_track_launch.py
[0.144s] -- Up-to-date: /home/huo/drone_racing_ros2_ws/install/tello_gazebo/share/tello_gazebo/launch/__pycache__
[0.144s] -- Up-to-date: /home/huo/drone_racing_ros2_ws/install/tello_gazebo/share/tello_gazebo/launch/__pycache__/vlam_launch.cpython-38.pyc
[0.144s] -- Up-to-date: /home/huo/drone_racing_ros2_ws/install/tello_gazebo/share/tello_gazebo/launch/simple_launch.py
[0.144s] -- Up-to-date: /home/huo/drone_racing_ros2_ws/install/tello_gazebo/lib/tello_gazebo/inject_entity.py
[0.144s] -- Up-to-date: /home/huo/drone_racing_ros2_ws/install/tello_gazebo/share/ament_index/resource_index/package_run_dependencies/tello_gazebo
[0.144s] -- Up-to-date: /home/huo/drone_racing_ros2_ws/install/tello_gazebo/share/ament_index/resource_index/parent_prefix_path/tello_gazebo
[0.144s] -- Up-to-date: /home/huo/drone_racing_ros2_ws/install/tello_gazebo/share/tello_gazebo/environment/ament_prefix_path.sh
[0.144s] -- Up-to-date: /home/huo/drone_racing_ros2_ws/install/tello_gazebo/share/tello_gazebo/environment/ament_prefix_path.dsv
[0.145s] -- Up-to-date: /home/huo/drone_racing_ros2_ws/install/tello_gazebo/share/tello_gazebo/environment/path.sh
[0.145s] -- Up-to-date: /home/huo/drone_racing_ros2_ws/install/tello_gazebo/share/tello_gazebo/environment/path.dsv
[0.145s] -- Up-to-date: /home/huo/drone_racing_ros2_ws/install/tello_gazebo/share/tello_gazebo/local_setup.bash
[0.145s] -- Up-to-date: /home/huo/drone_racing_ros2_ws/install/tello_gazebo/share/tello_gazebo/local_setup.sh
[0.145s] -- Up-to-date: /home/huo/drone_racing_ros2_ws/install/tello_gazebo/share/tello_gazebo/local_setup.zsh
[0.145s] -- Up-to-date: /home/huo/drone_racing_ros2_ws/install/tello_gazebo/share/tello_gazebo/local_setup.dsv
[0.145s] -- Installing: /home/huo/drone_racing_ros2_ws/install/tello_gazebo/share/tello_gazebo/package.dsv
[0.145s] -- Up-to-date: /home/huo/drone_racing_ros2_ws/install/tello_gazebo/share/ament_index/resource_index/packages/tello_gazebo
[0.145s] -- Up-to-date: /home/huo/drone_racing_ros2_ws/install/tello_gazebo/share/tello_gazebo/cmake/tello_gazeboConfig.cmake
[0.145s] -- Up-to-date: /home/huo/drone_racing_ros2_ws/install/tello_gazebo/share/tello_gazebo/cmake/tello_gazeboConfig-version.cmake
[0.145s] -- Up-to-date: /home/huo/drone_racing_ros2_ws/install/tello_gazebo/share/tello_gazebo/package.xml
[0.147s] Invoked command in '/home/huo/drone_racing_ros2_ws/build/tello_gazebo' returned '0': AMENT_PREFIX_PATH=/home/huo/drone_racing_ros2_ws/install/tello_msgs:${AMENT_PREFIX_PATH} CMAKE_PREFIX_PATH=/home/huo/drone_racing_ros2_ws/install/tello_msgs:/opt/ros/galactic LD_LIBRARY_PATH=/home/huo/drone_racing_ros2_ws/install/tello_msgs/lib:${LD_LIBRARY_PATH} PYTHONPATH=/home/huo/drone_racing_ros2_ws/install/tello_msgs/lib/python3.8/site-packages:${PYTHONPATH} /usr/bin/cmake --install /home/huo/drone_racing_ros2_ws/build/tello_gazebo
