[8.697s] Invoking command in '/home/sandra/common_project_ws/src/opencv_package': PYTHONPATH=/home/sandra/common_project_ws/install/opencv_package/lib/python3.8/site-packages:${PYTHONPATH} /usr/bin/python3 setup.py egg_info --egg-base ../../build/opencv_package build --build-base /home/sandra/common_project_ws/build/opencv_package/build install --prefix /home/sandra/common_project_ws/install/opencv_package --record /home/sandra/common_project_ws/build/opencv_package/install.log --single-version-externally-managed
[12.098s] running egg_info
[12.108s] writing ../../build/opencv_package/opencv_package.egg-info/PKG-INFO
[12.111s] writing dependency_links to ../../build/opencv_package/opencv_package.egg-info/dependency_links.txt
[12.113s] writing entry points to ../../build/opencv_package/opencv_package.egg-info/entry_points.txt
[12.114s] writing requirements to ../../build/opencv_package/opencv_package.egg-info/requires.txt
[12.115s] writing top-level names to ../../build/opencv_package/opencv_package.egg-info/top_level.txt
[12.535s] reading manifest file '../../build/opencv_package/opencv_package.egg-info/SOURCES.txt'
[12.543s] writing manifest file '../../build/opencv_package/opencv_package.egg-info/SOURCES.txt'
[12.548s] running build
[12.550s] running build_py
[12.551s] copying opencv_package/object_detection.py -> /home/sandra/common_project_ws/build/opencv_package/build/lib/opencv_package
[12.553s] running install
[12.556s] running install_lib
[12.571s] copying /home/sandra/common_project_ws/build/opencv_package/build/lib/opencv_package/object_detection.py -> /home/sandra/common_project_ws/install/opencv_package/lib/python3.8/site-packages/opencv_package
[12.577s] byte-compiling /home/sandra/common_project_ws/install/opencv_package/lib/python3.8/site-packages/opencv_package/object_detection.py to object_detection.cpython-38.pyc
[12.607s] running install_data
[12.611s] running install_egg_info
[12.629s] removing '/home/sandra/common_project_ws/install/opencv_package/lib/python3.8/site-packages/opencv_package-0.0.0-py3.8.egg-info' (and everything under it)
[12.635s] Copying ../../build/opencv_package/opencv_package.egg-info to /home/sandra/common_project_ws/install/opencv_package/lib/python3.8/site-packages/opencv_package-0.0.0-py3.8.egg-info
[12.646s] running install_scripts
[12.831s] Installing img_det script to /home/sandra/common_project_ws/install/opencv_package/lib/opencv_package
[12.834s] Installing img_sub script to /home/sandra/common_project_ws/install/opencv_package/lib/opencv_package
[12.839s] writing list of installed files to '/home/sandra/common_project_ws/build/opencv_package/install.log'
[13.033s] Invoked command in '/home/sandra/common_project_ws/src/opencv_package' returned '0': PYTHONPATH=/home/sandra/common_project_ws/install/opencv_package/lib/python3.8/site-packages:${PYTHONPATH} /usr/bin/python3 setup.py egg_info --egg-base ../../build/opencv_package build --build-base /home/sandra/common_project_ws/build/opencv_package/build install --prefix /home/sandra/common_project_ws/install/opencv_package --record /home/sandra/common_project_ws/build/opencv_package/install.log --single-version-externally-managed
