[0.013s] Invoking command in '/home/huo/drone_racing_ros2_ws/build/tello_driver': AMENT_PREFIX_PATH=/home/huo/drone_racing_ros2_ws/install/tello_msgs:/home/huo/drone_racing_ros2_ws/install/ros2_shared:${AMENT_PREFIX_PATH} CMAKE_PREFIX_PATH=/home/huo/drone_racing_ros2_ws/install/tello_msgs:/home/huo/drone_racing_ros2_ws/install/ros2_shared:/opt/ros/galactic LD_LIBRARY_PATH=/home/huo/drone_racing_ros2_ws/install/tello_msgs/lib:${LD_LIBRARY_PATH} PYTHONPATH=/home/huo/drone_racing_ros2_ws/install/tello_msgs/lib/python3.8/site-packages:${PYTHONPATH} /usr/bin/cmake --build /home/huo/drone_racing_ros2_ws/build/tello_driver -- -j8 -l8
[0.060s] [  9%] Built target tello_emulator
[0.074s] [ 18%] Built target tello_joy_node
[0.077s] [ 31%] Built target tello_joy_main
[0.091s] [ 63%] Built target tello_driver_node
[0.094s] [100%] Built target tello_driver_main
[0.103s] Invoked command in '/home/huo/drone_racing_ros2_ws/build/tello_driver' returned '0': AMENT_PREFIX_PATH=/home/huo/drone_racing_ros2_ws/install/tello_msgs:/home/huo/drone_racing_ros2_ws/install/ros2_shared:${AMENT_PREFIX_PATH} CMAKE_PREFIX_PATH=/home/huo/drone_racing_ros2_ws/install/tello_msgs:/home/huo/drone_racing_ros2_ws/install/ros2_shared:/opt/ros/galactic LD_LIBRARY_PATH=/home/huo/drone_racing_ros2_ws/install/tello_msgs/lib:${LD_LIBRARY_PATH} PYTHONPATH=/home/huo/drone_racing_ros2_ws/install/tello_msgs/lib/python3.8/site-packages:${PYTHONPATH} /usr/bin/cmake --build /home/huo/drone_racing_ros2_ws/build/tello_driver -- -j8 -l8
[0.106s] Invoking command in '/home/huo/drone_racing_ros2_ws/build/tello_driver': AMENT_PREFIX_PATH=/home/huo/drone_racing_ros2_ws/install/tello_msgs:/home/huo/drone_racing_ros2_ws/install/ros2_shared:${AMENT_PREFIX_PATH} CMAKE_PREFIX_PATH=/home/huo/drone_racing_ros2_ws/install/tello_msgs:/home/huo/drone_racing_ros2_ws/install/ros2_shared:/opt/ros/galactic LD_LIBRARY_PATH=/home/huo/drone_racing_ros2_ws/install/tello_msgs/lib:${LD_LIBRARY_PATH} PYTHONPATH=/home/huo/drone_racing_ros2_ws/install/tello_msgs/lib/python3.8/site-packages:${PYTHONPATH} /usr/bin/cmake --install /home/huo/drone_racing_ros2_ws/build/tello_driver
[0.113s] -- Install configuration: ""
[0.114s] -- Up-to-date: /home/huo/drone_racing_ros2_ws/install/tello_driver/share/tello_driver/environment/library_path.sh
[0.114s] -- Up-to-date: /home/huo/drone_racing_ros2_ws/install/tello_driver/share/tello_driver/environment/library_path.dsv
[0.114s] -- Up-to-date: /home/huo/drone_racing_ros2_ws/install/tello_driver/lib/libtello_driver_node.so
[0.115s] -- Up-to-date: /home/huo/drone_racing_ros2_ws/install/tello_driver/lib/libtello_joy_node.so
[0.115s] -- Up-to-date: /home/huo/drone_racing_ros2_ws/install/tello_driver/lib/tello_driver/tello_driver_main
[0.116s] -- Up-to-date: /home/huo/drone_racing_ros2_ws/install/tello_driver/lib/tello_driver/tello_joy_main
[0.116s] -- Up-to-date: /home/huo/drone_racing_ros2_ws/install/tello_driver/lib/tello_driver/tello_emulator
[0.116s] -- Up-to-date: /home/huo/drone_racing_ros2_ws/install/tello_driver/share/tello_driver/cfg
[0.116s] -- Up-to-date: /home/huo/drone_racing_ros2_ws/install/tello_driver/share/tello_driver/cfg/camera_info.yaml
[0.117s] -- Up-to-date: /home/huo/drone_racing_ros2_ws/install/tello_driver/share/tello_driver/launch
[0.117s] -- Up-to-date: /home/huo/drone_racing_ros2_ws/install/tello_driver/share/tello_driver/launch/emulator_launch.py
[0.117s] -- Up-to-date: /home/huo/drone_racing_ros2_ws/install/tello_driver/share/tello_driver/launch/emulators_launch.py
[0.117s] -- Up-to-date: /home/huo/drone_racing_ros2_ws/install/tello_driver/share/tello_driver/launch/teleop_launch.py
[0.117s] -- Up-to-date: /home/huo/drone_racing_ros2_ws/install/tello_driver/share/ament_index/resource_index/package_run_dependencies/tello_driver
[0.117s] -- Up-to-date: /home/huo/drone_racing_ros2_ws/install/tello_driver/share/ament_index/resource_index/parent_prefix_path/tello_driver
[0.117s] -- Up-to-date: /home/huo/drone_racing_ros2_ws/install/tello_driver/share/tello_driver/environment/ament_prefix_path.sh
[0.117s] -- Up-to-date: /home/huo/drone_racing_ros2_ws/install/tello_driver/share/tello_driver/environment/ament_prefix_path.dsv
[0.117s] -- Up-to-date: /home/huo/drone_racing_ros2_ws/install/tello_driver/share/tello_driver/environment/path.sh
[0.117s] -- Up-to-date: /home/huo/drone_racing_ros2_ws/install/tello_driver/share/tello_driver/environment/path.dsv
[0.117s] -- Up-to-date: /home/huo/drone_racing_ros2_ws/install/tello_driver/share/tello_driver/local_setup.bash
[0.117s] -- Up-to-date: /home/huo/drone_racing_ros2_ws/install/tello_driver/share/tello_driver/local_setup.sh
[0.117s] -- Up-to-date: /home/huo/drone_racing_ros2_ws/install/tello_driver/share/tello_driver/local_setup.zsh
[0.118s] -- Up-to-date: /home/huo/drone_racing_ros2_ws/install/tello_driver/share/tello_driver/local_setup.dsv
[0.118s] -- Installing: /home/huo/drone_racing_ros2_ws/install/tello_driver/share/tello_driver/package.dsv
[0.118s] -- Up-to-date: /home/huo/drone_racing_ros2_ws/install/tello_driver/share/ament_index/resource_index/packages/tello_driver
[0.118s] -- Up-to-date: /home/huo/drone_racing_ros2_ws/install/tello_driver/share/ament_index/resource_index/rclcpp_components/tello_driver
[0.118s] -- Up-to-date: /home/huo/drone_racing_ros2_ws/install/tello_driver/share/tello_driver/cmake/tello_driverConfig.cmake
[0.118s] -- Up-to-date: /home/huo/drone_racing_ros2_ws/install/tello_driver/share/tello_driver/cmake/tello_driverConfig-version.cmake
[0.118s] -- Up-to-date: /home/huo/drone_racing_ros2_ws/install/tello_driver/share/tello_driver/package.xml
[0.120s] Invoked command in '/home/huo/drone_racing_ros2_ws/build/tello_driver' returned '0': AMENT_PREFIX_PATH=/home/huo/drone_racing_ros2_ws/install/tello_msgs:/home/huo/drone_racing_ros2_ws/install/ros2_shared:${AMENT_PREFIX_PATH} CMAKE_PREFIX_PATH=/home/huo/drone_racing_ros2_ws/install/tello_msgs:/home/huo/drone_racing_ros2_ws/install/ros2_shared:/opt/ros/galactic LD_LIBRARY_PATH=/home/huo/drone_racing_ros2_ws/install/tello_msgs/lib:${LD_LIBRARY_PATH} PYTHONPATH=/home/huo/drone_racing_ros2_ws/install/tello_msgs/lib/python3.8/site-packages:${PYTHONPATH} /usr/bin/cmake --install /home/huo/drone_racing_ros2_ws/build/tello_driver
