[4.837s] Invoking command in '/home/sandra/common_project_ws/src/opencv_package': PYTHONPATH=/home/sandra/common_project_ws/install/opencv_package/lib/python3.8/site-packages:${PYTHONPATH} /usr/bin/python3 setup.py egg_info --egg-base ../../build/opencv_package build --build-base /home/sandra/common_project_ws/build/opencv_package/build install --prefix /home/sandra/common_project_ws/install/opencv_package --record /home/sandra/common_project_ws/build/opencv_package/install.log --single-version-externally-managed
[6.628s] running egg_info
[6.635s] writing ../../build/opencv_package/opencv_package.egg-info/PKG-INFO
[6.635s] writing dependency_links to ../../build/opencv_package/opencv_package.egg-info/dependency_links.txt
[6.637s] writing entry points to ../../build/opencv_package/opencv_package.egg-info/entry_points.txt
[6.638s] writing requirements to ../../build/opencv_package/opencv_package.egg-info/requires.txt
[6.639s] writing top-level names to ../../build/opencv_package/opencv_package.egg-info/top_level.txt
[6.835s] reading manifest file '../../build/opencv_package/opencv_package.egg-info/SOURCES.txt'
[6.839s] writing manifest file '../../build/opencv_package/opencv_package.egg-info/SOURCES.txt'
[6.841s] running build
[6.842s] running build_py
[6.843s] copying opencv_package/object_detection.py -> /home/sandra/common_project_ws/build/opencv_package/build/lib/opencv_package
[6.843s] running install
[6.848s] running install_lib
[6.856s] copying /home/sandra/common_project_ws/build/opencv_package/build/lib/opencv_package/object_detection.py -> /home/sandra/common_project_ws/install/opencv_package/lib/python3.8/site-packages/opencv_package
[6.862s] byte-compiling /home/sandra/common_project_ws/install/opencv_package/lib/python3.8/site-packages/opencv_package/object_detection.py to object_detection.cpython-38.pyc
[6.875s] running install_data
[6.878s] running install_egg_info
[6.887s] removing '/home/sandra/common_project_ws/install/opencv_package/lib/python3.8/site-packages/opencv_package-0.0.0-py3.8.egg-info' (and everything under it)
[6.888s] Copying ../../build/opencv_package/opencv_package.egg-info to /home/sandra/common_project_ws/install/opencv_package/lib/python3.8/site-packages/opencv_package-0.0.0-py3.8.egg-info
[6.896s] running install_scripts
[7.006s] Installing img_det script to /home/sandra/common_project_ws/install/opencv_package/lib/opencv_package
[7.007s] Installing img_sub script to /home/sandra/common_project_ws/install/opencv_package/lib/opencv_package
[7.010s] writing list of installed files to '/home/sandra/common_project_ws/build/opencv_package/install.log'
[7.158s] Invoked command in '/home/sandra/common_project_ws/src/opencv_package' returned '0': PYTHONPATH=/home/sandra/common_project_ws/install/opencv_package/lib/python3.8/site-packages:${PYTHONPATH} /usr/bin/python3 setup.py egg_info --egg-base ../../build/opencv_package build --build-base /home/sandra/common_project_ws/build/opencv_package/build install --prefix /home/sandra/common_project_ws/install/opencv_package --record /home/sandra/common_project_ws/build/opencv_package/install.log --single-version-externally-managed
