[7.874s] Invoking command in '/home/sandra/common_project_ws/src/opencv_package': PYTHONPATH=/home/sandra/common_project_ws/install/opencv_package/lib/python3.8/site-packages:${PYTHONPATH} /usr/bin/python3 setup.py egg_info --egg-base ../../build/opencv_package build --build-base /home/sandra/common_project_ws/build/opencv_package/build install --prefix /home/sandra/common_project_ws/install/opencv_package --record /home/sandra/common_project_ws/build/opencv_package/install.log --single-version-externally-managed
[10.764s] running egg_info
[10.769s] writing ../../build/opencv_package/opencv_package.egg-info/PKG-INFO
[10.771s] writing dependency_links to ../../build/opencv_package/opencv_package.egg-info/dependency_links.txt
[10.775s] writing entry points to ../../build/opencv_package/opencv_package.egg-info/entry_points.txt
[10.777s] writing requirements to ../../build/opencv_package/opencv_package.egg-info/requires.txt
[10.778s] writing top-level names to ../../build/opencv_package/opencv_package.egg-info/top_level.txt
[11.125s] reading manifest file '../../build/opencv_package/opencv_package.egg-info/SOURCES.txt'
[11.130s] writing manifest file '../../build/opencv_package/opencv_package.egg-info/SOURCES.txt'
[11.133s] running build
[11.135s] running build_py
[11.136s] copying opencv_package/object_detection.py -> /home/sandra/common_project_ws/build/opencv_package/build/lib/opencv_package
[11.137s] running install
[11.144s] running install_lib
[11.151s] copying /home/sandra/common_project_ws/build/opencv_package/build/lib/opencv_package/object_detection.py -> /home/sandra/common_project_ws/install/opencv_package/lib/python3.8/site-packages/opencv_package
[11.158s] byte-compiling /home/sandra/common_project_ws/install/opencv_package/lib/python3.8/site-packages/opencv_package/object_detection.py to object_detection.cpython-38.pyc
[11.170s] running install_data
[11.176s] running install_egg_info
[11.186s] removing '/home/sandra/common_project_ws/install/opencv_package/lib/python3.8/site-packages/opencv_package-0.0.0-py3.8.egg-info' (and everything under it)
[11.190s] Copying ../../build/opencv_package/opencv_package.egg-info to /home/sandra/common_project_ws/install/opencv_package/lib/python3.8/site-packages/opencv_package-0.0.0-py3.8.egg-info
[11.198s] running install_scripts
[11.338s] Installing img_det script to /home/sandra/common_project_ws/install/opencv_package/lib/opencv_package
[11.344s] Installing img_sub script to /home/sandra/common_project_ws/install/opencv_package/lib/opencv_package
[11.345s] writing list of installed files to '/home/sandra/common_project_ws/build/opencv_package/install.log'
[11.509s] Invoked command in '/home/sandra/common_project_ws/src/opencv_package' returned '0': PYTHONPATH=/home/sandra/common_project_ws/install/opencv_package/lib/python3.8/site-packages:${PYTHONPATH} /usr/bin/python3 setup.py egg_info --egg-base ../../build/opencv_package build --build-base /home/sandra/common_project_ws/build/opencv_package/build install --prefix /home/sandra/common_project_ws/install/opencv_package --record /home/sandra/common_project_ws/build/opencv_package/install.log --single-version-externally-managed
