[9.001s] Invoking command in '/home/sandra/common_project_ws/src/opencv_package': PYTHONPATH=/home/sandra/common_project_ws/install/opencv_package/lib/python3.8/site-packages:${PYTHONPATH} /usr/bin/python3 setup.py egg_info --egg-base ../../build/opencv_package build --build-base /home/sandra/common_project_ws/build/opencv_package/build install --prefix /home/sandra/common_project_ws/install/opencv_package --record /home/sandra/common_project_ws/build/opencv_package/install.log --single-version-externally-managed
[11.793s] running egg_info
[11.795s] writing ../../build/opencv_package/opencv_package.egg-info/PKG-INFO
[11.795s] writing dependency_links to ../../build/opencv_package/opencv_package.egg-info/dependency_links.txt
[11.796s] writing entry points to ../../build/opencv_package/opencv_package.egg-info/entry_points.txt
[11.799s] writing requirements to ../../build/opencv_package/opencv_package.egg-info/requires.txt
[11.802s] writing top-level names to ../../build/opencv_package/opencv_package.egg-info/top_level.txt
[12.024s] reading manifest file '../../build/opencv_package/opencv_package.egg-info/SOURCES.txt'
[12.034s] writing manifest file '../../build/opencv_package/opencv_package.egg-info/SOURCES.txt'
[12.036s] running build
[12.036s] running build_py
[12.037s] copying opencv_package/object_detection.py -> /home/sandra/common_project_ws/build/opencv_package/build/lib/opencv_package
[12.037s] running install
[12.040s] running install_lib
[12.051s] copying /home/sandra/common_project_ws/build/opencv_package/build/lib/opencv_package/object_detection.py -> /home/sandra/common_project_ws/install/opencv_package/lib/python3.8/site-packages/opencv_package
[12.055s] byte-compiling /home/sandra/common_project_ws/install/opencv_package/lib/python3.8/site-packages/opencv_package/object_detection.py to object_detection.cpython-38.pyc
[12.069s] running install_data
[12.073s] running install_egg_info
[12.086s] removing '/home/sandra/common_project_ws/install/opencv_package/lib/python3.8/site-packages/opencv_package-0.0.0-py3.8.egg-info' (and everything under it)
[12.088s] Copying ../../build/opencv_package/opencv_package.egg-info to /home/sandra/common_project_ws/install/opencv_package/lib/python3.8/site-packages/opencv_package-0.0.0-py3.8.egg-info
[12.096s] running install_scripts
[12.164s] Installing img_det script to /home/sandra/common_project_ws/install/opencv_package/lib/opencv_package
[12.164s] Installing img_sub script to /home/sandra/common_project_ws/install/opencv_package/lib/opencv_package
[12.165s] writing list of installed files to '/home/sandra/common_project_ws/build/opencv_package/install.log'
[12.217s] Invoked command in '/home/sandra/common_project_ws/src/opencv_package' returned '0': PYTHONPATH=/home/sandra/common_project_ws/install/opencv_package/lib/python3.8/site-packages:${PYTHONPATH} /usr/bin/python3 setup.py egg_info --egg-base ../../build/opencv_package build --build-base /home/sandra/common_project_ws/build/opencv_package/build install --prefix /home/sandra/common_project_ws/install/opencv_package --record /home/sandra/common_project_ws/build/opencv_package/install.log --single-version-externally-managed
