[0.727s] Invoking command in '/home/sandra/common_project_ws/src/opencv_package': PYTHONPATH=/home/sandra/common_project_ws/install/opencv_package/lib/python3.8/site-packages:${PYTHONPATH} /usr/bin/python3 setup.py egg_info --egg-base ../../build/opencv_package build --build-base /home/sandra/common_project_ws/build/opencv_package/build install --prefix /home/sandra/common_project_ws/install/opencv_package --record /home/sandra/common_project_ws/build/opencv_package/install.log --single-version-externally-managed
[0.996s] running egg_info
[0.996s] writing ../../build/opencv_package/opencv_package.egg-info/PKG-INFO
[0.997s] writing dependency_links to ../../build/opencv_package/opencv_package.egg-info/dependency_links.txt
[0.997s] writing entry points to ../../build/opencv_package/opencv_package.egg-info/entry_points.txt
[0.997s] writing requirements to ../../build/opencv_package/opencv_package.egg-info/requires.txt
[0.997s] writing top-level names to ../../build/opencv_package/opencv_package.egg-info/top_level.txt
[1.033s] reading manifest file '../../build/opencv_package/opencv_package.egg-info/SOURCES.txt'
[1.033s] writing manifest file '../../build/opencv_package/opencv_package.egg-info/SOURCES.txt'
[1.033s] running build
[1.034s] running build_py
[1.034s] copying opencv_package/gate_detection.py -> /home/sandra/common_project_ws/build/opencv_package/build/lib/opencv_package
[1.034s] running install
[1.035s] running install_lib
[1.037s] copying /home/sandra/common_project_ws/build/opencv_package/build/lib/opencv_package/gate_detection.py -> /home/sandra/common_project_ws/install/opencv_package/lib/python3.8/site-packages/opencv_package
[1.038s] byte-compiling /home/sandra/common_project_ws/install/opencv_package/lib/python3.8/site-packages/opencv_package/gate_detection.py to gate_detection.cpython-38.pyc
[1.040s] running install_data
[1.041s] running install_egg_info
[1.043s] removing '/home/sandra/common_project_ws/install/opencv_package/lib/python3.8/site-packages/opencv_package-0.0.0-py3.8.egg-info' (and everything under it)
[1.043s] Copying ../../build/opencv_package/opencv_package.egg-info to /home/sandra/common_project_ws/install/opencv_package/lib/python3.8/site-packages/opencv_package-0.0.0-py3.8.egg-info
[1.044s] running install_scripts
[1.064s] Installing gate_det script to /home/sandra/common_project_ws/install/opencv_package/lib/opencv_package
[1.064s] Installing img_det script to /home/sandra/common_project_ws/install/opencv_package/lib/opencv_package
[1.064s] Installing img_sub script to /home/sandra/common_project_ws/install/opencv_package/lib/opencv_package
[1.065s] writing list of installed files to '/home/sandra/common_project_ws/build/opencv_package/install.log'
[1.090s] Invoked command in '/home/sandra/common_project_ws/src/opencv_package' returned '0': PYTHONPATH=/home/sandra/common_project_ws/install/opencv_package/lib/python3.8/site-packages:${PYTHONPATH} /usr/bin/python3 setup.py egg_info --egg-base ../../build/opencv_package build --build-base /home/sandra/common_project_ws/build/opencv_package/build install --prefix /home/sandra/common_project_ws/install/opencv_package --record /home/sandra/common_project_ws/build/opencv_package/install.log --single-version-externally-managed
