/home/tuisku/AerialGroup08/install/opencv_package/lib/python3.8/site-packages/opencv_package/gate_detection.py
/home/tuisku/AerialGroup08/install/opencv_package/lib/python3.8/site-packages/opencv_package/image_subscriber.py
/home/tuisku/AerialGroup08/install/opencv_package/lib/python3.8/site-packages/opencv_package/object_detection.py
/home/tuisku/AerialGroup08/install/opencv_package/lib/python3.8/site-packages/opencv_package/__init__.py
/home/tuisku/AerialGroup08/install/opencv_package/lib/python3.8/site-packages/opencv_package/__pycache__/gate_detection.cpython-38.pyc
/home/tuisku/AerialGroup08/install/opencv_package/lib/python3.8/site-packages/opencv_package/__pycache__/image_subscriber.cpython-38.pyc
/home/tuisku/AerialGroup08/install/opencv_package/lib/python3.8/site-packages/opencv_package/__pycache__/object_detection.cpython-38.pyc
/home/tuisku/AerialGroup08/install/opencv_package/lib/python3.8/site-packages/opencv_package/__pycache__/__init__.cpython-38.pyc
/home/tuisku/AerialGroup08/install/opencv_package/share/ament_index/resource_index/packages/opencv_package
/home/tuisku/AerialGroup08/install/opencv_package/share/opencv_package/package.xml
/home/tuisku/AerialGroup08/install/opencv_package/lib/python3.8/site-packages/opencv_package-0.0.0-py3.8.egg-info/top_level.txt
/home/tuisku/AerialGroup08/install/opencv_package/lib/python3.8/site-packages/opencv_package-0.0.0-py3.8.egg-info/dependency_links.txt
/home/tuisku/AerialGroup08/install/opencv_package/lib/python3.8/site-packages/opencv_package-0.0.0-py3.8.egg-info/zip-safe
/home/tuisku/AerialGroup08/install/opencv_package/lib/python3.8/site-packages/opencv_package-0.0.0-py3.8.egg-info/entry_points.txt
/home/tuisku/AerialGroup08/install/opencv_package/lib/python3.8/site-packages/opencv_package-0.0.0-py3.8.egg-info/SOURCES.txt
/home/tuisku/AerialGroup08/install/opencv_package/lib/python3.8/site-packages/opencv_package-0.0.0-py3.8.egg-info/requires.txt
/home/tuisku/AerialGroup08/install/opencv_package/lib/python3.8/site-packages/opencv_package-0.0.0-py3.8.egg-info/PKG-INFO
/home/tuisku/AerialGroup08/install/opencv_package/lib/opencv_package/gate_det
/home/tuisku/AerialGroup08/install/opencv_package/lib/opencv_package/img_det
/home/tuisku/AerialGroup08/install/opencv_package/lib/opencv_package/img_sub
