running egg_info
creating ../../build/opencv_package/opencv_package.egg-info
writing ../../build/opencv_package/opencv_package.egg-info/PKG-INFO
writing dependency_links to ../../build/opencv_package/opencv_package.egg-info/dependency_links.txt
writing entry points to ../../build/opencv_package/opencv_package.egg-info/entry_points.txt
writing requirements to ../../build/opencv_package/opencv_package.egg-info/requires.txt
writing top-level names to ../../build/opencv_package/opencv_package.egg-info/top_level.txt
writing manifest file '../../build/opencv_package/opencv_package.egg-info/SOURCES.txt'
reading manifest file '../../build/opencv_package/opencv_package.egg-info/SOURCES.txt'
writing manifest file '../../build/opencv_package/opencv_package.egg-info/SOURCES.txt'
running build
running build_py
creating /home/sandra/common_project_ws/build/opencv_package/build
creating /home/sandra/common_project_ws/build/opencv_package/build/lib
creating /home/sandra/common_project_ws/build/opencv_package/build/lib/opencv_package
copying opencv_package/image_subscriber.py -> /home/sandra/common_project_ws/build/opencv_package/build/lib/opencv_package
copying opencv_package/__init__.py -> /home/sandra/common_project_ws/build/opencv_package/build/lib/opencv_package
running install
running install_lib
creating /home/sandra/common_project_ws/install/opencv_package/lib/python3.8/site-packages/opencv_package
copying /home/sandra/common_project_ws/build/opencv_package/build/lib/opencv_package/image_subscriber.py -> /home/sandra/common_project_ws/install/opencv_package/lib/python3.8/site-packages/opencv_package
copying /home/sandra/common_project_ws/build/opencv_package/build/lib/opencv_package/__init__.py -> /home/sandra/common_project_ws/install/opencv_package/lib/python3.8/site-packages/opencv_package
byte-compiling /home/sandra/common_project_ws/install/opencv_package/lib/python3.8/site-packages/opencv_package/image_subscriber.py to image_subscriber.cpython-38.pyc
byte-compiling /home/sandra/common_project_ws/install/opencv_package/lib/python3.8/site-packages/opencv_package/__init__.py to __init__.cpython-38.pyc
running install_data
creating /home/sandra/common_project_ws/install/opencv_package/share/ament_index
creating /home/sandra/common_project_ws/install/opencv_package/share/ament_index/resource_index
creating /home/sandra/common_project_ws/install/opencv_package/share/ament_index/resource_index/packages
copying resource/opencv_package -> /home/sandra/common_project_ws/install/opencv_package/share/ament_index/resource_index/packages
copying package.xml -> /home/sandra/common_project_ws/install/opencv_package/share/opencv_package
running install_egg_info
Copying ../../build/opencv_package/opencv_package.egg-info to /home/sandra/common_project_ws/install/opencv_package/lib/python3.8/site-packages/opencv_package-0.0.0-py3.8.egg-info
running install_scripts
Installing img_sub script to /home/sandra/common_project_ws/install/opencv_package/lib/opencv_package
writing list of installed files to '/home/sandra/common_project_ws/build/opencv_package/install.log'
