[0.746s] Invoking command in '/home/sandra/common_project_ws/src/opencv_package': PYTHONPATH=/home/sandra/common_project_ws/install/opencv_package/lib/python3.8/site-packages:${PYTHONPATH} /usr/bin/python3 setup.py egg_info --egg-base ../../build/opencv_package build --build-base /home/sandra/common_project_ws/build/opencv_package/build install --prefix /home/sandra/common_project_ws/install/opencv_package --record /home/sandra/common_project_ws/build/opencv_package/install.log --single-version-externally-managed
[1.008s] running egg_info
[1.008s] creating ../../build/opencv_package/opencv_package.egg-info
[1.009s] writing ../../build/opencv_package/opencv_package.egg-info/PKG-INFO
[1.009s] writing dependency_links to ../../build/opencv_package/opencv_package.egg-info/dependency_links.txt
[1.009s] writing entry points to ../../build/opencv_package/opencv_package.egg-info/entry_points.txt
[1.009s] writing requirements to ../../build/opencv_package/opencv_package.egg-info/requires.txt
[1.009s] writing top-level names to ../../build/opencv_package/opencv_package.egg-info/top_level.txt
[1.020s] writing manifest file '../../build/opencv_package/opencv_package.egg-info/SOURCES.txt'
[1.068s] reading manifest file '../../build/opencv_package/opencv_package.egg-info/SOURCES.txt'
[1.069s] writing manifest file '../../build/opencv_package/opencv_package.egg-info/SOURCES.txt'
[1.069s] running build
[1.070s] running build_py
[1.070s] creating /home/sandra/common_project_ws/build/opencv_package/build
[1.070s] creating /home/sandra/common_project_ws/build/opencv_package/build/lib
[1.070s] creating /home/sandra/common_project_ws/build/opencv_package/build/lib/opencv_package
[1.070s] copying opencv_package/image_subscriber.py -> /home/sandra/common_project_ws/build/opencv_package/build/lib/opencv_package
[1.070s] copying opencv_package/__init__.py -> /home/sandra/common_project_ws/build/opencv_package/build/lib/opencv_package
[1.070s] running install
[1.070s] running install_lib
[1.071s] creating /home/sandra/common_project_ws/install/opencv_package/lib/python3.8/site-packages/opencv_package
[1.072s] copying /home/sandra/common_project_ws/build/opencv_package/build/lib/opencv_package/image_subscriber.py -> /home/sandra/common_project_ws/install/opencv_package/lib/python3.8/site-packages/opencv_package
[1.072s] copying /home/sandra/common_project_ws/build/opencv_package/build/lib/opencv_package/__init__.py -> /home/sandra/common_project_ws/install/opencv_package/lib/python3.8/site-packages/opencv_package
[1.072s] byte-compiling /home/sandra/common_project_ws/install/opencv_package/lib/python3.8/site-packages/opencv_package/image_subscriber.py to image_subscriber.cpython-38.pyc
[1.074s] byte-compiling /home/sandra/common_project_ws/install/opencv_package/lib/python3.8/site-packages/opencv_package/__init__.py to __init__.cpython-38.pyc
[1.074s] running install_data
[1.075s] creating /home/sandra/common_project_ws/install/opencv_package/share/ament_index
[1.075s] creating /home/sandra/common_project_ws/install/opencv_package/share/ament_index/resource_index
[1.075s] creating /home/sandra/common_project_ws/install/opencv_package/share/ament_index/resource_index/packages
[1.075s] copying resource/opencv_package -> /home/sandra/common_project_ws/install/opencv_package/share/ament_index/resource_index/packages
[1.075s] copying package.xml -> /home/sandra/common_project_ws/install/opencv_package/share/opencv_package
[1.076s] running install_egg_info
[1.078s] Copying ../../build/opencv_package/opencv_package.egg-info to /home/sandra/common_project_ws/install/opencv_package/lib/python3.8/site-packages/opencv_package-0.0.0-py3.8.egg-info
[1.079s] running install_scripts
[1.096s] Installing img_sub script to /home/sandra/common_project_ws/install/opencv_package/lib/opencv_package
[1.096s] writing list of installed files to '/home/sandra/common_project_ws/build/opencv_package/install.log'
[1.120s] Invoked command in '/home/sandra/common_project_ws/src/opencv_package' returned '0': PYTHONPATH=/home/sandra/common_project_ws/install/opencv_package/lib/python3.8/site-packages:${PYTHONPATH} /usr/bin/python3 setup.py egg_info --egg-base ../../build/opencv_package build --build-base /home/sandra/common_project_ws/build/opencv_package/build install --prefix /home/sandra/common_project_ws/install/opencv_package --record /home/sandra/common_project_ws/build/opencv_package/install.log --single-version-externally-managed
