[3.508s] Invoking command in '/home/sandra/common_project_ws/src/opencv_package': PYTHONPATH=/home/sandra/common_project_ws/install/opencv_package/lib/python3.8/site-packages:${PYTHONPATH} /usr/bin/python3 setup.py egg_info --egg-base ../../build/opencv_package build --build-base /home/sandra/common_project_ws/build/opencv_package/build install --prefix /home/sandra/common_project_ws/install/opencv_package --record /home/sandra/common_project_ws/build/opencv_package/install.log --single-version-externally-managed
[4.753s] running egg_info
[4.756s] writing ../../build/opencv_package/opencv_package.egg-info/PKG-INFO
[4.756s] writing dependency_links to ../../build/opencv_package/opencv_package.egg-info/dependency_links.txt
[4.757s] writing entry points to ../../build/opencv_package/opencv_package.egg-info/entry_points.txt
[4.757s] writing requirements to ../../build/opencv_package/opencv_package.egg-info/requires.txt
[4.757s] writing top-level names to ../../build/opencv_package/opencv_package.egg-info/top_level.txt
[4.914s] reading manifest file '../../build/opencv_package/opencv_package.egg-info/SOURCES.txt'
[4.919s] writing manifest file '../../build/opencv_package/opencv_package.egg-info/SOURCES.txt'
[4.919s] running build
[4.920s] running build_py
[4.920s] copying opencv_package/gate_detection.py -> /home/sandra/common_project_ws/build/opencv_package/build/lib/opencv_package
[4.920s] running install
[4.922s] running install_lib
[4.930s] copying /home/sandra/common_project_ws/build/opencv_package/build/lib/opencv_package/gate_detection.py -> /home/sandra/common_project_ws/install/opencv_package/lib/python3.8/site-packages/opencv_package
[4.934s] byte-compiling /home/sandra/common_project_ws/install/opencv_package/lib/python3.8/site-packages/opencv_package/gate_detection.py to gate_detection.cpython-38.pyc
[4.949s] running install_data
[4.950s] running install_egg_info
[4.953s] removing '/home/sandra/common_project_ws/install/opencv_package/lib/python3.8/site-packages/opencv_package-0.0.0-py3.8.egg-info' (and everything under it)
[4.953s] Copying ../../build/opencv_package/opencv_package.egg-info to /home/sandra/common_project_ws/install/opencv_package/lib/python3.8/site-packages/opencv_package-0.0.0-py3.8.egg-info
[4.956s] running install_scripts
[5.040s] Installing gate_det script to /home/sandra/common_project_ws/install/opencv_package/lib/opencv_package
[5.043s] Installing img_det script to /home/sandra/common_project_ws/install/opencv_package/lib/opencv_package
[5.044s] Installing img_sub script to /home/sandra/common_project_ws/install/opencv_package/lib/opencv_package
[5.047s] writing list of installed files to '/home/sandra/common_project_ws/build/opencv_package/install.log'
[5.156s] Invoked command in '/home/sandra/common_project_ws/src/opencv_package' returned '0': PYTHONPATH=/home/sandra/common_project_ws/install/opencv_package/lib/python3.8/site-packages:${PYTHONPATH} /usr/bin/python3 setup.py egg_info --egg-base ../../build/opencv_package build --build-base /home/sandra/common_project_ws/build/opencv_package/build install --prefix /home/sandra/common_project_ws/install/opencv_package --record /home/sandra/common_project_ws/build/opencv_package/install.log --single-version-externally-managed
