[3.660s] Invoking command in '/home/sandra/common_project_ws/src/opencv_package': PYTHONPATH=/home/sandra/common_project_ws/install/opencv_package/lib/python3.8/site-packages:${PYTHONPATH} /usr/bin/python3 setup.py egg_info --egg-base ../../build/opencv_package build --build-base /home/sandra/common_project_ws/build/opencv_package/build install --prefix /home/sandra/common_project_ws/install/opencv_package --record /home/sandra/common_project_ws/build/opencv_package/install.log --single-version-externally-managed
[4.927s] running egg_info
[4.933s] writing ../../build/opencv_package/opencv_package.egg-info/PKG-INFO
[4.933s] writing dependency_links to ../../build/opencv_package/opencv_package.egg-info/dependency_links.txt
[4.933s] writing entry points to ../../build/opencv_package/opencv_package.egg-info/entry_points.txt
[4.934s] writing requirements to ../../build/opencv_package/opencv_package.egg-info/requires.txt
[4.934s] writing top-level names to ../../build/opencv_package/opencv_package.egg-info/top_level.txt
[5.099s] reading manifest file '../../build/opencv_package/opencv_package.egg-info/SOURCES.txt'
[5.104s] writing manifest file '../../build/opencv_package/opencv_package.egg-info/SOURCES.txt'
[5.106s] running build
[5.107s] running build_py
[5.109s] copying opencv_package/gate_detection.py -> /home/sandra/common_project_ws/build/opencv_package/build/lib/opencv_package
[5.110s] running install
[5.115s] running install_lib
[5.120s] copying /home/sandra/common_project_ws/build/opencv_package/build/lib/opencv_package/gate_detection.py -> /home/sandra/common_project_ws/install/opencv_package/lib/python3.8/site-packages/opencv_package
[5.127s] byte-compiling /home/sandra/common_project_ws/install/opencv_package/lib/python3.8/site-packages/opencv_package/gate_detection.py to gate_detection.cpython-38.pyc
[5.131s] running install_data
[5.134s] running install_egg_info
[5.147s] removing '/home/sandra/common_project_ws/install/opencv_package/lib/python3.8/site-packages/opencv_package-0.0.0-py3.8.egg-info' (and everything under it)
[5.148s] Copying ../../build/opencv_package/opencv_package.egg-info to /home/sandra/common_project_ws/install/opencv_package/lib/python3.8/site-packages/opencv_package-0.0.0-py3.8.egg-info
[5.152s] running install_scripts
[5.230s] Installing gate_det script to /home/sandra/common_project_ws/install/opencv_package/lib/opencv_package
[5.233s] Installing img_det script to /home/sandra/common_project_ws/install/opencv_package/lib/opencv_package
[5.234s] Installing img_sub script to /home/sandra/common_project_ws/install/opencv_package/lib/opencv_package
[5.236s] writing list of installed files to '/home/sandra/common_project_ws/build/opencv_package/install.log'
[5.355s] Invoked command in '/home/sandra/common_project_ws/src/opencv_package' returned '0': PYTHONPATH=/home/sandra/common_project_ws/install/opencv_package/lib/python3.8/site-packages:${PYTHONPATH} /usr/bin/python3 setup.py egg_info --egg-base ../../build/opencv_package build --build-base /home/sandra/common_project_ws/build/opencv_package/build install --prefix /home/sandra/common_project_ws/install/opencv_package --record /home/sandra/common_project_ws/build/opencv_package/install.log --single-version-externally-managed
