[5.143s] Invoking command in '/home/sandra/common_project_ws/src/opencv_package': PYTHONPATH=/home/sandra/common_project_ws/install/opencv_package/lib/python3.8/site-packages:${PYTHONPATH} /usr/bin/python3 setup.py egg_info --egg-base ../../build/opencv_package build --build-base /home/sandra/common_project_ws/build/opencv_package/build install --prefix /home/sandra/common_project_ws/install/opencv_package --record /home/sandra/common_project_ws/build/opencv_package/install.log --single-version-externally-managed
[7.192s] running egg_info
[7.196s] writing ../../build/opencv_package/opencv_package.egg-info/PKG-INFO
[7.199s] writing dependency_links to ../../build/opencv_package/opencv_package.egg-info/dependency_links.txt
[7.200s] writing entry points to ../../build/opencv_package/opencv_package.egg-info/entry_points.txt
[7.201s] writing requirements to ../../build/opencv_package/opencv_package.egg-info/requires.txt
[7.201s] writing top-level names to ../../build/opencv_package/opencv_package.egg-info/top_level.txt
[7.415s] reading manifest file '../../build/opencv_package/opencv_package.egg-info/SOURCES.txt'
[7.421s] writing manifest file '../../build/opencv_package/opencv_package.egg-info/SOURCES.txt'
[7.422s] running build
[7.423s] running build_py
[7.426s] copying opencv_package/image_subscriber.py -> /home/sandra/common_project_ws/build/opencv_package/build/lib/opencv_package
[7.428s] running install
[7.432s] running install_lib
[7.440s] copying /home/sandra/common_project_ws/build/opencv_package/build/lib/opencv_package/image_subscriber.py -> /home/sandra/common_project_ws/install/opencv_package/lib/python3.8/site-packages/opencv_package
[7.443s] byte-compiling /home/sandra/common_project_ws/install/opencv_package/lib/python3.8/site-packages/opencv_package/image_subscriber.py to image_subscriber.cpython-38.pyc
[7.453s] running install_data
[7.456s] running install_egg_info
[7.463s] removing '/home/sandra/common_project_ws/install/opencv_package/lib/python3.8/site-packages/opencv_package-0.0.0-py3.8.egg-info' (and everything under it)
[7.465s] Copying ../../build/opencv_package/opencv_package.egg-info to /home/sandra/common_project_ws/install/opencv_package/lib/python3.8/site-packages/opencv_package-0.0.0-py3.8.egg-info
[7.474s] running install_scripts
[7.587s] Installing img_det script to /home/sandra/common_project_ws/install/opencv_package/lib/opencv_package
[7.588s] Installing img_sub script to /home/sandra/common_project_ws/install/opencv_package/lib/opencv_package
[7.590s] writing list of installed files to '/home/sandra/common_project_ws/build/opencv_package/install.log'
[7.764s] Invoked command in '/home/sandra/common_project_ws/src/opencv_package' returned '0': PYTHONPATH=/home/sandra/common_project_ws/install/opencv_package/lib/python3.8/site-packages:${PYTHONPATH} /usr/bin/python3 setup.py egg_info --egg-base ../../build/opencv_package build --build-base /home/sandra/common_project_ws/build/opencv_package/build install --prefix /home/sandra/common_project_ws/install/opencv_package --record /home/sandra/common_project_ws/build/opencv_package/install.log --single-version-externally-managed
