[4.765s] Invoking command in '/home/sandra/common_project_ws/src/opencv_package': PYTHONPATH=/home/sandra/common_project_ws/install/opencv_package/lib/python3.8/site-packages:${PYTHONPATH} /usr/bin/python3 setup.py egg_info --egg-base ../../build/opencv_package build --build-base /home/sandra/common_project_ws/build/opencv_package/build install --prefix /home/sandra/common_project_ws/install/opencv_package --record /home/sandra/common_project_ws/build/opencv_package/install.log --single-version-externally-managed
[6.514s] running egg_info
[6.518s] writing ../../build/opencv_package/opencv_package.egg-info/PKG-INFO
[6.520s] writing dependency_links to ../../build/opencv_package/opencv_package.egg-info/dependency_links.txt
[6.523s] writing entry points to ../../build/opencv_package/opencv_package.egg-info/entry_points.txt
[6.526s] writing requirements to ../../build/opencv_package/opencv_package.egg-info/requires.txt
[6.527s] writing top-level names to ../../build/opencv_package/opencv_package.egg-info/top_level.txt
[6.746s] reading manifest file '../../build/opencv_package/opencv_package.egg-info/SOURCES.txt'
[6.748s] writing manifest file '../../build/opencv_package/opencv_package.egg-info/SOURCES.txt'
[6.750s] running build
[6.753s] running build_py
[6.755s] running install
[6.761s] running install_lib
[6.770s] running install_data
[6.771s] running install_egg_info
[6.782s] removing '/home/sandra/common_project_ws/install/opencv_package/lib/python3.8/site-packages/opencv_package-0.0.0-py3.8.egg-info' (and everything under it)
[6.783s] Copying ../../build/opencv_package/opencv_package.egg-info to /home/sandra/common_project_ws/install/opencv_package/lib/python3.8/site-packages/opencv_package-0.0.0-py3.8.egg-info
[6.787s] running install_scripts
[6.902s] Installing img_det script to /home/sandra/common_project_ws/install/opencv_package/lib/opencv_package
[6.906s] Installing img_sub script to /home/sandra/common_project_ws/install/opencv_package/lib/opencv_package
[6.909s] writing list of installed files to '/home/sandra/common_project_ws/build/opencv_package/install.log'
[7.078s] Invoked command in '/home/sandra/common_project_ws/src/opencv_package' returned '0': PYTHONPATH=/home/sandra/common_project_ws/install/opencv_package/lib/python3.8/site-packages:${PYTHONPATH} /usr/bin/python3 setup.py egg_info --egg-base ../../build/opencv_package build --build-base /home/sandra/common_project_ws/build/opencv_package/build install --prefix /home/sandra/common_project_ws/install/opencv_package --record /home/sandra/common_project_ws/build/opencv_package/install.log --single-version-externally-managed
