[0.817s] Invoking command in '/home/sandra/common_project_ws/src/opencv_package': PYTHONPATH=/home/sandra/common_project_ws/install/opencv_package/lib/python3.8/site-packages:${PYTHONPATH} /usr/bin/python3 setup.py egg_info --egg-base ../../build/opencv_package build --build-base /home/sandra/common_project_ws/build/opencv_package/build install --prefix /home/sandra/common_project_ws/install/opencv_package --record /home/sandra/common_project_ws/build/opencv_package/install.log --single-version-externally-managed
[1.113s] running egg_info
[1.113s] writing ../../build/opencv_package/opencv_package.egg-info/PKG-INFO
[1.113s] writing dependency_links to ../../build/opencv_package/opencv_package.egg-info/dependency_links.txt
[1.113s] writing entry points to ../../build/opencv_package/opencv_package.egg-info/entry_points.txt
[1.114s] writing requirements to ../../build/opencv_package/opencv_package.egg-info/requires.txt
[1.114s] writing top-level names to ../../build/opencv_package/opencv_package.egg-info/top_level.txt
[1.169s] reading manifest file '../../build/opencv_package/opencv_package.egg-info/SOURCES.txt'
[1.170s] writing manifest file '../../build/opencv_package/opencv_package.egg-info/SOURCES.txt'
[1.170s] running build
[1.170s] running build_py
[1.170s] copying opencv_package/object_detection.py -> /home/sandra/common_project_ws/build/opencv_package/build/lib/opencv_package
[1.170s] running install
[1.171s] running install_lib
[1.172s] copying /home/sandra/common_project_ws/build/opencv_package/build/lib/opencv_package/object_detection.py -> /home/sandra/common_project_ws/install/opencv_package/lib/python3.8/site-packages/opencv_package
[1.172s] byte-compiling /home/sandra/common_project_ws/install/opencv_package/lib/python3.8/site-packages/opencv_package/object_detection.py to object_detection.cpython-38.pyc
[1.175s] running install_data
[1.175s] copying package.xml -> /home/sandra/common_project_ws/install/opencv_package/share/opencv_package
[1.175s] running install_egg_info
[1.177s] removing '/home/sandra/common_project_ws/install/opencv_package/lib/python3.8/site-packages/opencv_package-0.0.0-py3.8.egg-info' (and everything under it)
[1.177s] Copying ../../build/opencv_package/opencv_package.egg-info to /home/sandra/common_project_ws/install/opencv_package/lib/python3.8/site-packages/opencv_package-0.0.0-py3.8.egg-info
[1.178s] running install_scripts
[1.197s] Installing img_det script to /home/sandra/common_project_ws/install/opencv_package/lib/opencv_package
[1.197s] Installing img_sub script to /home/sandra/common_project_ws/install/opencv_package/lib/opencv_package
[1.197s] writing list of installed files to '/home/sandra/common_project_ws/build/opencv_package/install.log'
[1.222s] Invoked command in '/home/sandra/common_project_ws/src/opencv_package' returned '0': PYTHONPATH=/home/sandra/common_project_ws/install/opencv_package/lib/python3.8/site-packages:${PYTHONPATH} /usr/bin/python3 setup.py egg_info --egg-base ../../build/opencv_package build --build-base /home/sandra/common_project_ws/build/opencv_package/build install --prefix /home/sandra/common_project_ws/install/opencv_package --record /home/sandra/common_project_ws/build/opencv_package/install.log --single-version-externally-managed
