[3.338s] Invoking command in '/home/sandra/common_project_ws/src/opencv_package': PYTHONPATH=/home/sandra/common_project_ws/install/opencv_package/lib/python3.8/site-packages:${PYTHONPATH} /usr/bin/python3 setup.py egg_info --egg-base ../../build/opencv_package build --build-base /home/sandra/common_project_ws/build/opencv_package/build install --prefix /home/sandra/common_project_ws/install/opencv_package --record /home/sandra/common_project_ws/build/opencv_package/install.log --single-version-externally-managed
[4.512s] running egg_info
[4.513s] writing ../../build/opencv_package/opencv_package.egg-info/PKG-INFO
[4.516s] writing dependency_links to ../../build/opencv_package/opencv_package.egg-info/dependency_links.txt
[4.519s] writing entry points to ../../build/opencv_package/opencv_package.egg-info/entry_points.txt
[4.520s] writing requirements to ../../build/opencv_package/opencv_package.egg-info/requires.txt
[4.521s] writing top-level names to ../../build/opencv_package/opencv_package.egg-info/top_level.txt
[4.668s] reading manifest file '../../build/opencv_package/opencv_package.egg-info/SOURCES.txt'
[4.675s] writing manifest file '../../build/opencv_package/opencv_package.egg-info/SOURCES.txt'
[4.676s] running build
[4.679s] running build_py
[4.682s] copying opencv_package/gate_detection.py -> /home/sandra/common_project_ws/build/opencv_package/build/lib/opencv_package
[4.685s] running install
[4.685s] running install_lib
[4.687s] copying /home/sandra/common_project_ws/build/opencv_package/build/lib/opencv_package/gate_detection.py -> /home/sandra/common_project_ws/install/opencv_package/lib/python3.8/site-packages/opencv_package
[4.691s] byte-compiling /home/sandra/common_project_ws/install/opencv_package/lib/python3.8/site-packages/opencv_package/gate_detection.py to gate_detection.cpython-38.pyc
[4.699s] running install_data
[4.700s] running install_egg_info
[4.708s] removing '/home/sandra/common_project_ws/install/opencv_package/lib/python3.8/site-packages/opencv_package-0.0.0-py3.8.egg-info' (and everything under it)
[4.711s] Copying ../../build/opencv_package/opencv_package.egg-info to /home/sandra/common_project_ws/install/opencv_package/lib/python3.8/site-packages/opencv_package-0.0.0-py3.8.egg-info
[4.718s] running install_scripts
[4.784s] Installing gate_det script to /home/sandra/common_project_ws/install/opencv_package/lib/opencv_package
[4.786s] Installing img_det script to /home/sandra/common_project_ws/install/opencv_package/lib/opencv_package
[4.788s] Installing img_sub script to /home/sandra/common_project_ws/install/opencv_package/lib/opencv_package
[4.790s] writing list of installed files to '/home/sandra/common_project_ws/build/opencv_package/install.log'
[4.893s] Invoked command in '/home/sandra/common_project_ws/src/opencv_package' returned '0': PYTHONPATH=/home/sandra/common_project_ws/install/opencv_package/lib/python3.8/site-packages:${PYTHONPATH} /usr/bin/python3 setup.py egg_info --egg-base ../../build/opencv_package build --build-base /home/sandra/common_project_ws/build/opencv_package/build install --prefix /home/sandra/common_project_ws/install/opencv_package --record /home/sandra/common_project_ws/build/opencv_package/install.log --single-version-externally-managed
