[0.750s] DEBUG:colcon:Command line arguments: ['/usr/bin/colcon', 'build']
[0.750s] DEBUG:colcon:Parsed command line arguments: Namespace(allow_overriding=[], ament_cmake_args=None, base_paths=['.'], build_base='build', catkin_cmake_args=None, catkin_skip_building_tests=False, cmake_args=None, cmake_clean_cache=False, cmake_clean_first=False, cmake_force_configure=False, cmake_target=None, cmake_target_skip_unavailable=False, continue_on_error=False, event_handlers=None, executor='parallel', ignore_user_meta=False, install_base='install', log_base=None, log_level=None, main=<bound method BuildVerb.main of <colcon_core.verb.build.BuildVerb object at 0x7f239df7d850>>, merge_install=False, metas=['./colcon.meta'], packages_above=None, packages_above_and_dependencies=None, packages_above_depth=None, packages_end=None, packages_ignore=None, packages_ignore_regex=None, packages_select=None, packages_select_build_failed=False, packages_select_by_dep=None, packages_select_regex=None, packages_select_test_failures=False, packages_skip=None, packages_skip_build_finished=False, packages_skip_by_dep=None, packages_skip_regex=None, packages_skip_test_passed=False, packages_skip_up_to=None, packages_start=None, packages_up_to=None, packages_up_to_regex=None, parallel_workers=8, paths=None, symlink_install=False, test_result_base=None, verb_extension=<colcon_core.verb.build.BuildVerb object at 0x7f239df7d850>, verb_name='build', verb_parser=<colcon_defaults.argument_parser.defaults.DefaultArgumentsDecorator object at 0x7f239df7ddc0>)
[0.878s] Level 1:colcon.colcon_core.package_discovery:discover_packages(colcon_meta) check parameters
[0.878s] Level 1:colcon.colcon_core.package_discovery:discover_packages(recursive) check parameters
[0.878s] Level 1:colcon.colcon_core.package_discovery:discover_packages(ignore) check parameters
[0.878s] Level 1:colcon.colcon_core.package_discovery:discover_packages(path) check parameters
[0.878s] Level 1:colcon.colcon_core.package_discovery:discover_packages(colcon_meta) discover
[0.879s] Level 1:colcon.colcon_core.package_discovery:discover_packages(recursive) discover
[0.879s] INFO:colcon.colcon_core.package_discovery:Crawling recursively for packages in '/home/sandra/common_project_ws'
[0.879s] Level 1:colcon.colcon_core.package_identification:_identify(.) by extensions ['ignore', 'ignore_ament_install']
[0.879s] Level 1:colcon.colcon_core.package_identification:_identify(.) by extension 'ignore'
[0.879s] Level 1:colcon.colcon_core.package_identification:_identify(.) by extension 'ignore_ament_install'
[0.879s] Level 1:colcon.colcon_core.package_identification:_identify(.) by extensions ['colcon_pkg']
[0.880s] Level 1:colcon.colcon_core.package_identification:_identify(.) by extension 'colcon_pkg'
[0.880s] Level 1:colcon.colcon_core.package_identification:_identify(.) by extensions ['colcon_meta']
[0.880s] Level 1:colcon.colcon_core.package_identification:_identify(.) by extension 'colcon_meta'
[0.880s] Level 1:colcon.colcon_core.package_identification:_identify(.) by extensions ['ros']
[0.880s] Level 1:colcon.colcon_core.package_identification:_identify(.) by extension 'ros'
[0.927s] Level 1:colcon.colcon_core.package_identification:_identify(.) by extensions ['cmake', 'python']
[0.927s] Level 1:colcon.colcon_core.package_identification:_identify(.) by extension 'cmake'
[0.928s] Level 1:colcon.colcon_core.package_identification:_identify(.) by extension 'python'
[0.929s] Level 1:colcon.colcon_core.package_identification:_identify(.) by extensions ['python_setup_py']
[0.930s] Level 1:colcon.colcon_core.package_identification:_identify(.) by extension 'python_setup_py'
[0.932s] Level 1:colcon.colcon_core.package_identification:_identify(build) by extensions ['ignore', 'ignore_ament_install']
[0.933s] Level 1:colcon.colcon_core.package_identification:_identify(build) by extension 'ignore'
[0.933s] Level 1:colcon.colcon_core.package_identification:_identify(build) ignored
[0.933s] Level 1:colcon.colcon_core.package_identification:_identify(install) by extensions ['ignore', 'ignore_ament_install']
[0.934s] Level 1:colcon.colcon_core.package_identification:_identify(install) by extension 'ignore'
[0.934s] Level 1:colcon.colcon_core.package_identification:_identify(install) ignored
[0.937s] Level 1:colcon.colcon_core.package_identification:_identify(log) by extensions ['ignore', 'ignore_ament_install']
[0.938s] Level 1:colcon.colcon_core.package_identification:_identify(log) by extension 'ignore'
[0.939s] Level 1:colcon.colcon_core.package_identification:_identify(log) ignored
[0.940s] Level 1:colcon.colcon_core.package_identification:_identify(src) by extensions ['ignore', 'ignore_ament_install']
[0.940s] Level 1:colcon.colcon_core.package_identification:_identify(src) by extension 'ignore'
[0.941s] Level 1:colcon.colcon_core.package_identification:_identify(src) by extension 'ignore_ament_install'
[0.942s] Level 1:colcon.colcon_core.package_identification:_identify(src) by extensions ['colcon_pkg']
[0.943s] Level 1:colcon.colcon_core.package_identification:_identify(src) by extension 'colcon_pkg'
[0.943s] Level 1:colcon.colcon_core.package_identification:_identify(src) by extensions ['colcon_meta']
[0.943s] Level 1:colcon.colcon_core.package_identification:_identify(src) by extension 'colcon_meta'
[0.943s] Level 1:colcon.colcon_core.package_identification:_identify(src) by extensions ['ros']
[0.943s] Level 1:colcon.colcon_core.package_identification:_identify(src) by extension 'ros'
[0.943s] Level 1:colcon.colcon_core.package_identification:_identify(src) by extensions ['cmake', 'python']
[0.943s] Level 1:colcon.colcon_core.package_identification:_identify(src) by extension 'cmake'
[0.943s] Level 1:colcon.colcon_core.package_identification:_identify(src) by extension 'python'
[0.943s] Level 1:colcon.colcon_core.package_identification:_identify(src) by extensions ['python_setup_py']
[0.943s] Level 1:colcon.colcon_core.package_identification:_identify(src) by extension 'python_setup_py'
[0.944s] Level 1:colcon.colcon_core.package_identification:_identify(src/opencv_package) by extensions ['ignore', 'ignore_ament_install']
[0.944s] Level 1:colcon.colcon_core.package_identification:_identify(src/opencv_package) by extension 'ignore'
[0.944s] Level 1:colcon.colcon_core.package_identification:_identify(src/opencv_package) by extension 'ignore_ament_install'
[0.944s] Level 1:colcon.colcon_core.package_identification:_identify(src/opencv_package) by extensions ['colcon_pkg']
[0.944s] Level 1:colcon.colcon_core.package_identification:_identify(src/opencv_package) by extension 'colcon_pkg'
[0.944s] Level 1:colcon.colcon_core.package_identification:_identify(src/opencv_package) by extensions ['colcon_meta']
[0.944s] Level 1:colcon.colcon_core.package_identification:_identify(src/opencv_package) by extension 'colcon_meta'
[0.944s] Level 1:colcon.colcon_core.package_identification:_identify(src/opencv_package) by extensions ['ros']
[0.944s] Level 1:colcon.colcon_core.package_identification:_identify(src/opencv_package) by extension 'ros'
[0.956s] DEBUG:colcon.colcon_core.package_identification:Package 'src/opencv_package' with type 'ros.ament_python' and name 'opencv_package'
[0.956s] Level 1:colcon.colcon_core.package_discovery:discover_packages(recursive) using defaults
[0.956s] Level 1:colcon.colcon_core.package_discovery:discover_packages(ignore) discover
[0.956s] Level 1:colcon.colcon_core.package_discovery:discover_packages(ignore) using defaults
[0.956s] Level 1:colcon.colcon_core.package_discovery:discover_packages(path) discover
[0.956s] Level 1:colcon.colcon_core.package_discovery:discover_packages(path) using defaults
[1.089s] Level 1:colcon.colcon_core.package_discovery:discover_packages(prefix_path) check parameters
[1.089s] Level 1:colcon.colcon_core.package_discovery:discover_packages(prefix_path) discover
[1.110s] DEBUG:colcon.colcon_installed_package_information.package_discovery:Found 1 installed packages in /home/sandra/common_project_ws/install
[1.120s] DEBUG:colcon.colcon_installed_package_information.package_discovery:Found 362 installed packages in /opt/ros/galactic
[1.129s] Level 1:colcon.colcon_core.package_discovery:discover_packages(prefix_path) using defaults
[1.784s] Level 5:colcon.colcon_core.verb:set package 'opencv_package' build argument 'cmake_args' from command line to 'None'
[1.785s] Level 5:colcon.colcon_core.verb:set package 'opencv_package' build argument 'cmake_target' from command line to 'None'
[1.792s] Level 5:colcon.colcon_core.verb:set package 'opencv_package' build argument 'cmake_target_skip_unavailable' from command line to 'False'
[1.793s] Level 5:colcon.colcon_core.verb:set package 'opencv_package' build argument 'cmake_clean_cache' from command line to 'False'
[1.794s] Level 5:colcon.colcon_core.verb:set package 'opencv_package' build argument 'cmake_clean_first' from command line to 'False'
[1.794s] Level 5:colcon.colcon_core.verb:set package 'opencv_package' build argument 'cmake_force_configure' from command line to 'False'
[1.795s] Level 5:colcon.colcon_core.verb:set package 'opencv_package' build argument 'ament_cmake_args' from command line to 'None'
[1.796s] Level 5:colcon.colcon_core.verb:set package 'opencv_package' build argument 'catkin_cmake_args' from command line to 'None'
[1.797s] Level 5:colcon.colcon_core.verb:set package 'opencv_package' build argument 'catkin_skip_building_tests' from command line to 'False'
[1.798s] DEBUG:colcon.colcon_core.verb:Building package 'opencv_package' with the following arguments: {'ament_cmake_args': None, 'build_base': '/home/sandra/common_project_ws/build/opencv_package', 'catkin_cmake_args': None, 'catkin_skip_building_tests': False, 'cmake_args': None, 'cmake_clean_cache': False, 'cmake_clean_first': False, 'cmake_force_configure': False, 'cmake_target': None, 'cmake_target_skip_unavailable': False, 'install_base': '/home/sandra/common_project_ws/install/opencv_package', 'merge_install': False, 'path': '/home/sandra/common_project_ws/src/opencv_package', 'symlink_install': False, 'test_result_base': None}
[1.806s] INFO:colcon.colcon_core.executor:Executing jobs using 'parallel' executor
[1.829s] DEBUG:colcon.colcon_parallel_executor.executor.parallel:run_until_complete
[1.830s] INFO:colcon.colcon_ros.task.ament_python.build:Building ROS package in '/home/sandra/common_project_ws/src/opencv_package' with build type 'ament_python'
[1.831s] Level 1:colcon.colcon_core.shell:create_environment_hook('opencv_package', 'ament_prefix_path')
[1.855s] INFO:colcon.colcon_core.plugin_system:Skipping extension 'colcon_core.shell.bat': Not used on non-Windows systems
[1.856s] INFO:colcon.colcon_core.shell:Creating environment hook '/home/sandra/common_project_ws/install/opencv_package/share/opencv_package/hook/ament_prefix_path.ps1'
[1.861s] INFO:colcon.colcon_core.shell:Creating environment descriptor '/home/sandra/common_project_ws/install/opencv_package/share/opencv_package/hook/ament_prefix_path.dsv'
[1.864s] INFO:colcon.colcon_core.shell:Creating environment hook '/home/sandra/common_project_ws/install/opencv_package/share/opencv_package/hook/ament_prefix_path.sh'
[1.876s] INFO:colcon.colcon_core.shell:Skip shell extension 'powershell' for command environment: Not usable outside of PowerShell
[1.877s] DEBUG:colcon.colcon_core.shell:Skip shell extension 'dsv' for command environment
[3.363s] INFO:colcon.colcon_core.task.python.build:Building Python package in '/home/sandra/common_project_ws/src/opencv_package'
[3.373s] INFO:colcon.colcon_core.shell:Skip shell extension 'powershell' for command environment: Not usable outside of PowerShell
[3.373s] DEBUG:colcon.colcon_core.shell:Skip shell extension 'dsv' for command environment
[5.570s] DEBUG:colcon.colcon_core.event_handler.log_command:Invoking command in '/home/sandra/common_project_ws/src/opencv_package': PYTHONPATH=/home/sandra/common_project_ws/install/opencv_package/lib/python3.8/site-packages:${PYTHONPATH} /usr/bin/python3 setup.py egg_info --egg-base ../../build/opencv_package build --build-base /home/sandra/common_project_ws/build/opencv_package/build install --prefix /home/sandra/common_project_ws/install/opencv_package --record /home/sandra/common_project_ws/build/opencv_package/install.log --single-version-externally-managed
[7.378s] DEBUG:colcon.colcon_core.event_handler.log_command:Invoked command in '/home/sandra/common_project_ws/src/opencv_package' returned '0': PYTHONPATH=/home/sandra/common_project_ws/install/opencv_package/lib/python3.8/site-packages:${PYTHONPATH} /usr/bin/python3 setup.py egg_info --egg-base ../../build/opencv_package build --build-base /home/sandra/common_project_ws/build/opencv_package/build install --prefix /home/sandra/common_project_ws/install/opencv_package --record /home/sandra/common_project_ws/build/opencv_package/install.log --single-version-externally-managed
[7.409s] Level 1:colcon.colcon_core.environment:checking '/home/sandra/common_project_ws/install/opencv_package' for CMake module files
[7.411s] Level 1:colcon.colcon_core.environment:checking '/home/sandra/common_project_ws/install/opencv_package' for CMake config files
[7.415s] Level 1:colcon.colcon_core.environment:checking '/home/sandra/common_project_ws/install/opencv_package/lib'
[7.418s] Level 1:colcon.colcon_core.environment:checking '/home/sandra/common_project_ws/install/opencv_package/bin'
[7.419s] Level 1:colcon.colcon_core.environment:checking '/home/sandra/common_project_ws/install/opencv_package/lib/pkgconfig/opencv_package.pc'
[7.421s] Level 1:colcon.colcon_core.environment:checking '/home/sandra/common_project_ws/install/opencv_package/lib/python3.8/site-packages'
[7.421s] Level 1:colcon.colcon_core.shell:create_environment_hook('opencv_package', 'pythonpath')
[7.429s] INFO:colcon.colcon_core.shell:Creating environment hook '/home/sandra/common_project_ws/install/opencv_package/share/opencv_package/hook/pythonpath.ps1'
[7.435s] INFO:colcon.colcon_core.shell:Creating environment descriptor '/home/sandra/common_project_ws/install/opencv_package/share/opencv_package/hook/pythonpath.dsv'
[7.438s] INFO:colcon.colcon_core.shell:Creating environment hook '/home/sandra/common_project_ws/install/opencv_package/share/opencv_package/hook/pythonpath.sh'
[7.439s] Level 1:colcon.colcon_core.environment:checking '/home/sandra/common_project_ws/install/opencv_package/bin'
[7.439s] Level 1:colcon.colcon_core.environment:create_environment_scripts_only(opencv_package)
[7.442s] INFO:colcon.colcon_core.shell:Creating package script '/home/sandra/common_project_ws/install/opencv_package/share/opencv_package/package.ps1'
[7.450s] INFO:colcon.colcon_core.shell:Creating package descriptor '/home/sandra/common_project_ws/install/opencv_package/share/opencv_package/package.dsv'
[7.453s] INFO:colcon.colcon_core.shell:Creating package script '/home/sandra/common_project_ws/install/opencv_package/share/opencv_package/package.sh'
[7.458s] INFO:colcon.colcon_core.shell:Creating package script '/home/sandra/common_project_ws/install/opencv_package/share/opencv_package/package.bash'
[7.464s] INFO:colcon.colcon_core.shell:Creating package script '/home/sandra/common_project_ws/install/opencv_package/share/opencv_package/package.zsh'
[7.469s] Level 1:colcon.colcon_core.environment:create_file_with_runtime_dependencies(/home/sandra/common_project_ws/install/opencv_package/share/colcon-core/packages/opencv_package)
[7.470s] DEBUG:colcon.colcon_parallel_executor.executor.parallel:closing loop
[7.471s] DEBUG:colcon.colcon_parallel_executor.executor.parallel:loop closed
[7.471s] DEBUG:colcon.colcon_parallel_executor.executor.parallel:run_until_complete finished with '0'
[7.471s] DEBUG:colcon.colcon_core.event_reactor:joining thread
[7.507s] INFO:colcon.colcon_core.plugin_system:Skipping extension 'colcon_notification.desktop_notification.terminal_notifier': Not used on non-Darwin systems
[7.507s] INFO:colcon.colcon_core.plugin_system:Skipping extension 'colcon_notification.desktop_notification.win32': Not used on non-Windows systems
[7.507s] INFO:colcon.colcon_notification.desktop_notification:Sending desktop notification using 'notify2'
[7.615s] DEBUG:colcon.colcon_core.event_reactor:joined thread
[7.623s] INFO:colcon.colcon_core.shell:Creating prefix script '/home/sandra/common_project_ws/install/local_setup.ps1'
[7.632s] INFO:colcon.colcon_core.shell:Creating prefix util module '/home/sandra/common_project_ws/install/_local_setup_util_ps1.py'
[7.644s] INFO:colcon.colcon_core.shell:Creating prefix chain script '/home/sandra/common_project_ws/install/setup.ps1'
[7.649s] INFO:colcon.colcon_core.shell:Creating prefix script '/home/sandra/common_project_ws/install/local_setup.sh'
[7.651s] INFO:colcon.colcon_core.shell:Creating prefix util module '/home/sandra/common_project_ws/install/_local_setup_util_sh.py'
[7.657s] INFO:colcon.colcon_core.shell:Creating prefix chain script '/home/sandra/common_project_ws/install/setup.sh'
[7.668s] INFO:colcon.colcon_core.shell:Creating prefix script '/home/sandra/common_project_ws/install/local_setup.bash'
[7.676s] INFO:colcon.colcon_core.shell:Creating prefix chain script '/home/sandra/common_project_ws/install/setup.bash'
[7.685s] INFO:colcon.colcon_core.shell:Creating prefix script '/home/sandra/common_project_ws/install/local_setup.zsh'
[7.690s] INFO:colcon.colcon_core.shell:Creating prefix chain script '/home/sandra/common_project_ws/install/setup.zsh'
