[4.292s] Invoking command in '/home/sandra/common_project_ws/src/opencv_package': PYTHONPATH=/home/sandra/common_project_ws/install/opencv_package/lib/python3.8/site-packages:${PYTHONPATH} /usr/bin/python3 setup.py egg_info --egg-base ../../build/opencv_package build --build-base /home/sandra/common_project_ws/build/opencv_package/build install --prefix /home/sandra/common_project_ws/install/opencv_package --record /home/sandra/common_project_ws/build/opencv_package/install.log --single-version-externally-managed
[5.840s] running egg_info
[5.841s] writing ../../build/opencv_package/opencv_package.egg-info/PKG-INFO
[5.841s] writing dependency_links to ../../build/opencv_package/opencv_package.egg-info/dependency_links.txt
[5.842s] writing entry points to ../../build/opencv_package/opencv_package.egg-info/entry_points.txt
[5.845s] writing requirements to ../../build/opencv_package/opencv_package.egg-info/requires.txt
[5.847s] writing top-level names to ../../build/opencv_package/opencv_package.egg-info/top_level.txt
[6.058s] reading manifest file '../../build/opencv_package/opencv_package.egg-info/SOURCES.txt'
[6.064s] writing manifest file '../../build/opencv_package/opencv_package.egg-info/SOURCES.txt'
[6.065s] running build
[6.065s] running build_py
[6.066s] copying opencv_package/object_detection.py -> /home/sandra/common_project_ws/build/opencv_package/build/lib/opencv_package
[6.066s] running install
[6.068s] running install_lib
[6.075s] copying /home/sandra/common_project_ws/build/opencv_package/build/lib/opencv_package/object_detection.py -> /home/sandra/common_project_ws/install/opencv_package/lib/python3.8/site-packages/opencv_package
[6.078s] byte-compiling /home/sandra/common_project_ws/install/opencv_package/lib/python3.8/site-packages/opencv_package/object_detection.py to object_detection.cpython-38.pyc
[6.088s] running install_data
[6.089s] running install_egg_info
[6.100s] removing '/home/sandra/common_project_ws/install/opencv_package/lib/python3.8/site-packages/opencv_package-0.0.0-py3.8.egg-info' (and everything under it)
[6.101s] Copying ../../build/opencv_package/opencv_package.egg-info to /home/sandra/common_project_ws/install/opencv_package/lib/python3.8/site-packages/opencv_package-0.0.0-py3.8.egg-info
[6.109s] running install_scripts
[6.195s] Installing img_det script to /home/sandra/common_project_ws/install/opencv_package/lib/opencv_package
[6.195s] Installing img_sub script to /home/sandra/common_project_ws/install/opencv_package/lib/opencv_package
[6.196s] writing list of installed files to '/home/sandra/common_project_ws/build/opencv_package/install.log'
[6.328s] Invoked command in '/home/sandra/common_project_ws/src/opencv_package' returned '0': PYTHONPATH=/home/sandra/common_project_ws/install/opencv_package/lib/python3.8/site-packages:${PYTHONPATH} /usr/bin/python3 setup.py egg_info --egg-base ../../build/opencv_package build --build-base /home/sandra/common_project_ws/build/opencv_package/build install --prefix /home/sandra/common_project_ws/install/opencv_package --record /home/sandra/common_project_ws/build/opencv_package/install.log --single-version-externally-managed
