[3.322s] Invoking command in '/home/sandra/common_project_ws/src/opencv_package': PYTHONPATH=/home/sandra/common_project_ws/install/opencv_package/lib/python3.8/site-packages:${PYTHONPATH} /usr/bin/python3 setup.py egg_info --egg-base ../../build/opencv_package build --build-base /home/sandra/common_project_ws/build/opencv_package/build install --prefix /home/sandra/common_project_ws/install/opencv_package --record /home/sandra/common_project_ws/build/opencv_package/install.log --single-version-externally-managed
[4.506s] running egg_info
[4.513s] writing ../../build/opencv_package/opencv_package.egg-info/PKG-INFO
[4.514s] writing dependency_links to ../../build/opencv_package/opencv_package.egg-info/dependency_links.txt
[4.514s] writing entry points to ../../build/opencv_package/opencv_package.egg-info/entry_points.txt
[4.515s] writing requirements to ../../build/opencv_package/opencv_package.egg-info/requires.txt
[4.515s] writing top-level names to ../../build/opencv_package/opencv_package.egg-info/top_level.txt
[4.663s] reading manifest file '../../build/opencv_package/opencv_package.egg-info/SOURCES.txt'
[4.667s] writing manifest file '../../build/opencv_package/opencv_package.egg-info/SOURCES.txt'
[4.667s] running build
[4.667s] running build_py
[4.668s] copying opencv_package/gate_detection.py -> /home/sandra/common_project_ws/build/opencv_package/build/lib/opencv_package
[4.668s] running install
[4.670s] running install_lib
[4.677s] copying /home/sandra/common_project_ws/build/opencv_package/build/lib/opencv_package/gate_detection.py -> /home/sandra/common_project_ws/install/opencv_package/lib/python3.8/site-packages/opencv_package
[4.682s] byte-compiling /home/sandra/common_project_ws/install/opencv_package/lib/python3.8/site-packages/opencv_package/gate_detection.py to gate_detection.cpython-38.pyc
[4.690s] running install_data
[4.695s] running install_egg_info
[4.701s] removing '/home/sandra/common_project_ws/install/opencv_package/lib/python3.8/site-packages/opencv_package-0.0.0-py3.8.egg-info' (and everything under it)
[4.702s] Copying ../../build/opencv_package/opencv_package.egg-info to /home/sandra/common_project_ws/install/opencv_package/lib/python3.8/site-packages/opencv_package-0.0.0-py3.8.egg-info
[4.704s] running install_scripts
[4.785s] Installing gate_det script to /home/sandra/common_project_ws/install/opencv_package/lib/opencv_package
[4.785s] Installing img_det script to /home/sandra/common_project_ws/install/opencv_package/lib/opencv_package
[4.786s] Installing img_sub script to /home/sandra/common_project_ws/install/opencv_package/lib/opencv_package
[4.786s] writing list of installed files to '/home/sandra/common_project_ws/build/opencv_package/install.log'
[4.892s] Invoked command in '/home/sandra/common_project_ws/src/opencv_package' returned '0': PYTHONPATH=/home/sandra/common_project_ws/install/opencv_package/lib/python3.8/site-packages:${PYTHONPATH} /usr/bin/python3 setup.py egg_info --egg-base ../../build/opencv_package build --build-base /home/sandra/common_project_ws/build/opencv_package/build install --prefix /home/sandra/common_project_ws/install/opencv_package --record /home/sandra/common_project_ws/build/opencv_package/install.log --single-version-externally-managed
