[0.016s] Invoking command in '/home/huo/drone_racing_ros2_ws/build/tello_description': CMAKE_PREFIX_PATH=/opt/ros/galactic /usr/bin/cmake /home/huo/drone_racing_ros2_ws/src/drone_racing_ros2/tello_ros/tello_description -DCMAKE_INSTALL_PREFIX=/home/huo/drone_racing_ros2_ws/install/tello_description
[0.062s] -- The C compiler identification is GNU 9.4.0
[0.111s] -- The CXX compiler identification is GNU 9.4.0
[0.114s] -- Check for working C compiler: /usr/bin/cc
[0.169s] -- Check for working C compiler: /usr/bin/cc -- works
[0.169s] -- Detecting C compiler ABI info
[0.225s] -- Detecting C compiler ABI info - done
[0.234s] -- Detecting C compile features
[0.235s] -- Detecting C compile features - done
[0.237s] -- Check for working CXX compiler: /usr/bin/c++
[0.302s] -- Check for working CXX compiler: /usr/bin/c++ -- works
[0.303s] -- Detecting CXX compiler ABI info
[0.369s] -- Detecting CXX compiler ABI info - done
[0.378s] -- Detecting CXX compile features
[0.379s] -- Detecting CXX compile features - done
[0.381s] -- Found ament_cmake: 1.1.6 (/opt/ros/galactic/share/ament_cmake/cmake)
[0.403s] -- Found PythonInterp: /usr/bin/python3 (found suitable version "3.8.10", minimum required is "3") 
[0.404s] -- Using PYTHON_EXECUTABLE: /usr/bin/python3
[0.473s] -- creating rules for /home/huo/drone_racing_ros2_ws/build/tello_description/urdf/tello.urdf
[0.473s] -- creating rules for /home/huo/drone_racing_ros2_ws/build/tello_description/urdf/tello_1.urdf
[0.473s] -- creating rules for /home/huo/drone_racing_ros2_ws/build/tello_description/urdf/tello_2.urdf
[0.473s] -- creating rules for /home/huo/drone_racing_ros2_ws/build/tello_description/urdf/tello_3.urdf
[0.473s] -- creating rules for /home/huo/drone_racing_ros2_ws/build/tello_description/urdf/tello_4.urdf
[0.473s] -- creating rules for /home/huo/drone_racing_ros2_ws/build/tello_description/urdf/tello_5.urdf
[0.473s] -- creating rules for /home/huo/drone_racing_ros2_ws/build/tello_description/urdf/tello_6.urdf
[0.473s] -- creating rules for /home/huo/drone_racing_ros2_ws/build/tello_description/urdf/tello_7.urdf
[0.473s] -- creating rules for /home/huo/drone_racing_ros2_ws/build/tello_description/urdf/tello_8.urdf
[0.529s] -- Configuring done
[0.534s] -- Generating done
[0.536s] -- Build files have been written to: /home/huo/drone_racing_ros2_ws/build/tello_description
[0.540s] Invoked command in '/home/huo/drone_racing_ros2_ws/build/tello_description' returned '0': CMAKE_PREFIX_PATH=/opt/ros/galactic /usr/bin/cmake /home/huo/drone_racing_ros2_ws/src/drone_racing_ros2/tello_ros/tello_description -DCMAKE_INSTALL_PREFIX=/home/huo/drone_racing_ros2_ws/install/tello_description
[0.542s] Invoking command in '/home/huo/drone_racing_ros2_ws/build/tello_description': CMAKE_PREFIX_PATH=/opt/ros/galactic /usr/bin/cmake --build /home/huo/drone_racing_ros2_ws/build/tello_description -- -j8 -l8
[0.578s] [35m[1mScanning dependencies of target generate_urdf_8[0m
[0.578s] [35m[1mScanning dependencies of target generate_urdf_4[0m
[0.578s] [35m[1mScanning dependencies of target generate_urdf_5[0m
[0.579s] [35m[1mScanning dependencies of target generate_urdf_1[0m
[0.579s] [35m[1mScanning dependencies of target generate_urdf[0m
[0.580s] [35m[1mScanning dependencies of target generate_urdf_6[0m
[0.583s] [35m[1mScanning dependencies of target generate_urdf_3[0m
[0.591s] [35m[1mScanning dependencies of target generate_urdf_7[0m
[0.591s] [ 22%] [34m[1mGenerate /home/huo/drone_racing_ros2_ws/build/tello_description/urdf/tello_4.urdf[0m
[0.591s] [ 22%] [34m[1mGenerate /home/huo/drone_racing_ros2_ws/build/tello_description/urdf/tello_1.urdf[0m
[0.592s] [ 33%] [34m[1mGenerate /home/huo/drone_racing_ros2_ws/build/tello_description/urdf/tello_5.urdf[0m
[0.593s] [ 44%] [34m[1mGenerate /home/huo/drone_racing_ros2_ws/build/tello_description/urdf/tello.urdf[0m
[0.593s] [ 55%] [34m[1mGenerate /home/huo/drone_racing_ros2_ws/build/tello_description/urdf/tello_8.urdf[0m
[0.601s] [ 66%] [34m[1mGenerate /home/huo/drone_racing_ros2_ws/build/tello_description/urdf/tello_6.urdf[0m
[0.604s] [ 77%] [34m[1mGenerate /home/huo/drone_racing_ros2_ws/build/tello_description/urdf/tello_7.urdf[0m
[0.610s] [ 88%] [34m[1mGenerate /home/huo/drone_racing_ros2_ws/build/tello_description/urdf/tello_3.urdf[0m
[0.638s] [ 88%] Built target generate_urdf_8
[0.642s] [ 88%] Built target generate_urdf_4
[0.642s] [ 88%] Built target generate_urdf_5
[0.648s] [ 88%] Built target generate_urdf
[0.648s] [ 88%] Built target generate_urdf_1
[0.655s] [ 88%] Built target generate_urdf_6
[0.656s] [ 88%] Built target generate_urdf_7
[0.656s] [35m[1mScanning dependencies of target generate_urdf_2[0m
[0.656s] [ 88%] Built target generate_urdf_3
[0.664s] [100%] [34m[1mGenerate /home/huo/drone_racing_ros2_ws/build/tello_description/urdf/tello_2.urdf[0m
[0.691s] [100%] Built target generate_urdf_2
[0.699s] Invoked command in '/home/huo/drone_racing_ros2_ws/build/tello_description' returned '0': CMAKE_PREFIX_PATH=/opt/ros/galactic /usr/bin/cmake --build /home/huo/drone_racing_ros2_ws/build/tello_description -- -j8 -l8
[0.701s] Invoking command in '/home/huo/drone_racing_ros2_ws/build/tello_description': CMAKE_PREFIX_PATH=/opt/ros/galactic /usr/bin/cmake --install /home/huo/drone_racing_ros2_ws/build/tello_description
[0.708s] -- Install configuration: ""
[0.708s] -- Installing: /home/huo/drone_racing_ros2_ws/install/tello_description/share/tello_description/urdf
[0.708s] -- Installing: /home/huo/drone_racing_ros2_ws/install/tello_description/share/tello_description/urdf/tello_7.urdf
[0.709s] -- Installing: /home/huo/drone_racing_ros2_ws/install/tello_description/share/tello_description/urdf/tello_5.urdf
[0.709s] -- Installing: /home/huo/drone_racing_ros2_ws/install/tello_description/share/tello_description/urdf/tello_4.urdf
[0.709s] -- Installing: /home/huo/drone_racing_ros2_ws/install/tello_description/share/tello_description/urdf/tello_1.urdf
[0.709s] -- Installing: /home/huo/drone_racing_ros2_ws/install/tello_description/share/tello_description/urdf/tello_6.urdf
[0.709s] -- Installing: /home/huo/drone_racing_ros2_ws/install/tello_description/share/tello_description/urdf/tello_8.urdf
[0.709s] -- Installing: /home/huo/drone_racing_ros2_ws/install/tello_description/share/tello_description/urdf/tello_3.urdf
[0.709s] -- Installing: /home/huo/drone_racing_ros2_ws/install/tello_description/share/tello_description/urdf/tello.urdf
[0.709s] -- Installing: /home/huo/drone_racing_ros2_ws/install/tello_description/share/tello_description/urdf/tello_2.urdf
[0.709s] -- Installing: /home/huo/drone_racing_ros2_ws/install/tello_description/share/ament_index/resource_index/package_run_dependencies/tello_description
[0.709s] -- Installing: /home/huo/drone_racing_ros2_ws/install/tello_description/share/ament_index/resource_index/parent_prefix_path/tello_description
[0.709s] -- Installing: /home/huo/drone_racing_ros2_ws/install/tello_description/share/tello_description/environment/ament_prefix_path.sh
[0.709s] -- Installing: /home/huo/drone_racing_ros2_ws/install/tello_description/share/tello_description/environment/ament_prefix_path.dsv
[0.709s] -- Installing: /home/huo/drone_racing_ros2_ws/install/tello_description/share/tello_description/environment/path.sh
[0.709s] -- Installing: /home/huo/drone_racing_ros2_ws/install/tello_description/share/tello_description/environment/path.dsv
[0.710s] -- Installing: /home/huo/drone_racing_ros2_ws/install/tello_description/share/tello_description/local_setup.bash
[0.710s] -- Installing: /home/huo/drone_racing_ros2_ws/install/tello_description/share/tello_description/local_setup.sh
[0.710s] -- Installing: /home/huo/drone_racing_ros2_ws/install/tello_description/share/tello_description/local_setup.zsh
[0.710s] -- Installing: /home/huo/drone_racing_ros2_ws/install/tello_description/share/tello_description/local_setup.dsv
[0.710s] -- Installing: /home/huo/drone_racing_ros2_ws/install/tello_description/share/tello_description/package.dsv
[0.710s] -- Installing: /home/huo/drone_racing_ros2_ws/install/tello_description/share/ament_index/resource_index/packages/tello_description
[0.710s] -- Installing: /home/huo/drone_racing_ros2_ws/install/tello_description/share/tello_description/cmake/tello_descriptionConfig.cmake
[0.710s] -- Installing: /home/huo/drone_racing_ros2_ws/install/tello_description/share/tello_description/cmake/tello_descriptionConfig-version.cmake
[0.710s] -- Installing: /home/huo/drone_racing_ros2_ws/install/tello_description/share/tello_description/package.xml
[0.712s] Invoked command in '/home/huo/drone_racing_ros2_ws/build/tello_description' returned '0': CMAKE_PREFIX_PATH=/opt/ros/galactic /usr/bin/cmake --install /home/huo/drone_racing_ros2_ws/build/tello_description
