[3.651s] Invoking command in '/home/sandra/common_project_ws/src/opencv_package': PYTHONPATH=/home/sandra/common_project_ws/install/opencv_package/lib/python3.8/site-packages:${PYTHONPATH} /usr/bin/python3 setup.py egg_info --egg-base ../../build/opencv_package build --build-base /home/sandra/common_project_ws/build/opencv_package/build install --prefix /home/sandra/common_project_ws/install/opencv_package --record /home/sandra/common_project_ws/build/opencv_package/install.log --single-version-externally-managed
[4.992s] running egg_info
[4.992s] writing ../../build/opencv_package/opencv_package.egg-info/PKG-INFO
[4.993s] writing dependency_links to ../../build/opencv_package/opencv_package.egg-info/dependency_links.txt
[4.993s] writing entry points to ../../build/opencv_package/opencv_package.egg-info/entry_points.txt
[4.993s] writing requirements to ../../build/opencv_package/opencv_package.egg-info/requires.txt
[4.994s] writing top-level names to ../../build/opencv_package/opencv_package.egg-info/top_level.txt
[5.159s] reading manifest file '../../build/opencv_package/opencv_package.egg-info/SOURCES.txt'
[5.166s] writing manifest file '../../build/opencv_package/opencv_package.egg-info/SOURCES.txt'
[5.169s] running build
[5.169s] running build_py
[5.169s] copying opencv_package/gate_detection.py -> /home/sandra/common_project_ws/build/opencv_package/build/lib/opencv_package
[5.169s] running install
[5.170s] running install_lib
[5.173s] copying /home/sandra/common_project_ws/build/opencv_package/build/lib/opencv_package/gate_detection.py -> /home/sandra/common_project_ws/install/opencv_package/lib/python3.8/site-packages/opencv_package
[5.176s] byte-compiling /home/sandra/common_project_ws/install/opencv_package/lib/python3.8/site-packages/opencv_package/gate_detection.py to gate_detection.cpython-38.pyc
[5.190s] running install_data
[5.193s] running install_egg_info
[5.201s] removing '/home/sandra/common_project_ws/install/opencv_package/lib/python3.8/site-packages/opencv_package-0.0.0-py3.8.egg-info' (and everything under it)
[5.202s] Copying ../../build/opencv_package/opencv_package.egg-info to /home/sandra/common_project_ws/install/opencv_package/lib/python3.8/site-packages/opencv_package-0.0.0-py3.8.egg-info
[5.203s] running install_scripts
[5.287s] Installing gate_det script to /home/sandra/common_project_ws/install/opencv_package/lib/opencv_package
[5.288s] Installing img_det script to /home/sandra/common_project_ws/install/opencv_package/lib/opencv_package
[5.288s] Installing img_sub script to /home/sandra/common_project_ws/install/opencv_package/lib/opencv_package
[5.289s] writing list of installed files to '/home/sandra/common_project_ws/build/opencv_package/install.log'
[5.408s] Invoked command in '/home/sandra/common_project_ws/src/opencv_package' returned '0': PYTHONPATH=/home/sandra/common_project_ws/install/opencv_package/lib/python3.8/site-packages:${PYTHONPATH} /usr/bin/python3 setup.py egg_info --egg-base ../../build/opencv_package build --build-base /home/sandra/common_project_ws/build/opencv_package/build install --prefix /home/sandra/common_project_ws/install/opencv_package --record /home/sandra/common_project_ws/build/opencv_package/install.log --single-version-externally-managed
