[5.065s] Invoking command in '/home/sandra/common_project_ws/src/opencv_package': PYTHONPATH=/home/sandra/common_project_ws/install/opencv_package/lib/python3.8/site-packages:${PYTHONPATH} /usr/bin/python3 setup.py egg_info --egg-base ../../build/opencv_package build --build-base /home/sandra/common_project_ws/build/opencv_package/build install --prefix /home/sandra/common_project_ws/install/opencv_package --record /home/sandra/common_project_ws/build/opencv_package/install.log --single-version-externally-managed
[6.924s] running egg_info
[6.927s] writing ../../build/opencv_package/opencv_package.egg-info/PKG-INFO
[6.930s] writing dependency_links to ../../build/opencv_package/opencv_package.egg-info/dependency_links.txt
[6.932s] writing entry points to ../../build/opencv_package/opencv_package.egg-info/entry_points.txt
[6.933s] writing requirements to ../../build/opencv_package/opencv_package.egg-info/requires.txt
[6.934s] writing top-level names to ../../build/opencv_package/opencv_package.egg-info/top_level.txt
[7.149s] reading manifest file '../../build/opencv_package/opencv_package.egg-info/SOURCES.txt'
[7.152s] writing manifest file '../../build/opencv_package/opencv_package.egg-info/SOURCES.txt'
[7.155s] running build
[7.159s] running build_py
[7.161s] running install
[7.163s] running install_lib
[7.174s] running install_data
[7.177s] running install_egg_info
[7.197s] removing '/home/sandra/common_project_ws/install/opencv_package/lib/python3.8/site-packages/opencv_package-0.0.0-py3.8.egg-info' (and everything under it)
[7.199s] Copying ../../build/opencv_package/opencv_package.egg-info to /home/sandra/common_project_ws/install/opencv_package/lib/python3.8/site-packages/opencv_package-0.0.0-py3.8.egg-info
[7.202s] running install_scripts
[7.337s] Installing img_det script to /home/sandra/common_project_ws/install/opencv_package/lib/opencv_package
[7.338s] Installing img_sub script to /home/sandra/common_project_ws/install/opencv_package/lib/opencv_package
[7.343s] writing list of installed files to '/home/sandra/common_project_ws/build/opencv_package/install.log'
[7.536s] Invoked command in '/home/sandra/common_project_ws/src/opencv_package' returned '0': PYTHONPATH=/home/sandra/common_project_ws/install/opencv_package/lib/python3.8/site-packages:${PYTHONPATH} /usr/bin/python3 setup.py egg_info --egg-base ../../build/opencv_package build --build-base /home/sandra/common_project_ws/build/opencv_package/build install --prefix /home/sandra/common_project_ws/install/opencv_package --record /home/sandra/common_project_ws/build/opencv_package/install.log --single-version-externally-managed
