-- The C compiler identification is GNU 9.4.0
-- The CXX compiler identification is GNU 9.4.0
-- Check for working C compiler: /usr/bin/cc
-- Check for working C compiler: /usr/bin/cc -- works
-- Detecting C compiler ABI info
-- Detecting C compiler ABI info - done
-- Detecting C compile features
-- Detecting C compile features - done
-- Check for working CXX compiler: /usr/bin/c++
-- Check for working CXX compiler: /usr/bin/c++ -- works
-- Detecting CXX compiler ABI info
-- Detecting CXX compiler ABI info - done
-- Detecting CXX compile features
-- Detecting CXX compile features - done
-- Found ament_cmake: 1.1.6 (/opt/ros/galactic/share/ament_cmake/cmake)
-- Found PythonInterp: /usr/bin/python3 (found suitable version "3.8.10", minimum required is "3") 
-- Using PYTHON_EXECUTABLE: /usr/bin/python3
-- Found PkgConfig: /usr/bin/pkg-config (found version "0.29.1") 
-- Checking for module 'bullet>=2.82'
--   Found bullet, version 2.88
-- Found ccd: /usr/include (found suitable version "2.0", minimum required is "2.0") 
-- Found fcl: /usr/include (found suitable version "0.5.0", minimum required is "0.3.2") 
-- Found assimp: /usr/include (found version "5.0.0") 
-- Found DART: /usr/include (Required is at least version "6.6") found components: dart 
-- Found Boost: /usr/lib/x86_64-linux-gnu/cmake/Boost-1.71.0/BoostConfig.cmake (found suitable version "1.71.0", minimum required is "1.40.0") found components: thread system filesystem program_options regex iostreams date_time 
-- Found Protobuf: /usr/lib/x86_64-linux-gnu/libprotobuf.so;-lpthread (found version "3.6.1") 
-- Looking for ignition-math6 -- found version 6.15.1
-- Searching for dependencies of ignition-math6
-- Looking for OGRE...
-- OGRE_PREFIX_WATCH changed.
-- Checking for module 'OGRE'
--   Found OGRE, version 1.9.0
-- Found Ogre Ghadamon (1.9.0)
-- Found OGRE: optimized;/usr/lib/x86_64-linux-gnu/libOgreMain.so;debug;/usr/lib/x86_64-linux-gnu/libOgreMain.so
-- Looking for OGRE_Paging...
-- Found OGRE_Paging: optimized;/usr/lib/x86_64-linux-gnu/libOgrePaging.so;debug;/usr/lib/x86_64-linux-gnu/libOgrePaging.so
-- Looking for OGRE_Terrain...
-- Found OGRE_Terrain: optimized;/usr/lib/x86_64-linux-gnu/libOgreTerrain.so;debug;/usr/lib/x86_64-linux-gnu/libOgreTerrain.so
-- Looking for OGRE_Property...
-- Found OGRE_Property: optimized;/usr/lib/x86_64-linux-gnu/libOgreProperty.so;debug;/usr/lib/x86_64-linux-gnu/libOgreProperty.so
-- Looking for OGRE_RTShaderSystem...
-- Found OGRE_RTShaderSystem: optimized;/usr/lib/x86_64-linux-gnu/libOgreRTShaderSystem.so;debug;/usr/lib/x86_64-linux-gnu/libOgreRTShaderSystem.so
-- Looking for OGRE_Volume...
-- Found OGRE_Volume: optimized;/usr/lib/x86_64-linux-gnu/libOgreVolume.so;debug;/usr/lib/x86_64-linux-gnu/libOgreVolume.so
-- Looking for OGRE_Overlay...
-- Found OGRE_Overlay: optimized;/usr/lib/x86_64-linux-gnu/libOgreOverlay.so;debug;/usr/lib/x86_64-linux-gnu/libOgreOverlay.so
-- Looking for ignition-math6 -- found version 6.15.1
-- Looking for ignition-transport8 -- found version 8.5.1
-- Searching for dependencies of ignition-transport8
-- Config-file not installed for ZeroMQ -- checking for pkg-config
-- Checking for module 'libzmq >= 4'
--   Found libzmq , version 4.3.2
-- Found ZeroMQ: TRUE (Required is at least version "4") 
-- Checking for module 'uuid'
--   Found uuid, version 2.34.0
-- Found UUID: TRUE  
-- Looking for ignition-msgs5 -- found version 5.11.1
-- Searching for dependencies of ignition-msgs5
-- Looking for ignition-math6 -- found version 6.15.1
-- Checking for module 'tinyxml2'
--   Found tinyxml2, version 6.2.0
-- Looking for ignition-msgs5 -- found version 5.11.1
-- Looking for ignition-common3 -- found version 3.17.1
-- Searching for dependencies of ignition-common3
-- Looking for dlfcn.h - found
-- Looking for libdl - found
-- Found DL: TRUE  
-- Searching for <ignition-common3> component [graphics]
-- Looking for ignition-common3-graphics -- found version 3.17.1
-- Searching for dependencies of ignition-common3-graphics
-- Looking for ignition-math6 -- found version 6.15.1
-- Looking for ignition-fuel_tools4 -- found version 4.9.2
-- Searching for dependencies of ignition-fuel_tools4
-- Found CURL: /usr/lib/x86_64-linux-gnu/libcurl.so (found version "7.68.0")  
-- Checking for module 'jsoncpp'
--   Found jsoncpp, version 1.7.4
-- Found JSONCPP: TRUE  
-- Checking for module 'libzip'
--   Found libzip, version 1.5.1
-- Found ZIP: TRUE  
-- Looking for ignition-common3 -- found version 3.17.1
-- Looking for ignition-math6 -- found version 6.15.1
-- Looking for ignition-msgs5 -- found version 5.11.1
-- Found gazebo_dev: 3.5.2 (/opt/ros/galactic/share/gazebo_dev/cmake)
-- Gazebo version: 11.15
-- Found gazebo_ros: 3.5.2 (/opt/ros/galactic/share/gazebo_ros/cmake)
-- Using all available rosidl_typesupport_c: rosidl_typesupport_fastrtps_c;rosidl_typesupport_introspection_c
-- Found rosidl_adapter: 2.2.3 (/opt/ros/galactic/share/rosidl_adapter/cmake)
-- Found OpenSSL: /usr/lib/x86_64-linux-gnu/libcrypto.so (found version "1.1.1f")  
-- Found FastRTPS: /opt/ros/galactic/include  
-- Using all available rosidl_typesupport_cpp: rosidl_typesupport_fastrtps_cpp;rosidl_typesupport_introspection_cpp
-- Found rmw_implementation_cmake: 3.3.1 (/opt/ros/galactic/share/rmw_implementation_cmake/cmake)
-- Found rmw_cyclonedds_cpp: 0.22.6 (/opt/ros/galactic/share/rmw_cyclonedds_cpp/cmake)
-- Using RMW implementation 'rmw_cyclonedds_cpp' as default
-- Found Threads: TRUE  
-- Found geometry_msgs: 2.2.4 (/opt/ros/galactic/share/geometry_msgs/cmake)
-- Found sensor_msgs: 2.2.4 (/opt/ros/galactic/share/sensor_msgs/cmake)
-- Found tello_msgs: 0.1.0 (/home/huo/drone_racing_ros2_ws/install/tello_msgs/share/tello_msgs/cmake)
-- Configuring done
-- Generating done
-- Build files have been written to: /home/huo/drone_racing_ros2_ws/build/tello_gazebo
[35m[1mScanning dependencies of target TelloPlugin[0m
[ 50%] [32mBuilding CXX object CMakeFiles/TelloPlugin.dir/src/tello_plugin.cpp.o[0m
[100%] [32m[1mLinking CXX shared library libTelloPlugin.so[0m
[100%] Built target TelloPlugin
-- Install configuration: ""
-- Installing: /home/huo/drone_racing_ros2_ws/install/tello_gazebo/lib/libTelloPlugin.so
-- Set runtime path of "/home/huo/drone_racing_ros2_ws/install/tello_gazebo/lib/libTelloPlugin.so" to ""
-- Installing: /home/huo/drone_racing_ros2_ws/install/tello_gazebo/share/tello_gazebo/models
-- Installing: /home/huo/drone_racing_ros2_ws/install/tello_gazebo/share/tello_gazebo/models/square_gate_blue
-- Installing: /home/huo/drone_racing_ros2_ws/install/tello_gazebo/share/tello_gazebo/models/square_gate_blue/model.sdf
-- Installing: /home/huo/drone_racing_ros2_ws/install/tello_gazebo/share/tello_gazebo/models/square_gate_blue/square_gate.dae
-- Installing: /home/huo/drone_racing_ros2_ws/install/tello_gazebo/share/tello_gazebo/models/square_gate_blue/model.config
-- Installing: /home/huo/drone_racing_ros2_ws/install/tello_gazebo/share/tello_gazebo/models/square_gate_green
-- Installing: /home/huo/drone_racing_ros2_ws/install/tello_gazebo/share/tello_gazebo/models/square_gate_green/model.sdf
-- Installing: /home/huo/drone_racing_ros2_ws/install/tello_gazebo/share/tello_gazebo/models/square_gate_green/square_gate.dae
-- Installing: /home/huo/drone_racing_ros2_ws/install/tello_gazebo/share/tello_gazebo/models/square_gate_green/model.config
-- Installing: /home/huo/drone_racing_ros2_ws/install/tello_gazebo/share/tello_gazebo/models/square_gate_red
-- Installing: /home/huo/drone_racing_ros2_ws/install/tello_gazebo/share/tello_gazebo/models/square_gate_red/model.sdf
-- Installing: /home/huo/drone_racing_ros2_ws/install/tello_gazebo/share/tello_gazebo/models/square_gate_red/square_gate.dae
-- Installing: /home/huo/drone_racing_ros2_ws/install/tello_gazebo/share/tello_gazebo/models/square_gate_red/model.config
-- Installing: /home/huo/drone_racing_ros2_ws/install/tello_gazebo/share/tello_gazebo/models/square_gate_green_short
-- Installing: /home/huo/drone_racing_ros2_ws/install/tello_gazebo/share/tello_gazebo/models/square_gate_green_short/model.sdf
-- Installing: /home/huo/drone_racing_ros2_ws/install/tello_gazebo/share/tello_gazebo/models/square_gate_green_short/square_gate_short.dae
-- Installing: /home/huo/drone_racing_ros2_ws/install/tello_gazebo/share/tello_gazebo/models/square_gate_green_short/model.config
-- Installing: /home/huo/drone_racing_ros2_ws/install/tello_gazebo/share/tello_gazebo/models/circle_gate_green_short
-- Installing: /home/huo/drone_racing_ros2_ws/install/tello_gazebo/share/tello_gazebo/models/circle_gate_green_short/model.sdf
-- Installing: /home/huo/drone_racing_ros2_ws/install/tello_gazebo/share/tello_gazebo/models/circle_gate_green_short/model.config
-- Installing: /home/huo/drone_racing_ros2_ws/install/tello_gazebo/share/tello_gazebo/models/circle_gate_green_short/circle_gate_short.dae
-- Installing: /home/huo/drone_racing_ros2_ws/install/tello_gazebo/share/tello_gazebo/models/circle_gate_blue
-- Installing: /home/huo/drone_racing_ros2_ws/install/tello_gazebo/share/tello_gazebo/models/circle_gate_blue/model.sdf
-- Installing: /home/huo/drone_racing_ros2_ws/install/tello_gazebo/share/tello_gazebo/models/circle_gate_blue/circle_gate.dae
-- Installing: /home/huo/drone_racing_ros2_ws/install/tello_gazebo/share/tello_gazebo/models/circle_gate_blue/model.config
-- Installing: /home/huo/drone_racing_ros2_ws/install/tello_gazebo/share/tello_gazebo/models/stop_sign
-- Installing: /home/huo/drone_racing_ros2_ws/install/tello_gazebo/share/tello_gazebo/models/stop_sign/model.sdf
-- Installing: /home/huo/drone_racing_ros2_ws/install/tello_gazebo/share/tello_gazebo/models/stop_sign/model-1_4.sdf
-- Installing: /home/huo/drone_racing_ros2_ws/install/tello_gazebo/share/tello_gazebo/models/stop_sign/model-1_3.sdf
-- Installing: /home/huo/drone_racing_ros2_ws/install/tello_gazebo/share/tello_gazebo/models/stop_sign/meshes
-- Installing: /home/huo/drone_racing_ros2_ws/install/tello_gazebo/share/tello_gazebo/models/stop_sign/meshes/stop_sign.dae
-- Installing: /home/huo/drone_racing_ros2_ws/install/tello_gazebo/share/tello_gazebo/models/stop_sign/model.config
-- Installing: /home/huo/drone_racing_ros2_ws/install/tello_gazebo/share/tello_gazebo/models/stop_sign/materials
-- Installing: /home/huo/drone_racing_ros2_ws/install/tello_gazebo/share/tello_gazebo/models/stop_sign/materials/textures
-- Installing: /home/huo/drone_racing_ros2_ws/install/tello_gazebo/share/tello_gazebo/models/stop_sign/materials/textures/StopSign_Spec.png
-- Installing: /home/huo/drone_racing_ros2_ws/install/tello_gazebo/share/tello_gazebo/models/stop_sign/materials/textures/StopSign_Diffuse.png
-- Installing: /home/huo/drone_racing_ros2_ws/install/tello_gazebo/share/tello_gazebo/models/stop_sign/materials/scripts
-- Installing: /home/huo/drone_racing_ros2_ws/install/tello_gazebo/share/tello_gazebo/models/stop_sign/materials/scripts/stopsign.material
-- Installing: /home/huo/drone_racing_ros2_ws/install/tello_gazebo/share/tello_gazebo/models/circle_gate_red
-- Installing: /home/huo/drone_racing_ros2_ws/install/tello_gazebo/share/tello_gazebo/models/circle_gate_red/model.sdf
-- Installing: /home/huo/drone_racing_ros2_ws/install/tello_gazebo/share/tello_gazebo/models/circle_gate_red/circle_gate.dae
-- Installing: /home/huo/drone_racing_ros2_ws/install/tello_gazebo/share/tello_gazebo/models/circle_gate_red/model.config
-- Installing: /home/huo/drone_racing_ros2_ws/install/tello_gazebo/share/tello_gazebo/models/square_gate_green_tall
-- Installing: /home/huo/drone_racing_ros2_ws/install/tello_gazebo/share/tello_gazebo/models/square_gate_green_tall/model.sdf
-- Installing: /home/huo/drone_racing_ros2_ws/install/tello_gazebo/share/tello_gazebo/models/square_gate_green_tall/square_gate_tall.dae
-- Installing: /home/huo/drone_racing_ros2_ws/install/tello_gazebo/share/tello_gazebo/models/square_gate_green_tall/model.config
-- Installing: /home/huo/drone_racing_ros2_ws/install/tello_gazebo/share/tello_gazebo/models/euro_pallet
-- Installing: /home/huo/drone_racing_ros2_ws/install/tello_gazebo/share/tello_gazebo/models/euro_pallet/model.sdf
-- Installing: /home/huo/drone_racing_ros2_ws/install/tello_gazebo/share/tello_gazebo/models/euro_pallet/meshes
-- Installing: /home/huo/drone_racing_ros2_ws/install/tello_gazebo/share/tello_gazebo/models/euro_pallet/meshes/pallet.dae
-- Installing: /home/huo/drone_racing_ros2_ws/install/tello_gazebo/share/tello_gazebo/models/euro_pallet/model.config
-- Installing: /home/huo/drone_racing_ros2_ws/install/tello_gazebo/share/tello_gazebo/models/circle_gate_green
-- Installing: /home/huo/drone_racing_ros2_ws/install/tello_gazebo/share/tello_gazebo/models/circle_gate_green/model.sdf
-- Installing: /home/huo/drone_racing_ros2_ws/install/tello_gazebo/share/tello_gazebo/models/circle_gate_green/circle_gate.dae
-- Installing: /home/huo/drone_racing_ros2_ws/install/tello_gazebo/share/tello_gazebo/models/circle_gate_green/model.config
-- Installing: /home/huo/drone_racing_ros2_ws/install/tello_gazebo/share/tello_gazebo/models/asphalt_plane
-- Installing: /home/huo/drone_racing_ros2_ws/install/tello_gazebo/share/tello_gazebo/models/asphalt_plane/model.sdf
-- Installing: /home/huo/drone_racing_ros2_ws/install/tello_gazebo/share/tello_gazebo/models/asphalt_plane/model-1_4.sdf
-- Installing: /home/huo/drone_racing_ros2_ws/install/tello_gazebo/share/tello_gazebo/models/asphalt_plane/model.config
-- Installing: /home/huo/drone_racing_ros2_ws/install/tello_gazebo/share/tello_gazebo/models/asphalt_plane/materials
-- Installing: /home/huo/drone_racing_ros2_ws/install/tello_gazebo/share/tello_gazebo/models/asphalt_plane/materials/textures
-- Installing: /home/huo/drone_racing_ros2_ws/install/tello_gazebo/share/tello_gazebo/models/asphalt_plane/materials/textures/tarmac.png
-- Installing: /home/huo/drone_racing_ros2_ws/install/tello_gazebo/share/tello_gazebo/models/asphalt_plane/materials/scripts
-- Installing: /home/huo/drone_racing_ros2_ws/install/tello_gazebo/share/tello_gazebo/models/asphalt_plane/materials/scripts/asphalt.material
-- Installing: /home/huo/drone_racing_ros2_ws/install/tello_gazebo/share/tello_gazebo/models/circle_gate_green_tall
-- Installing: /home/huo/drone_racing_ros2_ws/install/tello_gazebo/share/tello_gazebo/models/circle_gate_green_tall/circle_gate_tall.dae
-- Installing: /home/huo/drone_racing_ros2_ws/install/tello_gazebo/share/tello_gazebo/models/circle_gate_green_tall/model.sdf
-- Installing: /home/huo/drone_racing_ros2_ws/install/tello_gazebo/share/tello_gazebo/models/circle_gate_green_tall/model.config
-- Installing: /home/huo/drone_racing_ros2_ws/install/tello_gazebo/share/tello_gazebo/worlds
-- Installing: /home/huo/drone_racing_ros2_ws/install/tello_gazebo/share/tello_gazebo/worlds/demo_track.world
-- Installing: /home/huo/drone_racing_ros2_ws/install/tello_gazebo/share/tello_gazebo/worlds/simple.world
-- Installing: /home/huo/drone_racing_ros2_ws/install/tello_gazebo/share/tello_gazebo/launch
-- Installing: /home/huo/drone_racing_ros2_ws/install/tello_gazebo/share/tello_gazebo/launch/demo_track_launch.py
-- Installing: /home/huo/drone_racing_ros2_ws/install/tello_gazebo/share/tello_gazebo/launch/__pycache__
-- Installing: /home/huo/drone_racing_ros2_ws/install/tello_gazebo/share/tello_gazebo/launch/__pycache__/vlam_launch.cpython-38.pyc
-- Installing: /home/huo/drone_racing_ros2_ws/install/tello_gazebo/share/tello_gazebo/launch/simple_launch.py
-- Installing: /home/huo/drone_racing_ros2_ws/install/tello_gazebo/lib/tello_gazebo/inject_entity.py
-- Installing: /home/huo/drone_racing_ros2_ws/install/tello_gazebo/share/ament_index/resource_index/package_run_dependencies/tello_gazebo
-- Installing: /home/huo/drone_racing_ros2_ws/install/tello_gazebo/share/ament_index/resource_index/parent_prefix_path/tello_gazebo
-- Installing: /home/huo/drone_racing_ros2_ws/install/tello_gazebo/share/tello_gazebo/environment/ament_prefix_path.sh
-- Installing: /home/huo/drone_racing_ros2_ws/install/tello_gazebo/share/tello_gazebo/environment/ament_prefix_path.dsv
-- Installing: /home/huo/drone_racing_ros2_ws/install/tello_gazebo/share/tello_gazebo/environment/path.sh
-- Installing: /home/huo/drone_racing_ros2_ws/install/tello_gazebo/share/tello_gazebo/environment/path.dsv
-- Installing: /home/huo/drone_racing_ros2_ws/install/tello_gazebo/share/tello_gazebo/local_setup.bash
-- Installing: /home/huo/drone_racing_ros2_ws/install/tello_gazebo/share/tello_gazebo/local_setup.sh
-- Installing: /home/huo/drone_racing_ros2_ws/install/tello_gazebo/share/tello_gazebo/local_setup.zsh
-- Installing: /home/huo/drone_racing_ros2_ws/install/tello_gazebo/share/tello_gazebo/local_setup.dsv
-- Installing: /home/huo/drone_racing_ros2_ws/install/tello_gazebo/share/tello_gazebo/package.dsv
-- Installing: /home/huo/drone_racing_ros2_ws/install/tello_gazebo/share/ament_index/resource_index/packages/tello_gazebo
-- Installing: /home/huo/drone_racing_ros2_ws/install/tello_gazebo/share/tello_gazebo/cmake/tello_gazeboConfig.cmake
-- Installing: /home/huo/drone_racing_ros2_ws/install/tello_gazebo/share/tello_gazebo/cmake/tello_gazeboConfig-version.cmake
-- Installing: /home/huo/drone_racing_ros2_ws/install/tello_gazebo/share/tello_gazebo/package.xml
