[8.161s] Invoking command in '/home/sandra/common_project_ws/src/opencv_package': PYTHONPATH=/home/sandra/common_project_ws/install/opencv_package/lib/python3.8/site-packages:${PYTHONPATH} /usr/bin/python3 setup.py egg_info --egg-base ../../build/opencv_package build --build-base /home/sandra/common_project_ws/build/opencv_package/build install --prefix /home/sandra/common_project_ws/install/opencv_package --record /home/sandra/common_project_ws/build/opencv_package/install.log --single-version-externally-managed
[11.256s] running egg_info
[11.266s] writing ../../build/opencv_package/opencv_package.egg-info/PKG-INFO
[11.268s] writing dependency_links to ../../build/opencv_package/opencv_package.egg-info/dependency_links.txt
[11.270s] writing entry points to ../../build/opencv_package/opencv_package.egg-info/entry_points.txt
[11.271s] writing requirements to ../../build/opencv_package/opencv_package.egg-info/requires.txt
[11.273s] writing top-level names to ../../build/opencv_package/opencv_package.egg-info/top_level.txt
[11.660s] reading manifest file '../../build/opencv_package/opencv_package.egg-info/SOURCES.txt'
[11.674s] writing manifest file '../../build/opencv_package/opencv_package.egg-info/SOURCES.txt'
[11.675s] running build
[11.676s] running build_py
[11.677s] running install
[11.683s] running install_lib
[11.697s] running install_data
[11.703s] running install_egg_info
[11.724s] removing '/home/sandra/common_project_ws/install/opencv_package/lib/python3.8/site-packages/opencv_package-0.0.0-py3.8.egg-info' (and everything under it)
[11.726s] Copying ../../build/opencv_package/opencv_package.egg-info to /home/sandra/common_project_ws/install/opencv_package/lib/python3.8/site-packages/opencv_package-0.0.0-py3.8.egg-info
[11.738s] running install_scripts
[11.927s] Installing img_det script to /home/sandra/common_project_ws/install/opencv_package/lib/opencv_package
[11.934s] Installing img_sub script to /home/sandra/common_project_ws/install/opencv_package/lib/opencv_package
[11.935s] writing list of installed files to '/home/sandra/common_project_ws/build/opencv_package/install.log'
[12.133s] Invoked command in '/home/sandra/common_project_ws/src/opencv_package' returned '0': PYTHONPATH=/home/sandra/common_project_ws/install/opencv_package/lib/python3.8/site-packages:${PYTHONPATH} /usr/bin/python3 setup.py egg_info --egg-base ../../build/opencv_package build --build-base /home/sandra/common_project_ws/build/opencv_package/build install --prefix /home/sandra/common_project_ws/install/opencv_package --record /home/sandra/common_project_ws/build/opencv_package/install.log --single-version-externally-managed
