[3.960s] Invoking command in '/home/sandra/common_project_ws/src/opencv_package': PYTHONPATH=/home/sandra/common_project_ws/install/opencv_package/lib/python3.8/site-packages:${PYTHONPATH} /usr/bin/python3 setup.py egg_info --egg-base ../../build/opencv_package build --build-base /home/sandra/common_project_ws/build/opencv_package/build install --prefix /home/sandra/common_project_ws/install/opencv_package --record /home/sandra/common_project_ws/build/opencv_package/install.log --single-version-externally-managed
[5.360s] running egg_info
[5.361s] writing ../../build/opencv_package/opencv_package.egg-info/PKG-INFO
[5.361s] writing dependency_links to ../../build/opencv_package/opencv_package.egg-info/dependency_links.txt
[5.362s] writing entry points to ../../build/opencv_package/opencv_package.egg-info/entry_points.txt
[5.362s] writing requirements to ../../build/opencv_package/opencv_package.egg-info/requires.txt
[5.362s] writing top-level names to ../../build/opencv_package/opencv_package.egg-info/top_level.txt
[5.543s] reading manifest file '../../build/opencv_package/opencv_package.egg-info/SOURCES.txt'
[5.547s] writing manifest file '../../build/opencv_package/opencv_package.egg-info/SOURCES.txt'
[5.549s] running build
[5.552s] running build_py
[5.552s] running install
[5.556s] running install_lib
[5.559s] running install_data
[5.564s] running install_egg_info
[5.578s] removing '/home/sandra/common_project_ws/install/opencv_package/lib/python3.8/site-packages/opencv_package-0.0.0-py3.8.egg-info' (and everything under it)
[5.581s] Copying ../../build/opencv_package/opencv_package.egg-info to /home/sandra/common_project_ws/install/opencv_package/lib/python3.8/site-packages/opencv_package-0.0.0-py3.8.egg-info
[5.589s] running install_scripts
[5.683s] Installing img_det script to /home/sandra/common_project_ws/install/opencv_package/lib/opencv_package
[5.684s] Installing img_sub script to /home/sandra/common_project_ws/install/opencv_package/lib/opencv_package
[5.684s] writing list of installed files to '/home/sandra/common_project_ws/build/opencv_package/install.log'
[5.823s] Invoked command in '/home/sandra/common_project_ws/src/opencv_package' returned '0': PYTHONPATH=/home/sandra/common_project_ws/install/opencv_package/lib/python3.8/site-packages:${PYTHONPATH} /usr/bin/python3 setup.py egg_info --egg-base ../../build/opencv_package build --build-base /home/sandra/common_project_ws/build/opencv_package/build install --prefix /home/sandra/common_project_ws/install/opencv_package --record /home/sandra/common_project_ws/build/opencv_package/install.log --single-version-externally-managed
