[3.709s] Invoking command in '/home/sandra/common_project_ws/src/opencv_package': PYTHONPATH=/home/sandra/common_project_ws/install/opencv_package/lib/python3.8/site-packages:${PYTHONPATH} /usr/bin/python3 setup.py egg_info --egg-base ../../build/opencv_package build --build-base /home/sandra/common_project_ws/build/opencv_package/build install --prefix /home/sandra/common_project_ws/install/opencv_package --record /home/sandra/common_project_ws/build/opencv_package/install.log --single-version-externally-managed
[4.995s] running egg_info
[5.002s] writing ../../build/opencv_package/opencv_package.egg-info/PKG-INFO
[5.004s] writing dependency_links to ../../build/opencv_package/opencv_package.egg-info/dependency_links.txt
[5.007s] writing entry points to ../../build/opencv_package/opencv_package.egg-info/entry_points.txt
[5.008s] writing requirements to ../../build/opencv_package/opencv_package.egg-info/requires.txt
[5.009s] writing top-level names to ../../build/opencv_package/opencv_package.egg-info/top_level.txt
[5.185s] reading manifest file '../../build/opencv_package/opencv_package.egg-info/SOURCES.txt'
[5.190s] writing manifest file '../../build/opencv_package/opencv_package.egg-info/SOURCES.txt'
[5.192s] running build
[5.192s] running build_py
[5.193s] copying opencv_package/command_subscriber.py -> /home/sandra/common_project_ws/build/opencv_package/build/lib/opencv_package
[5.194s] running install
[5.196s] running install_lib
[5.198s] copying /home/sandra/common_project_ws/build/opencv_package/build/lib/opencv_package/command_subscriber.py -> /home/sandra/common_project_ws/install/opencv_package/lib/python3.8/site-packages/opencv_package
[5.203s] byte-compiling /home/sandra/common_project_ws/install/opencv_package/lib/python3.8/site-packages/opencv_package/command_subscriber.py to command_subscriber.cpython-38.pyc
[5.217s] running install_data
[5.219s] running install_egg_info
[5.229s] removing '/home/sandra/common_project_ws/install/opencv_package/lib/python3.8/site-packages/opencv_package-0.0.0-py3.8.egg-info' (and everything under it)
[5.229s] Copying ../../build/opencv_package/opencv_package.egg-info to /home/sandra/common_project_ws/install/opencv_package/lib/python3.8/site-packages/opencv_package-0.0.0-py3.8.egg-info
[5.231s] running install_scripts
[5.316s] Installing cmd_sub script to /home/sandra/common_project_ws/install/opencv_package/lib/opencv_package
[5.316s] Installing gate_det script to /home/sandra/common_project_ws/install/opencv_package/lib/opencv_package
[5.317s] Installing img_det script to /home/sandra/common_project_ws/install/opencv_package/lib/opencv_package
[5.317s] Installing img_sub script to /home/sandra/common_project_ws/install/opencv_package/lib/opencv_package
[5.317s] writing list of installed files to '/home/sandra/common_project_ws/build/opencv_package/install.log'
[5.461s] Invoked command in '/home/sandra/common_project_ws/src/opencv_package' returned '0': PYTHONPATH=/home/sandra/common_project_ws/install/opencv_package/lib/python3.8/site-packages:${PYTHONPATH} /usr/bin/python3 setup.py egg_info --egg-base ../../build/opencv_package build --build-base /home/sandra/common_project_ws/build/opencv_package/build install --prefix /home/sandra/common_project_ws/install/opencv_package --record /home/sandra/common_project_ws/build/opencv_package/install.log --single-version-externally-managed
