[3.498s] Invoking command in '/home/sandra/common_project_ws/src/opencv_package': PYTHONPATH=/home/sandra/common_project_ws/install/opencv_package/lib/python3.8/site-packages:${PYTHONPATH} /usr/bin/python3 setup.py egg_info --egg-base ../../build/opencv_package build --build-base /home/sandra/common_project_ws/build/opencv_package/build install --prefix /home/sandra/common_project_ws/install/opencv_package --record /home/sandra/common_project_ws/build/opencv_package/install.log --single-version-externally-managed
[4.735s] running egg_info
[4.739s] writing ../../build/opencv_package/opencv_package.egg-info/PKG-INFO
[4.739s] writing dependency_links to ../../build/opencv_package/opencv_package.egg-info/dependency_links.txt
[4.740s] writing entry points to ../../build/opencv_package/opencv_package.egg-info/entry_points.txt
[4.740s] writing requirements to ../../build/opencv_package/opencv_package.egg-info/requires.txt
[4.740s] writing top-level names to ../../build/opencv_package/opencv_package.egg-info/top_level.txt
[4.920s] reading manifest file '../../build/opencv_package/opencv_package.egg-info/SOURCES.txt'
[4.929s] writing manifest file '../../build/opencv_package/opencv_package.egg-info/SOURCES.txt'
[4.930s] running build
[4.930s] running build_py
[4.931s] copying opencv_package/gate_detection.py -> /home/sandra/common_project_ws/build/opencv_package/build/lib/opencv_package
[4.931s] running install
[4.934s] running install_lib
[4.943s] copying /home/sandra/common_project_ws/build/opencv_package/build/lib/opencv_package/gate_detection.py -> /home/sandra/common_project_ws/install/opencv_package/lib/python3.8/site-packages/opencv_package
[4.949s] byte-compiling /home/sandra/common_project_ws/install/opencv_package/lib/python3.8/site-packages/opencv_package/gate_detection.py to gate_detection.cpython-38.pyc
[4.962s] running install_data
[4.963s] running install_egg_info
[4.969s] removing '/home/sandra/common_project_ws/install/opencv_package/lib/python3.8/site-packages/opencv_package-0.0.0-py3.8.egg-info' (and everything under it)
[4.974s] Copying ../../build/opencv_package/opencv_package.egg-info to /home/sandra/common_project_ws/install/opencv_package/lib/python3.8/site-packages/opencv_package-0.0.0-py3.8.egg-info
[4.984s] running install_scripts
[5.085s] Installing gate_det script to /home/sandra/common_project_ws/install/opencv_package/lib/opencv_package
[5.086s] Installing img_det script to /home/sandra/common_project_ws/install/opencv_package/lib/opencv_package
[5.086s] Installing img_sub script to /home/sandra/common_project_ws/install/opencv_package/lib/opencv_package
[5.087s] writing list of installed files to '/home/sandra/common_project_ws/build/opencv_package/install.log'
[5.202s] Invoked command in '/home/sandra/common_project_ws/src/opencv_package' returned '0': PYTHONPATH=/home/sandra/common_project_ws/install/opencv_package/lib/python3.8/site-packages:${PYTHONPATH} /usr/bin/python3 setup.py egg_info --egg-base ../../build/opencv_package build --build-base /home/sandra/common_project_ws/build/opencv_package/build install --prefix /home/sandra/common_project_ws/install/opencv_package --record /home/sandra/common_project_ws/build/opencv_package/install.log --single-version-externally-managed
