[3.589s] Invoking command in '/home/sandra/common_project_ws/src/opencv_package': PYTHONPATH=/home/sandra/common_project_ws/install/opencv_package/lib/python3.8/site-packages:${PYTHONPATH} /usr/bin/python3 setup.py egg_info --egg-base ../../build/opencv_package build --build-base /home/sandra/common_project_ws/build/opencv_package/build install --prefix /home/sandra/common_project_ws/install/opencv_package --record /home/sandra/common_project_ws/build/opencv_package/install.log --single-version-externally-managed
[4.938s] running egg_info
[4.943s] writing ../../build/opencv_package/opencv_package.egg-info/PKG-INFO
[4.946s] writing dependency_links to ../../build/opencv_package/opencv_package.egg-info/dependency_links.txt
[4.949s] writing entry points to ../../build/opencv_package/opencv_package.egg-info/entry_points.txt
[4.949s] writing requirements to ../../build/opencv_package/opencv_package.egg-info/requires.txt
[4.949s] writing top-level names to ../../build/opencv_package/opencv_package.egg-info/top_level.txt
[5.094s] reading manifest file '../../build/opencv_package/opencv_package.egg-info/SOURCES.txt'
[5.096s] writing manifest file '../../build/opencv_package/opencv_package.egg-info/SOURCES.txt'
[5.096s] running build
[5.097s] running build_py
[5.097s] copying opencv_package/gate_detection.py -> /home/sandra/common_project_ws/build/opencv_package/build/lib/opencv_package
[5.099s] running install
[5.104s] running install_lib
[5.113s] copying /home/sandra/common_project_ws/build/opencv_package/build/lib/opencv_package/gate_detection.py -> /home/sandra/common_project_ws/install/opencv_package/lib/python3.8/site-packages/opencv_package
[5.115s] byte-compiling /home/sandra/common_project_ws/install/opencv_package/lib/python3.8/site-packages/opencv_package/gate_detection.py to gate_detection.cpython-38.pyc
[5.126s] running install_data
[5.127s] running install_egg_info
[5.137s] removing '/home/sandra/common_project_ws/install/opencv_package/lib/python3.8/site-packages/opencv_package-0.0.0-py3.8.egg-info' (and everything under it)
[5.138s] Copying ../../build/opencv_package/opencv_package.egg-info to /home/sandra/common_project_ws/install/opencv_package/lib/python3.8/site-packages/opencv_package-0.0.0-py3.8.egg-info
[5.145s] running install_scripts
[5.233s] Installing gate_det script to /home/sandra/common_project_ws/install/opencv_package/lib/opencv_package
[5.234s] Installing img_det script to /home/sandra/common_project_ws/install/opencv_package/lib/opencv_package
[5.235s] Installing img_sub script to /home/sandra/common_project_ws/install/opencv_package/lib/opencv_package
[5.235s] writing list of installed files to '/home/sandra/common_project_ws/build/opencv_package/install.log'
[5.363s] Invoked command in '/home/sandra/common_project_ws/src/opencv_package' returned '0': PYTHONPATH=/home/sandra/common_project_ws/install/opencv_package/lib/python3.8/site-packages:${PYTHONPATH} /usr/bin/python3 setup.py egg_info --egg-base ../../build/opencv_package build --build-base /home/sandra/common_project_ws/build/opencv_package/build install --prefix /home/sandra/common_project_ws/install/opencv_package --record /home/sandra/common_project_ws/build/opencv_package/install.log --single-version-externally-managed
