[5.286s] Invoking command in '/home/sandra/common_project_ws/src/opencv_package': PYTHONPATH=/home/sandra/common_project_ws/install/opencv_package/lib/python3.8/site-packages:${PYTHONPATH} /usr/bin/python3 setup.py egg_info --egg-base ../../build/opencv_package build --build-base /home/sandra/common_project_ws/build/opencv_package/build install --prefix /home/sandra/common_project_ws/install/opencv_package --record /home/sandra/common_project_ws/build/opencv_package/install.log --single-version-externally-managed
[7.164s] running egg_info
[7.170s] writing ../../build/opencv_package/opencv_package.egg-info/PKG-INFO
[7.172s] writing dependency_links to ../../build/opencv_package/opencv_package.egg-info/dependency_links.txt
[7.173s] writing entry points to ../../build/opencv_package/opencv_package.egg-info/entry_points.txt
[7.175s] writing requirements to ../../build/opencv_package/opencv_package.egg-info/requires.txt
[7.176s] writing top-level names to ../../build/opencv_package/opencv_package.egg-info/top_level.txt
[7.414s] reading manifest file '../../build/opencv_package/opencv_package.egg-info/SOURCES.txt'
[7.418s] writing manifest file '../../build/opencv_package/opencv_package.egg-info/SOURCES.txt'
[7.421s] running build
[7.423s] running build_py
[7.424s] copying opencv_package/object_detection.py -> /home/sandra/common_project_ws/build/opencv_package/build/lib/opencv_package
[7.424s] running install
[7.429s] running install_lib
[7.434s] copying /home/sandra/common_project_ws/build/opencv_package/build/lib/opencv_package/object_detection.py -> /home/sandra/common_project_ws/install/opencv_package/lib/python3.8/site-packages/opencv_package
[7.438s] byte-compiling /home/sandra/common_project_ws/install/opencv_package/lib/python3.8/site-packages/opencv_package/object_detection.py to object_detection.cpython-38.pyc
[7.456s] running install_data
[7.461s] running install_egg_info
[7.467s] removing '/home/sandra/common_project_ws/install/opencv_package/lib/python3.8/site-packages/opencv_package-0.0.0-py3.8.egg-info' (and everything under it)
[7.470s] Copying ../../build/opencv_package/opencv_package.egg-info to /home/sandra/common_project_ws/install/opencv_package/lib/python3.8/site-packages/opencv_package-0.0.0-py3.8.egg-info
[7.475s] running install_scripts
[7.590s] Installing img_det script to /home/sandra/common_project_ws/install/opencv_package/lib/opencv_package
[7.591s] Installing img_sub script to /home/sandra/common_project_ws/install/opencv_package/lib/opencv_package
[7.591s] writing list of installed files to '/home/sandra/common_project_ws/build/opencv_package/install.log'
[7.758s] Invoked command in '/home/sandra/common_project_ws/src/opencv_package' returned '0': PYTHONPATH=/home/sandra/common_project_ws/install/opencv_package/lib/python3.8/site-packages:${PYTHONPATH} /usr/bin/python3 setup.py egg_info --egg-base ../../build/opencv_package build --build-base /home/sandra/common_project_ws/build/opencv_package/build install --prefix /home/sandra/common_project_ws/install/opencv_package --record /home/sandra/common_project_ws/build/opencv_package/install.log --single-version-externally-managed
