[4.494s] Invoking command in '/home/sandra/common_project_ws/src/opencv_package': PYTHONPATH=/home/sandra/common_project_ws/install/opencv_package/lib/python3.8/site-packages:${PYTHONPATH} /usr/bin/python3 setup.py egg_info --egg-base ../../build/opencv_package build --build-base /home/sandra/common_project_ws/build/opencv_package/build install --prefix /home/sandra/common_project_ws/install/opencv_package --record /home/sandra/common_project_ws/build/opencv_package/install.log --single-version-externally-managed
[6.267s] running egg_info
[6.273s] writing ../../build/opencv_package/opencv_package.egg-info/PKG-INFO
[6.274s] writing dependency_links to ../../build/opencv_package/opencv_package.egg-info/dependency_links.txt
[6.275s] writing entry points to ../../build/opencv_package/opencv_package.egg-info/entry_points.txt
[6.275s] writing requirements to ../../build/opencv_package/opencv_package.egg-info/requires.txt
[6.275s] writing top-level names to ../../build/opencv_package/opencv_package.egg-info/top_level.txt
[6.476s] reading manifest file '../../build/opencv_package/opencv_package.egg-info/SOURCES.txt'
[6.482s] writing manifest file '../../build/opencv_package/opencv_package.egg-info/SOURCES.txt'
[6.483s] running build
[6.484s] running build_py
[6.484s] copying opencv_package/gate_detection.py -> /home/sandra/common_project_ws/build/opencv_package/build/lib/opencv_package
[6.486s] running install
[6.492s] running install_lib
[6.496s] copying /home/sandra/common_project_ws/build/opencv_package/build/lib/opencv_package/gate_detection.py -> /home/sandra/common_project_ws/install/opencv_package/lib/python3.8/site-packages/opencv_package
[6.497s] byte-compiling /home/sandra/common_project_ws/install/opencv_package/lib/python3.8/site-packages/opencv_package/gate_detection.py to gate_detection.cpython-38.pyc
[6.508s] running install_data
[6.509s] running install_egg_info
[6.518s] removing '/home/sandra/common_project_ws/install/opencv_package/lib/python3.8/site-packages/opencv_package-0.0.0-py3.8.egg-info' (and everything under it)
[6.521s] Copying ../../build/opencv_package/opencv_package.egg-info to /home/sandra/common_project_ws/install/opencv_package/lib/python3.8/site-packages/opencv_package-0.0.0-py3.8.egg-info
[6.528s] running install_scripts
[6.607s] Installing gate_det script to /home/sandra/common_project_ws/install/opencv_package/lib/opencv_package
[6.607s] Installing img_det script to /home/sandra/common_project_ws/install/opencv_package/lib/opencv_package
[6.607s] Installing img_sub script to /home/sandra/common_project_ws/install/opencv_package/lib/opencv_package
[6.608s] writing list of installed files to '/home/sandra/common_project_ws/build/opencv_package/install.log'
[6.744s] Invoked command in '/home/sandra/common_project_ws/src/opencv_package' returned '0': PYTHONPATH=/home/sandra/common_project_ws/install/opencv_package/lib/python3.8/site-packages:${PYTHONPATH} /usr/bin/python3 setup.py egg_info --egg-base ../../build/opencv_package build --build-base /home/sandra/common_project_ws/build/opencv_package/build install --prefix /home/sandra/common_project_ws/install/opencv_package --record /home/sandra/common_project_ws/build/opencv_package/install.log --single-version-externally-managed
