[0.390s] DEBUG:colcon:Command line arguments: ['/usr/bin/colcon', 'build']
[0.390s] DEBUG:colcon:Parsed command line arguments: Namespace(allow_overriding=[], ament_cmake_args=None, base_paths=['.'], build_base='build', catkin_cmake_args=None, catkin_skip_building_tests=False, cmake_args=None, cmake_clean_cache=False, cmake_clean_first=False, cmake_force_configure=False, cmake_target=None, cmake_target_skip_unavailable=False, continue_on_error=False, event_handlers=None, executor='parallel', ignore_user_meta=False, install_base='install', log_base=None, log_level=None, main=<bound method BuildVerb.main of <colcon_core.verb.build.BuildVerb object at 0x7fa3a4b32df0>>, merge_install=False, metas=['./colcon.meta'], mixin=None, mixin_files=None, mixin_verb=('build',), packages_above=None, packages_above_and_dependencies=None, packages_above_depth=None, packages_end=None, packages_ignore=None, packages_ignore_regex=None, packages_select=None, packages_select_build_failed=False, packages_select_by_dep=None, packages_select_regex=None, packages_select_test_failures=False, packages_skip=None, packages_skip_build_finished=False, packages_skip_by_dep=None, packages_skip_regex=None, packages_skip_test_passed=False, packages_skip_up_to=None, packages_start=None, packages_up_to=None, packages_up_to_regex=None, parallel_workers=8, paths=None, symlink_install=False, test_result_base=None, verb_extension=<colcon_core.verb.build.BuildVerb object at 0x7fa3a4b32df0>, verb_name='build', verb_parser=<colcon_mixin.mixin.mixin_argument.MixinArgumentDecorator object at 0x7fa3a49f3880>)
[0.448s] Level 1:colcon.colcon_core.package_discovery:discover_packages(colcon_meta) check parameters
[0.448s] Level 1:colcon.colcon_core.package_discovery:discover_packages(recursive) check parameters
[0.448s] Level 1:colcon.colcon_core.package_discovery:discover_packages(ignore) check parameters
[0.448s] Level 1:colcon.colcon_core.package_discovery:discover_packages(path) check parameters
[0.448s] Level 1:colcon.colcon_core.package_discovery:discover_packages(colcon_meta) discover
[0.448s] Level 1:colcon.colcon_core.package_discovery:discover_packages(recursive) discover
[0.448s] INFO:colcon.colcon_core.package_discovery:Crawling recursively for packages in '/home/huo/drone_racing_ros2_ws'
[0.448s] Level 1:colcon.colcon_core.package_identification:_identify(.) by extensions ['ignore', 'ignore_ament_install']
[0.448s] Level 1:colcon.colcon_core.package_identification:_identify(.) by extension 'ignore'
[0.448s] Level 1:colcon.colcon_core.package_identification:_identify(.) by extension 'ignore_ament_install'
[0.448s] Level 1:colcon.colcon_core.package_identification:_identify(.) by extensions ['colcon_pkg']
[0.448s] Level 1:colcon.colcon_core.package_identification:_identify(.) by extension 'colcon_pkg'
[0.449s] Level 1:colcon.colcon_core.package_identification:_identify(.) by extensions ['colcon_meta']
[0.449s] Level 1:colcon.colcon_core.package_identification:_identify(.) by extension 'colcon_meta'
[0.449s] Level 1:colcon.colcon_core.package_identification:_identify(.) by extensions ['ros']
[0.449s] Level 1:colcon.colcon_core.package_identification:_identify(.) by extension 'ros'
[0.462s] Level 1:colcon.colcon_core.package_identification:_identify(.) by extensions ['cmake', 'python']
[0.462s] Level 1:colcon.colcon_core.package_identification:_identify(.) by extension 'cmake'
[0.462s] Level 1:colcon.colcon_core.package_identification:_identify(.) by extension 'python'
[0.462s] Level 1:colcon.colcon_core.package_identification:_identify(.) by extensions ['python_setup_py']
[0.462s] Level 1:colcon.colcon_core.package_identification:_identify(.) by extension 'python_setup_py'
[0.462s] Level 1:colcon.colcon_core.package_identification:_identify(build) by extensions ['ignore', 'ignore_ament_install']
[0.462s] Level 1:colcon.colcon_core.package_identification:_identify(build) by extension 'ignore'
[0.462s] Level 1:colcon.colcon_core.package_identification:_identify(build) ignored
[0.462s] Level 1:colcon.colcon_core.package_identification:_identify(install) by extensions ['ignore', 'ignore_ament_install']
[0.462s] Level 1:colcon.colcon_core.package_identification:_identify(install) by extension 'ignore'
[0.462s] Level 1:colcon.colcon_core.package_identification:_identify(install) ignored
[0.462s] Level 1:colcon.colcon_core.package_identification:_identify(log) by extensions ['ignore', 'ignore_ament_install']
[0.462s] Level 1:colcon.colcon_core.package_identification:_identify(log) by extension 'ignore'
[0.462s] Level 1:colcon.colcon_core.package_identification:_identify(log) ignored
[0.462s] Level 1:colcon.colcon_core.package_identification:_identify(src) by extensions ['ignore', 'ignore_ament_install']
[0.463s] Level 1:colcon.colcon_core.package_identification:_identify(src) by extension 'ignore'
[0.463s] Level 1:colcon.colcon_core.package_identification:_identify(src) by extension 'ignore_ament_install'
[0.463s] Level 1:colcon.colcon_core.package_identification:_identify(src) by extensions ['colcon_pkg']
[0.463s] Level 1:colcon.colcon_core.package_identification:_identify(src) by extension 'colcon_pkg'
[0.463s] Level 1:colcon.colcon_core.package_identification:_identify(src) by extensions ['colcon_meta']
[0.463s] Level 1:colcon.colcon_core.package_identification:_identify(src) by extension 'colcon_meta'
[0.463s] Level 1:colcon.colcon_core.package_identification:_identify(src) by extensions ['ros']
[0.463s] Level 1:colcon.colcon_core.package_identification:_identify(src) by extension 'ros'
[0.463s] Level 1:colcon.colcon_core.package_identification:_identify(src) by extensions ['cmake', 'python']
[0.463s] Level 1:colcon.colcon_core.package_identification:_identify(src) by extension 'cmake'
[0.463s] Level 1:colcon.colcon_core.package_identification:_identify(src) by extension 'python'
[0.463s] Level 1:colcon.colcon_core.package_identification:_identify(src) by extensions ['python_setup_py']
[0.463s] Level 1:colcon.colcon_core.package_identification:_identify(src) by extension 'python_setup_py'
[0.463s] Level 1:colcon.colcon_core.package_identification:_identify(src/drone_racing_ros2) by extensions ['ignore', 'ignore_ament_install']
[0.463s] Level 1:colcon.colcon_core.package_identification:_identify(src/drone_racing_ros2) by extension 'ignore'
[0.463s] Level 1:colcon.colcon_core.package_identification:_identify(src/drone_racing_ros2) by extension 'ignore_ament_install'
[0.463s] Level 1:colcon.colcon_core.package_identification:_identify(src/drone_racing_ros2) by extensions ['colcon_pkg']
[0.463s] Level 1:colcon.colcon_core.package_identification:_identify(src/drone_racing_ros2) by extension 'colcon_pkg'
[0.463s] Level 1:colcon.colcon_core.package_identification:_identify(src/drone_racing_ros2) by extensions ['colcon_meta']
[0.463s] Level 1:colcon.colcon_core.package_identification:_identify(src/drone_racing_ros2) by extension 'colcon_meta'
[0.463s] Level 1:colcon.colcon_core.package_identification:_identify(src/drone_racing_ros2) by extensions ['ros']
[0.463s] Level 1:colcon.colcon_core.package_identification:_identify(src/drone_racing_ros2) by extension 'ros'
[0.463s] Level 1:colcon.colcon_core.package_identification:_identify(src/drone_racing_ros2) by extensions ['cmake', 'python']
[0.463s] Level 1:colcon.colcon_core.package_identification:_identify(src/drone_racing_ros2) by extension 'cmake'
[0.463s] Level 1:colcon.colcon_core.package_identification:_identify(src/drone_racing_ros2) by extension 'python'
[0.463s] Level 1:colcon.colcon_core.package_identification:_identify(src/drone_racing_ros2) by extensions ['python_setup_py']
[0.463s] Level 1:colcon.colcon_core.package_identification:_identify(src/drone_racing_ros2) by extension 'python_setup_py'
[0.464s] Level 1:colcon.colcon_core.package_identification:_identify(src/drone_racing_ros2/ros2_shared) by extensions ['ignore', 'ignore_ament_install']
[0.464s] Level 1:colcon.colcon_core.package_identification:_identify(src/drone_racing_ros2/ros2_shared) by extension 'ignore'
[0.464s] Level 1:colcon.colcon_core.package_identification:_identify(src/drone_racing_ros2/ros2_shared) by extension 'ignore_ament_install'
[0.464s] Level 1:colcon.colcon_core.package_identification:_identify(src/drone_racing_ros2/ros2_shared) by extensions ['colcon_pkg']
[0.464s] Level 1:colcon.colcon_core.package_identification:_identify(src/drone_racing_ros2/ros2_shared) by extension 'colcon_pkg'
[0.464s] Level 1:colcon.colcon_core.package_identification:_identify(src/drone_racing_ros2/ros2_shared) by extensions ['colcon_meta']
[0.464s] Level 1:colcon.colcon_core.package_identification:_identify(src/drone_racing_ros2/ros2_shared) by extension 'colcon_meta'
[0.464s] Level 1:colcon.colcon_core.package_identification:_identify(src/drone_racing_ros2/ros2_shared) by extensions ['ros']
[0.464s] Level 1:colcon.colcon_core.package_identification:_identify(src/drone_racing_ros2/ros2_shared) by extension 'ros'
[0.467s] DEBUG:colcon.colcon_core.package_identification:Package 'src/drone_racing_ros2/ros2_shared' with type 'ros.ament_cmake' and name 'ros2_shared'
[0.467s] Level 1:colcon.colcon_core.package_identification:_identify(src/drone_racing_ros2/tello_ros) by extensions ['ignore', 'ignore_ament_install']
[0.467s] Level 1:colcon.colcon_core.package_identification:_identify(src/drone_racing_ros2/tello_ros) by extension 'ignore'
[0.467s] Level 1:colcon.colcon_core.package_identification:_identify(src/drone_racing_ros2/tello_ros) by extension 'ignore_ament_install'
[0.467s] Level 1:colcon.colcon_core.package_identification:_identify(src/drone_racing_ros2/tello_ros) by extensions ['colcon_pkg']
[0.467s] Level 1:colcon.colcon_core.package_identification:_identify(src/drone_racing_ros2/tello_ros) by extension 'colcon_pkg'
[0.467s] Level 1:colcon.colcon_core.package_identification:_identify(src/drone_racing_ros2/tello_ros) by extensions ['colcon_meta']
[0.467s] Level 1:colcon.colcon_core.package_identification:_identify(src/drone_racing_ros2/tello_ros) by extension 'colcon_meta'
[0.467s] Level 1:colcon.colcon_core.package_identification:_identify(src/drone_racing_ros2/tello_ros) by extensions ['ros']
[0.467s] Level 1:colcon.colcon_core.package_identification:_identify(src/drone_racing_ros2/tello_ros) by extension 'ros'
[0.467s] Level 1:colcon.colcon_core.package_identification:_identify(src/drone_racing_ros2/tello_ros) by extensions ['cmake', 'python']
[0.467s] Level 1:colcon.colcon_core.package_identification:_identify(src/drone_racing_ros2/tello_ros) by extension 'cmake'
[0.467s] Level 1:colcon.colcon_core.package_identification:_identify(src/drone_racing_ros2/tello_ros) by extension 'python'
[0.467s] Level 1:colcon.colcon_core.package_identification:_identify(src/drone_racing_ros2/tello_ros) by extensions ['python_setup_py']
[0.467s] Level 1:colcon.colcon_core.package_identification:_identify(src/drone_racing_ros2/tello_ros) by extension 'python_setup_py'
[0.467s] Level 1:colcon.colcon_core.package_identification:_identify(src/drone_racing_ros2/tello_ros/docker) by extensions ['ignore', 'ignore_ament_install']
[0.467s] Level 1:colcon.colcon_core.package_identification:_identify(src/drone_racing_ros2/tello_ros/docker) by extension 'ignore'
[0.467s] Level 1:colcon.colcon_core.package_identification:_identify(src/drone_racing_ros2/tello_ros/docker) by extension 'ignore_ament_install'
[0.468s] Level 1:colcon.colcon_core.package_identification:_identify(src/drone_racing_ros2/tello_ros/docker) by extensions ['colcon_pkg']
[0.468s] Level 1:colcon.colcon_core.package_identification:_identify(src/drone_racing_ros2/tello_ros/docker) by extension 'colcon_pkg'
[0.468s] Level 1:colcon.colcon_core.package_identification:_identify(src/drone_racing_ros2/tello_ros/docker) by extensions ['colcon_meta']
[0.468s] Level 1:colcon.colcon_core.package_identification:_identify(src/drone_racing_ros2/tello_ros/docker) by extension 'colcon_meta'
[0.468s] Level 1:colcon.colcon_core.package_identification:_identify(src/drone_racing_ros2/tello_ros/docker) by extensions ['ros']
[0.468s] Level 1:colcon.colcon_core.package_identification:_identify(src/drone_racing_ros2/tello_ros/docker) by extension 'ros'
[0.468s] Level 1:colcon.colcon_core.package_identification:_identify(src/drone_racing_ros2/tello_ros/docker) by extensions ['cmake', 'python']
[0.468s] Level 1:colcon.colcon_core.package_identification:_identify(src/drone_racing_ros2/tello_ros/docker) by extension 'cmake'
[0.468s] Level 1:colcon.colcon_core.package_identification:_identify(src/drone_racing_ros2/tello_ros/docker) by extension 'python'
[0.468s] Level 1:colcon.colcon_core.package_identification:_identify(src/drone_racing_ros2/tello_ros/docker) by extensions ['python_setup_py']
[0.468s] Level 1:colcon.colcon_core.package_identification:_identify(src/drone_racing_ros2/tello_ros/docker) by extension 'python_setup_py'
[0.468s] Level 1:colcon.colcon_core.package_identification:_identify(src/drone_racing_ros2/tello_ros/tello_description) by extensions ['ignore', 'ignore_ament_install']
[0.468s] Level 1:colcon.colcon_core.package_identification:_identify(src/drone_racing_ros2/tello_ros/tello_description) by extension 'ignore'
[0.468s] Level 1:colcon.colcon_core.package_identification:_identify(src/drone_racing_ros2/tello_ros/tello_description) by extension 'ignore_ament_install'
[0.468s] Level 1:colcon.colcon_core.package_identification:_identify(src/drone_racing_ros2/tello_ros/tello_description) by extensions ['colcon_pkg']
[0.468s] Level 1:colcon.colcon_core.package_identification:_identify(src/drone_racing_ros2/tello_ros/tello_description) by extension 'colcon_pkg'
[0.468s] Level 1:colcon.colcon_core.package_identification:_identify(src/drone_racing_ros2/tello_ros/tello_description) by extensions ['colcon_meta']
[0.468s] Level 1:colcon.colcon_core.package_identification:_identify(src/drone_racing_ros2/tello_ros/tello_description) by extension 'colcon_meta'
[0.468s] Level 1:colcon.colcon_core.package_identification:_identify(src/drone_racing_ros2/tello_ros/tello_description) by extensions ['ros']
[0.468s] Level 1:colcon.colcon_core.package_identification:_identify(src/drone_racing_ros2/tello_ros/tello_description) by extension 'ros'
[0.469s] DEBUG:colcon.colcon_core.package_identification:Package 'src/drone_racing_ros2/tello_ros/tello_description' with type 'ros.ament_cmake' and name 'tello_description'
[0.469s] Level 1:colcon.colcon_core.package_identification:_identify(src/drone_racing_ros2/tello_ros/tello_driver) by extensions ['ignore', 'ignore_ament_install']
[0.469s] Level 1:colcon.colcon_core.package_identification:_identify(src/drone_racing_ros2/tello_ros/tello_driver) by extension 'ignore'
[0.469s] Level 1:colcon.colcon_core.package_identification:_identify(src/drone_racing_ros2/tello_ros/tello_driver) by extension 'ignore_ament_install'
[0.469s] Level 1:colcon.colcon_core.package_identification:_identify(src/drone_racing_ros2/tello_ros/tello_driver) by extensions ['colcon_pkg']
[0.469s] Level 1:colcon.colcon_core.package_identification:_identify(src/drone_racing_ros2/tello_ros/tello_driver) by extension 'colcon_pkg'
[0.469s] Level 1:colcon.colcon_core.package_identification:_identify(src/drone_racing_ros2/tello_ros/tello_driver) by extensions ['colcon_meta']
[0.469s] Level 1:colcon.colcon_core.package_identification:_identify(src/drone_racing_ros2/tello_ros/tello_driver) by extension 'colcon_meta'
[0.469s] Level 1:colcon.colcon_core.package_identification:_identify(src/drone_racing_ros2/tello_ros/tello_driver) by extensions ['ros']
[0.469s] Level 1:colcon.colcon_core.package_identification:_identify(src/drone_racing_ros2/tello_ros/tello_driver) by extension 'ros'
[0.470s] DEBUG:colcon.colcon_core.package_identification:Package 'src/drone_racing_ros2/tello_ros/tello_driver' with type 'ros.ament_cmake' and name 'tello_driver'
[0.470s] Level 1:colcon.colcon_core.package_identification:_identify(src/drone_racing_ros2/tello_ros/tello_gazebo) by extensions ['ignore', 'ignore_ament_install']
[0.470s] Level 1:colcon.colcon_core.package_identification:_identify(src/drone_racing_ros2/tello_ros/tello_gazebo) by extension 'ignore'
[0.470s] Level 1:colcon.colcon_core.package_identification:_identify(src/drone_racing_ros2/tello_ros/tello_gazebo) by extension 'ignore_ament_install'
[0.471s] Level 1:colcon.colcon_core.package_identification:_identify(src/drone_racing_ros2/tello_ros/tello_gazebo) by extensions ['colcon_pkg']
[0.471s] Level 1:colcon.colcon_core.package_identification:_identify(src/drone_racing_ros2/tello_ros/tello_gazebo) by extension 'colcon_pkg'
[0.471s] Level 1:colcon.colcon_core.package_identification:_identify(src/drone_racing_ros2/tello_ros/tello_gazebo) by extensions ['colcon_meta']
[0.471s] Level 1:colcon.colcon_core.package_identification:_identify(src/drone_racing_ros2/tello_ros/tello_gazebo) by extension 'colcon_meta'
[0.471s] Level 1:colcon.colcon_core.package_identification:_identify(src/drone_racing_ros2/tello_ros/tello_gazebo) by extensions ['ros']
[0.471s] Level 1:colcon.colcon_core.package_identification:_identify(src/drone_racing_ros2/tello_ros/tello_gazebo) by extension 'ros'
[0.472s] DEBUG:colcon.colcon_core.package_identification:Package 'src/drone_racing_ros2/tello_ros/tello_gazebo' with type 'ros.ament_cmake' and name 'tello_gazebo'
[0.472s] Level 1:colcon.colcon_core.package_identification:_identify(src/drone_racing_ros2/tello_ros/tello_msgs) by extensions ['ignore', 'ignore_ament_install']
[0.472s] Level 1:colcon.colcon_core.package_identification:_identify(src/drone_racing_ros2/tello_ros/tello_msgs) by extension 'ignore'
[0.472s] Level 1:colcon.colcon_core.package_identification:_identify(src/drone_racing_ros2/tello_ros/tello_msgs) by extension 'ignore_ament_install'
[0.472s] Level 1:colcon.colcon_core.package_identification:_identify(src/drone_racing_ros2/tello_ros/tello_msgs) by extensions ['colcon_pkg']
[0.472s] Level 1:colcon.colcon_core.package_identification:_identify(src/drone_racing_ros2/tello_ros/tello_msgs) by extension 'colcon_pkg'
[0.472s] Level 1:colcon.colcon_core.package_identification:_identify(src/drone_racing_ros2/tello_ros/tello_msgs) by extensions ['colcon_meta']
[0.472s] Level 1:colcon.colcon_core.package_identification:_identify(src/drone_racing_ros2/tello_ros/tello_msgs) by extension 'colcon_meta'
[0.472s] Level 1:colcon.colcon_core.package_identification:_identify(src/drone_racing_ros2/tello_ros/tello_msgs) by extensions ['ros']
[0.472s] Level 1:colcon.colcon_core.package_identification:_identify(src/drone_racing_ros2/tello_ros/tello_msgs) by extension 'ros'
[0.473s] DEBUG:colcon.colcon_core.package_identification:Package 'src/drone_racing_ros2/tello_ros/tello_msgs' with type 'ros.ament_cmake' and name 'tello_msgs'
[0.473s] Level 1:colcon.colcon_core.package_discovery:discover_packages(recursive) using defaults
[0.473s] Level 1:colcon.colcon_core.package_discovery:discover_packages(ignore) discover
[0.473s] Level 1:colcon.colcon_core.package_discovery:discover_packages(ignore) using defaults
[0.473s] Level 1:colcon.colcon_core.package_discovery:discover_packages(path) discover
[0.473s] Level 1:colcon.colcon_core.package_discovery:discover_packages(path) using defaults
[0.494s] Level 1:colcon.colcon_core.package_discovery:discover_packages(prefix_path) check parameters
[0.494s] Level 1:colcon.colcon_core.package_discovery:discover_packages(prefix_path) discover
[0.497s] DEBUG:colcon.colcon_installed_package_information.package_discovery:Found 275 installed packages in /opt/ros/galactic
[0.498s] Level 1:colcon.colcon_core.package_discovery:discover_packages(prefix_path) using defaults
[0.542s] Level 5:colcon.colcon_core.verb:set package 'ros2_shared' build argument 'cmake_args' from command line to 'None'
[0.543s] Level 5:colcon.colcon_core.verb:set package 'ros2_shared' build argument 'cmake_target' from command line to 'None'
[0.543s] Level 5:colcon.colcon_core.verb:set package 'ros2_shared' build argument 'cmake_target_skip_unavailable' from command line to 'False'
[0.543s] Level 5:colcon.colcon_core.verb:set package 'ros2_shared' build argument 'cmake_clean_cache' from command line to 'False'
[0.543s] Level 5:colcon.colcon_core.verb:set package 'ros2_shared' build argument 'cmake_clean_first' from command line to 'False'
[0.543s] Level 5:colcon.colcon_core.verb:set package 'ros2_shared' build argument 'cmake_force_configure' from command line to 'False'
[0.543s] Level 5:colcon.colcon_core.verb:set package 'ros2_shared' build argument 'ament_cmake_args' from command line to 'None'
[0.543s] Level 5:colcon.colcon_core.verb:set package 'ros2_shared' build argument 'catkin_cmake_args' from command line to 'None'
[0.543s] Level 5:colcon.colcon_core.verb:set package 'ros2_shared' build argument 'catkin_skip_building_tests' from command line to 'False'
[0.543s] DEBUG:colcon.colcon_core.verb:Building package 'ros2_shared' with the following arguments: {'ament_cmake_args': None, 'build_base': '/home/huo/drone_racing_ros2_ws/build/ros2_shared', 'catkin_cmake_args': None, 'catkin_skip_building_tests': False, 'cmake_args': None, 'cmake_clean_cache': False, 'cmake_clean_first': False, 'cmake_force_configure': False, 'cmake_target': None, 'cmake_target_skip_unavailable': False, 'install_base': '/home/huo/drone_racing_ros2_ws/install/ros2_shared', 'merge_install': False, 'path': '/home/huo/drone_racing_ros2_ws/src/drone_racing_ros2/ros2_shared', 'symlink_install': False, 'test_result_base': None}
[0.543s] Level 5:colcon.colcon_core.verb:set package 'tello_description' build argument 'cmake_args' from command line to 'None'
[0.543s] Level 5:colcon.colcon_core.verb:set package 'tello_description' build argument 'cmake_target' from command line to 'None'
[0.543s] Level 5:colcon.colcon_core.verb:set package 'tello_description' build argument 'cmake_target_skip_unavailable' from command line to 'False'
[0.543s] Level 5:colcon.colcon_core.verb:set package 'tello_description' build argument 'cmake_clean_cache' from command line to 'False'
[0.543s] Level 5:colcon.colcon_core.verb:set package 'tello_description' build argument 'cmake_clean_first' from command line to 'False'
[0.543s] Level 5:colcon.colcon_core.verb:set package 'tello_description' build argument 'cmake_force_configure' from command line to 'False'
[0.543s] Level 5:colcon.colcon_core.verb:set package 'tello_description' build argument 'ament_cmake_args' from command line to 'None'
[0.543s] Level 5:colcon.colcon_core.verb:set package 'tello_description' build argument 'catkin_cmake_args' from command line to 'None'
[0.543s] Level 5:colcon.colcon_core.verb:set package 'tello_description' build argument 'catkin_skip_building_tests' from command line to 'False'
[0.543s] DEBUG:colcon.colcon_core.verb:Building package 'tello_description' with the following arguments: {'ament_cmake_args': None, 'build_base': '/home/huo/drone_racing_ros2_ws/build/tello_description', 'catkin_cmake_args': None, 'catkin_skip_building_tests': False, 'cmake_args': None, 'cmake_clean_cache': False, 'cmake_clean_first': False, 'cmake_force_configure': False, 'cmake_target': None, 'cmake_target_skip_unavailable': False, 'install_base': '/home/huo/drone_racing_ros2_ws/install/tello_description', 'merge_install': False, 'path': '/home/huo/drone_racing_ros2_ws/src/drone_racing_ros2/tello_ros/tello_description', 'symlink_install': False, 'test_result_base': None}
[0.543s] Level 5:colcon.colcon_core.verb:set package 'tello_msgs' build argument 'cmake_args' from command line to 'None'
[0.543s] Level 5:colcon.colcon_core.verb:set package 'tello_msgs' build argument 'cmake_target' from command line to 'None'
[0.543s] Level 5:colcon.colcon_core.verb:set package 'tello_msgs' build argument 'cmake_target_skip_unavailable' from command line to 'False'
[0.543s] Level 5:colcon.colcon_core.verb:set package 'tello_msgs' build argument 'cmake_clean_cache' from command line to 'False'
[0.543s] Level 5:colcon.colcon_core.verb:set package 'tello_msgs' build argument 'cmake_clean_first' from command line to 'False'
[0.543s] Level 5:colcon.colcon_core.verb:set package 'tello_msgs' build argument 'cmake_force_configure' from command line to 'False'
[0.543s] Level 5:colcon.colcon_core.verb:set package 'tello_msgs' build argument 'ament_cmake_args' from command line to 'None'
[0.543s] Level 5:colcon.colcon_core.verb:set package 'tello_msgs' build argument 'catkin_cmake_args' from command line to 'None'
[0.543s] Level 5:colcon.colcon_core.verb:set package 'tello_msgs' build argument 'catkin_skip_building_tests' from command line to 'False'
[0.544s] DEBUG:colcon.colcon_core.verb:Building package 'tello_msgs' with the following arguments: {'ament_cmake_args': None, 'build_base': '/home/huo/drone_racing_ros2_ws/build/tello_msgs', 'catkin_cmake_args': None, 'catkin_skip_building_tests': False, 'cmake_args': None, 'cmake_clean_cache': False, 'cmake_clean_first': False, 'cmake_force_configure': False, 'cmake_target': None, 'cmake_target_skip_unavailable': False, 'install_base': '/home/huo/drone_racing_ros2_ws/install/tello_msgs', 'merge_install': False, 'path': '/home/huo/drone_racing_ros2_ws/src/drone_racing_ros2/tello_ros/tello_msgs', 'symlink_install': False, 'test_result_base': None}
[0.544s] Level 5:colcon.colcon_core.verb:set package 'tello_driver' build argument 'cmake_args' from command line to 'None'
[0.544s] Level 5:colcon.colcon_core.verb:set package 'tello_driver' build argument 'cmake_target' from command line to 'None'
[0.544s] Level 5:colcon.colcon_core.verb:set package 'tello_driver' build argument 'cmake_target_skip_unavailable' from command line to 'False'
[0.544s] Level 5:colcon.colcon_core.verb:set package 'tello_driver' build argument 'cmake_clean_cache' from command line to 'False'
[0.544s] Level 5:colcon.colcon_core.verb:set package 'tello_driver' build argument 'cmake_clean_first' from command line to 'False'
[0.544s] Level 5:colcon.colcon_core.verb:set package 'tello_driver' build argument 'cmake_force_configure' from command line to 'False'
[0.544s] Level 5:colcon.colcon_core.verb:set package 'tello_driver' build argument 'ament_cmake_args' from command line to 'None'
[0.544s] Level 5:colcon.colcon_core.verb:set package 'tello_driver' build argument 'catkin_cmake_args' from command line to 'None'
[0.544s] Level 5:colcon.colcon_core.verb:set package 'tello_driver' build argument 'catkin_skip_building_tests' from command line to 'False'
[0.544s] DEBUG:colcon.colcon_core.verb:Building package 'tello_driver' with the following arguments: {'ament_cmake_args': None, 'build_base': '/home/huo/drone_racing_ros2_ws/build/tello_driver', 'catkin_cmake_args': None, 'catkin_skip_building_tests': False, 'cmake_args': None, 'cmake_clean_cache': False, 'cmake_clean_first': False, 'cmake_force_configure': False, 'cmake_target': None, 'cmake_target_skip_unavailable': False, 'install_base': '/home/huo/drone_racing_ros2_ws/install/tello_driver', 'merge_install': False, 'path': '/home/huo/drone_racing_ros2_ws/src/drone_racing_ros2/tello_ros/tello_driver', 'symlink_install': False, 'test_result_base': None}
[0.544s] Level 5:colcon.colcon_core.verb:set package 'tello_gazebo' build argument 'cmake_args' from command line to 'None'
[0.544s] Level 5:colcon.colcon_core.verb:set package 'tello_gazebo' build argument 'cmake_target' from command line to 'None'
[0.544s] Level 5:colcon.colcon_core.verb:set package 'tello_gazebo' build argument 'cmake_target_skip_unavailable' from command line to 'False'
[0.544s] Level 5:colcon.colcon_core.verb:set package 'tello_gazebo' build argument 'cmake_clean_cache' from command line to 'False'
[0.544s] Level 5:colcon.colcon_core.verb:set package 'tello_gazebo' build argument 'cmake_clean_first' from command line to 'False'
[0.544s] Level 5:colcon.colcon_core.verb:set package 'tello_gazebo' build argument 'cmake_force_configure' from command line to 'False'
[0.544s] Level 5:colcon.colcon_core.verb:set package 'tello_gazebo' build argument 'ament_cmake_args' from command line to 'None'
[0.544s] Level 5:colcon.colcon_core.verb:set package 'tello_gazebo' build argument 'catkin_cmake_args' from command line to 'None'
[0.544s] Level 5:colcon.colcon_core.verb:set package 'tello_gazebo' build argument 'catkin_skip_building_tests' from command line to 'False'
[0.544s] DEBUG:colcon.colcon_core.verb:Building package 'tello_gazebo' with the following arguments: {'ament_cmake_args': None, 'build_base': '/home/huo/drone_racing_ros2_ws/build/tello_gazebo', 'catkin_cmake_args': None, 'catkin_skip_building_tests': False, 'cmake_args': None, 'cmake_clean_cache': False, 'cmake_clean_first': False, 'cmake_force_configure': False, 'cmake_target': None, 'cmake_target_skip_unavailable': False, 'install_base': '/home/huo/drone_racing_ros2_ws/install/tello_gazebo', 'merge_install': False, 'path': '/home/huo/drone_racing_ros2_ws/src/drone_racing_ros2/tello_ros/tello_gazebo', 'symlink_install': False, 'test_result_base': None}
[0.544s] INFO:colcon.colcon_core.executor:Executing jobs using 'parallel' executor
[0.545s] DEBUG:colcon.colcon_parallel_executor.executor.parallel:run_until_complete
[0.546s] INFO:colcon.colcon_ros.task.ament_cmake.build:Building ROS package in '/home/huo/drone_racing_ros2_ws/src/drone_racing_ros2/tello_ros/tello_msgs' with build type 'ament_cmake'
[0.546s] INFO:colcon.colcon_cmake.task.cmake.build:Building CMake package in '/home/huo/drone_racing_ros2_ws/src/drone_racing_ros2/tello_ros/tello_msgs'
[0.549s] INFO:colcon.colcon_core.plugin_system:Skipping extension 'colcon_core.shell.bat': Not used on non-Windows systems
[0.549s] INFO:colcon.colcon_core.shell:Skip shell extension 'powershell' for command environment: Not usable outside of PowerShell
[0.549s] DEBUG:colcon.colcon_core.shell:Skip shell extension 'dsv' for command environment
[0.553s] INFO:colcon.colcon_ros.task.ament_cmake.build:Building ROS package in '/home/huo/drone_racing_ros2_ws/src/drone_racing_ros2/ros2_shared' with build type 'ament_cmake'
[0.553s] INFO:colcon.colcon_cmake.task.cmake.build:Building CMake package in '/home/huo/drone_racing_ros2_ws/src/drone_racing_ros2/ros2_shared'
[0.553s] INFO:colcon.colcon_core.shell:Skip shell extension 'powershell' for command environment: Not usable outside of PowerShell
[0.553s] DEBUG:colcon.colcon_core.shell:Skip shell extension 'dsv' for command environment
[0.556s] INFO:colcon.colcon_ros.task.ament_cmake.build:Building ROS package in '/home/huo/drone_racing_ros2_ws/src/drone_racing_ros2/tello_ros/tello_description' with build type 'ament_cmake'
[0.557s] INFO:colcon.colcon_cmake.task.cmake.build:Building CMake package in '/home/huo/drone_racing_ros2_ws/src/drone_racing_ros2/tello_ros/tello_description'
[0.557s] INFO:colcon.colcon_core.shell:Skip shell extension 'powershell' for command environment: Not usable outside of PowerShell
[0.557s] DEBUG:colcon.colcon_core.shell:Skip shell extension 'dsv' for command environment
[0.564s] DEBUG:colcon.colcon_core.event_handler.log_command:Invoking command in '/home/huo/drone_racing_ros2_ws/build/tello_msgs': CMAKE_PREFIX_PATH=/opt/ros/galactic /usr/bin/cmake --build /home/huo/drone_racing_ros2_ws/build/tello_msgs -- -j8 -l8
[0.572s] DEBUG:colcon.colcon_core.event_handler.log_command:Invoking command in '/home/huo/drone_racing_ros2_ws/build/ros2_shared': CMAKE_PREFIX_PATH=/opt/ros/galactic /usr/bin/cmake --build /home/huo/drone_racing_ros2_ws/build/ros2_shared -- -j8 -l8
[0.577s] DEBUG:colcon.colcon_core.event_handler.log_command:Invoking command in '/home/huo/drone_racing_ros2_ws/build/tello_description': CMAKE_PREFIX_PATH=/opt/ros/galactic /usr/bin/cmake --build /home/huo/drone_racing_ros2_ws/build/tello_description -- -j8 -l8
[0.634s] DEBUG:colcon.colcon_core.event_handler.log_command:Invoked command in '/home/huo/drone_racing_ros2_ws/build/ros2_shared' returned '0': CMAKE_PREFIX_PATH=/opt/ros/galactic /usr/bin/cmake --build /home/huo/drone_racing_ros2_ws/build/ros2_shared -- -j8 -l8
[0.649s] DEBUG:colcon.colcon_core.event_handler.log_command:Invoking command in '/home/huo/drone_racing_ros2_ws/build/ros2_shared': CMAKE_PREFIX_PATH=/opt/ros/galactic /usr/bin/cmake --install /home/huo/drone_racing_ros2_ws/build/ros2_shared
[0.664s] Level 1:colcon.colcon_core.environment:create_environment_scripts_only(ros2_shared)
[0.665s] DEBUG:colcon.colcon_core.event_handler.log_command:Invoked command in '/home/huo/drone_racing_ros2_ws/build/ros2_shared' returned '0': CMAKE_PREFIX_PATH=/opt/ros/galactic /usr/bin/cmake --install /home/huo/drone_racing_ros2_ws/build/ros2_shared
[0.672s] Level 1:colcon.colcon_core.environment:checking '/home/huo/drone_racing_ros2_ws/install/ros2_shared' for CMake module files
[0.672s] Level 1:colcon.colcon_core.environment:checking '/home/huo/drone_racing_ros2_ws/install/ros2_shared' for CMake config files
[0.673s] Level 1:colcon.colcon_core.shell:create_environment_hook('ros2_shared', 'cmake_prefix_path')
[0.673s] INFO:colcon.colcon_core.shell:Creating environment hook '/home/huo/drone_racing_ros2_ws/install/ros2_shared/share/ros2_shared/hook/cmake_prefix_path.ps1'
[0.691s] INFO:colcon.colcon_core.shell:Creating environment descriptor '/home/huo/drone_racing_ros2_ws/install/ros2_shared/share/ros2_shared/hook/cmake_prefix_path.dsv'
[0.692s] INFO:colcon.colcon_core.shell:Creating environment hook '/home/huo/drone_racing_ros2_ws/install/ros2_shared/share/ros2_shared/hook/cmake_prefix_path.sh'
[0.694s] Level 1:colcon.colcon_core.environment:checking '/home/huo/drone_racing_ros2_ws/install/ros2_shared/bin'
[0.694s] Level 1:colcon.colcon_core.environment:checking '/home/huo/drone_racing_ros2_ws/install/ros2_shared/lib/pkgconfig/ros2_shared.pc'
[0.694s] Level 1:colcon.colcon_core.environment:checking '/home/huo/drone_racing_ros2_ws/install/ros2_shared/lib/python3.8/site-packages'
[0.694s] Level 1:colcon.colcon_core.environment:checking '/home/huo/drone_racing_ros2_ws/install/ros2_shared/bin'
[0.695s] INFO:colcon.colcon_core.shell:Creating package script '/home/huo/drone_racing_ros2_ws/install/ros2_shared/share/ros2_shared/package.ps1'
[0.696s] INFO:colcon.colcon_core.shell:Creating package descriptor '/home/huo/drone_racing_ros2_ws/install/ros2_shared/share/ros2_shared/package.dsv'
[0.696s] INFO:colcon.colcon_core.shell:Creating package script '/home/huo/drone_racing_ros2_ws/install/ros2_shared/share/ros2_shared/package.sh'
[0.697s] INFO:colcon.colcon_core.shell:Creating package script '/home/huo/drone_racing_ros2_ws/install/ros2_shared/share/ros2_shared/package.bash'
[0.698s] INFO:colcon.colcon_core.shell:Creating package script '/home/huo/drone_racing_ros2_ws/install/ros2_shared/share/ros2_shared/package.zsh'
[0.699s] Level 1:colcon.colcon_core.environment:create_file_with_runtime_dependencies(/home/huo/drone_racing_ros2_ws/install/ros2_shared/share/colcon-core/packages/ros2_shared)
[0.699s] Level 1:colcon.colcon_core.environment:create_environment_scripts_only(ros2_shared)
[0.700s] Level 1:colcon.colcon_core.environment:checking '/home/huo/drone_racing_ros2_ws/install/ros2_shared' for CMake module files
[0.700s] Level 1:colcon.colcon_core.environment:checking '/home/huo/drone_racing_ros2_ws/install/ros2_shared' for CMake config files
[0.700s] Level 1:colcon.colcon_core.shell:create_environment_hook('ros2_shared', 'cmake_prefix_path')
[0.700s] INFO:colcon.colcon_core.shell:Creating environment hook '/home/huo/drone_racing_ros2_ws/install/ros2_shared/share/ros2_shared/hook/cmake_prefix_path.ps1'
[0.701s] INFO:colcon.colcon_core.shell:Creating environment descriptor '/home/huo/drone_racing_ros2_ws/install/ros2_shared/share/ros2_shared/hook/cmake_prefix_path.dsv'
[0.701s] INFO:colcon.colcon_core.shell:Creating environment hook '/home/huo/drone_racing_ros2_ws/install/ros2_shared/share/ros2_shared/hook/cmake_prefix_path.sh'
[0.701s] Level 1:colcon.colcon_core.environment:checking '/home/huo/drone_racing_ros2_ws/install/ros2_shared/bin'
[0.701s] Level 1:colcon.colcon_core.environment:checking '/home/huo/drone_racing_ros2_ws/install/ros2_shared/lib/pkgconfig/ros2_shared.pc'
[0.701s] Level 1:colcon.colcon_core.environment:checking '/home/huo/drone_racing_ros2_ws/install/ros2_shared/lib/python3.8/site-packages'
[0.702s] Level 1:colcon.colcon_core.environment:checking '/home/huo/drone_racing_ros2_ws/install/ros2_shared/bin'
[0.702s] INFO:colcon.colcon_core.shell:Creating package script '/home/huo/drone_racing_ros2_ws/install/ros2_shared/share/ros2_shared/package.ps1'
[0.702s] INFO:colcon.colcon_core.shell:Creating package descriptor '/home/huo/drone_racing_ros2_ws/install/ros2_shared/share/ros2_shared/package.dsv'
[0.703s] INFO:colcon.colcon_core.shell:Creating package script '/home/huo/drone_racing_ros2_ws/install/ros2_shared/share/ros2_shared/package.sh'
[0.703s] INFO:colcon.colcon_core.shell:Creating package script '/home/huo/drone_racing_ros2_ws/install/ros2_shared/share/ros2_shared/package.bash'
[0.703s] INFO:colcon.colcon_core.shell:Creating package script '/home/huo/drone_racing_ros2_ws/install/ros2_shared/share/ros2_shared/package.zsh'
[0.704s] Level 1:colcon.colcon_core.environment:create_file_with_runtime_dependencies(/home/huo/drone_racing_ros2_ws/install/ros2_shared/share/colcon-core/packages/ros2_shared)
[0.705s] DEBUG:colcon.colcon_core.event_handler.log_command:Invoked command in '/home/huo/drone_racing_ros2_ws/build/tello_description' returned '0': CMAKE_PREFIX_PATH=/opt/ros/galactic /usr/bin/cmake --build /home/huo/drone_racing_ros2_ws/build/tello_description -- -j8 -l8
[0.707s] DEBUG:colcon.colcon_core.event_handler.log_command:Invoking command in '/home/huo/drone_racing_ros2_ws/build/tello_description': CMAKE_PREFIX_PATH=/opt/ros/galactic /usr/bin/cmake --install /home/huo/drone_racing_ros2_ws/build/tello_description
[0.716s] Level 1:colcon.colcon_core.environment:create_environment_scripts_only(tello_description)
[0.717s] Level 1:colcon.colcon_core.environment:checking '/home/huo/drone_racing_ros2_ws/install/tello_description' for CMake module files
[0.717s] DEBUG:colcon.colcon_core.event_handler.log_command:Invoked command in '/home/huo/drone_racing_ros2_ws/build/tello_description' returned '0': CMAKE_PREFIX_PATH=/opt/ros/galactic /usr/bin/cmake --install /home/huo/drone_racing_ros2_ws/build/tello_description
[0.717s] Level 1:colcon.colcon_core.environment:checking '/home/huo/drone_racing_ros2_ws/install/tello_description' for CMake config files
[0.717s] Level 1:colcon.colcon_core.shell:create_environment_hook('tello_description', 'cmake_prefix_path')
[0.718s] INFO:colcon.colcon_core.shell:Creating environment hook '/home/huo/drone_racing_ros2_ws/install/tello_description/share/tello_description/hook/cmake_prefix_path.ps1'
[0.718s] INFO:colcon.colcon_core.shell:Creating environment descriptor '/home/huo/drone_racing_ros2_ws/install/tello_description/share/tello_description/hook/cmake_prefix_path.dsv'
[0.718s] INFO:colcon.colcon_core.shell:Creating environment hook '/home/huo/drone_racing_ros2_ws/install/tello_description/share/tello_description/hook/cmake_prefix_path.sh'
[0.719s] Level 1:colcon.colcon_core.environment:checking '/home/huo/drone_racing_ros2_ws/install/tello_description/bin'
[0.719s] Level 1:colcon.colcon_core.environment:checking '/home/huo/drone_racing_ros2_ws/install/tello_description/lib/pkgconfig/tello_description.pc'
[0.719s] Level 1:colcon.colcon_core.environment:checking '/home/huo/drone_racing_ros2_ws/install/tello_description/lib/python3.8/site-packages'
[0.719s] Level 1:colcon.colcon_core.environment:checking '/home/huo/drone_racing_ros2_ws/install/tello_description/bin'
[0.720s] INFO:colcon.colcon_core.shell:Creating package script '/home/huo/drone_racing_ros2_ws/install/tello_description/share/tello_description/package.ps1'
[0.720s] INFO:colcon.colcon_core.shell:Creating package descriptor '/home/huo/drone_racing_ros2_ws/install/tello_description/share/tello_description/package.dsv'
[0.720s] INFO:colcon.colcon_core.shell:Creating package script '/home/huo/drone_racing_ros2_ws/install/tello_description/share/tello_description/package.sh'
[0.721s] INFO:colcon.colcon_core.shell:Creating package script '/home/huo/drone_racing_ros2_ws/install/tello_description/share/tello_description/package.bash'
[0.721s] INFO:colcon.colcon_core.shell:Creating package script '/home/huo/drone_racing_ros2_ws/install/tello_description/share/tello_description/package.zsh'
[0.721s] Level 1:colcon.colcon_core.environment:create_file_with_runtime_dependencies(/home/huo/drone_racing_ros2_ws/install/tello_description/share/colcon-core/packages/tello_description)
[0.723s] Level 1:colcon.colcon_core.environment:create_environment_scripts_only(tello_description)
[0.723s] Level 1:colcon.colcon_core.environment:checking '/home/huo/drone_racing_ros2_ws/install/tello_description' for CMake module files
[0.723s] Level 1:colcon.colcon_core.environment:checking '/home/huo/drone_racing_ros2_ws/install/tello_description' for CMake config files
[0.723s] Level 1:colcon.colcon_core.shell:create_environment_hook('tello_description', 'cmake_prefix_path')
[0.723s] INFO:colcon.colcon_core.shell:Creating environment hook '/home/huo/drone_racing_ros2_ws/install/tello_description/share/tello_description/hook/cmake_prefix_path.ps1'
[0.724s] INFO:colcon.colcon_core.shell:Creating environment descriptor '/home/huo/drone_racing_ros2_ws/install/tello_description/share/tello_description/hook/cmake_prefix_path.dsv'
[0.724s] INFO:colcon.colcon_core.shell:Creating environment hook '/home/huo/drone_racing_ros2_ws/install/tello_description/share/tello_description/hook/cmake_prefix_path.sh'
[0.724s] Level 1:colcon.colcon_core.environment:checking '/home/huo/drone_racing_ros2_ws/install/tello_description/bin'
[0.725s] Level 1:colcon.colcon_core.environment:checking '/home/huo/drone_racing_ros2_ws/install/tello_description/lib/pkgconfig/tello_description.pc'
[0.725s] Level 1:colcon.colcon_core.environment:checking '/home/huo/drone_racing_ros2_ws/install/tello_description/lib/python3.8/site-packages'
[0.725s] Level 1:colcon.colcon_core.environment:checking '/home/huo/drone_racing_ros2_ws/install/tello_description/bin'
[0.725s] INFO:colcon.colcon_core.shell:Creating package script '/home/huo/drone_racing_ros2_ws/install/tello_description/share/tello_description/package.ps1'
[0.725s] INFO:colcon.colcon_core.shell:Creating package descriptor '/home/huo/drone_racing_ros2_ws/install/tello_description/share/tello_description/package.dsv'
[0.726s] INFO:colcon.colcon_core.shell:Creating package script '/home/huo/drone_racing_ros2_ws/install/tello_description/share/tello_description/package.sh'
[0.726s] INFO:colcon.colcon_core.shell:Creating package script '/home/huo/drone_racing_ros2_ws/install/tello_description/share/tello_description/package.bash'
[0.726s] INFO:colcon.colcon_core.shell:Creating package script '/home/huo/drone_racing_ros2_ws/install/tello_description/share/tello_description/package.zsh'
[0.727s] Level 1:colcon.colcon_core.environment:create_file_with_runtime_dependencies(/home/huo/drone_racing_ros2_ws/install/tello_description/share/colcon-core/packages/tello_description)
[0.813s] DEBUG:colcon.colcon_core.event_handler.log_command:Invoked command in '/home/huo/drone_racing_ros2_ws/build/tello_msgs' returned '0': CMAKE_PREFIX_PATH=/opt/ros/galactic /usr/bin/cmake --build /home/huo/drone_racing_ros2_ws/build/tello_msgs -- -j8 -l8
[0.815s] DEBUG:colcon.colcon_core.event_handler.log_command:Invoking command in '/home/huo/drone_racing_ros2_ws/build/tello_msgs': CMAKE_PREFIX_PATH=/opt/ros/galactic /usr/bin/cmake --install /home/huo/drone_racing_ros2_ws/build/tello_msgs
[0.862s] Level 1:colcon.colcon_core.environment:create_environment_scripts_only(tello_msgs)
[0.863s] Level 1:colcon.colcon_core.environment:checking '/home/huo/drone_racing_ros2_ws/install/tello_msgs' for CMake module files
[0.863s] DEBUG:colcon.colcon_core.event_handler.log_command:Invoked command in '/home/huo/drone_racing_ros2_ws/build/tello_msgs' returned '0': CMAKE_PREFIX_PATH=/opt/ros/galactic /usr/bin/cmake --install /home/huo/drone_racing_ros2_ws/build/tello_msgs
[0.863s] Level 1:colcon.colcon_core.environment:checking '/home/huo/drone_racing_ros2_ws/install/tello_msgs' for CMake config files
[0.864s] Level 1:colcon.colcon_core.shell:create_environment_hook('tello_msgs', 'cmake_prefix_path')
[0.864s] INFO:colcon.colcon_core.shell:Creating environment hook '/home/huo/drone_racing_ros2_ws/install/tello_msgs/share/tello_msgs/hook/cmake_prefix_path.ps1'
[0.865s] INFO:colcon.colcon_core.shell:Creating environment descriptor '/home/huo/drone_racing_ros2_ws/install/tello_msgs/share/tello_msgs/hook/cmake_prefix_path.dsv'
[0.865s] INFO:colcon.colcon_core.shell:Creating environment hook '/home/huo/drone_racing_ros2_ws/install/tello_msgs/share/tello_msgs/hook/cmake_prefix_path.sh'
[0.865s] Level 1:colcon.colcon_core.environment:checking '/home/huo/drone_racing_ros2_ws/install/tello_msgs/lib'
[0.866s] Level 1:colcon.colcon_core.shell:create_environment_hook('tello_msgs', 'ld_library_path_lib')
[0.866s] INFO:colcon.colcon_core.shell:Creating environment hook '/home/huo/drone_racing_ros2_ws/install/tello_msgs/share/tello_msgs/hook/ld_library_path_lib.ps1'
[0.866s] INFO:colcon.colcon_core.shell:Creating environment descriptor '/home/huo/drone_racing_ros2_ws/install/tello_msgs/share/tello_msgs/hook/ld_library_path_lib.dsv'
[0.866s] INFO:colcon.colcon_core.shell:Creating environment hook '/home/huo/drone_racing_ros2_ws/install/tello_msgs/share/tello_msgs/hook/ld_library_path_lib.sh'
[0.867s] Level 1:colcon.colcon_core.environment:checking '/home/huo/drone_racing_ros2_ws/install/tello_msgs/bin'
[0.867s] Level 1:colcon.colcon_core.environment:checking '/home/huo/drone_racing_ros2_ws/install/tello_msgs/lib/pkgconfig/tello_msgs.pc'
[0.867s] Level 1:colcon.colcon_core.environment:checking '/home/huo/drone_racing_ros2_ws/install/tello_msgs/lib/python3.8/site-packages'
[0.867s] Level 1:colcon.colcon_core.shell:create_environment_hook('tello_msgs', 'pythonpath')
[0.867s] INFO:colcon.colcon_core.shell:Creating environment hook '/home/huo/drone_racing_ros2_ws/install/tello_msgs/share/tello_msgs/hook/pythonpath.ps1'
[0.867s] INFO:colcon.colcon_core.shell:Creating environment descriptor '/home/huo/drone_racing_ros2_ws/install/tello_msgs/share/tello_msgs/hook/pythonpath.dsv'
[0.868s] INFO:colcon.colcon_core.shell:Creating environment hook '/home/huo/drone_racing_ros2_ws/install/tello_msgs/share/tello_msgs/hook/pythonpath.sh'
[0.868s] Level 1:colcon.colcon_core.environment:checking '/home/huo/drone_racing_ros2_ws/install/tello_msgs/bin'
[0.868s] INFO:colcon.colcon_core.shell:Creating package script '/home/huo/drone_racing_ros2_ws/install/tello_msgs/share/tello_msgs/package.ps1'
[0.869s] INFO:colcon.colcon_core.shell:Creating package descriptor '/home/huo/drone_racing_ros2_ws/install/tello_msgs/share/tello_msgs/package.dsv'
[0.869s] INFO:colcon.colcon_core.shell:Creating package script '/home/huo/drone_racing_ros2_ws/install/tello_msgs/share/tello_msgs/package.sh'
[0.869s] INFO:colcon.colcon_core.shell:Creating package script '/home/huo/drone_racing_ros2_ws/install/tello_msgs/share/tello_msgs/package.bash'
[0.869s] INFO:colcon.colcon_core.shell:Creating package script '/home/huo/drone_racing_ros2_ws/install/tello_msgs/share/tello_msgs/package.zsh'
[0.870s] Level 1:colcon.colcon_core.environment:create_file_with_runtime_dependencies(/home/huo/drone_racing_ros2_ws/install/tello_msgs/share/colcon-core/packages/tello_msgs)
[0.870s] Level 1:colcon.colcon_core.environment:create_environment_scripts_only(tello_msgs)
[0.870s] Level 1:colcon.colcon_core.environment:checking '/home/huo/drone_racing_ros2_ws/install/tello_msgs' for CMake module files
[0.871s] Level 1:colcon.colcon_core.environment:checking '/home/huo/drone_racing_ros2_ws/install/tello_msgs' for CMake config files
[0.871s] Level 1:colcon.colcon_core.shell:create_environment_hook('tello_msgs', 'cmake_prefix_path')
[0.871s] INFO:colcon.colcon_core.shell:Creating environment hook '/home/huo/drone_racing_ros2_ws/install/tello_msgs/share/tello_msgs/hook/cmake_prefix_path.ps1'
[0.872s] INFO:colcon.colcon_core.shell:Creating environment descriptor '/home/huo/drone_racing_ros2_ws/install/tello_msgs/share/tello_msgs/hook/cmake_prefix_path.dsv'
[0.872s] INFO:colcon.colcon_core.shell:Creating environment hook '/home/huo/drone_racing_ros2_ws/install/tello_msgs/share/tello_msgs/hook/cmake_prefix_path.sh'
[0.872s] Level 1:colcon.colcon_core.environment:checking '/home/huo/drone_racing_ros2_ws/install/tello_msgs/lib'
[0.872s] Level 1:colcon.colcon_core.shell:create_environment_hook('tello_msgs', 'ld_library_path_lib')
[0.872s] INFO:colcon.colcon_core.shell:Creating environment hook '/home/huo/drone_racing_ros2_ws/install/tello_msgs/share/tello_msgs/hook/ld_library_path_lib.ps1'
[0.873s] INFO:colcon.colcon_core.shell:Creating environment descriptor '/home/huo/drone_racing_ros2_ws/install/tello_msgs/share/tello_msgs/hook/ld_library_path_lib.dsv'
[0.873s] INFO:colcon.colcon_core.shell:Creating environment hook '/home/huo/drone_racing_ros2_ws/install/tello_msgs/share/tello_msgs/hook/ld_library_path_lib.sh'
[0.873s] Level 1:colcon.colcon_core.environment:checking '/home/huo/drone_racing_ros2_ws/install/tello_msgs/bin'
[0.873s] Level 1:colcon.colcon_core.environment:checking '/home/huo/drone_racing_ros2_ws/install/tello_msgs/lib/pkgconfig/tello_msgs.pc'
[0.873s] Level 1:colcon.colcon_core.environment:checking '/home/huo/drone_racing_ros2_ws/install/tello_msgs/lib/python3.8/site-packages'
[0.873s] Level 1:colcon.colcon_core.shell:create_environment_hook('tello_msgs', 'pythonpath')
[0.873s] INFO:colcon.colcon_core.shell:Creating environment hook '/home/huo/drone_racing_ros2_ws/install/tello_msgs/share/tello_msgs/hook/pythonpath.ps1'
[0.874s] INFO:colcon.colcon_core.shell:Creating environment descriptor '/home/huo/drone_racing_ros2_ws/install/tello_msgs/share/tello_msgs/hook/pythonpath.dsv'
[0.874s] INFO:colcon.colcon_core.shell:Creating environment hook '/home/huo/drone_racing_ros2_ws/install/tello_msgs/share/tello_msgs/hook/pythonpath.sh'
[0.874s] Level 1:colcon.colcon_core.environment:checking '/home/huo/drone_racing_ros2_ws/install/tello_msgs/bin'
[0.874s] INFO:colcon.colcon_core.shell:Creating package script '/home/huo/drone_racing_ros2_ws/install/tello_msgs/share/tello_msgs/package.ps1'
[0.875s] INFO:colcon.colcon_core.shell:Creating package descriptor '/home/huo/drone_racing_ros2_ws/install/tello_msgs/share/tello_msgs/package.dsv'
[0.875s] INFO:colcon.colcon_core.shell:Creating package script '/home/huo/drone_racing_ros2_ws/install/tello_msgs/share/tello_msgs/package.sh'
[0.876s] INFO:colcon.colcon_core.shell:Creating package script '/home/huo/drone_racing_ros2_ws/install/tello_msgs/share/tello_msgs/package.bash'
[0.876s] INFO:colcon.colcon_core.shell:Creating package script '/home/huo/drone_racing_ros2_ws/install/tello_msgs/share/tello_msgs/package.zsh'
[0.876s] Level 1:colcon.colcon_core.environment:create_file_with_runtime_dependencies(/home/huo/drone_racing_ros2_ws/install/tello_msgs/share/colcon-core/packages/tello_msgs)
[0.876s] INFO:colcon.colcon_ros.task.ament_cmake.build:Building ROS package in '/home/huo/drone_racing_ros2_ws/src/drone_racing_ros2/tello_ros/tello_driver' with build type 'ament_cmake'
[0.876s] INFO:colcon.colcon_cmake.task.cmake.build:Building CMake package in '/home/huo/drone_racing_ros2_ws/src/drone_racing_ros2/tello_ros/tello_driver'
[0.877s] INFO:colcon.colcon_core.shell:Skip shell extension 'powershell' for command environment: Not usable outside of PowerShell
[0.877s] DEBUG:colcon.colcon_core.shell:Skip shell extension 'dsv' for command environment
[0.881s] INFO:colcon.colcon_ros.task.ament_cmake.build:Building ROS package in '/home/huo/drone_racing_ros2_ws/src/drone_racing_ros2/tello_ros/tello_gazebo' with build type 'ament_cmake'
[0.881s] INFO:colcon.colcon_cmake.task.cmake.build:Building CMake package in '/home/huo/drone_racing_ros2_ws/src/drone_racing_ros2/tello_ros/tello_gazebo'
[0.881s] INFO:colcon.colcon_core.shell:Skip shell extension 'powershell' for command environment: Not usable outside of PowerShell
[0.882s] DEBUG:colcon.colcon_core.shell:Skip shell extension 'dsv' for command environment
[0.890s] DEBUG:colcon.colcon_core.event_handler.log_command:Invoking command in '/home/huo/drone_racing_ros2_ws/build/tello_driver': AMENT_PREFIX_PATH=/home/huo/drone_racing_ros2_ws/install/tello_msgs:/home/huo/drone_racing_ros2_ws/install/ros2_shared:${AMENT_PREFIX_PATH} CMAKE_PREFIX_PATH=/home/huo/drone_racing_ros2_ws/install/tello_msgs:/home/huo/drone_racing_ros2_ws/install/ros2_shared:/opt/ros/galactic LD_LIBRARY_PATH=/home/huo/drone_racing_ros2_ws/install/tello_msgs/lib:${LD_LIBRARY_PATH} PYTHONPATH=/home/huo/drone_racing_ros2_ws/install/tello_msgs/lib/python3.8/site-packages:${PYTHONPATH} /usr/bin/cmake --build /home/huo/drone_racing_ros2_ws/build/tello_driver -- -j8 -l8
[0.893s] DEBUG:colcon.colcon_core.event_handler.log_command:Invoking command in '/home/huo/drone_racing_ros2_ws/build/tello_gazebo': AMENT_PREFIX_PATH=/home/huo/drone_racing_ros2_ws/install/tello_msgs:${AMENT_PREFIX_PATH} CMAKE_PREFIX_PATH=/home/huo/drone_racing_ros2_ws/install/tello_msgs:/opt/ros/galactic LD_LIBRARY_PATH=/home/huo/drone_racing_ros2_ws/install/tello_msgs/lib:${LD_LIBRARY_PATH} PYTHONPATH=/home/huo/drone_racing_ros2_ws/install/tello_msgs/lib/python3.8/site-packages:${PYTHONPATH} /usr/bin/cmake --build /home/huo/drone_racing_ros2_ws/build/tello_gazebo -- -j8 -l8
[0.981s] DEBUG:colcon.colcon_core.event_handler.log_command:Invoked command in '/home/huo/drone_racing_ros2_ws/build/tello_driver' returned '0': AMENT_PREFIX_PATH=/home/huo/drone_racing_ros2_ws/install/tello_msgs:/home/huo/drone_racing_ros2_ws/install/ros2_shared:${AMENT_PREFIX_PATH} CMAKE_PREFIX_PATH=/home/huo/drone_racing_ros2_ws/install/tello_msgs:/home/huo/drone_racing_ros2_ws/install/ros2_shared:/opt/ros/galactic LD_LIBRARY_PATH=/home/huo/drone_racing_ros2_ws/install/tello_msgs/lib:${LD_LIBRARY_PATH} PYTHONPATH=/home/huo/drone_racing_ros2_ws/install/tello_msgs/lib/python3.8/site-packages:${PYTHONPATH} /usr/bin/cmake --build /home/huo/drone_racing_ros2_ws/build/tello_driver -- -j8 -l8
[0.984s] DEBUG:colcon.colcon_core.event_handler.log_command:Invoking command in '/home/huo/drone_racing_ros2_ws/build/tello_driver': AMENT_PREFIX_PATH=/home/huo/drone_racing_ros2_ws/install/tello_msgs:/home/huo/drone_racing_ros2_ws/install/ros2_shared:${AMENT_PREFIX_PATH} CMAKE_PREFIX_PATH=/home/huo/drone_racing_ros2_ws/install/tello_msgs:/home/huo/drone_racing_ros2_ws/install/ros2_shared:/opt/ros/galactic LD_LIBRARY_PATH=/home/huo/drone_racing_ros2_ws/install/tello_msgs/lib:${LD_LIBRARY_PATH} PYTHONPATH=/home/huo/drone_racing_ros2_ws/install/tello_msgs/lib/python3.8/site-packages:${PYTHONPATH} /usr/bin/cmake --install /home/huo/drone_racing_ros2_ws/build/tello_driver
[0.996s] Level 1:colcon.colcon_core.environment:create_environment_scripts_only(tello_driver)
[0.997s] Level 1:colcon.colcon_core.environment:checking '/home/huo/drone_racing_ros2_ws/install/tello_driver' for CMake module files
[0.997s] DEBUG:colcon.colcon_core.event_handler.log_command:Invoked command in '/home/huo/drone_racing_ros2_ws/build/tello_driver' returned '0': AMENT_PREFIX_PATH=/home/huo/drone_racing_ros2_ws/install/tello_msgs:/home/huo/drone_racing_ros2_ws/install/ros2_shared:${AMENT_PREFIX_PATH} CMAKE_PREFIX_PATH=/home/huo/drone_racing_ros2_ws/install/tello_msgs:/home/huo/drone_racing_ros2_ws/install/ros2_shared:/opt/ros/galactic LD_LIBRARY_PATH=/home/huo/drone_racing_ros2_ws/install/tello_msgs/lib:${LD_LIBRARY_PATH} PYTHONPATH=/home/huo/drone_racing_ros2_ws/install/tello_msgs/lib/python3.8/site-packages:${PYTHONPATH} /usr/bin/cmake --install /home/huo/drone_racing_ros2_ws/build/tello_driver
[0.998s] Level 1:colcon.colcon_core.environment:checking '/home/huo/drone_racing_ros2_ws/install/tello_driver' for CMake config files
[0.998s] Level 1:colcon.colcon_core.shell:create_environment_hook('tello_driver', 'cmake_prefix_path')
[0.998s] INFO:colcon.colcon_core.shell:Creating environment hook '/home/huo/drone_racing_ros2_ws/install/tello_driver/share/tello_driver/hook/cmake_prefix_path.ps1'
[0.999s] INFO:colcon.colcon_core.shell:Creating environment descriptor '/home/huo/drone_racing_ros2_ws/install/tello_driver/share/tello_driver/hook/cmake_prefix_path.dsv'
[0.999s] INFO:colcon.colcon_core.shell:Creating environment hook '/home/huo/drone_racing_ros2_ws/install/tello_driver/share/tello_driver/hook/cmake_prefix_path.sh'
[0.999s] Level 1:colcon.colcon_core.environment:checking '/home/huo/drone_racing_ros2_ws/install/tello_driver/lib'
[1.000s] Level 1:colcon.colcon_core.shell:create_environment_hook('tello_driver', 'ld_library_path_lib')
[1.000s] INFO:colcon.colcon_core.shell:Creating environment hook '/home/huo/drone_racing_ros2_ws/install/tello_driver/share/tello_driver/hook/ld_library_path_lib.ps1'
[1.000s] INFO:colcon.colcon_core.shell:Creating environment descriptor '/home/huo/drone_racing_ros2_ws/install/tello_driver/share/tello_driver/hook/ld_library_path_lib.dsv'
[1.000s] INFO:colcon.colcon_core.shell:Creating environment hook '/home/huo/drone_racing_ros2_ws/install/tello_driver/share/tello_driver/hook/ld_library_path_lib.sh'
[1.000s] Level 1:colcon.colcon_core.environment:checking '/home/huo/drone_racing_ros2_ws/install/tello_driver/bin'
[1.001s] Level 1:colcon.colcon_core.environment:checking '/home/huo/drone_racing_ros2_ws/install/tello_driver/lib/pkgconfig/tello_driver.pc'
[1.001s] Level 1:colcon.colcon_core.environment:checking '/home/huo/drone_racing_ros2_ws/install/tello_driver/lib/python3.8/site-packages'
[1.001s] Level 1:colcon.colcon_core.environment:checking '/home/huo/drone_racing_ros2_ws/install/tello_driver/bin'
[1.001s] INFO:colcon.colcon_core.shell:Creating package script '/home/huo/drone_racing_ros2_ws/install/tello_driver/share/tello_driver/package.ps1'
[1.001s] INFO:colcon.colcon_core.shell:Creating package descriptor '/home/huo/drone_racing_ros2_ws/install/tello_driver/share/tello_driver/package.dsv'
[1.002s] INFO:colcon.colcon_core.shell:Creating package script '/home/huo/drone_racing_ros2_ws/install/tello_driver/share/tello_driver/package.sh'
[1.002s] INFO:colcon.colcon_core.shell:Creating package script '/home/huo/drone_racing_ros2_ws/install/tello_driver/share/tello_driver/package.bash'
[1.002s] INFO:colcon.colcon_core.shell:Creating package script '/home/huo/drone_racing_ros2_ws/install/tello_driver/share/tello_driver/package.zsh'
[1.002s] Level 1:colcon.colcon_core.environment:create_file_with_runtime_dependencies(/home/huo/drone_racing_ros2_ws/install/tello_driver/share/colcon-core/packages/tello_driver)
[1.003s] Level 1:colcon.colcon_core.environment:create_environment_scripts_only(tello_driver)
[1.003s] Level 1:colcon.colcon_core.environment:checking '/home/huo/drone_racing_ros2_ws/install/tello_driver' for CMake module files
[1.003s] Level 1:colcon.colcon_core.environment:checking '/home/huo/drone_racing_ros2_ws/install/tello_driver' for CMake config files
[1.003s] Level 1:colcon.colcon_core.shell:create_environment_hook('tello_driver', 'cmake_prefix_path')
[1.004s] INFO:colcon.colcon_core.shell:Creating environment hook '/home/huo/drone_racing_ros2_ws/install/tello_driver/share/tello_driver/hook/cmake_prefix_path.ps1'
[1.004s] INFO:colcon.colcon_core.shell:Creating environment descriptor '/home/huo/drone_racing_ros2_ws/install/tello_driver/share/tello_driver/hook/cmake_prefix_path.dsv'
[1.004s] INFO:colcon.colcon_core.shell:Creating environment hook '/home/huo/drone_racing_ros2_ws/install/tello_driver/share/tello_driver/hook/cmake_prefix_path.sh'
[1.004s] Level 1:colcon.colcon_core.environment:checking '/home/huo/drone_racing_ros2_ws/install/tello_driver/lib'
[1.005s] Level 1:colcon.colcon_core.shell:create_environment_hook('tello_driver', 'ld_library_path_lib')
[1.005s] INFO:colcon.colcon_core.shell:Creating environment hook '/home/huo/drone_racing_ros2_ws/install/tello_driver/share/tello_driver/hook/ld_library_path_lib.ps1'
[1.005s] INFO:colcon.colcon_core.shell:Creating environment descriptor '/home/huo/drone_racing_ros2_ws/install/tello_driver/share/tello_driver/hook/ld_library_path_lib.dsv'
[1.005s] INFO:colcon.colcon_core.shell:Creating environment hook '/home/huo/drone_racing_ros2_ws/install/tello_driver/share/tello_driver/hook/ld_library_path_lib.sh'
[1.005s] Level 1:colcon.colcon_core.environment:checking '/home/huo/drone_racing_ros2_ws/install/tello_driver/bin'
[1.005s] Level 1:colcon.colcon_core.environment:checking '/home/huo/drone_racing_ros2_ws/install/tello_driver/lib/pkgconfig/tello_driver.pc'
[1.006s] Level 1:colcon.colcon_core.environment:checking '/home/huo/drone_racing_ros2_ws/install/tello_driver/lib/python3.8/site-packages'
[1.006s] Level 1:colcon.colcon_core.environment:checking '/home/huo/drone_racing_ros2_ws/install/tello_driver/bin'
[1.006s] INFO:colcon.colcon_core.shell:Creating package script '/home/huo/drone_racing_ros2_ws/install/tello_driver/share/tello_driver/package.ps1'
[1.006s] INFO:colcon.colcon_core.shell:Creating package descriptor '/home/huo/drone_racing_ros2_ws/install/tello_driver/share/tello_driver/package.dsv'
[1.006s] INFO:colcon.colcon_core.shell:Creating package script '/home/huo/drone_racing_ros2_ws/install/tello_driver/share/tello_driver/package.sh'
[1.007s] INFO:colcon.colcon_core.shell:Creating package script '/home/huo/drone_racing_ros2_ws/install/tello_driver/share/tello_driver/package.bash'
[1.007s] INFO:colcon.colcon_core.shell:Creating package script '/home/huo/drone_racing_ros2_ws/install/tello_driver/share/tello_driver/package.zsh'
[1.007s] Level 1:colcon.colcon_core.environment:create_file_with_runtime_dependencies(/home/huo/drone_racing_ros2_ws/install/tello_driver/share/colcon-core/packages/tello_driver)
[1.008s] DEBUG:colcon.colcon_core.event_handler.log_command:Invoked command in '/home/huo/drone_racing_ros2_ws/build/tello_gazebo' returned '0': AMENT_PREFIX_PATH=/home/huo/drone_racing_ros2_ws/install/tello_msgs:${AMENT_PREFIX_PATH} CMAKE_PREFIX_PATH=/home/huo/drone_racing_ros2_ws/install/tello_msgs:/opt/ros/galactic LD_LIBRARY_PATH=/home/huo/drone_racing_ros2_ws/install/tello_msgs/lib:${LD_LIBRARY_PATH} PYTHONPATH=/home/huo/drone_racing_ros2_ws/install/tello_msgs/lib/python3.8/site-packages:${PYTHONPATH} /usr/bin/cmake --build /home/huo/drone_racing_ros2_ws/build/tello_gazebo -- -j8 -l8
[1.011s] DEBUG:colcon.colcon_core.event_handler.log_command:Invoking command in '/home/huo/drone_racing_ros2_ws/build/tello_gazebo': AMENT_PREFIX_PATH=/home/huo/drone_racing_ros2_ws/install/tello_msgs:${AMENT_PREFIX_PATH} CMAKE_PREFIX_PATH=/home/huo/drone_racing_ros2_ws/install/tello_msgs:/opt/ros/galactic LD_LIBRARY_PATH=/home/huo/drone_racing_ros2_ws/install/tello_msgs/lib:${LD_LIBRARY_PATH} PYTHONPATH=/home/huo/drone_racing_ros2_ws/install/tello_msgs/lib/python3.8/site-packages:${PYTHONPATH} /usr/bin/cmake --install /home/huo/drone_racing_ros2_ws/build/tello_gazebo
[1.028s] Level 1:colcon.colcon_core.environment:create_environment_scripts_only(tello_gazebo)
[1.029s] Level 1:colcon.colcon_core.environment:checking '/home/huo/drone_racing_ros2_ws/install/tello_gazebo' for CMake module files
[1.029s] DEBUG:colcon.colcon_core.event_handler.log_command:Invoked command in '/home/huo/drone_racing_ros2_ws/build/tello_gazebo' returned '0': AMENT_PREFIX_PATH=/home/huo/drone_racing_ros2_ws/install/tello_msgs:${AMENT_PREFIX_PATH} CMAKE_PREFIX_PATH=/home/huo/drone_racing_ros2_ws/install/tello_msgs:/opt/ros/galactic LD_LIBRARY_PATH=/home/huo/drone_racing_ros2_ws/install/tello_msgs/lib:${LD_LIBRARY_PATH} PYTHONPATH=/home/huo/drone_racing_ros2_ws/install/tello_msgs/lib/python3.8/site-packages:${PYTHONPATH} /usr/bin/cmake --install /home/huo/drone_racing_ros2_ws/build/tello_gazebo
[1.029s] Level 1:colcon.colcon_core.environment:checking '/home/huo/drone_racing_ros2_ws/install/tello_gazebo' for CMake config files
[1.030s] Level 1:colcon.colcon_core.shell:create_environment_hook('tello_gazebo', 'cmake_prefix_path')
[1.030s] INFO:colcon.colcon_core.shell:Creating environment hook '/home/huo/drone_racing_ros2_ws/install/tello_gazebo/share/tello_gazebo/hook/cmake_prefix_path.ps1'
[1.031s] INFO:colcon.colcon_core.shell:Creating environment descriptor '/home/huo/drone_racing_ros2_ws/install/tello_gazebo/share/tello_gazebo/hook/cmake_prefix_path.dsv'
[1.031s] INFO:colcon.colcon_core.shell:Creating environment hook '/home/huo/drone_racing_ros2_ws/install/tello_gazebo/share/tello_gazebo/hook/cmake_prefix_path.sh'
[1.031s] Level 1:colcon.colcon_core.environment:checking '/home/huo/drone_racing_ros2_ws/install/tello_gazebo/lib'
[1.031s] Level 1:colcon.colcon_core.shell:create_environment_hook('tello_gazebo', 'ld_library_path_lib')
[1.032s] INFO:colcon.colcon_core.shell:Creating environment hook '/home/huo/drone_racing_ros2_ws/install/tello_gazebo/share/tello_gazebo/hook/ld_library_path_lib.ps1'
[1.032s] INFO:colcon.colcon_core.shell:Creating environment descriptor '/home/huo/drone_racing_ros2_ws/install/tello_gazebo/share/tello_gazebo/hook/ld_library_path_lib.dsv'
[1.032s] INFO:colcon.colcon_core.shell:Creating environment hook '/home/huo/drone_racing_ros2_ws/install/tello_gazebo/share/tello_gazebo/hook/ld_library_path_lib.sh'
[1.032s] Level 1:colcon.colcon_core.environment:checking '/home/huo/drone_racing_ros2_ws/install/tello_gazebo/bin'
[1.032s] Level 1:colcon.colcon_core.environment:checking '/home/huo/drone_racing_ros2_ws/install/tello_gazebo/lib/pkgconfig/tello_gazebo.pc'
[1.033s] Level 1:colcon.colcon_core.environment:checking '/home/huo/drone_racing_ros2_ws/install/tello_gazebo/lib/python3.8/site-packages'
[1.033s] Level 1:colcon.colcon_core.environment:checking '/home/huo/drone_racing_ros2_ws/install/tello_gazebo/bin'
[1.033s] INFO:colcon.colcon_core.shell:Creating package script '/home/huo/drone_racing_ros2_ws/install/tello_gazebo/share/tello_gazebo/package.ps1'
[1.033s] INFO:colcon.colcon_core.shell:Creating package descriptor '/home/huo/drone_racing_ros2_ws/install/tello_gazebo/share/tello_gazebo/package.dsv'
[1.034s] INFO:colcon.colcon_core.shell:Creating package script '/home/huo/drone_racing_ros2_ws/install/tello_gazebo/share/tello_gazebo/package.sh'
[1.034s] INFO:colcon.colcon_core.shell:Creating package script '/home/huo/drone_racing_ros2_ws/install/tello_gazebo/share/tello_gazebo/package.bash'
[1.035s] INFO:colcon.colcon_core.shell:Creating package script '/home/huo/drone_racing_ros2_ws/install/tello_gazebo/share/tello_gazebo/package.zsh'
[1.035s] Level 1:colcon.colcon_core.environment:create_file_with_runtime_dependencies(/home/huo/drone_racing_ros2_ws/install/tello_gazebo/share/colcon-core/packages/tello_gazebo)
[1.035s] Level 1:colcon.colcon_core.environment:create_environment_scripts_only(tello_gazebo)
[1.036s] Level 1:colcon.colcon_core.environment:checking '/home/huo/drone_racing_ros2_ws/install/tello_gazebo' for CMake module files
[1.036s] Level 1:colcon.colcon_core.environment:checking '/home/huo/drone_racing_ros2_ws/install/tello_gazebo' for CMake config files
[1.036s] Level 1:colcon.colcon_core.shell:create_environment_hook('tello_gazebo', 'cmake_prefix_path')
[1.037s] INFO:colcon.colcon_core.shell:Creating environment hook '/home/huo/drone_racing_ros2_ws/install/tello_gazebo/share/tello_gazebo/hook/cmake_prefix_path.ps1'
[1.037s] INFO:colcon.colcon_core.shell:Creating environment descriptor '/home/huo/drone_racing_ros2_ws/install/tello_gazebo/share/tello_gazebo/hook/cmake_prefix_path.dsv'
[1.037s] INFO:colcon.colcon_core.shell:Creating environment hook '/home/huo/drone_racing_ros2_ws/install/tello_gazebo/share/tello_gazebo/hook/cmake_prefix_path.sh'
[1.037s] Level 1:colcon.colcon_core.environment:checking '/home/huo/drone_racing_ros2_ws/install/tello_gazebo/lib'
[1.037s] Level 1:colcon.colcon_core.shell:create_environment_hook('tello_gazebo', 'ld_library_path_lib')
[1.038s] INFO:colcon.colcon_core.shell:Creating environment hook '/home/huo/drone_racing_ros2_ws/install/tello_gazebo/share/tello_gazebo/hook/ld_library_path_lib.ps1'
[1.038s] INFO:colcon.colcon_core.shell:Creating environment descriptor '/home/huo/drone_racing_ros2_ws/install/tello_gazebo/share/tello_gazebo/hook/ld_library_path_lib.dsv'
[1.038s] INFO:colcon.colcon_core.shell:Creating environment hook '/home/huo/drone_racing_ros2_ws/install/tello_gazebo/share/tello_gazebo/hook/ld_library_path_lib.sh'
[1.038s] Level 1:colcon.colcon_core.environment:checking '/home/huo/drone_racing_ros2_ws/install/tello_gazebo/bin'
[1.038s] Level 1:colcon.colcon_core.environment:checking '/home/huo/drone_racing_ros2_ws/install/tello_gazebo/lib/pkgconfig/tello_gazebo.pc'
[1.039s] Level 1:colcon.colcon_core.environment:checking '/home/huo/drone_racing_ros2_ws/install/tello_gazebo/lib/python3.8/site-packages'
[1.039s] Level 1:colcon.colcon_core.environment:checking '/home/huo/drone_racing_ros2_ws/install/tello_gazebo/bin'
[1.039s] INFO:colcon.colcon_core.shell:Creating package script '/home/huo/drone_racing_ros2_ws/install/tello_gazebo/share/tello_gazebo/package.ps1'
[1.039s] INFO:colcon.colcon_core.shell:Creating package descriptor '/home/huo/drone_racing_ros2_ws/install/tello_gazebo/share/tello_gazebo/package.dsv'
[1.039s] INFO:colcon.colcon_core.shell:Creating package script '/home/huo/drone_racing_ros2_ws/install/tello_gazebo/share/tello_gazebo/package.sh'
[1.040s] INFO:colcon.colcon_core.shell:Creating package script '/home/huo/drone_racing_ros2_ws/install/tello_gazebo/share/tello_gazebo/package.bash'
[1.040s] INFO:colcon.colcon_core.shell:Creating package script '/home/huo/drone_racing_ros2_ws/install/tello_gazebo/share/tello_gazebo/package.zsh'
[1.040s] Level 1:colcon.colcon_core.environment:create_file_with_runtime_dependencies(/home/huo/drone_racing_ros2_ws/install/tello_gazebo/share/colcon-core/packages/tello_gazebo)
[1.041s] DEBUG:colcon.colcon_parallel_executor.executor.parallel:closing loop
[1.041s] DEBUG:colcon.colcon_parallel_executor.executor.parallel:loop closed
[1.041s] DEBUG:colcon.colcon_parallel_executor.executor.parallel:run_until_complete finished with '0'
[1.041s] DEBUG:colcon.colcon_core.event_reactor:joining thread
[1.046s] INFO:colcon.colcon_core.plugin_system:Skipping extension 'colcon_notification.desktop_notification.terminal_notifier': Not used on non-Darwin systems
[1.046s] INFO:colcon.colcon_core.plugin_system:Skipping extension 'colcon_notification.desktop_notification.win32': Not used on non-Windows systems
[1.046s] INFO:colcon.colcon_notification.desktop_notification:Sending desktop notification using 'notify2'
[1.058s] DEBUG:colcon.colcon_core.event_reactor:joined thread
[1.058s] INFO:colcon.colcon_core.shell:Creating prefix script '/home/huo/drone_racing_ros2_ws/install/local_setup.ps1'
[1.059s] INFO:colcon.colcon_core.shell:Creating prefix util module '/home/huo/drone_racing_ros2_ws/install/_local_setup_util_ps1.py'
[1.060s] INFO:colcon.colcon_core.shell:Creating prefix chain script '/home/huo/drone_racing_ros2_ws/install/setup.ps1'
[1.061s] INFO:colcon.colcon_core.shell:Creating prefix script '/home/huo/drone_racing_ros2_ws/install/local_setup.sh'
[1.062s] INFO:colcon.colcon_core.shell:Creating prefix util module '/home/huo/drone_racing_ros2_ws/install/_local_setup_util_sh.py'
[1.063s] INFO:colcon.colcon_core.shell:Creating prefix chain script '/home/huo/drone_racing_ros2_ws/install/setup.sh'
[1.063s] INFO:colcon.colcon_core.shell:Creating prefix script '/home/huo/drone_racing_ros2_ws/install/local_setup.bash'
[1.064s] INFO:colcon.colcon_core.shell:Creating prefix chain script '/home/huo/drone_racing_ros2_ws/install/setup.bash'
[1.065s] INFO:colcon.colcon_core.shell:Creating prefix script '/home/huo/drone_racing_ros2_ws/install/local_setup.zsh'
[1.065s] INFO:colcon.colcon_core.shell:Creating prefix chain script '/home/huo/drone_racing_ros2_ws/install/setup.zsh'
