[0.012s] Invoking command in '/home/huo/drone_racing_ros2_ws/build/tello_driver': AMENT_PREFIX_PATH=/home/huo/drone_racing_ros2_ws/install/tello_msgs:/home/huo/drone_racing_ros2_ws/install/ros2_shared:${AMENT_PREFIX_PATH} CMAKE_PREFIX_PATH=/home/huo/drone_racing_ros2_ws/install/tello_msgs:/home/huo/drone_racing_ros2_ws/install/ros2_shared:/opt/ros/galactic LD_LIBRARY_PATH=/home/huo/drone_racing_ros2_ws/install/tello_msgs/lib:${LD_LIBRARY_PATH} PYTHONPATH=/home/huo/drone_racing_ros2_ws/install/tello_msgs/lib/python3.8/site-packages:${PYTHONPATH} /usr/bin/cmake /home/huo/drone_racing_ros2_ws/src/drone_racing_ros2/tello_ros/tello_driver -DCMAKE_INSTALL_PREFIX=/home/huo/drone_racing_ros2_ws/install/tello_driver
[0.055s] -- The C compiler identification is GNU 9.4.0
[0.097s] -- The CXX compiler identification is GNU 9.4.0
[0.100s] -- Check for working C compiler: /usr/bin/cc
[0.155s] -- Check for working C compiler: /usr/bin/cc -- works
[0.155s] -- Detecting C compiler ABI info
[0.209s] -- Detecting C compiler ABI info - done
[0.218s] -- Detecting C compile features
[0.218s] -- Detecting C compile features - done
[0.220s] -- Check for working CXX compiler: /usr/bin/c++
[0.282s] -- Check for working CXX compiler: /usr/bin/c++ -- works
[0.283s] -- Detecting CXX compiler ABI info
[0.351s] -- Detecting CXX compiler ABI info - done
[0.367s] -- Detecting CXX compile features
[0.368s] -- Detecting CXX compile features - done
[0.370s] -- Found ament_cmake: 1.1.6 (/opt/ros/galactic/share/ament_cmake/cmake)
[0.391s] -- Found PythonInterp: /usr/bin/python3 (found suitable version "3.8.10", minimum required is "3") 
[0.391s] -- Using PYTHON_EXECUTABLE: /usr/bin/python3
[0.454s] -- Found camera_calibration_parsers: 2.5.1 (/opt/ros/galactic/share/camera_calibration_parsers/cmake)
[0.496s] -- Using all available rosidl_typesupport_c: rosidl_typesupport_fastrtps_c;rosidl_typesupport_introspection_c
[0.501s] -- Found rosidl_adapter: 2.2.3 (/opt/ros/galactic/share/rosidl_adapter/cmake)
[0.563s] -- Found OpenSSL: /usr/lib/x86_64-linux-gnu/libcrypto.so (found version "1.1.1f")  
[0.588s] -- Found FastRTPS: /opt/ros/galactic/include  
[0.652s] -- Using all available rosidl_typesupport_cpp: rosidl_typesupport_fastrtps_cpp;rosidl_typesupport_introspection_cpp
[0.700s] -- Found rmw_implementation_cmake: 3.3.1 (/opt/ros/galactic/share/rmw_implementation_cmake/cmake)
[0.702s] -- Found rmw_cyclonedds_cpp: 0.22.6 (/opt/ros/galactic/share/rmw_cyclonedds_cpp/cmake)
[0.718s] -- Using RMW implementation 'rmw_cyclonedds_cpp' as default
[0.719s] -- Looking for pthread.h
[0.774s] -- Looking for pthread.h - found
[0.774s] -- Performing Test CMAKE_HAVE_LIBC_PTHREAD
[0.835s] -- Performing Test CMAKE_HAVE_LIBC_PTHREAD - Failed
[0.835s] -- Looking for pthread_create in pthreads
[0.883s] -- Looking for pthread_create in pthreads - not found
[0.883s] -- Looking for pthread_create in pthread
[0.939s] -- Looking for pthread_create in pthread - found
[0.940s] -- Found Threads: TRUE  
[1.192s] -- Setting yaml-cpp_DIR to: '/opt/ros/galactic/share/yaml_cpp_vendor/cmake/../../../opt/yaml_cpp_vendor/lib/cmake/yaml-cpp'
[1.196s] -- Found class_loader: 2.1.2 (/opt/ros/galactic/share/class_loader/cmake)
[1.201s] -- Found cv_bridge: 3.1.3 (/opt/ros/galactic/share/cv_bridge/cmake)
[1.228s] -- Found OpenCV: /usr (found version "4.2.0") 
[1.229s] -- Found rclcpp_components: 9.2.2 (/opt/ros/galactic/share/rclcpp_components/cmake)
[1.271s] -- Found ros2_shared: 0.1.0 (/home/huo/drone_racing_ros2_ws/install/ros2_shared/share/ros2_shared/cmake)
[1.272s] -- Found tello_msgs: 0.1.0 (/home/huo/drone_racing_ros2_ws/install/tello_msgs/share/tello_msgs/cmake)
[1.444s] -- Configuring done
[1.492s] -- Generating done
[1.513s] -- Build files have been written to: /home/huo/drone_racing_ros2_ws/build/tello_driver
[1.523s] Invoked command in '/home/huo/drone_racing_ros2_ws/build/tello_driver' returned '0': AMENT_PREFIX_PATH=/home/huo/drone_racing_ros2_ws/install/tello_msgs:/home/huo/drone_racing_ros2_ws/install/ros2_shared:${AMENT_PREFIX_PATH} CMAKE_PREFIX_PATH=/home/huo/drone_racing_ros2_ws/install/tello_msgs:/home/huo/drone_racing_ros2_ws/install/ros2_shared:/opt/ros/galactic LD_LIBRARY_PATH=/home/huo/drone_racing_ros2_ws/install/tello_msgs/lib:${LD_LIBRARY_PATH} PYTHONPATH=/home/huo/drone_racing_ros2_ws/install/tello_msgs/lib/python3.8/site-packages:${PYTHONPATH} /usr/bin/cmake /home/huo/drone_racing_ros2_ws/src/drone_racing_ros2/tello_ros/tello_driver -DCMAKE_INSTALL_PREFIX=/home/huo/drone_racing_ros2_ws/install/tello_driver
[1.523s] Invoking command in '/home/huo/drone_racing_ros2_ws/build/tello_driver': AMENT_PREFIX_PATH=/home/huo/drone_racing_ros2_ws/install/tello_msgs:/home/huo/drone_racing_ros2_ws/install/ros2_shared:${AMENT_PREFIX_PATH} CMAKE_PREFIX_PATH=/home/huo/drone_racing_ros2_ws/install/tello_msgs:/home/huo/drone_racing_ros2_ws/install/ros2_shared:/opt/ros/galactic LD_LIBRARY_PATH=/home/huo/drone_racing_ros2_ws/install/tello_msgs/lib:${LD_LIBRARY_PATH} PYTHONPATH=/home/huo/drone_racing_ros2_ws/install/tello_msgs/lib/python3.8/site-packages:${PYTHONPATH} /usr/bin/cmake --build /home/huo/drone_racing_ros2_ws/build/tello_driver -- -j8 -l8
[1.557s] [35m[1mScanning dependencies of target tello_emulator[0m
[1.559s] [35m[1mScanning dependencies of target tello_joy_main[0m
[1.559s] [35m[1mScanning dependencies of target tello_driver_node[0m
[1.559s] [35m[1mScanning dependencies of target tello_driver_main[0m
[1.559s] [35m[1mScanning dependencies of target tello_joy_node[0m
[1.568s] [  4%] [32mBuilding CXX object CMakeFiles/tello_emulator.dir/src/tello_emulator.cpp.o[0m
[1.609s] [  9%] [32mBuilding CXX object CMakeFiles/tello_joy_node.dir/src/tello_joy_node.cpp.o[0m
[1.610s] [ 13%] [32mBuilding CXX object CMakeFiles/tello_joy_main.dir/src/tello_joy_node.cpp.o[0m
[1.611s] [ 18%] [32mBuilding CXX object CMakeFiles/tello_joy_main.dir/src/tello_joy_main.cpp.o[0m
[1.700s] [ 22%] [32mBuilding CXX object CMakeFiles/tello_driver_node.dir/src/tello_driver_node.cpp.o[0m
[1.701s] [ 27%] [32mBuilding CXX object CMakeFiles/tello_driver_node.dir/src/tello_socket.cpp.o[0m
[1.709s] [ 31%] [32mBuilding CXX object CMakeFiles/tello_driver_node.dir/src/command_socket.cpp.o[0m
[1.719s] [ 36%] [32mBuilding CXX object CMakeFiles/tello_driver_main.dir/src/tello_driver_main.cpp.o[0m
[3.683s] [ 40%] [32m[1mLinking CXX executable tello_emulator[0m
[3.980s] [ 40%] Built target tello_emulator
[4.012s] [ 45%] [32mBuilding CXX object CMakeFiles/tello_driver_main.dir/src/tello_driver_node.cpp.o[0m
[5.948s] [ 50%] [32mBuilding CXX object CMakeFiles/tello_driver_node.dir/src/state_socket.cpp.o[0m
[7.260s] [ 54%] [32mBuilding CXX object CMakeFiles/tello_driver_main.dir/src/tello_socket.cpp.o[0m
[7.498s] [ 59%] [32mBuilding CXX object CMakeFiles/tello_driver_node.dir/src/video_socket.cpp.o[0m
[7.748s] [ 63%] [32mBuilding CXX object CMakeFiles/tello_driver_node.dir/h264decoder/h264decoder.cpp.o[0m
[8.416s] [ 68%] [32mBuilding CXX object CMakeFiles/tello_driver_main.dir/src/command_socket.cpp.o[0m
[12.921s] [ 72%] [32mBuilding CXX object CMakeFiles/tello_driver_main.dir/src/state_socket.cpp.o[0m
[13.520s] [ 77%] [32mBuilding CXX object CMakeFiles/tello_driver_main.dir/src/video_socket.cpp.o[0m
[14.184s] [ 81%] [32m[1mLinking CXX executable tello_joy_main[0m
[14.328s] [ 86%] [32mBuilding CXX object CMakeFiles/tello_driver_main.dir/h264decoder/h264decoder.cpp.o[0m
[14.952s] [ 90%] [32m[1mLinking CXX shared library libtello_joy_node.so[0m
[15.172s] [ 90%] Built target tello_joy_main
[15.521s] [ 90%] Built target tello_joy_node
[18.183s] [ 95%] [32m[1mLinking CXX shared library libtello_driver_node.so[0m
[19.140s] [ 95%] Built target tello_driver_node
[19.725s] [100%] [32m[1mLinking CXX executable tello_driver_main[0m
[20.723s] [100%] Built target tello_driver_main
[20.734s] Invoked command in '/home/huo/drone_racing_ros2_ws/build/tello_driver' returned '0': AMENT_PREFIX_PATH=/home/huo/drone_racing_ros2_ws/install/tello_msgs:/home/huo/drone_racing_ros2_ws/install/ros2_shared:${AMENT_PREFIX_PATH} CMAKE_PREFIX_PATH=/home/huo/drone_racing_ros2_ws/install/tello_msgs:/home/huo/drone_racing_ros2_ws/install/ros2_shared:/opt/ros/galactic LD_LIBRARY_PATH=/home/huo/drone_racing_ros2_ws/install/tello_msgs/lib:${LD_LIBRARY_PATH} PYTHONPATH=/home/huo/drone_racing_ros2_ws/install/tello_msgs/lib/python3.8/site-packages:${PYTHONPATH} /usr/bin/cmake --build /home/huo/drone_racing_ros2_ws/build/tello_driver -- -j8 -l8
[20.737s] Invoking command in '/home/huo/drone_racing_ros2_ws/build/tello_driver': AMENT_PREFIX_PATH=/home/huo/drone_racing_ros2_ws/install/tello_msgs:/home/huo/drone_racing_ros2_ws/install/ros2_shared:${AMENT_PREFIX_PATH} CMAKE_PREFIX_PATH=/home/huo/drone_racing_ros2_ws/install/tello_msgs:/home/huo/drone_racing_ros2_ws/install/ros2_shared:/opt/ros/galactic LD_LIBRARY_PATH=/home/huo/drone_racing_ros2_ws/install/tello_msgs/lib:${LD_LIBRARY_PATH} PYTHONPATH=/home/huo/drone_racing_ros2_ws/install/tello_msgs/lib/python3.8/site-packages:${PYTHONPATH} /usr/bin/cmake --install /home/huo/drone_racing_ros2_ws/build/tello_driver
[20.745s] -- Install configuration: ""
[20.745s] -- Installing: /home/huo/drone_racing_ros2_ws/install/tello_driver/share/tello_driver/environment/library_path.sh
[20.745s] -- Installing: /home/huo/drone_racing_ros2_ws/install/tello_driver/share/tello_driver/environment/library_path.dsv
[20.745s] -- Installing: /home/huo/drone_racing_ros2_ws/install/tello_driver/lib/libtello_driver_node.so
[20.750s] -- Set runtime path of "/home/huo/drone_racing_ros2_ws/install/tello_driver/lib/libtello_driver_node.so" to ""
[20.750s] -- Installing: /home/huo/drone_racing_ros2_ws/install/tello_driver/lib/libtello_joy_node.so
[20.753s] -- Set runtime path of "/home/huo/drone_racing_ros2_ws/install/tello_driver/lib/libtello_joy_node.so" to ""
[20.754s] -- Installing: /home/huo/drone_racing_ros2_ws/install/tello_driver/lib/tello_driver/tello_driver_main
[20.757s] -- Set runtime path of "/home/huo/drone_racing_ros2_ws/install/tello_driver/lib/tello_driver/tello_driver_main" to ""
[20.757s] -- Installing: /home/huo/drone_racing_ros2_ws/install/tello_driver/lib/tello_driver/tello_joy_main
[20.759s] -- Set runtime path of "/home/huo/drone_racing_ros2_ws/install/tello_driver/lib/tello_driver/tello_joy_main" to ""
[20.759s] -- Installing: /home/huo/drone_racing_ros2_ws/install/tello_driver/lib/tello_driver/tello_emulator
[20.760s] -- Installing: /home/huo/drone_racing_ros2_ws/install/tello_driver/share/tello_driver/cfg
[20.760s] -- Installing: /home/huo/drone_racing_ros2_ws/install/tello_driver/share/tello_driver/cfg/camera_info.yaml
[20.760s] -- Installing: /home/huo/drone_racing_ros2_ws/install/tello_driver/share/tello_driver/launch
[20.760s] -- Installing: /home/huo/drone_racing_ros2_ws/install/tello_driver/share/tello_driver/launch/emulator_launch.py
[20.760s] -- Installing: /home/huo/drone_racing_ros2_ws/install/tello_driver/share/tello_driver/launch/emulators_launch.py
[20.760s] -- Installing: /home/huo/drone_racing_ros2_ws/install/tello_driver/share/tello_driver/launch/teleop_launch.py
[20.760s] -- Installing: /home/huo/drone_racing_ros2_ws/install/tello_driver/share/ament_index/resource_index/package_run_dependencies/tello_driver
[20.760s] -- Installing: /home/huo/drone_racing_ros2_ws/install/tello_driver/share/ament_index/resource_index/parent_prefix_path/tello_driver
[20.761s] -- Installing: /home/huo/drone_racing_ros2_ws/install/tello_driver/share/tello_driver/environment/ament_prefix_path.sh
[20.761s] -- Installing: /home/huo/drone_racing_ros2_ws/install/tello_driver/share/tello_driver/environment/ament_prefix_path.dsv
[20.761s] -- Installing: /home/huo/drone_racing_ros2_ws/install/tello_driver/share/tello_driver/environment/path.sh
[20.761s] -- Installing: /home/huo/drone_racing_ros2_ws/install/tello_driver/share/tello_driver/environment/path.dsv
[20.761s] -- Installing: /home/huo/drone_racing_ros2_ws/install/tello_driver/share/tello_driver/local_setup.bash
[20.761s] -- Installing: /home/huo/drone_racing_ros2_ws/install/tello_driver/share/tello_driver/local_setup.sh
[20.761s] -- Installing: /home/huo/drone_racing_ros2_ws/install/tello_driver/share/tello_driver/local_setup.zsh
[20.761s] -- Installing: /home/huo/drone_racing_ros2_ws/install/tello_driver/share/tello_driver/local_setup.dsv
[20.762s] -- Installing: /home/huo/drone_racing_ros2_ws/install/tello_driver/share/tello_driver/package.dsv
[20.762s] -- Installing: /home/huo/drone_racing_ros2_ws/install/tello_driver/share/ament_index/resource_index/packages/tello_driver
[20.762s] -- Installing: /home/huo/drone_racing_ros2_ws/install/tello_driver/share/ament_index/resource_index/rclcpp_components/tello_driver
[20.762s] -- Installing: /home/huo/drone_racing_ros2_ws/install/tello_driver/share/tello_driver/cmake/tello_driverConfig.cmake
[20.762s] -- Installing: /home/huo/drone_racing_ros2_ws/install/tello_driver/share/tello_driver/cmake/tello_driverConfig-version.cmake
[20.762s] -- Installing: /home/huo/drone_racing_ros2_ws/install/tello_driver/share/tello_driver/package.xml
[20.765s] Invoked command in '/home/huo/drone_racing_ros2_ws/build/tello_driver' returned '0': AMENT_PREFIX_PATH=/home/huo/drone_racing_ros2_ws/install/tello_msgs:/home/huo/drone_racing_ros2_ws/install/ros2_shared:${AMENT_PREFIX_PATH} CMAKE_PREFIX_PATH=/home/huo/drone_racing_ros2_ws/install/tello_msgs:/home/huo/drone_racing_ros2_ws/install/ros2_shared:/opt/ros/galactic LD_LIBRARY_PATH=/home/huo/drone_racing_ros2_ws/install/tello_msgs/lib:${LD_LIBRARY_PATH} PYTHONPATH=/home/huo/drone_racing_ros2_ws/install/tello_msgs/lib/python3.8/site-packages:${PYTHONPATH} /usr/bin/cmake --install /home/huo/drone_racing_ros2_ws/build/tello_driver
