[7.754s] Invoking command in '/home/sandra/common_project_ws/src/opencv_package': PYTHONPATH=/home/sandra/common_project_ws/install/opencv_package/lib/python3.8/site-packages:${PYTHONPATH} /usr/bin/python3 setup.py egg_info --egg-base ../../build/opencv_package build --build-base /home/sandra/common_project_ws/build/opencv_package/build install --prefix /home/sandra/common_project_ws/install/opencv_package --record /home/sandra/common_project_ws/build/opencv_package/install.log --single-version-externally-managed
[10.801s] running egg_info
[10.806s] writing ../../build/opencv_package/opencv_package.egg-info/PKG-INFO
[10.807s] writing dependency_links to ../../build/opencv_package/opencv_package.egg-info/dependency_links.txt
[10.807s] writing entry points to ../../build/opencv_package/opencv_package.egg-info/entry_points.txt
[10.809s] writing requirements to ../../build/opencv_package/opencv_package.egg-info/requires.txt
[10.810s] writing top-level names to ../../build/opencv_package/opencv_package.egg-info/top_level.txt
[11.180s] reading manifest file '../../build/opencv_package/opencv_package.egg-info/SOURCES.txt'
[11.189s] writing manifest file '../../build/opencv_package/opencv_package.egg-info/SOURCES.txt'
[11.192s] running build
[11.193s] running build_py
[11.195s] copying opencv_package/object_detection.py -> /home/sandra/common_project_ws/build/opencv_package/build/lib/opencv_package
[11.196s] running install
[11.202s] running install_lib
[11.210s] copying /home/sandra/common_project_ws/build/opencv_package/build/lib/opencv_package/object_detection.py -> /home/sandra/common_project_ws/install/opencv_package/lib/python3.8/site-packages/opencv_package
[11.218s] byte-compiling /home/sandra/common_project_ws/install/opencv_package/lib/python3.8/site-packages/opencv_package/object_detection.py to object_detection.cpython-38.pyc
[11.238s] running install_data
[11.246s] running install_egg_info
[11.259s] removing '/home/sandra/common_project_ws/install/opencv_package/lib/python3.8/site-packages/opencv_package-0.0.0-py3.8.egg-info' (and everything under it)
[11.263s] Copying ../../build/opencv_package/opencv_package.egg-info to /home/sandra/common_project_ws/install/opencv_package/lib/python3.8/site-packages/opencv_package-0.0.0-py3.8.egg-info
[11.270s] running install_scripts
[11.438s] Installing img_det script to /home/sandra/common_project_ws/install/opencv_package/lib/opencv_package
[11.439s] Installing img_sub script to /home/sandra/common_project_ws/install/opencv_package/lib/opencv_package
[11.443s] writing list of installed files to '/home/sandra/common_project_ws/build/opencv_package/install.log'
[11.620s] Invoked command in '/home/sandra/common_project_ws/src/opencv_package' returned '0': PYTHONPATH=/home/sandra/common_project_ws/install/opencv_package/lib/python3.8/site-packages:${PYTHONPATH} /usr/bin/python3 setup.py egg_info --egg-base ../../build/opencv_package build --build-base /home/sandra/common_project_ws/build/opencv_package/build install --prefix /home/sandra/common_project_ws/install/opencv_package --record /home/sandra/common_project_ws/build/opencv_package/install.log --single-version-externally-managed
