[5.043s] Invoking command in '/home/sandra/common_project_ws/src/opencv_package': PYTHONPATH=/home/sandra/common_project_ws/install/opencv_package/lib/python3.8/site-packages:${PYTHONPATH} /usr/bin/python3 setup.py egg_info --egg-base ../../build/opencv_package build --build-base /home/sandra/common_project_ws/build/opencv_package/build install --prefix /home/sandra/common_project_ws/install/opencv_package --record /home/sandra/common_project_ws/build/opencv_package/install.log --single-version-externally-managed
[6.815s] running egg_info
[6.819s] writing ../../build/opencv_package/opencv_package.egg-info/PKG-INFO
[6.823s] writing dependency_links to ../../build/opencv_package/opencv_package.egg-info/dependency_links.txt
[6.825s] writing entry points to ../../build/opencv_package/opencv_package.egg-info/entry_points.txt
[6.828s] writing requirements to ../../build/opencv_package/opencv_package.egg-info/requires.txt
[6.829s] writing top-level names to ../../build/opencv_package/opencv_package.egg-info/top_level.txt
[7.054s] reading manifest file '../../build/opencv_package/opencv_package.egg-info/SOURCES.txt'
[7.063s] writing manifest file '../../build/opencv_package/opencv_package.egg-info/SOURCES.txt'
[7.063s] running build
[7.065s] running build_py
[7.066s] copying opencv_package/gate_detection.py -> /home/sandra/common_project_ws/build/opencv_package/build/lib/opencv_package
[7.068s] running install
[7.072s] running install_lib
[7.079s] copying /home/sandra/common_project_ws/build/opencv_package/build/lib/opencv_package/gate_detection.py -> /home/sandra/common_project_ws/install/opencv_package/lib/python3.8/site-packages/opencv_package
[7.084s] byte-compiling /home/sandra/common_project_ws/install/opencv_package/lib/python3.8/site-packages/opencv_package/gate_detection.py to gate_detection.cpython-38.pyc
[7.096s] running install_data
[7.101s] running install_egg_info
[7.115s] removing '/home/sandra/common_project_ws/install/opencv_package/lib/python3.8/site-packages/opencv_package-0.0.0-py3.8.egg-info' (and everything under it)
[7.117s] Copying ../../build/opencv_package/opencv_package.egg-info to /home/sandra/common_project_ws/install/opencv_package/lib/python3.8/site-packages/opencv_package-0.0.0-py3.8.egg-info
[7.121s] running install_scripts
[7.244s] Installing gate_det script to /home/sandra/common_project_ws/install/opencv_package/lib/opencv_package
[7.248s] Installing img_det script to /home/sandra/common_project_ws/install/opencv_package/lib/opencv_package
[7.249s] Installing img_sub script to /home/sandra/common_project_ws/install/opencv_package/lib/opencv_package
[7.250s] writing list of installed files to '/home/sandra/common_project_ws/build/opencv_package/install.log'
[7.418s] Invoked command in '/home/sandra/common_project_ws/src/opencv_package' returned '0': PYTHONPATH=/home/sandra/common_project_ws/install/opencv_package/lib/python3.8/site-packages:${PYTHONPATH} /usr/bin/python3 setup.py egg_info --egg-base ../../build/opencv_package build --build-base /home/sandra/common_project_ws/build/opencv_package/build install --prefix /home/sandra/common_project_ws/install/opencv_package --record /home/sandra/common_project_ws/build/opencv_package/install.log --single-version-externally-managed
